Using pre-set license
Built from '2022.3/staging' branch; Version is '2022.3.27f1 (73effa14754f) revision 7598074'; Using compiler version '192829333'; Build Type 'Release'
OS: 'Windows 11  (10.0.26100) 64bit CoreSingleLanguage' Language: 'en' Physical Memory: 15724 MB
BatchMode: 1, IsHumanControllingUs: 0, StartBugReporterOnCrash: 0, Is64bit: 1, IsPro: 1

COMMAND LINE ARGUMENTS:
C:\Program Files\Unity\Hub\Editor\2022.3.27f1\Editor\Unity.exe
-adb2
-batchMode
-noUpm
-name
AssetImportWorker26
-projectPath
D:/Remaster/Hollow-Knight-Remaster/HollowKnightRemaster
-logFile
Logs/AssetImportWorker26.log
-srvPort
54758
Successfully changed project path to: D:/Remaster/Hollow-Knight-Remaster/HollowKnightRemaster
D:/Remaster/Hollow-Knight-Remaster/HollowKnightRemaster
[UnityMemory] Configuration Parameters - Can be set up in boot.config
    "memorysetup-bucket-allocator-granularity=16"
    "memorysetup-bucket-allocator-bucket-count=8"
    "memorysetup-bucket-allocator-block-size=33554432"
    "memorysetup-bucket-allocator-block-count=8"
    "memorysetup-main-allocator-block-size=16777216"
    "memorysetup-thread-allocator-block-size=16777216"
    "memorysetup-gfx-main-allocator-block-size=16777216"
    "memorysetup-gfx-thread-allocator-block-size=16777216"
    "memorysetup-cache-allocator-block-size=4194304"
    "memorysetup-typetree-allocator-block-size=2097152"
    "memorysetup-profiler-bucket-allocator-granularity=16"
    "memorysetup-profiler-bucket-allocator-bucket-count=8"
    "memorysetup-profiler-bucket-allocator-block-size=33554432"
    "memorysetup-profiler-bucket-allocator-block-count=8"
    "memorysetup-profiler-allocator-block-size=16777216"
    "memorysetup-profiler-editor-allocator-block-size=1048576"
    "memorysetup-temp-allocator-size-main=16777216"
    "memorysetup-job-temp-allocator-block-size=2097152"
    "memorysetup-job-temp-allocator-block-size-background=1048576"
    "memorysetup-job-temp-allocator-reduction-small-platforms=262144"
    "memorysetup-allocator-temp-initial-block-size-main=262144"
    "memorysetup-allocator-temp-initial-block-size-worker=262144"
    "memorysetup-temp-allocator-size-background-worker=32768"
    "memorysetup-temp-allocator-size-job-worker=262144"
    "memorysetup-temp-allocator-size-preload-manager=33554432"
    "memorysetup-temp-allocator-size-nav-mesh-worker=65536"
    "memorysetup-temp-allocator-size-audio-worker=65536"
    "memorysetup-temp-allocator-size-cloud-worker=32768"
    "memorysetup-temp-allocator-size-gi-baking-worker=262144"
    "memorysetup-temp-allocator-size-gfx=262144"
Player connection [21796] Host "[IP] 192.168.2.194 [Port] 0 [Flags] 2 [Guid] 2332094906 [EditorId] 2332094906 [Version] 1048832 [Id] WindowsEditor(7,LeiFeng) [Debug] 1 [PackageName] WindowsEditor [ProjectName] Editor" joined multi-casting on [225.0.0.222:54997]...

Player connection [21796] Host "[IP] 192.168.2.194 [Port] 0 [Flags] 2 [Guid] 2332094906 [EditorId] 2332094906 [Version] 1048832 [Id] WindowsEditor(7,LeiFeng) [Debug] 1 [PackageName] WindowsEditor [ProjectName] Editor" joined alternative multi-casting on [225.0.0.222:34997]...

[Physics::Module] Initialized MultithreadedJobDispatcher with 11 workers.
Refreshing native plugins compatible for Editor in 13.86 ms, found 4 plugins.
Preloading 0 native plugins for Editor in 0.00 ms.
Initialize engine version: 2022.3.27f1 (73effa14754f)
[Subsystems] Discovering subsystems at path C:/Program Files/Unity/Hub/Editor/2022.3.27f1/Editor/Data/Resources/UnitySubsystems
[Subsystems] Discovering subsystems at path D:/Remaster/Hollow-Knight-Remaster/HollowKnightRemaster/Assets
GfxDevice: creating device client; threaded=0; jobified=0
Direct3D:
    Version:  Direct3D 11.0 [level 11.1]
    Renderer: NVIDIA GeForce GTX 1650 (ID=0x1f9d)
    Vendor:   NVIDIA
    VRAM:     3937 MB
    Driver:   32.0.15.6636
Initialize mono
Mono path[0] = 'C:/Program Files/Unity/Hub/Editor/2022.3.27f1/Editor/Data/Managed'
Mono path[1] = 'C:/Program Files/Unity/Hub/Editor/2022.3.27f1/Editor/Data/MonoBleedingEdge/lib/mono/unityjit-win32'
Mono config path = 'C:/Program Files/Unity/Hub/Editor/2022.3.27f1/Editor/Data/MonoBleedingEdge/etc'
Using monoOptions --debugger-agent=transport=dt_socket,embedding=1,server=y,suspend=n,address=127.0.0.1:56524
Begin MonoManager ReloadAssembly
Registering precompiled unity dll's ...
Register platform support module: C:/Program Files/Unity/Hub/Editor/2022.3.27f1/Editor/Data/PlaybackEngines/WebGLSupport/UnityEditor.WebGL.Extensions.dll
Register platform support module: C:/Program Files/Unity/Hub/Editor/2022.3.27f1/Editor/Data/PlaybackEngines/WindowsStandaloneSupport/UnityEditor.WindowsStandalone.Extensions.dll
Registered in 0.010289 seconds.
- Loaded All Assemblies, in  0.319 seconds
Native extension for WindowsStandalone target not found
Native extension for WebGL target not found
Mono: successfully reloaded assembly
- Finished resetting the current domain, in  0.249 seconds
Domain Reload Profiling: 566ms
	BeginReloadAssembly (97ms)
		ExecutionOrderSort (0ms)
		DisableScriptedObjects (0ms)
		BackupInstance (0ms)
		ReleaseScriptingObjects (0ms)
		CreateAndSetChildDomain (1ms)
	RebuildCommonClasses (30ms)
	RebuildNativeTypeToScriptingClass (9ms)
	initialDomainReloadingComplete (59ms)
	LoadAllAssembliesAndSetupDomain (121ms)
		LoadAssemblies (95ms)
		RebuildTransferFunctionScriptingTraits (0ms)
		AnalyzeDomain (119ms)
			TypeCache.Refresh (118ms)
				TypeCache.ScanAssembly (106ms)
			ScanForSourceGeneratedMonoScriptInfo (0ms)
			ResolveRequiredComponents (0ms)
	FinalizeReload (250ms)
		ReleaseScriptCaches (0ms)
		RebuildScriptCaches (0ms)
		SetupLoadedEditorAssemblies (198ms)
			LogAssemblyErrors (0ms)
			InitializePlatformSupportModulesInManaged (10ms)
			SetLoadedEditorAssemblies (5ms)
			RefreshPlugins (0ms)
			BeforeProcessingInitializeOnLoad (2ms)
			ProcessInitializeOnLoadAttributes (138ms)
			ProcessInitializeOnLoadMethodAttributes (42ms)
			AfterProcessingInitializeOnLoad (0ms)
			EditorAssembliesLoaded (0ms)
		ExecutionOrderSort2 (0ms)
		AwakeInstancesAfterBackupRestoration (0ms)
========================================================================
Worker process is ready to serve import requests
Begin MonoManager ReloadAssembly
- Loaded All Assemblies, in  0.688 seconds
Refreshing native plugins compatible for Editor in 5.64 ms, found 4 plugins.
Native extension for WindowsStandalone target not found
Native extension for WebGL target not found
Package Manager log level set to [2]
[Package Manager] Server::EnsureServerProcessIsRunning -- launch failed, reason: Unity was launched with the -noUpm command-line argument
[Package Manager] UpmClient::Send -- Unable to send message (not connected to UPM process).
[Package Manager] Cannot connect to Unity Package Manager local server
Mono: successfully reloaded assembly
- Finished resetting the current domain, in  0.791 seconds
Domain Reload Profiling: 1477ms
	BeginReloadAssembly (156ms)
		ExecutionOrderSort (0ms)
		DisableScriptedObjects (6ms)
		BackupInstance (0ms)
		ReleaseScriptingObjects (0ms)
		CreateAndSetChildDomain (26ms)
	RebuildCommonClasses (35ms)
	RebuildNativeTypeToScriptingClass (9ms)
	initialDomainReloadingComplete (44ms)
	LoadAllAssembliesAndSetupDomain (441ms)
		LoadAssemblies (324ms)
		RebuildTransferFunctionScriptingTraits (0ms)
		AnalyzeDomain (201ms)
			TypeCache.Refresh (166ms)
				TypeCache.ScanAssembly (151ms)
			ScanForSourceGeneratedMonoScriptInfo (25ms)
			ResolveRequiredComponents (9ms)
	FinalizeReload (792ms)
		ReleaseScriptCaches (0ms)
		RebuildScriptCaches (0ms)
		SetupLoadedEditorAssemblies (635ms)
			LogAssemblyErrors (0ms)
			InitializePlatformSupportModulesInManaged (8ms)
			SetLoadedEditorAssemblies (5ms)
			RefreshPlugins (0ms)
			BeforeProcessingInitializeOnLoad (84ms)
			ProcessInitializeOnLoadAttributes (455ms)
			ProcessInitializeOnLoadMethodAttributes (74ms)
			AfterProcessingInitializeOnLoad (10ms)
			EditorAssembliesLoaded (0ms)
		ExecutionOrderSort2 (0ms)
		AwakeInstancesAfterBackupRestoration (8ms)
Launched and connected shader compiler UnityShaderCompiler.exe after 0.04 seconds
Refreshing native plugins compatible for Editor in 9.43 ms, found 4 plugins.
Preloading 0 native plugins for Editor in 0.00 ms.
Unloading 6027 Unused Serialized files (Serialized files now loaded: 0)
Unloading 97 unused Assets / (0.8 MB). Loaded Objects now: 6488.
Memory consumption went from 231.8 MB to 231.0 MB.
Total: 5.125300 ms (FindLiveObjects: 0.476700 ms CreateObjectMapping: 0.437700 ms MarkObjects: 3.766900 ms  DeleteObjects: 0.443200 ms)

AssetImportParameters requested are different than current active one (requested -> active):
  custom:container-demuxer-ogg: 62fdf1f143b41e24485cea50d1cbac27 -> 
  custom:video-codec-MediaFoundation-h265: 746d11721c4dcdbdad8f713fa42b33f4 -> 
  custom:video-decoder-ogg-theora: a1e56fd34408186e4bbccfd4996cb3dc -> 
  custom:framework-win-MediaFoundation: 216162199b28c13a410421893ffa2e32 -> 
  custom:CustomObjectIndexerAttribute: 72b91833f83ae208fae7752999fa3104 -> 
  custom:container-demuxer-webm: 4f35f7cbe854078d1ac9338744f61a02 -> 
  custom:container-muxer-webm: aa71ff27fc2769a1b78a27578f13a17b -> 
  custom:video-decoder-webm-vp8: 9c59270c3fd7afecdb556c50c9e8de78 -> 
  custom:SearchIndexIgnoredProperties: e643bd26f0fe6173181afceb89e7c659 -> 
  custom:AudioImporter_EditorPlatform: d09bf68614088b80899f8185d706f6e7 -> 
  custom:video-encoder-webm-vp8: eb34c28f22e8b96e1ab97ce403110664 -> 
  custom:audio-decoder-ogg-vorbis: bf7c407c2cedff20999df2af8eb42d56 -> 
  custom:audio-encoder-webm-vorbis: bf7c407c2cedff20999df2af8eb42d56 -> 
========================================================================
Received Import Request.
  Time since last request: 96971.842745 seconds.
  path: Assets/Resources/Environments/Area specfic architecture/Deepnest/Weaver_s Den/Loom_break_floor_0001_2.png
  artifactKey: Guid(62f7bd6eda4f50f448134ada044b224a) Importer(815301076,1909f56bfc062723c751e8b465ee728b)
Start importing Assets/Resources/Environments/Area specfic architecture/Deepnest/Weaver_s Den/Loom_break_floor_0001_2.png using Guid(62f7bd6eda4f50f448134ada044b224a) Importer(815301076,1909f56bfc062723c751e8b465ee728b)  -> (artifact id: 'c6192f65dd03b0ade92bcca64267a092') in 0.109519 seconds
Number of updated asset objects reloaded before import = 0
Number of asset objects unloaded after import = 3
========================================================================
Received Import Request.
  Time since last request: 0.000026 seconds.
  path: Assets/Architecture & Environment/Area specfic architecture/Crystal Peak/mines_metal_thin_floors_0000_a.png
  artifactKey: Guid(2cbabe9badd994940a8729d1be6f48ba) Importer(815301076,1909f56bfc062723c751e8b465ee728b)
Start importing Assets/Architecture & Environment/Area specfic architecture/Crystal Peak/mines_metal_thin_floors_0000_a.png using Guid(2cbabe9badd994940a8729d1be6f48ba) Importer(815301076,1909f56bfc062723c751e8b465ee728b)  -> (artifact id: '9fe97404430b19283a846ec0f952bdd6') in 0.015800 seconds
Number of updated asset objects reloaded before import = 0
Number of asset objects unloaded after import = 3
========================================================================
Received Import Request.
  Time since last request: 0.000026 seconds.
  path: Assets/Architecture & Environment/Area specfic architecture/Crystal Peak/mines_metal_thin_floors_0001_a #3014.png
  artifactKey: Guid(da1617535286744448b72dbc8ac17525) Importer(815301076,1909f56bfc062723c751e8b465ee728b)
Start importing Assets/Architecture & Environment/Area specfic architecture/Crystal Peak/mines_metal_thin_floors_0001_a #3014.png using Guid(da1617535286744448b72dbc8ac17525) Importer(815301076,1909f56bfc062723c751e8b465ee728b)  -> (artifact id: '0ef4e38b4ab37e4d00e34cda17e62fff') in 0.052209 seconds
Number of updated asset objects reloaded before import = 0
Number of asset objects unloaded after import = 3
========================================================================
Received Import Request.
  Time since last request: 0.000113 seconds.
  path: Assets/Resources/Environments/Area specfic architecture/Crystal Peak/mines_metal_thin_floors_0000_a.png
  artifactKey: Guid(bd8e59ffb98812a4c822362759f796e5) Importer(815301076,1909f56bfc062723c751e8b465ee728b)
Start importing Assets/Resources/Environments/Area specfic architecture/Crystal Peak/mines_metal_thin_floors_0000_a.png using Guid(bd8e59ffb98812a4c822362759f796e5) Importer(815301076,1909f56bfc062723c751e8b465ee728b)  -> (artifact id: '0a02687a3a74a26b63ee05f56f387813') in 0.018814 seconds
Number of updated asset objects reloaded before import = 0
Number of asset objects unloaded after import = 3
========================================================================
Received Import Request.
  Time since last request: 0.000023 seconds.
  path: Assets/Architecture & Environment/Area specfic architecture/Godhome/Land of Storms & Tuning area/mask_floor_0000_3.png
  artifactKey: Guid(7a577ec9e792e3f45a738a1b358a4220) Importer(815301076,1909f56bfc062723c751e8b465ee728b)
Start importing Assets/Architecture & Environment/Area specfic architecture/Godhome/Land of Storms & Tuning area/mask_floor_0000_3.png using Guid(7a577ec9e792e3f45a738a1b358a4220) Importer(815301076,1909f56bfc062723c751e8b465ee728b)  -> (artifact id: 'ae70bf88270607d703063191718d3b62') in 0.019398 seconds
Number of updated asset objects reloaded before import = 0
Number of asset objects unloaded after import = 3
========================================================================
Received Import Request.
  Time since last request: 0.000022 seconds.
  path: Assets/Architecture & Environment/Area specfic architecture/Crystal Peak/mines_metal_thin_floors_0001_a #7804.png
  artifactKey: Guid(8d4384b3ea218724aa8f53d45cd6543d) Importer(815301076,1909f56bfc062723c751e8b465ee728b)
Start importing Assets/Architecture & Environment/Area specfic architecture/Crystal Peak/mines_metal_thin_floors_0001_a #7804.png using Guid(8d4384b3ea218724aa8f53d45cd6543d) Importer(815301076,1909f56bfc062723c751e8b465ee728b)  -> (artifact id: '7a235314a15519d94a6e22cffc459c3c') in 0.018988 seconds
Number of updated asset objects reloaded before import = 0
Number of asset objects unloaded after import = 3
========================================================================
Received Import Request.
  Time since last request: 1.589043 seconds.
  path: Assets/Architecture & Environment/Area specfic architecture/Crystal Peak/mines_metal_thin_floors_0003_a.png
  artifactKey: Guid(d97bb4d5d23bdcd4cb4f841fcef7d854) Importer(815301076,1909f56bfc062723c751e8b465ee728b)
Start importing Assets/Architecture & Environment/Area specfic architecture/Crystal Peak/mines_metal_thin_floors_0003_a.png using Guid(d97bb4d5d23bdcd4cb4f841fcef7d854) Importer(815301076,1909f56bfc062723c751e8b465ee728b)  -> (artifact id: 'aa5c029f23879af7f3237437ae5efb83') in 0.018430 seconds
Number of updated asset objects reloaded before import = 0
Number of asset objects unloaded after import = 3
========================================================================
Received Import Request.
  Time since last request: 0.000017 seconds.
  path: Assets/Resources/Environments/Area specfic architecture/Crystal Peak/mines_metal_thin_floors_0003_a.png
  artifactKey: Guid(5006df94e7f3ac44ea02312f8030b5d5) Importer(815301076,1909f56bfc062723c751e8b465ee728b)
Start importing Assets/Resources/Environments/Area specfic architecture/Crystal Peak/mines_metal_thin_floors_0003_a.png using Guid(5006df94e7f3ac44ea02312f8030b5d5) Importer(815301076,1909f56bfc062723c751e8b465ee728b)  -> (artifact id: '9d4c70e7b1f512167cd1a2e77304ef7b') in 0.011979 seconds
Number of updated asset objects reloaded before import = 0
Number of asset objects unloaded after import = 3
========================================================================
Received Import Request.
  Time since last request: 0.000015 seconds.
  path: Assets/Architecture & Environment/Area specfic architecture/Crystal Peak/mines_metal_thin_floors_0004_a #32832.png
  artifactKey: Guid(ae23bc48d56b47649974d8b91e96a04a) Importer(815301076,1909f56bfc062723c751e8b465ee728b)
Start importing Assets/Architecture & Environment/Area specfic architecture/Crystal Peak/mines_metal_thin_floors_0004_a #32832.png using Guid(ae23bc48d56b47649974d8b91e96a04a) Importer(815301076,1909f56bfc062723c751e8b465ee728b)  -> (artifact id: 'd8395bd8764c13f11ccc013cebf146c9') in 0.024059 seconds
Number of updated asset objects reloaded before import = 0
Number of asset objects unloaded after import = 3
========================================================================
Received Import Request.
  Time since last request: 0.000025 seconds.
  path: Assets/Architecture & Environment/Area specfic architecture/Crystal Peak/mines_metal_thin_floors_0004_a #80632.png
  artifactKey: Guid(2e1e9af3def2be643a61709275d217f3) Importer(815301076,1909f56bfc062723c751e8b465ee728b)
Start importing Assets/Architecture & Environment/Area specfic architecture/Crystal Peak/mines_metal_thin_floors_0004_a #80632.png using Guid(2e1e9af3def2be643a61709275d217f3) Importer(815301076,1909f56bfc062723c751e8b465ee728b)  -> (artifact id: '36f2ea1547328791d1ad866482029ebd') in 0.016835 seconds
Number of updated asset objects reloaded before import = 0
Number of asset objects unloaded after import = 3
========================================================================
Received Import Request.
  Time since last request: 0.000021 seconds.
  path: Assets/Architecture & Environment/r_floor_01.png
  artifactKey: Guid(9936b0ff412339e4993326d4a11e762d) Importer(815301076,1909f56bfc062723c751e8b465ee728b)
Start importing Assets/Architecture & Environment/r_floor_01.png using Guid(9936b0ff412339e4993326d4a11e762d) Importer(815301076,1909f56bfc062723c751e8b465ee728b)  -> (artifact id: '8f2be6854fc1445ab9ec61172a09a764') in 0.020278 seconds
Number of updated asset objects reloaded before import = 0
Number of asset objects unloaded after import = 3
========================================================================
Received Import Request.
  Time since last request: 0.000016 seconds.
  path: Assets/Architecture & Environment/r_floor_03.png
  artifactKey: Guid(b1d942233295eac4f9079357aff1b8d9) Importer(815301076,1909f56bfc062723c751e8b465ee728b)
Start importing Assets/Architecture & Environment/r_floor_03.png using Guid(b1d942233295eac4f9079357aff1b8d9) Importer(815301076,1909f56bfc062723c751e8b465ee728b)  -> (artifact id: 'f079cbf18602c5a10ac9bcbc3dc075a4') in 0.019624 seconds
Number of updated asset objects reloaded before import = 0
Number of asset objects unloaded after import = 3
========================================================================
Received Import Request.
  Time since last request: 0.000014 seconds.
  path: Assets/Resources/Environments/Area specfic architecture/Kingdom_s Edge/old_nailsmith_floor.png
  artifactKey: Guid(19247a7e880fe7f429284fd6d7342189) Importer(815301076,1909f56bfc062723c751e8b465ee728b)
Start importing Assets/Resources/Environments/Area specfic architecture/Kingdom_s Edge/old_nailsmith_floor.png using Guid(19247a7e880fe7f429284fd6d7342189) Importer(815301076,1909f56bfc062723c751e8b465ee728b)  -> (artifact id: '0966c4ca52a5eef14e39bcc3d2cdb80b') in 0.051354 seconds
Number of updated asset objects reloaded before import = 0
Number of asset objects unloaded after import = 3
========================================================================
Received Import Request.
  Time since last request: 0.350334 seconds.
  path: Assets/Architecture & Environment/Area specfic architecture/City of Tears/ruinhouse_floor.png
  artifactKey: Guid(4b4862c6698ced84eb5d74dfc073e1c9) Importer(815301076,1909f56bfc062723c751e8b465ee728b)
Start importing Assets/Architecture & Environment/Area specfic architecture/City of Tears/ruinhouse_floor.png using Guid(4b4862c6698ced84eb5d74dfc073e1c9) Importer(815301076,1909f56bfc062723c751e8b465ee728b)  -> (artifact id: '0f8774da3956d98df894a2760469433d') in 0.018654 seconds
Number of updated asset objects reloaded before import = 0
Number of asset objects unloaded after import = 3
========================================================================
Received Import Request.
  Time since last request: 0.029342 seconds.
  path: Assets/Architecture & Environment/Area specfic architecture/Fungal Wastes/shroom_charm_plinth_0001_floor.png
  artifactKey: Guid(dc1ce0bff8afb7a4da4103f37c20ddd2) Importer(815301076,1909f56bfc062723c751e8b465ee728b)
Start importing Assets/Architecture & Environment/Area specfic architecture/Fungal Wastes/shroom_charm_plinth_0001_floor.png using Guid(dc1ce0bff8afb7a4da4103f37c20ddd2) Importer(815301076,1909f56bfc062723c751e8b465ee728b)  -> (artifact id: 'b2c04afc6a9d0e631ca637baa092acb8') in 0.019861 seconds
Number of updated asset objects reloaded before import = 0
Number of asset objects unloaded after import = 3
========================================================================
Received Import Request.
  Time since last request: 0.000023 seconds.
  path: Assets/Architecture & Environment/small_floor.png
  artifactKey: Guid(79abcd667efae2a4ca9da4f406c409e5) Importer(815301076,1909f56bfc062723c751e8b465ee728b)
Start importing Assets/Architecture & Environment/small_floor.png using Guid(79abcd667efae2a4ca9da4f406c409e5) Importer(815301076,1909f56bfc062723c751e8b465ee728b)  -> (artifact id: '996a5a67c493fd468563f91183292b5e') in 0.017862 seconds
Number of updated asset objects reloaded before import = 0
Number of asset objects unloaded after import = 3
========================================================================
Received Import Request.
  Time since last request: 0.000040 seconds.
  path: Assets/Resources/Environments/Area specfic architecture/Deepnest/Distant Village/Spider_interior_set2_0002_floor.png
  artifactKey: Guid(beffaa605e268e44ba35d89ab6ce8c6c) Importer(815301076,1909f56bfc062723c751e8b465ee728b)
Start importing Assets/Resources/Environments/Area specfic architecture/Deepnest/Distant Village/Spider_interior_set2_0002_floor.png using Guid(beffaa605e268e44ba35d89ab6ce8c6c) Importer(815301076,1909f56bfc062723c751e8b465ee728b)  -> (artifact id: '3327250b936101f032b0e9a0fbf2a016') in 0.017570 seconds
Number of updated asset objects reloaded before import = 0
Number of asset objects unloaded after import = 3
========================================================================
Received Import Request.
  Time since last request: 0.000021 seconds.
  path: Assets/Architecture & Environment/Area specfic architecture/Fungal Wastes/Mantis Village/SpriteAtlasTexture-Mantis_Floor-2048x1024-fmt12.png
  artifactKey: Guid(a40397f13196c9d4995f3e3ac5fe0656) Importer(815301076,1909f56bfc062723c751e8b465ee728b)
Start importing Assets/Architecture & Environment/Area specfic architecture/Fungal Wastes/Mantis Village/SpriteAtlasTexture-Mantis_Floor-2048x1024-fmt12.png using Guid(a40397f13196c9d4995f3e3ac5fe0656) Importer(815301076,1909f56bfc062723c751e8b465ee728b)  -> (artifact id: '7ca38799f014de8a8f6dbb5cb25ed976') in 0.024433 seconds
Number of updated asset objects reloaded before import = 0
Number of asset objects unloaded after import = 3
========================================================================
Received Import Request.
  Time since last request: 0.000024 seconds.
  path: Assets/Architecture & Environment/Tram & Stagways/SpriteAtlasTexture-Tram Metal Floor-2048x1024-fmt12.png
  artifactKey: Guid(b2ed6a1da3e2d0c4b878f62d40e71256) Importer(815301076,1909f56bfc062723c751e8b465ee728b)
Start importing Assets/Architecture & Environment/Tram & Stagways/SpriteAtlasTexture-Tram Metal Floor-2048x1024-fmt12.png using Guid(b2ed6a1da3e2d0c4b878f62d40e71256) Importer(815301076,1909f56bfc062723c751e8b465ee728b)  -> (artifact id: '873b818fa5a29a5054444f877e2fd1e5') in 0.025998 seconds
Number of updated asset objects reloaded before import = 0
Number of asset objects unloaded after import = 3
========================================================================
Received Import Request.
  Time since last request: 0.000017 seconds.
  path: Assets/Architecture & Environment/Area specfic architecture/Deepnest/Distant Village/Spider_interior_set_0009_web_floor_01.png
  artifactKey: Guid(b2e5848f0a2c9f841b59e3db2c32a0a7) Importer(815301076,1909f56bfc062723c751e8b465ee728b)
Start importing Assets/Architecture & Environment/Area specfic architecture/Deepnest/Distant Village/Spider_interior_set_0009_web_floor_01.png using Guid(b2e5848f0a2c9f841b59e3db2c32a0a7) Importer(815301076,1909f56bfc062723c751e8b465ee728b)  -> (artifact id: 'ca4d199a82b0f893418867534495c510') in 0.020508 seconds
Number of updated asset objects reloaded before import = 0
Number of asset objects unloaded after import = 3
========================================================================
Received Import Request.
  Time since last request: 0.000024 seconds.
  path: Assets/Resources/Environments/Area specfic architecture/Deepnest/Distant Village/Spider_interior_set_0009_web_floor_01.png
  artifactKey: Guid(fe8b931ec471901439e5a26d41c78493) Importer(815301076,1909f56bfc062723c751e8b465ee728b)
Start importing Assets/Resources/Environments/Area specfic architecture/Deepnest/Distant Village/Spider_interior_set_0009_web_floor_01.png using Guid(fe8b931ec471901439e5a26d41c78493) Importer(815301076,1909f56bfc062723c751e8b465ee728b)  -> (artifact id: '0b28f3fe74fd0d4774114f4ac78ad915') in 0.016796 seconds
Number of updated asset objects reloaded before import = 0
Number of asset objects unloaded after import = 3
========================================================================
Received Import Request.
  Time since last request: 0.714405 seconds.
  path: Assets/Architecture & Environment/Area specfic architecture/Forgotten Crossroads/Temple of the Black Egg/temple_ext_floor_02.png
  artifactKey: Guid(516806520e40c2a4aaafc2e58f3c9ee5) Importer(815301076,1909f56bfc062723c751e8b465ee728b)
Start importing Assets/Architecture & Environment/Area specfic architecture/Forgotten Crossroads/Temple of the Black Egg/temple_ext_floor_02.png using Guid(516806520e40c2a4aaafc2e58f3c9ee5) Importer(815301076,1909f56bfc062723c751e8b465ee728b)  -> (artifact id: '2eab4ad3c6b24b89dba579bc98b70c9b') in 0.018321 seconds
Number of updated asset objects reloaded before import = 0
Number of asset objects unloaded after import = 3
========================================================================
Received Import Request.
  Time since last request: 0.000019 seconds.
  path: Assets/Architecture & Environment/top_floor_stuff_0001_a.png
  artifactKey: Guid(d35f687751ce9464295b69a2f3927b68) Importer(815301076,1909f56bfc062723c751e8b465ee728b)
Start importing Assets/Architecture & Environment/top_floor_stuff_0001_a.png using Guid(d35f687751ce9464295b69a2f3927b68) Importer(815301076,1909f56bfc062723c751e8b465ee728b)  -> (artifact id: '2c2aab28b9ccda49c5834e801447f120') in 0.019201 seconds
Number of updated asset objects reloaded before import = 0
Number of asset objects unloaded after import = 3
========================================================================
Received Import Request.
  Time since last request: 0.690398 seconds.
  path: Assets/Architecture & Environment/Area specfic architecture/City of Tears/top_floor_stuff_0005_a.png
  artifactKey: Guid(ab597d4ccd520a640b4c37708f613c63) Importer(815301076,1909f56bfc062723c751e8b465ee728b)
Start importing Assets/Architecture & Environment/Area specfic architecture/City of Tears/top_floor_stuff_0005_a.png using Guid(ab597d4ccd520a640b4c37708f613c63) Importer(815301076,1909f56bfc062723c751e8b465ee728b)  -> (artifact id: '0c0a6e5fb9a506446eab6ab91b214912') in 0.028136 seconds
Number of updated asset objects reloaded before import = 0
Number of asset objects unloaded after import = 3
========================================================================
Received Import Request.
  Time since last request: 0.000022 seconds.
  path: Assets/Resources/Environments/Area specfic architecture/City of Tears/top_floor_stuff_0006_a.png
  artifactKey: Guid(a470127f3f8f24e47a35cfa80a900b4b) Importer(815301076,1909f56bfc062723c751e8b465ee728b)
Start importing Assets/Resources/Environments/Area specfic architecture/City of Tears/top_floor_stuff_0006_a.png using Guid(a470127f3f8f24e47a35cfa80a900b4b) Importer(815301076,1909f56bfc062723c751e8b465ee728b)  -> (artifact id: '28407d58e54fe1febb5218909dad1574') in 0.017069 seconds
Number of updated asset objects reloaded before import = 0
Number of asset objects unloaded after import = 3
========================================================================
Received Import Request.
  Time since last request: 0.000044 seconds.
  path: Assets/Architecture & Environment/Area specfic architecture/City of Tears/top_floor_stuff_0011_a.png
  artifactKey: Guid(9437003f9471d9c4984f51383b946168) Importer(815301076,1909f56bfc062723c751e8b465ee728b)
Start importing Assets/Architecture & Environment/Area specfic architecture/City of Tears/top_floor_stuff_0011_a.png using Guid(9437003f9471d9c4984f51383b946168) Importer(815301076,1909f56bfc062723c751e8b465ee728b)  -> (artifact id: '1b68c70805eb485c932a84c3ba5855a4') in 0.022248 seconds
Number of updated asset objects reloaded before import = 0
Number of asset objects unloaded after import = 3
========================================================================
Received Import Request.
  Time since last request: 0.000017 seconds.
  path: Assets/Architecture & Environment/Area specfic architecture/Dirtmouth/town_floor_01.png
  artifactKey: Guid(3ba660738aeca0a4abf0dfc61ba87d76) Importer(815301076,1909f56bfc062723c751e8b465ee728b)
Start importing Assets/Architecture & Environment/Area specfic architecture/Dirtmouth/town_floor_01.png using Guid(3ba660738aeca0a4abf0dfc61ba87d76) Importer(815301076,1909f56bfc062723c751e8b465ee728b)  -> (artifact id: '551b1498b9ba0599083487d1f8be13b4') in 0.021199 seconds
Number of updated asset objects reloaded before import = 0
Number of asset objects unloaded after import = 3
========================================================================
Received Import Request.
  Time since last request: 0.000073 seconds.
  path: Assets/Resources/Environments/Area specfic architecture/King_s Pass/tut_land_floor_0000_04.png
  artifactKey: Guid(569ae556f71fc5c41a57006bf0fd4d94) Importer(815301076,1909f56bfc062723c751e8b465ee728b)
Start importing Assets/Resources/Environments/Area specfic architecture/King_s Pass/tut_land_floor_0000_04.png using Guid(569ae556f71fc5c41a57006bf0fd4d94) Importer(815301076,1909f56bfc062723c751e8b465ee728b)  -> (artifact id: 'b75c4e046ae981312c16c2e2df3aba76') in 0.014496 seconds
Number of updated asset objects reloaded before import = 0
Number of asset objects unloaded after import = 3
========================================================================
Received Import Request.
  Time since last request: 0.000017 seconds.
  path: Assets/Resources/Environments/Area specfic architecture/City of Tears/top_floor_stuff_0011_a.png
  artifactKey: Guid(19845991506637d48b877681c4c43fc0) Importer(815301076,1909f56bfc062723c751e8b465ee728b)
Start importing Assets/Resources/Environments/Area specfic architecture/City of Tears/top_floor_stuff_0011_a.png using Guid(19845991506637d48b877681c4c43fc0) Importer(815301076,1909f56bfc062723c751e8b465ee728b)  -> (artifact id: '336d4d0cae266ca7e70c7fcef09ed6fe') in 0.017992 seconds
Number of updated asset objects reloaded before import = 0
Number of asset objects unloaded after import = 3
========================================================================
Received Import Request.
  Time since last request: 0.000018 seconds.
  path: Assets/Resources/Environments/Area specfic architecture/Forgotten Crossroads/vil_floor_01.png
  artifactKey: Guid(bd42003e39058a84aba191e244754bc9) Importer(815301076,1909f56bfc062723c751e8b465ee728b)
Start importing Assets/Resources/Environments/Area specfic architecture/Forgotten Crossroads/vil_floor_01.png using Guid(bd42003e39058a84aba191e244754bc9) Importer(815301076,1909f56bfc062723c751e8b465ee728b)  -> (artifact id: '0131e0f5167cddd783657f8e8d62a6d6') in 0.049037 seconds
Number of updated asset objects reloaded before import = 0
Number of asset objects unloaded after import = 3
========================================================================
Received Import Request.
  Time since last request: 0.000020 seconds.
  path: Assets/Resources/Environments/Area specfic architecture/Forgotten Crossroads/Ancestral Mound/wd_floor_01_0001_Layer-0.png
  artifactKey: Guid(cbfc440118e1ba94b8ea1cd31e1fba4d) Importer(815301076,1909f56bfc062723c751e8b465ee728b)
Start importing Assets/Resources/Environments/Area specfic architecture/Forgotten Crossroads/Ancestral Mound/wd_floor_01_0001_Layer-0.png using Guid(cbfc440118e1ba94b8ea1cd31e1fba4d) Importer(815301076,1909f56bfc062723c751e8b465ee728b)  -> (artifact id: '8256a7ca4f7a58b038b917a316f2ad84') in 0.019219 seconds
Number of updated asset objects reloaded before import = 0
Number of asset objects unloaded after import = 3
========================================================================
Received Import Request.
  Time since last request: 0.000020 seconds.
  path: Assets/Resources/Environments/Area specfic architecture/Forgotten Crossroads/Ancestral Mound/wd_floor_01_0000_Layer-1.png
  artifactKey: Guid(a32987bae52f75b4cb7cba000e3358a5) Importer(815301076,1909f56bfc062723c751e8b465ee728b)
Start importing Assets/Resources/Environments/Area specfic architecture/Forgotten Crossroads/Ancestral Mound/wd_floor_01_0000_Layer-1.png using Guid(a32987bae52f75b4cb7cba000e3358a5) Importer(815301076,1909f56bfc062723c751e8b465ee728b)  -> (artifact id: 'b3d9cfd3c7144ea3a05bab848daa1845') in 0.019983 seconds
Number of updated asset objects reloaded before import = 0
Number of asset objects unloaded after import = 3
========================================================================
Received Import Request.
  Time since last request: 0.000025 seconds.
  path: Assets/Resources/Environments/Area specfic architecture/Forgotten Crossroads/Ancestral Mound/wd_floor_02_0001_Layer-1.png
  artifactKey: Guid(fc16a13e9fb6866428bf186423c210af) Importer(815301076,1909f56bfc062723c751e8b465ee728b)
Start importing Assets/Resources/Environments/Area specfic architecture/Forgotten Crossroads/Ancestral Mound/wd_floor_02_0001_Layer-1.png using Guid(fc16a13e9fb6866428bf186423c210af) Importer(815301076,1909f56bfc062723c751e8b465ee728b)  -> (artifact id: '0146e270e83f9b89308a9cce26943a60') in 0.017802 seconds
Number of updated asset objects reloaded before import = 0
Number of asset objects unloaded after import = 3
========================================================================
Received Import Request.
  Time since last request: 0.000039 seconds.
  path: Assets/Resources/Environments/Area specfic architecture/King_s Pass/tut_land_floor_0003_01.png
  artifactKey: Guid(fb734775714fddb4bab4d17dcd5542aa) Importer(815301076,1909f56bfc062723c751e8b465ee728b)
Start importing Assets/Resources/Environments/Area specfic architecture/King_s Pass/tut_land_floor_0003_01.png using Guid(fb734775714fddb4bab4d17dcd5542aa) Importer(815301076,1909f56bfc062723c751e8b465ee728b)  -> (artifact id: '07e140bfa9c7772330c763b3e1927382') in 0.021479 seconds
Number of updated asset objects reloaded before import = 0
Number of asset objects unloaded after import = 3
========================================================================
Received Import Request.
  Time since last request: 0.000018 seconds.
  path: Assets/Architecture & Environment/Area specfic architecture/Dirtmouth/town_floor_03.png
  artifactKey: Guid(a47e2e49ae7131a46b955f8c2fa19415) Importer(815301076,1909f56bfc062723c751e8b465ee728b)
Start importing Assets/Architecture & Environment/Area specfic architecture/Dirtmouth/town_floor_03.png using Guid(a47e2e49ae7131a46b955f8c2fa19415) Importer(815301076,1909f56bfc062723c751e8b465ee728b)  -> (artifact id: '211195c6ddf124d36e767021f374c350') in 0.015166 seconds
Number of updated asset objects reloaded before import = 0
Number of asset objects unloaded after import = 3
========================================================================
Received Import Request.
  Time since last request: 0.000016 seconds.
  path: Assets/Resources/Environments/Area specfic architecture/Dirtmouth/town_floor_02.png
  artifactKey: Guid(3987c0165f55bac4a9af637313313c93) Importer(815301076,1909f56bfc062723c751e8b465ee728b)
Start importing Assets/Resources/Environments/Area specfic architecture/Dirtmouth/town_floor_02.png using Guid(3987c0165f55bac4a9af637313313c93) Importer(815301076,1909f56bfc062723c751e8b465ee728b)  -> (artifact id: '3d013bb4fb86c9240b23c7fea5f8b68c') in 0.012526 seconds
Number of updated asset objects reloaded before import = 0
Number of asset objects unloaded after import = 3
========================================================================
Received Import Request.
  Time since last request: 0.000022 seconds.
  path: Assets/Resources/Environments/Area specfic architecture/City of Tears/top_floor_stuff_0009_a.png
  artifactKey: Guid(664b2cb47233fc34c93f97dae09752ff) Importer(815301076,1909f56bfc062723c751e8b465ee728b)
Start importing Assets/Resources/Environments/Area specfic architecture/City of Tears/top_floor_stuff_0009_a.png using Guid(664b2cb47233fc34c93f97dae09752ff) Importer(815301076,1909f56bfc062723c751e8b465ee728b)  -> (artifact id: '044038b288ef9a4ed0c37040ff83a8a1') in 0.023414 seconds
Number of updated asset objects reloaded before import = 0
Number of asset objects unloaded after import = 3
========================================================================
Received Import Request.
  Time since last request: 0.184215 seconds.
  path: Assets/Architecture & Environment/Area specfic architecture/Forgotten Crossroads/Ancestral Mound/wd_floor_03_0001_Layer-0.png
  artifactKey: Guid(83dbed27e269e134a9b6afe49bacd86f) Importer(815301076,1909f56bfc062723c751e8b465ee728b)
Start importing Assets/Architecture & Environment/Area specfic architecture/Forgotten Crossroads/Ancestral Mound/wd_floor_03_0001_Layer-0.png using Guid(83dbed27e269e134a9b6afe49bacd86f) Importer(815301076,1909f56bfc062723c751e8b465ee728b)  -> (artifact id: '605c23b41a00952245ad32179bb67786') in 0.021239 seconds
Number of updated asset objects reloaded before import = 0
Number of asset objects unloaded after import = 3
========================================================================
Received Import Request.
  Time since last request: 0.000355 seconds.
  path: Assets/Resources/Environments/Area specfic architecture/Forgotten Crossroads/Ancestral Mound/wd_floor_03_0003_Layer-3.png
  artifactKey: Guid(d85d326fd04506b4caa178dc7dd35314) Importer(815301076,1909f56bfc062723c751e8b465ee728b)
Start importing Assets/Resources/Environments/Area specfic architecture/Forgotten Crossroads/Ancestral Mound/wd_floor_03_0003_Layer-3.png using Guid(d85d326fd04506b4caa178dc7dd35314) Importer(815301076,1909f56bfc062723c751e8b465ee728b)  -> (artifact id: '69b790ea9c767cf1b66570af061efa9b') in 0.019069 seconds
Number of updated asset objects reloaded before import = 0
Number of asset objects unloaded after import = 3
========================================================================
Received Import Request.
  Time since last request: 0.057961 seconds.
  path: Assets/texture2D/White_Palace_workshop_floor_0001_2.png
  artifactKey: Guid(5fa9ff0674c89da45a830fe86676cd65) Importer(815301076,1909f56bfc062723c751e8b465ee728b)
Start importing Assets/texture2D/White_Palace_workshop_floor_0001_2.png using Guid(5fa9ff0674c89da45a830fe86676cd65) Importer(815301076,1909f56bfc062723c751e8b465ee728b)  -> (artifact id: '9cc226a145e73c6ff023902921aa9c77') in 0.020988 seconds
Number of updated asset objects reloaded before import = 0
Number of asset objects unloaded after import = 3
Editor requested this worker to shutdown with reason: Scaling down because of idle timeout
TcpMessagingSession - receive error: operation aborted. errorcode: 995, details: The I/O operation has been aborted because of either a thread exit or an application request.
AssetImportWorker is now disconnected from the server
Process exiting
Exiting without the bug reporter. Application will terminate with return code 0