Using pre-set license
Built from '2022.3/staging' branch; Version is '2022.3.27f1 (73effa14754f) revision 7598074'; Using compiler version '192829333'; Build Type 'Release'
OS: 'Windows 11  (10.0.26100) 64bit CoreSingleLanguage' Language: 'en' Physical Memory: 15724 MB
BatchMode: 1, IsHumanControllingUs: 0, StartBugReporterOnCrash: 0, Is64bit: 1, IsPro: 1

COMMAND LINE ARGUMENTS:
C:\Program Files\Unity\Hub\Editor\2022.3.27f1\Editor\Unity.exe
-adb2
-batchMode
-noUpm
-name
AssetImportWorker19
-projectPath
D:/Remaster/Hollow-Knight-Remaster/HollowKnightRemaster
-logFile
Logs/AssetImportWorker19.log
-srvPort
50500
Successfully changed project path to: D:/Remaster/Hollow-Knight-Remaster/HollowKnightRemaster
D:/Remaster/Hollow-Knight-Remaster/HollowKnightRemaster
[UnityMemory] Configuration Parameters - Can be set up in boot.config
    "memorysetup-bucket-allocator-granularity=16"
    "memorysetup-bucket-allocator-bucket-count=8"
    "memorysetup-bucket-allocator-block-size=33554432"
    "memorysetup-bucket-allocator-block-count=8"
    "memorysetup-main-allocator-block-size=16777216"
    "memorysetup-thread-allocator-block-size=16777216"
    "memorysetup-gfx-main-allocator-block-size=16777216"
    "memorysetup-gfx-thread-allocator-block-size=16777216"
    "memorysetup-cache-allocator-block-size=4194304"
    "memorysetup-typetree-allocator-block-size=2097152"
    "memorysetup-profiler-bucket-allocator-granularity=16"
    "memorysetup-profiler-bucket-allocator-bucket-count=8"
    "memorysetup-profiler-bucket-allocator-block-size=33554432"
    "memorysetup-profiler-bucket-allocator-block-count=8"
    "memorysetup-profiler-allocator-block-size=16777216"
    "memorysetup-profiler-editor-allocator-block-size=1048576"
    "memorysetup-temp-allocator-size-main=16777216"
    "memorysetup-job-temp-allocator-block-size=2097152"
    "memorysetup-job-temp-allocator-block-size-background=1048576"
    "memorysetup-job-temp-allocator-reduction-small-platforms=262144"
    "memorysetup-allocator-temp-initial-block-size-main=262144"
    "memorysetup-allocator-temp-initial-block-size-worker=262144"
    "memorysetup-temp-allocator-size-background-worker=32768"
    "memorysetup-temp-allocator-size-job-worker=262144"
    "memorysetup-temp-allocator-size-preload-manager=33554432"
    "memorysetup-temp-allocator-size-nav-mesh-worker=65536"
    "memorysetup-temp-allocator-size-audio-worker=65536"
    "memorysetup-temp-allocator-size-cloud-worker=32768"
    "memorysetup-temp-allocator-size-gi-baking-worker=262144"
    "memorysetup-temp-allocator-size-gfx=262144"
Player connection [35992] Host "[IP] 192.168.2.194 [Port] 0 [Flags] 2 [Guid] 2262184512 [EditorId] 2262184512 [Version] 1048832 [Id] WindowsEditor(7,LeiFeng) [Debug] 1 [PackageName] WindowsEditor [ProjectName] Editor" joined multi-casting on [225.0.0.222:54997]...

Player connection [35992] Host "[IP] 192.168.2.194 [Port] 0 [Flags] 2 [Guid] 2262184512 [EditorId] 2262184512 [Version] 1048832 [Id] WindowsEditor(7,LeiFeng) [Debug] 1 [PackageName] WindowsEditor [ProjectName] Editor" joined alternative multi-casting on [225.0.0.222:34997]...

[Physics::Module] Initialized MultithreadedJobDispatcher with 11 workers.
Refreshing native plugins compatible for Editor in 433.31 ms, found 4 plugins.
Preloading 0 native plugins for Editor in 0.00 ms.
Initialize engine version: 2022.3.27f1 (73effa14754f)
[Subsystems] Discovering subsystems at path C:/Program Files/Unity/Hub/Editor/2022.3.27f1/Editor/Data/Resources/UnitySubsystems
[Subsystems] Discovering subsystems at path D:/Remaster/Hollow-Knight-Remaster/HollowKnightRemaster/Assets
GfxDevice: creating device client; threaded=0; jobified=0
Direct3D:
    Version:  Direct3D 11.0 [level 11.1]
    Renderer: NVIDIA GeForce GTX 1650 (ID=0x1f9d)
    Vendor:   NVIDIA
    VRAM:     3937 MB
    Driver:   32.0.15.6636
Initialize mono
Mono path[0] = 'C:/Program Files/Unity/Hub/Editor/2022.3.27f1/Editor/Data/Managed'
Mono path[1] = 'C:/Program Files/Unity/Hub/Editor/2022.3.27f1/Editor/Data/MonoBleedingEdge/lib/mono/unityjit-win32'
Mono config path = 'C:/Program Files/Unity/Hub/Editor/2022.3.27f1/Editor/Data/MonoBleedingEdge/etc'
Using monoOptions --debugger-agent=transport=dt_socket,embedding=1,server=y,suspend=n,address=127.0.0.1:56420
Begin MonoManager ReloadAssembly
Registering precompiled unity dll's ...
Register platform support module: C:/Program Files/Unity/Hub/Editor/2022.3.27f1/Editor/Data/PlaybackEngines/WebGLSupport/UnityEditor.WebGL.Extensions.dll
Register platform support module: C:/Program Files/Unity/Hub/Editor/2022.3.27f1/Editor/Data/PlaybackEngines/WindowsStandaloneSupport/UnityEditor.WindowsStandalone.Extensions.dll
Registered in 0.010130 seconds.
- Loaded All Assemblies, in  0.446 seconds
Native extension for WindowsStandalone target not found
Native extension for WebGL target not found
Mono: successfully reloaded assembly
- Finished resetting the current domain, in  0.332 seconds
Domain Reload Profiling: 776ms
	BeginReloadAssembly (165ms)
		ExecutionOrderSort (0ms)
		DisableScriptedObjects (0ms)
		BackupInstance (0ms)
		ReleaseScriptingObjects (0ms)
		CreateAndSetChildDomain (1ms)
	RebuildCommonClasses (38ms)
	RebuildNativeTypeToScriptingClass (9ms)
	initialDomainReloadingComplete (66ms)
	LoadAllAssembliesAndSetupDomain (164ms)
		LoadAssemblies (163ms)
		RebuildTransferFunctionScriptingTraits (0ms)
		AnalyzeDomain (161ms)
			TypeCache.Refresh (159ms)
				TypeCache.ScanAssembly (140ms)
			ScanForSourceGeneratedMonoScriptInfo (1ms)
			ResolveRequiredComponents (1ms)
	FinalizeReload (332ms)
		ReleaseScriptCaches (0ms)
		RebuildScriptCaches (0ms)
		SetupLoadedEditorAssemblies (269ms)
			LogAssemblyErrors (0ms)
			InitializePlatformSupportModulesInManaged (11ms)
			SetLoadedEditorAssemblies (6ms)
			RefreshPlugins (0ms)
			BeforeProcessingInitializeOnLoad (2ms)
			ProcessInitializeOnLoadAttributes (189ms)
			ProcessInitializeOnLoadMethodAttributes (61ms)
			AfterProcessingInitializeOnLoad (0ms)
			EditorAssembliesLoaded (0ms)
		ExecutionOrderSort2 (0ms)
		AwakeInstancesAfterBackupRestoration (0ms)
========================================================================
Worker process is ready to serve import requests
Begin MonoManager ReloadAssembly
- Loaded All Assemblies, in  1.061 seconds
Refreshing native plugins compatible for Editor in 5.92 ms, found 4 plugins.
Native extension for WindowsStandalone target not found
Native extension for WebGL target not found
Package Manager log level set to [2]
[Package Manager] Server::EnsureServerProcessIsRunning -- launch failed, reason: Unity was launched with the -noUpm command-line argument
[Package Manager] UpmClient::Send -- Unable to send message (not connected to UPM process).
[Package Manager] Cannot connect to Unity Package Manager local server
Mono: successfully reloaded assembly
- Finished resetting the current domain, in  1.278 seconds
Domain Reload Profiling: 2336ms
	BeginReloadAssembly (202ms)
		ExecutionOrderSort (0ms)
		DisableScriptedObjects (8ms)
		BackupInstance (0ms)
		ReleaseScriptingObjects (0ms)
		CreateAndSetChildDomain (32ms)
	RebuildCommonClasses (42ms)
	RebuildNativeTypeToScriptingClass (15ms)
	initialDomainReloadingComplete (60ms)
	LoadAllAssembliesAndSetupDomain (738ms)
		LoadAssemblies (503ms)
		RebuildTransferFunctionScriptingTraits (0ms)
		AnalyzeDomain (347ms)
			TypeCache.Refresh (300ms)
				TypeCache.ScanAssembly (259ms)
			ScanForSourceGeneratedMonoScriptInfo (33ms)
			ResolveRequiredComponents (11ms)
	FinalizeReload (1279ms)
		ReleaseScriptCaches (0ms)
		RebuildScriptCaches (0ms)
		SetupLoadedEditorAssemblies (1022ms)
			LogAssemblyErrors (0ms)
			InitializePlatformSupportModulesInManaged (8ms)
			SetLoadedEditorAssemblies (8ms)
			RefreshPlugins (0ms)
			BeforeProcessingInitializeOnLoad (125ms)
			ProcessInitializeOnLoadAttributes (756ms)
			ProcessInitializeOnLoadMethodAttributes (112ms)
			AfterProcessingInitializeOnLoad (12ms)
			EditorAssembliesLoaded (0ms)
		ExecutionOrderSort2 (0ms)
		AwakeInstancesAfterBackupRestoration (8ms)
Launched and connected shader compiler UnityShaderCompiler.exe after 0.07 seconds
Refreshing native plugins compatible for Editor in 6.22 ms, found 4 plugins.
Preloading 0 native plugins for Editor in 0.00 ms.
Unloading 6105 Unused Serialized files (Serialized files now loaded: 0)
Unloading 93 unused Assets / (353.9 KB). Loaded Objects now: 6572.
Memory consumption went from 248.0 MB to 247.7 MB.
Total: 4.722100 ms (FindLiveObjects: 0.581000 ms CreateObjectMapping: 0.196200 ms MarkObjects: 3.602300 ms  DeleteObjects: 0.341000 ms)

AssetImportParameters requested are different than current active one (requested -> active):
  custom:container-demuxer-ogg: 62fdf1f143b41e24485cea50d1cbac27 -> 
  custom:video-codec-MediaFoundation-h265: 746d11721c4dcdbdad8f713fa42b33f4 -> 
  custom:video-decoder-ogg-theora: a1e56fd34408186e4bbccfd4996cb3dc -> 
  custom:framework-win-MediaFoundation: 216162199b28c13a410421893ffa2e32 -> 
  custom:CustomObjectIndexerAttribute: 72b91833f83ae208fae7752999fa3104 -> 
  custom:container-demuxer-webm: 4f35f7cbe854078d1ac9338744f61a02 -> 
  custom:container-muxer-webm: aa71ff27fc2769a1b78a27578f13a17b -> 
  custom:video-decoder-webm-vp8: 9c59270c3fd7afecdb556c50c9e8de78 -> 
  custom:SearchIndexIgnoredProperties: e643bd26f0fe6173181afceb89e7c659 -> 
  custom:AudioImporter_EditorPlatform: d09bf68614088b80899f8185d706f6e7 -> 
  custom:video-encoder-webm-vp8: eb34c28f22e8b96e1ab97ce403110664 -> 
  custom:audio-decoder-ogg-vorbis: bf7c407c2cedff20999df2af8eb42d56 -> 
  custom:audio-encoder-webm-vorbis: bf7c407c2cedff20999df2af8eb42d56 -> 
  custom:scripting/precompiled-assembly-types:Assembly-CSharp: 715be5429d68e3dfff7a482b4e8812ab -> 11e7008fbbaf49f94999197546c765ed
  custom:scripting/monoscript/fileName/UIAudio.cs:  -> 17416ecb0b512520a369081e3ec19a9f
========================================================================
Received Prepare
Begin MonoManager ReloadAssembly
- Loaded All Assemblies, in  0.536 seconds
Refreshing native plugins compatible for Editor in 4.97 ms, found 4 plugins.
Native extension for WindowsStandalone target not found
Native extension for WebGL target not found
[Package Manager] Server::EnsureServerProcessIsRunning -- launch failed, reason: Unity was launched with the -noUpm command-line argument
[Package Manager] UpmClient::Send -- Unable to send message (not connected to UPM process).
[Package Manager] Cannot connect to Unity Package Manager local server
Mono: successfully reloaded assembly
- Finished resetting the current domain, in  1.561 seconds
Domain Reload Profiling: 2094ms
	BeginReloadAssembly (177ms)
		ExecutionOrderSort (0ms)
		DisableScriptedObjects (10ms)
		BackupInstance (0ms)
		ReleaseScriptingObjects (0ms)
		CreateAndSetChildDomain (43ms)
	RebuildCommonClasses (39ms)
	RebuildNativeTypeToScriptingClass (13ms)
	initialDomainReloadingComplete (41ms)
	LoadAllAssembliesAndSetupDomain (262ms)
		LoadAssemblies (336ms)
		RebuildTransferFunctionScriptingTraits (0ms)
		AnalyzeDomain (18ms)
			TypeCache.Refresh (5ms)
				TypeCache.ScanAssembly (0ms)
			ScanForSourceGeneratedMonoScriptInfo (0ms)
			ResolveRequiredComponents (11ms)
	FinalizeReload (1562ms)
		ReleaseScriptCaches (0ms)
		RebuildScriptCaches (0ms)
		SetupLoadedEditorAssemblies (612ms)
			LogAssemblyErrors (0ms)
			InitializePlatformSupportModulesInManaged (8ms)
			SetLoadedEditorAssemblies (5ms)
			RefreshPlugins (0ms)
			BeforeProcessingInitializeOnLoad (90ms)
			ProcessInitializeOnLoadAttributes (417ms)
			ProcessInitializeOnLoadMethodAttributes (80ms)
			AfterProcessingInitializeOnLoad (11ms)
			EditorAssembliesLoaded (0ms)
		ExecutionOrderSort2 (0ms)
		AwakeInstancesAfterBackupRestoration (16ms)
Refreshing native plugins compatible for Editor in 6.48 ms, found 4 plugins.
Preloading 0 native plugins for Editor in 0.00 ms.
Unloading 5937 Unused Serialized files (Serialized files now loaded: 0)
Unloading 50 unused Assets / (322.8 KB). Loaded Objects now: 6578.
Memory consumption went from 215.4 MB to 215.1 MB.
Total: 4.136000 ms (FindLiveObjects: 0.472900 ms CreateObjectMapping: 0.240800 ms MarkObjects: 3.291400 ms  DeleteObjects: 0.129600 ms)

Prepare: number of updated asset objects reloaded= 0
AssetImportParameters requested are different than current active one (requested -> active):
  custom:container-demuxer-ogg: 62fdf1f143b41e24485cea50d1cbac27 -> 
  custom:video-codec-MediaFoundation-h265: 746d11721c4dcdbdad8f713fa42b33f4 -> 
  custom:video-decoder-ogg-theora: a1e56fd34408186e4bbccfd4996cb3dc -> 
  custom:framework-win-MediaFoundation: 216162199b28c13a410421893ffa2e32 -> 
  custom:CustomObjectIndexerAttribute: 72b91833f83ae208fae7752999fa3104 -> 
  custom:container-demuxer-webm: 4f35f7cbe854078d1ac9338744f61a02 -> 
  custom:container-muxer-webm: aa71ff27fc2769a1b78a27578f13a17b -> 
  custom:video-decoder-webm-vp8: 9c59270c3fd7afecdb556c50c9e8de78 -> 
  custom:SearchIndexIgnoredProperties: e643bd26f0fe6173181afceb89e7c659 -> 
  custom:AudioImporter_EditorPlatform: d09bf68614088b80899f8185d706f6e7 -> 
  custom:video-encoder-webm-vp8: eb34c28f22e8b96e1ab97ce403110664 -> 
  custom:audio-decoder-ogg-vorbis: bf7c407c2cedff20999df2af8eb42d56 -> 
  custom:audio-encoder-webm-vorbis: bf7c407c2cedff20999df2af8eb42d56 -> 
========================================================================
Received Prepare
Begin MonoManager ReloadAssembly
- Loaded All Assemblies, in  0.548 seconds
Refreshing native plugins compatible for Editor in 5.83 ms, found 4 plugins.
Native extension for WindowsStandalone target not found
Native extension for WebGL target not found
[Package Manager] Server::EnsureServerProcessIsRunning -- launch failed, reason: Unity was launched with the -noUpm command-line argument
[Package Manager] UpmClient::Send -- Unable to send message (not connected to UPM process).
[Package Manager] Cannot connect to Unity Package Manager local server
Mono: successfully reloaded assembly
- Finished resetting the current domain, in  1.717 seconds
Domain Reload Profiling: 2263ms
	BeginReloadAssembly (173ms)
		ExecutionOrderSort (0ms)
		DisableScriptedObjects (12ms)
		BackupInstance (0ms)
		ReleaseScriptingObjects (0ms)
		CreateAndSetChildDomain (43ms)
	RebuildCommonClasses (33ms)
	RebuildNativeTypeToScriptingClass (13ms)
	initialDomainReloadingComplete (35ms)
	LoadAllAssembliesAndSetupDomain (290ms)
		LoadAssemblies (325ms)
		RebuildTransferFunctionScriptingTraits (0ms)
		AnalyzeDomain (51ms)
			TypeCache.Refresh (9ms)
				TypeCache.ScanAssembly (1ms)
			ScanForSourceGeneratedMonoScriptInfo (28ms)
			ResolveRequiredComponents (13ms)
	FinalizeReload (1718ms)
		ReleaseScriptCaches (0ms)
		RebuildScriptCaches (0ms)
		SetupLoadedEditorAssemblies (658ms)
			LogAssemblyErrors (0ms)
			InitializePlatformSupportModulesInManaged (10ms)
			SetLoadedEditorAssemblies (5ms)
			RefreshPlugins (0ms)
			BeforeProcessingInitializeOnLoad (96ms)
			ProcessInitializeOnLoadAttributes (463ms)
			ProcessInitializeOnLoadMethodAttributes (74ms)
			AfterProcessingInitializeOnLoad (10ms)
			EditorAssembliesLoaded (0ms)
		ExecutionOrderSort2 (0ms)
		AwakeInstancesAfterBackupRestoration (15ms)
Refreshing native plugins compatible for Editor in 5.66 ms, found 4 plugins.
Preloading 0 native plugins for Editor in 0.00 ms.
Unloading 5937 Unused Serialized files (Serialized files now loaded: 0)
Unloading 50 unused Assets / (321.8 KB). Loaded Objects now: 6583.
Memory consumption went from 215.4 MB to 215.1 MB.
Total: 3.986800 ms (FindLiveObjects: 0.515400 ms CreateObjectMapping: 0.199700 ms MarkObjects: 3.149500 ms  DeleteObjects: 0.121100 ms)

Prepare: number of updated asset objects reloaded= 0
AssetImportParameters requested are different than current active one (requested -> active):
  custom:container-demuxer-ogg: 62fdf1f143b41e24485cea50d1cbac27 -> 
  custom:video-codec-MediaFoundation-h265: 746d11721c4dcdbdad8f713fa42b33f4 -> 
  custom:video-decoder-ogg-theora: a1e56fd34408186e4bbccfd4996cb3dc -> 
  custom:framework-win-MediaFoundation: 216162199b28c13a410421893ffa2e32 -> 
  custom:CustomObjectIndexerAttribute: 72b91833f83ae208fae7752999fa3104 -> 
  custom:container-demuxer-webm: 4f35f7cbe854078d1ac9338744f61a02 -> 
  custom:container-muxer-webm: aa71ff27fc2769a1b78a27578f13a17b -> 
  custom:video-decoder-webm-vp8: 9c59270c3fd7afecdb556c50c9e8de78 -> 
  custom:SearchIndexIgnoredProperties: e643bd26f0fe6173181afceb89e7c659 -> 
  custom:AudioImporter_EditorPlatform: d09bf68614088b80899f8185d706f6e7 -> 
  custom:video-encoder-webm-vp8: eb34c28f22e8b96e1ab97ce403110664 -> 
  custom:audio-decoder-ogg-vorbis: bf7c407c2cedff20999df2af8eb42d56 -> 
  custom:audio-encoder-webm-vorbis: bf7c407c2cedff20999df2af8eb42d56 -> 
========================================================================
Received Prepare
Begin MonoManager ReloadAssembly
- Loaded All Assemblies, in  0.594 seconds
Refreshing native plugins compatible for Editor in 5.50 ms, found 4 plugins.
Native extension for WindowsStandalone target not found
Native extension for WebGL target not found
[Package Manager] Server::EnsureServerProcessIsRunning -- launch failed, reason: Unity was launched with the -noUpm command-line argument
[Package Manager] UpmClient::Send -- Unable to send message (not connected to UPM process).
[Package Manager] Cannot connect to Unity Package Manager local server
Mono: successfully reloaded assembly
- Finished resetting the current domain, in  1.862 seconds
Domain Reload Profiling: 2453ms
	BeginReloadAssembly (178ms)
		ExecutionOrderSort (0ms)
		DisableScriptedObjects (16ms)
		BackupInstance (0ms)
		ReleaseScriptingObjects (0ms)
		CreateAndSetChildDomain (44ms)
	RebuildCommonClasses (42ms)
	RebuildNativeTypeToScriptingClass (15ms)
	initialDomainReloadingComplete (34ms)
	LoadAllAssembliesAndSetupDomain (321ms)
		LoadAssemblies (347ms)
		RebuildTransferFunctionScriptingTraits (0ms)
		AnalyzeDomain (59ms)
			TypeCache.Refresh (10ms)
				TypeCache.ScanAssembly (1ms)
			ScanForSourceGeneratedMonoScriptInfo (31ms)
			ResolveRequiredComponents (16ms)
	FinalizeReload (1862ms)
		ReleaseScriptCaches (0ms)
		RebuildScriptCaches (0ms)
		SetupLoadedEditorAssemblies (678ms)
			LogAssemblyErrors (0ms)
			InitializePlatformSupportModulesInManaged (9ms)
			SetLoadedEditorAssemblies (9ms)
			RefreshPlugins (0ms)
			BeforeProcessingInitializeOnLoad (124ms)
			ProcessInitializeOnLoadAttributes (461ms)
			ProcessInitializeOnLoadMethodAttributes (66ms)
			AfterProcessingInitializeOnLoad (9ms)
			EditorAssembliesLoaded (0ms)
		ExecutionOrderSort2 (0ms)
		AwakeInstancesAfterBackupRestoration (14ms)
Refreshing native plugins compatible for Editor in 6.06 ms, found 4 plugins.
Preloading 0 native plugins for Editor in 0.00 ms.
Unloading 5937 Unused Serialized files (Serialized files now loaded: 0)
Unloading 50 unused Assets / (321.8 KB). Loaded Objects now: 6588.
Memory consumption went from 215.4 MB to 215.1 MB.
Total: 5.167300 ms (FindLiveObjects: 0.564400 ms CreateObjectMapping: 0.586100 ms MarkObjects: 3.826600 ms  DeleteObjects: 0.188900 ms)

Prepare: number of updated asset objects reloaded= 0
AssetImportParameters requested are different than current active one (requested -> active):
  custom:container-demuxer-ogg: 62fdf1f143b41e24485cea50d1cbac27 -> 
  custom:video-codec-MediaFoundation-h265: 746d11721c4dcdbdad8f713fa42b33f4 -> 
  custom:video-decoder-ogg-theora: a1e56fd34408186e4bbccfd4996cb3dc -> 
  custom:framework-win-MediaFoundation: 216162199b28c13a410421893ffa2e32 -> 
  custom:CustomObjectIndexerAttribute: 72b91833f83ae208fae7752999fa3104 -> 
  custom:container-demuxer-webm: 4f35f7cbe854078d1ac9338744f61a02 -> 
  custom:container-muxer-webm: aa71ff27fc2769a1b78a27578f13a17b -> 
  custom:video-decoder-webm-vp8: 9c59270c3fd7afecdb556c50c9e8de78 -> 
  custom:SearchIndexIgnoredProperties: e643bd26f0fe6173181afceb89e7c659 -> 
  custom:AudioImporter_EditorPlatform: d09bf68614088b80899f8185d706f6e7 -> 
  custom:video-encoder-webm-vp8: eb34c28f22e8b96e1ab97ce403110664 -> 
  custom:audio-decoder-ogg-vorbis: bf7c407c2cedff20999df2af8eb42d56 -> 
  custom:audio-encoder-webm-vorbis: bf7c407c2cedff20999df2af8eb42d56 -> 
========================================================================
Received Import Request.
  Time since last request: 80649.601767 seconds.
  path: Assets/Audio/hero_blocker_charm_block.wav
  artifactKey: Guid(e30da190a35bf8945b8eba823516c0d7) Importer(815301076,1909f56bfc062723c751e8b465ee728b)
Start importing Assets/Audio/hero_blocker_charm_block.wav using Guid(e30da190a35bf8945b8eba823516c0d7) Importer(815301076,1909f56bfc062723c751e8b465ee728b)  -> (artifact id: 'ada9087103b78490555bc124b7315d31') in 0.137558 seconds
Number of updated asset objects reloaded before import = 0
Number of asset objects unloaded after import = 2
========================================================================
Received Import Request.
  Time since last request: 0.000031 seconds.
  path: Assets/Audio/hero_fluke_bounce_10.wav
  artifactKey: Guid(10e99073891c1a948a12b8fd64e99690) Importer(815301076,1909f56bfc062723c751e8b465ee728b)
Start importing Assets/Audio/hero_fluke_bounce_10.wav using Guid(10e99073891c1a948a12b8fd64e99690) Importer(815301076,1909f56bfc062723c751e8b465ee728b)  -> (artifact id: 'd671010efc010852ee53e79cfe31dd79') in 0.014588 seconds
Number of updated asset objects reloaded before import = 0
Number of asset objects unloaded after import = 2
========================================================================
Received Import Request.
  Time since last request: 0.000032 seconds.
  path: Assets/Audio/hero_dream_nail_slash.wav
  artifactKey: Guid(a2ac9c070085c1e4391bc988b3b11bed) Importer(815301076,1909f56bfc062723c751e8b465ee728b)
Start importing Assets/Audio/hero_dream_nail_slash.wav using Guid(a2ac9c070085c1e4391bc988b3b11bed) Importer(815301076,1909f56bfc062723c751e8b465ee728b)  -> (artifact id: 'e2c53a9e169c3a0835edf45933f785a4') in 0.016782 seconds
Number of updated asset objects reloaded before import = 0
Number of asset objects unloaded after import = 2
========================================================================
Received Import Request.
  Time since last request: 0.000017 seconds.
  path: Assets/Audio/hero_fluke_bounce_2.wav
  artifactKey: Guid(80aa733ac666ef54eb076d81f0c641be) Importer(815301076,1909f56bfc062723c751e8b465ee728b)
Start importing Assets/Audio/hero_fluke_bounce_2.wav using Guid(80aa733ac666ef54eb076d81f0c641be) Importer(815301076,1909f56bfc062723c751e8b465ee728b)  -> (artifact id: '97d9b64402a5842ee78ece1cee4bf8ab') in 0.020594 seconds
Number of updated asset objects reloaded before import = 0
Number of asset objects unloaded after import = 2
========================================================================
Received Import Request.
  Time since last request: 0.000025 seconds.
  path: Assets/Audio/hero_fury_charm_burst.wav
  artifactKey: Guid(04bee6c701f8aff4ebdab99231d8a3b2) Importer(815301076,1909f56bfc062723c751e8b465ee728b)
Start importing Assets/Audio/hero_fury_charm_burst.wav using Guid(04bee6c701f8aff4ebdab99231d8a3b2) Importer(815301076,1909f56bfc062723c751e8b465ee728b)  -> (artifact id: '2685d5d563897d7bb7189679d7b0857f') in 0.018460 seconds
Number of updated asset objects reloaded before import = 0
Number of asset objects unloaded after import = 2
========================================================================
Received Import Request.
  Time since last request: 0.000018 seconds.
  path: Assets/Audio/hero_scream_spell.wav
  artifactKey: Guid(5ec1d59bc54b26d4993050a560116721) Importer(815301076,1909f56bfc062723c751e8b465ee728b)
Start importing Assets/Audio/hero_scream_spell.wav using Guid(5ec1d59bc54b26d4993050a560116721) Importer(815301076,1909f56bfc062723c751e8b465ee728b)  -> (artifact id: '56d90f3b1853634269065a80a4cb96c9') in 0.017373 seconds
Number of updated asset objects reloaded before import = 0
Number of asset objects unloaded after import = 2
========================================================================
Received Import Request.
  Time since last request: 0.000029 seconds.
  path: Assets/Audio/hero_run_footsteps_grass.wav
  artifactKey: Guid(5d56b0d1f74d64b4493947b0a0f1a1c7) Importer(815301076,1909f56bfc062723c751e8b465ee728b)
Start importing Assets/Audio/hero_run_footsteps_grass.wav using Guid(5d56b0d1f74d64b4493947b0a0f1a1c7) Importer(815301076,1909f56bfc062723c751e8b465ee728b)  -> (artifact id: '2eff71e89c1c4703edfadeb8c61a9749') in 0.018086 seconds
Number of updated asset objects reloaded before import = 0
Number of asset objects unloaded after import = 2
========================================================================
Received Import Request.
  Time since last request: 0.000026 seconds.
  path: Assets/Audio/hero_damage #001321.wav
  artifactKey: Guid(dcf3d30cdfd159e469dec51109d215a5) Importer(815301076,1909f56bfc062723c751e8b465ee728b)
Start importing Assets/Audio/hero_damage #001321.wav using Guid(dcf3d30cdfd159e469dec51109d215a5) Importer(815301076,1909f56bfc062723c751e8b465ee728b)  -> (artifact id: '0bad9eb6a851ff9a90580fd5d976a133') in 0.016910 seconds
Number of updated asset objects reloaded before import = 0
Number of asset objects unloaded after import = 2
========================================================================
Received Import Request.
  Time since last request: 0.000023 seconds.
  path: Assets/Audio/hero_land_shallow_splash.wav
  artifactKey: Guid(39f21fa8f9e620949a478f95d018905c) Importer(815301076,1909f56bfc062723c751e8b465ee728b)
Start importing Assets/Audio/hero_land_shallow_splash.wav using Guid(39f21fa8f9e620949a478f95d018905c) Importer(815301076,1909f56bfc062723c751e8b465ee728b)  -> (artifact id: '5b4598b6e935a7860898a4fa289d5ad0') in 0.017128 seconds
Number of updated asset objects reloaded before import = 0
Number of asset objects unloaded after import = 2
========================================================================
Received Import Request.
  Time since last request: 0.000032 seconds.
  path: Assets/Audio/hero_jump.wav
  artifactKey: Guid(1e1aed890e8743947bd8ec3984e904ef) Importer(815301076,1909f56bfc062723c751e8b465ee728b)
Start importing Assets/Audio/hero_jump.wav using Guid(1e1aed890e8743947bd8ec3984e904ef) Importer(815301076,1909f56bfc062723c751e8b465ee728b)  -> (artifact id: 'c85df3e605d2a5f7b9b0cb3f779dd87a') in 0.016051 seconds
Number of updated asset objects reloaded before import = 0
Number of asset objects unloaded after import = 2
========================================================================
Received Import Request.
  Time since last request: 0.000026 seconds.
  path: Assets/Audio/hero_dash.wav
  artifactKey: Guid(9426b938ae57c524b9ad404e0de191b3) Importer(815301076,1909f56bfc062723c751e8b465ee728b)
Start importing Assets/Audio/hero_dash.wav using Guid(9426b938ae57c524b9ad404e0de191b3) Importer(815301076,1909f56bfc062723c751e8b465ee728b)  -> (artifact id: 'b55a8e2bafa86cc89fcefdfb6905095e') in 0.015333 seconds
Number of updated asset objects reloaded before import = 0
Number of asset objects unloaded after import = 2
========================================================================
Received Import Request.
  Time since last request: 0.000017 seconds.
  path: Assets/Audio/hero_land_soft.wav
  artifactKey: Guid(8f6e4799d1d4c1f449eedc945dc16170) Importer(815301076,1909f56bfc062723c751e8b465ee728b)
Start importing Assets/Audio/hero_land_soft.wav using Guid(8f6e4799d1d4c1f449eedc945dc16170) Importer(815301076,1909f56bfc062723c751e8b465ee728b)  -> (artifact id: '88db6f1e61cf78e1370a30cacd9d3c26') in 0.014204 seconds
Number of updated asset objects reloaded before import = 0
Number of asset objects unloaded after import = 2
========================================================================
Received Import Request.
  Time since last request: 0.000025 seconds.
  path: Assets/Audio/hero_land_hard #033076.wav
  artifactKey: Guid(3afbd989bca591446bef4986a0dbedf4) Importer(815301076,1909f56bfc062723c751e8b465ee728b)
Start importing Assets/Audio/hero_land_hard #033076.wav using Guid(3afbd989bca591446bef4986a0dbedf4) Importer(815301076,1909f56bfc062723c751e8b465ee728b)  -> (artifact id: '61be2417b7b51377d5c37b55daf71e53') in 0.014407 seconds
Number of updated asset objects reloaded before import = 0
Number of asset objects unloaded after import = 2
========================================================================
Received Import Request.
  Time since last request: 0.000020 seconds.
  path: Assets/Audio/hero_shade_dash_charge_pt_2.wav
  artifactKey: Guid(19b4be6ee86aa694f813a02106fd3775) Importer(815301076,1909f56bfc062723c751e8b465ee728b)
Start importing Assets/Audio/hero_shade_dash_charge_pt_2.wav using Guid(19b4be6ee86aa694f813a02106fd3775) Importer(815301076,1909f56bfc062723c751e8b465ee728b)  -> (artifact id: '8e4fc0813dc7745d7189e2632af97ef5') in 0.017152 seconds
Number of updated asset objects reloaded before import = 0
Number of asset objects unloaded after import = 2
========================================================================
Received Import Request.
  Time since last request: 0.000025 seconds.
  path: Assets/Audio/hero_damage.wav
  artifactKey: Guid(43dd698f97a9a84409db9a5715b1bb72) Importer(815301076,1909f56bfc062723c751e8b465ee728b)
Start importing Assets/Audio/hero_damage.wav using Guid(43dd698f97a9a84409db9a5715b1bb72) Importer(815301076,1909f56bfc062723c751e8b465ee728b)  -> (artifact id: '1b56ca6c98a3d5ec295be766d536d5f8') in 0.007907 seconds
Number of updated asset objects reloaded before import = 0
Number of asset objects unloaded after import = 2
========================================================================
Received Import Request.
  Time since last request: 0.000017 seconds.
  path: Assets/Audio/hero_land_hard mono test.wav
  artifactKey: Guid(c75016c74090b5640b1eabdf60b15824) Importer(815301076,1909f56bfc062723c751e8b465ee728b)
Start importing Assets/Audio/hero_land_hard mono test.wav using Guid(c75016c74090b5640b1eabdf60b15824) Importer(815301076,1909f56bfc062723c751e8b465ee728b)  -> (artifact id: '50e2b12c284f825d4877c7f7516059bf') in 0.019049 seconds
Number of updated asset objects reloaded before import = 0
Number of asset objects unloaded after import = 2
========================================================================
Received Import Request.
  Time since last request: 0.000025 seconds.
  path: Assets/Audio/hero_fluke_bounce_1.wav
  artifactKey: Guid(9d69a88eee3eaf640914cf0210c99776) Importer(815301076,1909f56bfc062723c751e8b465ee728b)
Start importing Assets/Audio/hero_fluke_bounce_1.wav using Guid(9d69a88eee3eaf640914cf0210c99776) Importer(815301076,1909f56bfc062723c751e8b465ee728b)  -> (artifact id: 'c068a62cdb9749600375a4e4c68c4aa1') in 0.015944 seconds
Number of updated asset objects reloaded before import = 0
Number of asset objects unloaded after import = 2
========================================================================
Received Import Request.
  Time since last request: 0.000021 seconds.
  path: Assets/Audio/hero_damage_less_harsh #02524.wav
  artifactKey: Guid(cdd62b6a9baf7704284ae4fb388ec386) Importer(815301076,1909f56bfc062723c751e8b465ee728b)
Start importing Assets/Audio/hero_damage_less_harsh #02524.wav using Guid(cdd62b6a9baf7704284ae4fb388ec386) Importer(815301076,1909f56bfc062723c751e8b465ee728b)  -> (artifact id: 'faac9f8697267b5bd004f74b9caea034') in 0.006318 seconds
Number of updated asset objects reloaded before import = 0
Number of asset objects unloaded after import = 2
========================================================================
Received Import Request.
  Time since last request: 0.000018 seconds.
  path: Assets/Audio/hero_fluke_bounce_11.wav
  artifactKey: Guid(e050295d1db624847be932df11ba15e0) Importer(815301076,1909f56bfc062723c751e8b465ee728b)
Start importing Assets/Audio/hero_fluke_bounce_11.wav using Guid(e050295d1db624847be932df11ba15e0) Importer(815301076,1909f56bfc062723c751e8b465ee728b)  -> (artifact id: 'aaa11e5f8e06504b9b5a590158090e58') in 0.015409 seconds
Number of updated asset objects reloaded before import = 0
Number of asset objects unloaded after import = 2
========================================================================
Received Import Request.
  Time since last request: 0.000023 seconds.
  path: Assets/Audio/hero_fluke_bounce_8.wav
  artifactKey: Guid(5079b17196a89e942806354f74ae074d) Importer(815301076,1909f56bfc062723c751e8b465ee728b)
Start importing Assets/Audio/hero_fluke_bounce_8.wav using Guid(5079b17196a89e942806354f74ae074d) Importer(815301076,1909f56bfc062723c751e8b465ee728b)  -> (artifact id: '403d79c4a2006e31c8ce2623d8db2308') in 0.014848 seconds
Number of updated asset objects reloaded before import = 0
Number of asset objects unloaded after import = 2
========================================================================
Received Import Request.
  Time since last request: 0.000030 seconds.
  path: Assets/Audio/hero_fluke_bounce_12.wav
  artifactKey: Guid(2837cfa9552e26047b8cad94f020449d) Importer(815301076,1909f56bfc062723c751e8b465ee728b)
Start importing Assets/Audio/hero_fluke_bounce_12.wav using Guid(2837cfa9552e26047b8cad94f020449d) Importer(815301076,1909f56bfc062723c751e8b465ee728b)  -> (artifact id: '790ff9f62daef21e718e8f1b233bb0e0') in 0.016537 seconds
Number of updated asset objects reloaded before import = 0
Number of asset objects unloaded after import = 2
========================================================================
Received Import Request.
  Time since last request: 0.000018 seconds.
  path: Assets/Audio/hero_fluke_bounce_3.wav
  artifactKey: Guid(374450a6f39ed9440aa2d4c606d4cb57) Importer(815301076,1909f56bfc062723c751e8b465ee728b)
Start importing Assets/Audio/hero_fluke_bounce_3.wav using Guid(374450a6f39ed9440aa2d4c606d4cb57) Importer(815301076,1909f56bfc062723c751e8b465ee728b)  -> (artifact id: '5479f39511b248566a7f053d805c0063') in 0.015580 seconds
Number of updated asset objects reloaded before import = 0
Number of asset objects unloaded after import = 2
========================================================================
Received Import Request.
  Time since last request: 0.000167 seconds.
  path: Assets/Audio/hero_dung_emit_loop.wav
  artifactKey: Guid(b973ce58a11f59b44be9ebb08e72833e) Importer(815301076,1909f56bfc062723c751e8b465ee728b)
Start importing Assets/Audio/hero_dung_emit_loop.wav using Guid(b973ce58a11f59b44be9ebb08e72833e) Importer(815301076,1909f56bfc062723c751e8b465ee728b)  -> (artifact id: '4d12aed5722eec9ebb7792830c27713b') in 0.023216 seconds
Number of updated asset objects reloaded before import = 0
Number of asset objects unloaded after import = 2
========================================================================
Received Import Request.
  Time since last request: 0.000034 seconds.
  path: Assets/Audio/hero_shade_dash_charge_pt_1.wav
  artifactKey: Guid(1e95933ae94871d4ebbbf938aba8f98a) Importer(815301076,1909f56bfc062723c751e8b465ee728b)
Start importing Assets/Audio/hero_shade_dash_charge_pt_1.wav using Guid(1e95933ae94871d4ebbbf938aba8f98a) Importer(815301076,1909f56bfc062723c751e8b465ee728b)  -> (artifact id: 'd1ca3f715849aa241bcf6af98a02dbd6') in 0.017554 seconds
Number of updated asset objects reloaded before import = 0
Number of asset objects unloaded after import = 2
========================================================================
Received Import Request.
  Time since last request: 0.000063 seconds.
  path: Assets/Audio/hero_nail_art_great_slash.wav
  artifactKey: Guid(d0c652fd9e5bd3c43a54b67bb0f6f4f4) Importer(815301076,1909f56bfc062723c751e8b465ee728b)
Start importing Assets/Audio/hero_nail_art_great_slash.wav using Guid(d0c652fd9e5bd3c43a54b67bb0f6f4f4) Importer(815301076,1909f56bfc062723c751e8b465ee728b)  -> (artifact id: 'c95a2c757f371e50d7704517ca9734b2') in 0.016617 seconds
Number of updated asset objects reloaded before import = 0
Number of asset objects unloaded after import = 2
========================================================================
Received Import Request.
  Time since last request: 0.000017 seconds.
  path: Assets/Audio/hero_shade_dash_1.wav
  artifactKey: Guid(b225b10aac032b6488cdb3a7c57164f0) Importer(815301076,1909f56bfc062723c751e8b465ee728b)
Start importing Assets/Audio/hero_shade_dash_1.wav using Guid(b225b10aac032b6488cdb3a7c57164f0) Importer(815301076,1909f56bfc062723c751e8b465ee728b)  -> (artifact id: 'ce462979ae157faca9890d055376717c') in 0.014178 seconds
Number of updated asset objects reloaded before import = 0
Number of asset objects unloaded after import = 2
========================================================================
Received Import Request.
  Time since last request: 0.000017 seconds.
  path: Assets/Audio/hero_dream_nail_short_charge.wav
  artifactKey: Guid(b0d2f7247f3a41849b80bcfbd1b48261) Importer(815301076,1909f56bfc062723c751e8b465ee728b)
Start importing Assets/Audio/hero_dream_nail_short_charge.wav using Guid(b0d2f7247f3a41849b80bcfbd1b48261) Importer(815301076,1909f56bfc062723c751e8b465ee728b)  -> (artifact id: 'c137842dd697b659ebe6a6fb64cf73cb') in 0.016158 seconds
Number of updated asset objects reloaded before import = 0
Number of asset objects unloaded after import = 2
========================================================================
Received Import Request.
  Time since last request: 0.000020 seconds.
  path: Assets/Audio/hero_quake_spell_impact.wav
  artifactKey: Guid(88caa98a5ede1f44188f5ee5f340cb93) Importer(815301076,1909f56bfc062723c751e8b465ee728b)
Start importing Assets/Audio/hero_quake_spell_impact.wav using Guid(88caa98a5ede1f44188f5ee5f340cb93) Importer(815301076,1909f56bfc062723c751e8b465ee728b)  -> (artifact id: '51bcb1583c6daa5fe4fb8982ef14661d') in 0.016286 seconds
Number of updated asset objects reloaded before import = 0
Number of asset objects unloaded after import = 2
========================================================================
Received Import Request.
  Time since last request: 0.000022 seconds.
  path: Assets/Audio/hero_fluke_cast.wav
  artifactKey: Guid(2c662191e99a09a458016d27f4cb13e4) Importer(815301076,1909f56bfc062723c751e8b465ee728b)
Start importing Assets/Audio/hero_fluke_cast.wav using Guid(2c662191e99a09a458016d27f4cb13e4) Importer(815301076,1909f56bfc062723c751e8b465ee728b)  -> (artifact id: '3c9fc03e9354b538383d6cd8fe13ec4b') in 0.016549 seconds
Number of updated asset objects reloaded before import = 0
Number of asset objects unloaded after import = 2
========================================================================
Received Import Request.
  Time since last request: 0.000034 seconds.
  path: Assets/Audio/hero_parry.wav
  artifactKey: Guid(18f667e2ac2a8fc45893277c5d082a6a) Importer(815301076,1909f56bfc062723c751e8b465ee728b)
Start importing Assets/Audio/hero_parry.wav using Guid(18f667e2ac2a8fc45893277c5d082a6a) Importer(815301076,1909f56bfc062723c751e8b465ee728b)  -> (artifact id: '9f3bc374d5e3a5e006290495ac357060') in 0.015509 seconds
Number of updated asset objects reloaded before import = 0
Number of asset objects unloaded after import = 2
Editor requested this worker to shutdown with reason: Scaling down because of idle timeout
TcpMessagingSession - receive error: operation aborted. errorcode: 995, details: The I/O operation has been aborted because of either a thread exit or an application request.
AssetImportWorker is now disconnected from the server
Process exiting
Exiting without the bug reporter. Application will terminate with return code 0