Using pre-set license
Built from '2022.3/staging' branch; Version is '2022.3.27f1 (73effa14754f) revision 7598074'; Using compiler version '192829333'; Build Type 'Release'
OS: 'Windows 11  (10.0.26100) 64bit CoreSingleLanguage' Language: 'en' Physical Memory: 15724 MB
BatchMode: 1, IsHumanControllingUs: 0, StartBugReporterOnCrash: 0, Is64bit: 1, IsPro: 1

COMMAND LINE ARGUMENTS:
C:\Program Files\Unity\Hub\Editor\2022.3.27f1\Editor\Unity.exe
-adb2
-batchMode
-noUpm
-name
AssetImportWorker23
-projectPath
D:/Remaster/Hollow-Knight-Remaster/HollowKnightRemaster
-logFile
Logs/AssetImportWorker23.log
-srvPort
54758
Successfully changed project path to: D:/Remaster/Hollow-Knight-Remaster/HollowKnightRemaster
D:/Remaster/Hollow-Knight-Remaster/HollowKnightRemaster
[UnityMemory] Configuration Parameters - Can be set up in boot.config
    "memorysetup-bucket-allocator-granularity=16"
    "memorysetup-bucket-allocator-bucket-count=8"
    "memorysetup-bucket-allocator-block-size=33554432"
    "memorysetup-bucket-allocator-block-count=8"
    "memorysetup-main-allocator-block-size=16777216"
    "memorysetup-thread-allocator-block-size=16777216"
    "memorysetup-gfx-main-allocator-block-size=16777216"
    "memorysetup-gfx-thread-allocator-block-size=16777216"
    "memorysetup-cache-allocator-block-size=4194304"
    "memorysetup-typetree-allocator-block-size=2097152"
    "memorysetup-profiler-bucket-allocator-granularity=16"
    "memorysetup-profiler-bucket-allocator-bucket-count=8"
    "memorysetup-profiler-bucket-allocator-block-size=33554432"
    "memorysetup-profiler-bucket-allocator-block-count=8"
    "memorysetup-profiler-allocator-block-size=16777216"
    "memorysetup-profiler-editor-allocator-block-size=1048576"
    "memorysetup-temp-allocator-size-main=16777216"
    "memorysetup-job-temp-allocator-block-size=2097152"
    "memorysetup-job-temp-allocator-block-size-background=1048576"
    "memorysetup-job-temp-allocator-reduction-small-platforms=262144"
    "memorysetup-allocator-temp-initial-block-size-main=262144"
    "memorysetup-allocator-temp-initial-block-size-worker=262144"
    "memorysetup-temp-allocator-size-background-worker=32768"
    "memorysetup-temp-allocator-size-job-worker=262144"
    "memorysetup-temp-allocator-size-preload-manager=33554432"
    "memorysetup-temp-allocator-size-nav-mesh-worker=65536"
    "memorysetup-temp-allocator-size-audio-worker=65536"
    "memorysetup-temp-allocator-size-cloud-worker=32768"
    "memorysetup-temp-allocator-size-gi-baking-worker=262144"
    "memorysetup-temp-allocator-size-gfx=262144"
Player connection [19848] Host "[IP] 192.168.2.194 [Port] 0 [Flags] 2 [Guid] 746810712 [EditorId] 746810712 [Version] 1048832 [Id] WindowsEditor(7,LeiFeng) [Debug] 1 [PackageName] WindowsEditor [ProjectName] Editor" joined multi-casting on [225.0.0.222:54997]...

Player connection [19848] Host "[IP] 192.168.2.194 [Port] 0 [Flags] 2 [Guid] 746810712 [EditorId] 746810712 [Version] 1048832 [Id] WindowsEditor(7,LeiFeng) [Debug] 1 [PackageName] WindowsEditor [ProjectName] Editor" joined alternative multi-casting on [225.0.0.222:34997]...

[Physics::Module] Initialized MultithreadedJobDispatcher with 11 workers.
Refreshing native plugins compatible for Editor in 15.33 ms, found 4 plugins.
Preloading 0 native plugins for Editor in 0.00 ms.
Initialize engine version: 2022.3.27f1 (73effa14754f)
[Subsystems] Discovering subsystems at path C:/Program Files/Unity/Hub/Editor/2022.3.27f1/Editor/Data/Resources/UnitySubsystems
[Subsystems] Discovering subsystems at path D:/Remaster/Hollow-Knight-Remaster/HollowKnightRemaster/Assets
GfxDevice: creating device client; threaded=0; jobified=0
Direct3D:
    Version:  Direct3D 11.0 [level 11.1]
    Renderer: NVIDIA GeForce GTX 1650 (ID=0x1f9d)
    Vendor:   NVIDIA
    VRAM:     3937 MB
    Driver:   32.0.15.6636
Initialize mono
Mono path[0] = 'C:/Program Files/Unity/Hub/Editor/2022.3.27f1/Editor/Data/Managed'
Mono path[1] = 'C:/Program Files/Unity/Hub/Editor/2022.3.27f1/Editor/Data/MonoBleedingEdge/lib/mono/unityjit-win32'
Mono config path = 'C:/Program Files/Unity/Hub/Editor/2022.3.27f1/Editor/Data/MonoBleedingEdge/etc'
Using monoOptions --debugger-agent=transport=dt_socket,embedding=1,server=y,suspend=n,address=127.0.0.1:56532
Begin MonoManager ReloadAssembly
Registering precompiled unity dll's ...
Register platform support module: C:/Program Files/Unity/Hub/Editor/2022.3.27f1/Editor/Data/PlaybackEngines/WebGLSupport/UnityEditor.WebGL.Extensions.dll
Register platform support module: C:/Program Files/Unity/Hub/Editor/2022.3.27f1/Editor/Data/PlaybackEngines/WindowsStandaloneSupport/UnityEditor.WindowsStandalone.Extensions.dll
Registered in 0.009511 seconds.
- Loaded All Assemblies, in  0.339 seconds
Native extension for WindowsStandalone target not found
Native extension for WebGL target not found
Mono: successfully reloaded assembly
- Finished resetting the current domain, in  0.246 seconds
Domain Reload Profiling: 582ms
	BeginReloadAssembly (96ms)
		ExecutionOrderSort (0ms)
		DisableScriptedObjects (0ms)
		BackupInstance (0ms)
		ReleaseScriptingObjects (0ms)
		CreateAndSetChildDomain (1ms)
	RebuildCommonClasses (31ms)
	RebuildNativeTypeToScriptingClass (9ms)
	initialDomainReloadingComplete (59ms)
	LoadAllAssembliesAndSetupDomain (140ms)
		LoadAssemblies (94ms)
		RebuildTransferFunctionScriptingTraits (0ms)
		AnalyzeDomain (137ms)
			TypeCache.Refresh (136ms)
				TypeCache.ScanAssembly (124ms)
			ScanForSourceGeneratedMonoScriptInfo (0ms)
			ResolveRequiredComponents (1ms)
	FinalizeReload (246ms)
		ReleaseScriptCaches (0ms)
		RebuildScriptCaches (0ms)
		SetupLoadedEditorAssemblies (195ms)
			LogAssemblyErrors (0ms)
			InitializePlatformSupportModulesInManaged (10ms)
			SetLoadedEditorAssemblies (5ms)
			RefreshPlugins (0ms)
			BeforeProcessingInitializeOnLoad (2ms)
			ProcessInitializeOnLoadAttributes (136ms)
			ProcessInitializeOnLoadMethodAttributes (42ms)
			AfterProcessingInitializeOnLoad (0ms)
			EditorAssembliesLoaded (0ms)
		ExecutionOrderSort2 (0ms)
		AwakeInstancesAfterBackupRestoration (0ms)
========================================================================
Worker process is ready to serve import requests
Begin MonoManager ReloadAssembly
- Loaded All Assemblies, in  0.659 seconds
Refreshing native plugins compatible for Editor in 4.82 ms, found 4 plugins.
Native extension for WindowsStandalone target not found
Native extension for WebGL target not found
Package Manager log level set to [2]
[Package Manager] Server::EnsureServerProcessIsRunning -- launch failed, reason: Unity was launched with the -noUpm command-line argument
[Package Manager] UpmClient::Send -- Unable to send message (not connected to UPM process).
[Package Manager] Cannot connect to Unity Package Manager local server
Mono: successfully reloaded assembly
- Finished resetting the current domain, in  0.823 seconds
Domain Reload Profiling: 1480ms
	BeginReloadAssembly (136ms)
		ExecutionOrderSort (0ms)
		DisableScriptedObjects (5ms)
		BackupInstance (0ms)
		ReleaseScriptingObjects (0ms)
		CreateAndSetChildDomain (21ms)
	RebuildCommonClasses (29ms)
	RebuildNativeTypeToScriptingClass (9ms)
	initialDomainReloadingComplete (42ms)
	LoadAllAssembliesAndSetupDomain (440ms)
		LoadAssemblies (310ms)
		RebuildTransferFunctionScriptingTraits (0ms)
		AnalyzeDomain (207ms)
			TypeCache.Refresh (170ms)
				TypeCache.ScanAssembly (155ms)
			ScanForSourceGeneratedMonoScriptInfo (26ms)
			ResolveRequiredComponents (10ms)
	FinalizeReload (823ms)
		ReleaseScriptCaches (0ms)
		RebuildScriptCaches (0ms)
		SetupLoadedEditorAssemblies (658ms)
			LogAssemblyErrors (0ms)
			InitializePlatformSupportModulesInManaged (7ms)
			SetLoadedEditorAssemblies (5ms)
			RefreshPlugins (0ms)
			BeforeProcessingInitializeOnLoad (81ms)
			ProcessInitializeOnLoadAttributes (459ms)
			ProcessInitializeOnLoadMethodAttributes (95ms)
			AfterProcessingInitializeOnLoad (10ms)
			EditorAssembliesLoaded (0ms)
		ExecutionOrderSort2 (0ms)
		AwakeInstancesAfterBackupRestoration (8ms)
Launched and connected shader compiler UnityShaderCompiler.exe after 0.05 seconds
Refreshing native plugins compatible for Editor in 9.59 ms, found 4 plugins.
Preloading 0 native plugins for Editor in 0.00 ms.
Unloading 6027 Unused Serialized files (Serialized files now loaded: 0)
Unloading 97 unused Assets / (0.8 MB). Loaded Objects now: 6488.
Memory consumption went from 232.0 MB to 231.2 MB.
Total: 4.924700 ms (FindLiveObjects: 0.471400 ms CreateObjectMapping: 0.448900 ms MarkObjects: 3.592700 ms  DeleteObjects: 0.410800 ms)

AssetImportParameters requested are different than current active one (requested -> active):
  custom:container-demuxer-ogg: 62fdf1f143b41e24485cea50d1cbac27 -> 
  custom:video-codec-MediaFoundation-h265: 746d11721c4dcdbdad8f713fa42b33f4 -> 
  custom:video-decoder-ogg-theora: a1e56fd34408186e4bbccfd4996cb3dc -> 
  custom:framework-win-MediaFoundation: 216162199b28c13a410421893ffa2e32 -> 
  custom:CustomObjectIndexerAttribute: 72b91833f83ae208fae7752999fa3104 -> 
  custom:container-demuxer-webm: 4f35f7cbe854078d1ac9338744f61a02 -> 
  custom:container-muxer-webm: aa71ff27fc2769a1b78a27578f13a17b -> 
  custom:video-decoder-webm-vp8: 9c59270c3fd7afecdb556c50c9e8de78 -> 
  custom:SearchIndexIgnoredProperties: e643bd26f0fe6173181afceb89e7c659 -> 
  custom:AudioImporter_EditorPlatform: d09bf68614088b80899f8185d706f6e7 -> 
  custom:video-encoder-webm-vp8: eb34c28f22e8b96e1ab97ce403110664 -> 
  custom:audio-decoder-ogg-vorbis: bf7c407c2cedff20999df2af8eb42d56 -> 
  custom:audio-encoder-webm-vorbis: bf7c407c2cedff20999df2af8eb42d56 -> 
========================================================================
Received Import Request.
  Time since last request: 96641.273724 seconds.
  path: Assets/Resources/Environments/Area specfic architecture/Fog Canyon/fog_canyon_collapser1.png
  artifactKey: Guid(54728f1ebd927a14a83cda3ddd45a9ca) Importer(815301076,1909f56bfc062723c751e8b465ee728b)
Start importing Assets/Resources/Environments/Area specfic architecture/Fog Canyon/fog_canyon_collapser1.png using Guid(54728f1ebd927a14a83cda3ddd45a9ca) Importer(815301076,1909f56bfc062723c751e8b465ee728b)  -> (artifact id: 'f0e999281013963bd73f0681a81e4593') in 0.107728 seconds
Number of updated asset objects reloaded before import = 0
Number of asset objects unloaded after import = 3
========================================================================
Received Import Request.
  Time since last request: 0.000072 seconds.
  path: Assets/Resources/Environments/Area specfic architecture/Fog Canyon/fog_canyon_plants_0006_base3.png
  artifactKey: Guid(d3cfef53650e1fd449c2a02191c82bc1) Importer(815301076,1909f56bfc062723c751e8b465ee728b)
Start importing Assets/Resources/Environments/Area specfic architecture/Fog Canyon/fog_canyon_plants_0006_base3.png using Guid(d3cfef53650e1fd449c2a02191c82bc1) Importer(815301076,1909f56bfc062723c751e8b465ee728b)  -> (artifact id: 'f13f140fb8ce82f0dc5fef132a8c95ef') in 0.020373 seconds
Number of updated asset objects reloaded before import = 0
Number of asset objects unloaded after import = 3
========================================================================
Received Import Request.
  Time since last request: 0.000029 seconds.
  path: Assets/Resources/Environments/Area specfic architecture/Fog Canyon/fog_canyon_plants_0009_4.png
  artifactKey: Guid(1c9a9341c4a0c2f46a2d256529b635de) Importer(815301076,1909f56bfc062723c751e8b465ee728b)
Start importing Assets/Resources/Environments/Area specfic architecture/Fog Canyon/fog_canyon_plants_0009_4.png using Guid(1c9a9341c4a0c2f46a2d256529b635de) Importer(815301076,1909f56bfc062723c751e8b465ee728b)  -> (artifact id: '92c547a111a1f8cf71180f3e3e0126d2') in 0.025441 seconds
Number of updated asset objects reloaded before import = 0
Number of asset objects unloaded after import = 3
========================================================================
Received Import Request.
  Time since last request: 0.000017 seconds.
  path: Assets/Architecture & Environment/Area specfic architecture/Fog Canyon/fog_canyon_plants_0009_4.png
  artifactKey: Guid(4ef279376d8fe1945be0887006add22d) Importer(815301076,1909f56bfc062723c751e8b465ee728b)
Start importing Assets/Architecture & Environment/Area specfic architecture/Fog Canyon/fog_canyon_plants_0009_4.png using Guid(4ef279376d8fe1945be0887006add22d) Importer(815301076,1909f56bfc062723c751e8b465ee728b)  -> (artifact id: '487e3f0fbe2a0bff5c6083ebe3130bd6') in 0.079160 seconds
Number of updated asset objects reloaded before import = 0
Number of asset objects unloaded after import = 3
========================================================================
Received Import Request.
  Time since last request: 0.000025 seconds.
  path: Assets/Architecture & Environment/Area specfic architecture/City of Tears/ruins_fog_sprite.png
  artifactKey: Guid(57842715777ad954c94871683479a3de) Importer(815301076,1909f56bfc062723c751e8b465ee728b)
Start importing Assets/Architecture & Environment/Area specfic architecture/City of Tears/ruins_fog_sprite.png using Guid(57842715777ad954c94871683479a3de) Importer(815301076,1909f56bfc062723c751e8b465ee728b)  -> (artifact id: '4807248d72b296a7b43b5ef274a093c4') in 0.164026 seconds
Number of updated asset objects reloaded before import = 0
Number of asset objects unloaded after import = 3
========================================================================
Received Import Request.
  Time since last request: 0.000027 seconds.
  path: Assets/Architecture & Environment/Area specfic architecture/Fog Canyon/fog_canyon_FG.png
  artifactKey: Guid(4258e51a8dcfeda4abbec842ee473357) Importer(815301076,1909f56bfc062723c751e8b465ee728b)
Start importing Assets/Architecture & Environment/Area specfic architecture/Fog Canyon/fog_canyon_FG.png using Guid(4258e51a8dcfeda4abbec842ee473357) Importer(815301076,1909f56bfc062723c751e8b465ee728b)  -> (artifact id: '42007cb53e8aa08e033ddb77706542c1') in 0.022289 seconds
Number of updated asset objects reloaded before import = 0
Number of asset objects unloaded after import = 3
========================================================================
Received Import Request.
  Time since last request: 0.000031 seconds.
  path: Assets/Resources/Environments/Area specfic architecture/City of Tears/Tower of Love/jar_col_fog.png
  artifactKey: Guid(eef6b24ee2125ef42b8d2c731285a814) Importer(815301076,1909f56bfc062723c751e8b465ee728b)
Start importing Assets/Resources/Environments/Area specfic architecture/City of Tears/Tower of Love/jar_col_fog.png using Guid(eef6b24ee2125ef42b8d2c731285a814) Importer(815301076,1909f56bfc062723c751e8b465ee728b)  -> (artifact id: 'ce2819975425d3cb01f01cb64ab8a18f') in 0.025192 seconds
Number of updated asset objects reloaded before import = 0
Number of asset objects unloaded after import = 3
========================================================================
Received Import Request.
  Time since last request: 0.000026 seconds.
  path: Assets/Architecture & Environment/Area specfic architecture/Fog Canyon/fog_canyon_plants_0004_base1.png
  artifactKey: Guid(f4eada21055c42b4a8aa17b805cb9b67) Importer(815301076,1909f56bfc062723c751e8b465ee728b)
Start importing Assets/Architecture & Environment/Area specfic architecture/Fog Canyon/fog_canyon_plants_0004_base1.png using Guid(f4eada21055c42b4a8aa17b805cb9b67) Importer(815301076,1909f56bfc062723c751e8b465ee728b)  -> (artifact id: 'be4a9863cb2c2a1856cd0619075f4af9') in 0.024868 seconds
Number of updated asset objects reloaded before import = 0
Number of asset objects unloaded after import = 3
========================================================================
Received Import Request.
  Time since last request: 0.000022 seconds.
  path: Assets/Resources/Environments/Area specfic architecture/Fog Canyon/fog_canyon_plants_0008_5.png
  artifactKey: Guid(36e7c00caf0a2a147b179fd0b387d374) Importer(815301076,1909f56bfc062723c751e8b465ee728b)
Start importing Assets/Resources/Environments/Area specfic architecture/Fog Canyon/fog_canyon_plants_0008_5.png using Guid(36e7c00caf0a2a147b179fd0b387d374) Importer(815301076,1909f56bfc062723c751e8b465ee728b)  -> (artifact id: 'b75033ba7da78e2aa56020773722a836') in 0.020764 seconds
Number of updated asset objects reloaded before import = 0
Number of asset objects unloaded after import = 3
========================================================================
Received Import Request.
  Time since last request: 0.000027 seconds.
  path: Assets/Architecture & Environment/Area specfic architecture/Fog Canyon/fog_canyon_collapser1.png
  artifactKey: Guid(1563f152359eeed4a90da115b9fb0b2e) Importer(815301076,1909f56bfc062723c751e8b465ee728b)
Start importing Assets/Architecture & Environment/Area specfic architecture/Fog Canyon/fog_canyon_collapser1.png using Guid(1563f152359eeed4a90da115b9fb0b2e) Importer(815301076,1909f56bfc062723c751e8b465ee728b)  -> (artifact id: '11b61503269200745b8870808d8ebb31') in 0.021711 seconds
Number of updated asset objects reloaded before import = 0
Number of asset objects unloaded after import = 3
========================================================================
Received Import Request.
  Time since last request: 0.000023 seconds.
  path: Assets/Architecture & Environment/Area specfic architecture/Fog Canyon/fog_canyon_plants_0008_5.png
  artifactKey: Guid(6082ab07b5c97fc4fbd02692cb430d1a) Importer(815301076,1909f56bfc062723c751e8b465ee728b)
Start importing Assets/Architecture & Environment/Area specfic architecture/Fog Canyon/fog_canyon_plants_0008_5.png using Guid(6082ab07b5c97fc4fbd02692cb430d1a) Importer(815301076,1909f56bfc062723c751e8b465ee728b)  -> (artifact id: '6adf842213a9b8b86535664f592f08e8') in 0.018311 seconds
Number of updated asset objects reloaded before import = 0
Number of asset objects unloaded after import = 3
========================================================================
Received Import Request.
  Time since last request: 0.000021 seconds.
  path: Assets/Architecture & Environment/Area specfic architecture/Fog Canyon/fog_canyon_plants_0005_base2.png
  artifactKey: Guid(c2ab981393cfd0c4fb9e8ac3484e443d) Importer(815301076,1909f56bfc062723c751e8b465ee728b)
Start importing Assets/Architecture & Environment/Area specfic architecture/Fog Canyon/fog_canyon_plants_0005_base2.png using Guid(c2ab981393cfd0c4fb9e8ac3484e443d) Importer(815301076,1909f56bfc062723c751e8b465ee728b)  -> (artifact id: '5c13f72efa6da552dcec5ad38c8d86b4') in 0.022290 seconds
Number of updated asset objects reloaded before import = 0
Number of asset objects unloaded after import = 3
========================================================================
Received Import Request.
  Time since last request: 0.000021 seconds.
  path: Assets/Resources/Environments/Area specfic architecture/Fog Canyon/fog_canyon_plants_0000_6.png
  artifactKey: Guid(3f633ec142d4ba04aac5497e2a2d4a7d) Importer(815301076,1909f56bfc062723c751e8b465ee728b)
Start importing Assets/Resources/Environments/Area specfic architecture/Fog Canyon/fog_canyon_plants_0000_6.png using Guid(3f633ec142d4ba04aac5497e2a2d4a7d) Importer(815301076,1909f56bfc062723c751e8b465ee728b)  -> (artifact id: 'e1ad6f6bf01691adb3338c9368124cb1') in 0.021664 seconds
Number of updated asset objects reloaded before import = 0
Number of asset objects unloaded after import = 3
========================================================================
Received Import Request.
  Time since last request: 0.000028 seconds.
  path: Assets/Architecture & Environment/Area specfic architecture/Fog Canyon/fog_canyon_plants_0010_3.png
  artifactKey: Guid(36c22a5e5d7985d44810194c32ddf20c) Importer(815301076,1909f56bfc062723c751e8b465ee728b)
Start importing Assets/Architecture & Environment/Area specfic architecture/Fog Canyon/fog_canyon_plants_0010_3.png using Guid(36c22a5e5d7985d44810194c32ddf20c) Importer(815301076,1909f56bfc062723c751e8b465ee728b)  -> (artifact id: '27be8bf27c15723f194d3612eb485b44') in 0.019923 seconds
Number of updated asset objects reloaded before import = 0
Number of asset objects unloaded after import = 3
========================================================================
Received Import Request.
  Time since last request: 0.000029 seconds.
  path: Assets/Resources/Environments/Area specfic architecture/Fog Canyon/SpriteAtlasTexture-Fog_Area-512x1024-fmt12.png
  artifactKey: Guid(65476264a9306844683aafa078a64a02) Importer(815301076,1909f56bfc062723c751e8b465ee728b)
Start importing Assets/Resources/Environments/Area specfic architecture/Fog Canyon/SpriteAtlasTexture-Fog_Area-512x1024-fmt12.png using Guid(65476264a9306844683aafa078a64a02) Importer(815301076,1909f56bfc062723c751e8b465ee728b)  -> (artifact id: '6e41678683526e4dd0d2104792c7fdf6') in 0.022038 seconds
Number of updated asset objects reloaded before import = 0
Number of asset objects unloaded after import = 3
========================================================================
Received Import Request.
  Time since last request: 3.424022 seconds.
  path: Assets/Architecture & Environment/Area specfic architecture/Fog Canyon/FC_set__0015_fog-canyon-roof.png
  artifactKey: Guid(ea5bf75a379f5cd4a89cfde147ca29a8) Importer(815301076,1909f56bfc062723c751e8b465ee728b)
Start importing Assets/Architecture & Environment/Area specfic architecture/Fog Canyon/FC_set__0015_fog-canyon-roof.png using Guid(ea5bf75a379f5cd4a89cfde147ca29a8) Importer(815301076,1909f56bfc062723c751e8b465ee728b)  -> (artifact id: '0039ba667bda298d4526cb392add54d6') in 0.031536 seconds
Number of updated asset objects reloaded before import = 0
Number of asset objects unloaded after import = 3
========================================================================
Received Import Request.
  Time since last request: 5.190141 seconds.
  path: Assets/Architecture & Environment/Area specfic architecture/Fog Canyon/bubble_mid_set_0001_3.png
  artifactKey: Guid(3afaf25b4fe420c4da0fe7a773534780) Importer(815301076,1909f56bfc062723c751e8b465ee728b)
Start importing Assets/Architecture & Environment/Area specfic architecture/Fog Canyon/bubble_mid_set_0001_3.png using Guid(3afaf25b4fe420c4da0fe7a773534780) Importer(815301076,1909f56bfc062723c751e8b465ee728b)  -> (artifact id: '8ed409957b6fceb09a79113b9c8d68ff') in 0.016764 seconds
Number of updated asset objects reloaded before import = 0
Number of asset objects unloaded after import = 3
========================================================================
Received Import Request.
  Time since last request: 0.000015 seconds.
  path: Assets/Architecture & Environment/Area specfic architecture/Fog Canyon/bubble_mid_set_0003_1.png
  artifactKey: Guid(a605401bb59729a429a1fb1304ca09cd) Importer(815301076,1909f56bfc062723c751e8b465ee728b)
Start importing Assets/Architecture & Environment/Area specfic architecture/Fog Canyon/bubble_mid_set_0003_1.png using Guid(a605401bb59729a429a1fb1304ca09cd) Importer(815301076,1909f56bfc062723c751e8b465ee728b)  -> (artifact id: '27d16979b8a3979524b48fc7ed0bf5e3') in 0.016859 seconds
Number of updated asset objects reloaded before import = 0
Number of asset objects unloaded after import = 3
========================================================================
Received Import Request.
  Time since last request: 0.000017 seconds.
  path: Assets/Architecture & Environment/Area specfic architecture/Fog Canyon/FC_set__0013_ee.png
  artifactKey: Guid(59376fff1e05e8849b85b9e707bd9ef1) Importer(815301076,1909f56bfc062723c751e8b465ee728b)
Start importing Assets/Architecture & Environment/Area specfic architecture/Fog Canyon/FC_set__0013_ee.png using Guid(59376fff1e05e8849b85b9e707bd9ef1) Importer(815301076,1909f56bfc062723c751e8b465ee728b)  -> (artifact id: 'e9338cbbb197615a9eb8eeaecb745041') in 0.016251 seconds
Number of updated asset objects reloaded before import = 0
Number of asset objects unloaded after import = 3
========================================================================
Received Import Request.
  Time since last request: 0.000025 seconds.
  path: Assets/Architecture & Environment/Area specfic architecture/Fog Canyon/empty.png
  artifactKey: Guid(2ca8766218fa3a44e9c648109d83aa99) Importer(815301076,1909f56bfc062723c751e8b465ee728b)
Start importing Assets/Architecture & Environment/Area specfic architecture/Fog Canyon/empty.png using Guid(2ca8766218fa3a44e9c648109d83aa99) Importer(815301076,1909f56bfc062723c751e8b465ee728b)  -> (artifact id: 'dff0aa85f1d83d1bb13871c6577a38e7') in 0.019334 seconds
Number of updated asset objects reloaded before import = 0
Number of asset objects unloaded after import = 3
========================================================================
Received Import Request.
  Time since last request: 0.000033 seconds.
  path: Assets/Architecture & Environment/Area specfic architecture/Fog Canyon/SpriteAtlasTexture-Thorn_mass-1024x2048-fmt12.png
  artifactKey: Guid(f320ed16311e9ab45a032f1730ba131d) Importer(815301076,1909f56bfc062723c751e8b465ee728b)
Start importing Assets/Architecture & Environment/Area specfic architecture/Fog Canyon/SpriteAtlasTexture-Thorn_mass-1024x2048-fmt12.png using Guid(f320ed16311e9ab45a032f1730ba131d) Importer(815301076,1909f56bfc062723c751e8b465ee728b)  -> (artifact id: '454f34fab36a7f0aed2b797724371ef9') in 0.022051 seconds
Number of updated asset objects reloaded before import = 0
Number of asset objects unloaded after import = 3
========================================================================
Received Import Request.
  Time since last request: 3.975293 seconds.
  path: Assets/Architecture & Environment/Area specfic architecture/Fog Canyon/Teacher_s Archives/Charged Lumafly - idle0000 #71555.png
  artifactKey: Guid(05b423048a833514dbeaf26a88f9a396) Importer(815301076,1909f56bfc062723c751e8b465ee728b)
Start importing Assets/Architecture & Environment/Area specfic architecture/Fog Canyon/Teacher_s Archives/Charged Lumafly - idle0000 #71555.png using Guid(05b423048a833514dbeaf26a88f9a396) Importer(815301076,1909f56bfc062723c751e8b465ee728b)  -> (artifact id: 'a7820e05396157392de3a4d2b254614c') in 0.019557 seconds
Number of updated asset objects reloaded before import = 0
Number of asset objects unloaded after import = 3
========================================================================
Received Import Request.
  Time since last request: 0.001213 seconds.
  path: Assets/Architecture & Environment/Area specfic architecture/Fog Canyon/Teacher_s Archives/Charged Lumafly - idle0006.png
  artifactKey: Guid(536c4c14215dcea4da7e96413faa8bbf) Importer(815301076,1909f56bfc062723c751e8b465ee728b)
Start importing Assets/Architecture & Environment/Area specfic architecture/Fog Canyon/Teacher_s Archives/Charged Lumafly - idle0006.png using Guid(536c4c14215dcea4da7e96413faa8bbf) Importer(815301076,1909f56bfc062723c751e8b465ee728b)  -> (artifact id: 'd15b596fca184ec97769e4d8d45cf7f6') in 0.016503 seconds
Number of updated asset objects reloaded before import = 0
Number of asset objects unloaded after import = 3
========================================================================
Received Import Request.
  Time since last request: 0.000016 seconds.
  path: Assets/Architecture & Environment/Area specfic architecture/Fog Canyon/Teacher_s Archives/Charged Lumafly - idle0009.png
  artifactKey: Guid(c308ddf4065a08b4aba97251faaba543) Importer(815301076,1909f56bfc062723c751e8b465ee728b)
Start importing Assets/Architecture & Environment/Area specfic architecture/Fog Canyon/Teacher_s Archives/Charged Lumafly - idle0009.png using Guid(c308ddf4065a08b4aba97251faaba543) Importer(815301076,1909f56bfc062723c751e8b465ee728b)  -> (artifact id: 'ab7c233198799a630759d7cf31be9fce') in 0.016528 seconds
Number of updated asset objects reloaded before import = 0
Number of asset objects unloaded after import = 3
========================================================================
Received Import Request.
  Time since last request: 0.000023 seconds.
  path: Assets/Architecture & Environment/Area specfic architecture/Fog Canyon/Teacher_s Archives/Charged Lumafly - idle0012.png
  artifactKey: Guid(71cd7d979da2c5c45957cb8a3f5ee84c) Importer(815301076,1909f56bfc062723c751e8b465ee728b)
Start importing Assets/Architecture & Environment/Area specfic architecture/Fog Canyon/Teacher_s Archives/Charged Lumafly - idle0012.png using Guid(71cd7d979da2c5c45957cb8a3f5ee84c) Importer(815301076,1909f56bfc062723c751e8b465ee728b)  -> (artifact id: 'b2b5029127be841ed995c9b869aaf439') in 0.018043 seconds
Number of updated asset objects reloaded before import = 0
Number of asset objects unloaded after import = 3
========================================================================
Received Import Request.
  Time since last request: 0.000026 seconds.
  path: Assets/Architecture & Environment/Area specfic architecture/Fog Canyon/Teacher_s Archives/Charged Lumafly - idle0015.png
  artifactKey: Guid(d82d6d68dfd2cca40b85f1fbfea8add8) Importer(815301076,1909f56bfc062723c751e8b465ee728b)
Start importing Assets/Architecture & Environment/Area specfic architecture/Fog Canyon/Teacher_s Archives/Charged Lumafly - idle0015.png using Guid(d82d6d68dfd2cca40b85f1fbfea8add8) Importer(815301076,1909f56bfc062723c751e8b465ee728b)  -> (artifact id: '0f1733c650363ff18eba405c9712f9fa') in 0.016999 seconds
Number of updated asset objects reloaded before import = 0
Number of asset objects unloaded after import = 3
========================================================================
Received Import Request.
  Time since last request: 0.000016 seconds.
  path: Assets/Architecture & Environment/Area specfic architecture/Fog Canyon/Teacher_s Archives/Charged Lumafly - idle0018.png
  artifactKey: Guid(5f0db99d3af201a43a0e0c6aa1d62268) Importer(815301076,1909f56bfc062723c751e8b465ee728b)
Start importing Assets/Architecture & Environment/Area specfic architecture/Fog Canyon/Teacher_s Archives/Charged Lumafly - idle0018.png using Guid(5f0db99d3af201a43a0e0c6aa1d62268) Importer(815301076,1909f56bfc062723c751e8b465ee728b)  -> (artifact id: '339f700e3548512a6ef75782378b7767') in 0.016212 seconds
Number of updated asset objects reloaded before import = 0
Number of asset objects unloaded after import = 3
========================================================================
Received Import Request.
  Time since last request: 0.000015 seconds.
  path: Assets/Architecture & Environment/Area specfic architecture/Fog Canyon/Teacher_s Archives/Charged Lumafly - idle0021.png
  artifactKey: Guid(651857507cf24ae448d83fcb9a9cd7dc) Importer(815301076,1909f56bfc062723c751e8b465ee728b)
Start importing Assets/Architecture & Environment/Area specfic architecture/Fog Canyon/Teacher_s Archives/Charged Lumafly - idle0021.png using Guid(651857507cf24ae448d83fcb9a9cd7dc) Importer(815301076,1909f56bfc062723c751e8b465ee728b)  -> (artifact id: 'b80bdbfe56bb61d46b9665e1c2bcec4d') in 0.016877 seconds
Number of updated asset objects reloaded before import = 0
Number of asset objects unloaded after import = 3
========================================================================
Received Import Request.
  Time since last request: 0.356089 seconds.
  path: Assets/Architecture & Environment/Area specfic architecture/Fog Canyon/Teacher_s Archives/SpriteAtlasTexture-Archive (Group 0)-2048x2048-fmt12.png
  artifactKey: Guid(e86cce8db243a0d479668bf14bcf1294) Importer(815301076,1909f56bfc062723c751e8b465ee728b)
Start importing Assets/Architecture & Environment/Area specfic architecture/Fog Canyon/Teacher_s Archives/SpriteAtlasTexture-Archive (Group 0)-2048x2048-fmt12.png using Guid(e86cce8db243a0d479668bf14bcf1294) Importer(815301076,1909f56bfc062723c751e8b465ee728b)  -> (artifact id: '341d51fbcb3deda43a915a0ecb8e12f8') in 0.027376 seconds
Number of updated asset objects reloaded before import = 0
Number of asset objects unloaded after import = 3
========================================================================
Received Import Request.
  Time since last request: 0.000020 seconds.
  path: Assets/Architecture & Environment/Area specfic architecture/Fog Canyon/Teacher_s Archives/SpriteAtlasTexture-Archive_Tank-1024x1024-fmt12.png
  artifactKey: Guid(b02fc19d0dcc0e946ae40c584d5ad2ee) Importer(815301076,1909f56bfc062723c751e8b465ee728b)
Start importing Assets/Architecture & Environment/Area specfic architecture/Fog Canyon/Teacher_s Archives/SpriteAtlasTexture-Archive_Tank-1024x1024-fmt12.png using Guid(b02fc19d0dcc0e946ae40c584d5ad2ee) Importer(815301076,1909f56bfc062723c751e8b465ee728b)  -> (artifact id: '9ca6745695f4129d82b830b2276f41af') in 0.018802 seconds
Number of updated asset objects reloaded before import = 0
Number of asset objects unloaded after import = 3
========================================================================
Received Import Request.
  Time since last request: 0.000023 seconds.
  path: Assets/Architecture & Environment/Area specfic architecture/Fog Canyon/Teacher_s Archives/zap_tank_0001_2.png
  artifactKey: Guid(19970f289fcc5ce45961073ba3ede66c) Importer(815301076,1909f56bfc062723c751e8b465ee728b)
Start importing Assets/Architecture & Environment/Area specfic architecture/Fog Canyon/Teacher_s Archives/zap_tank_0001_2.png using Guid(19970f289fcc5ce45961073ba3ede66c) Importer(815301076,1909f56bfc062723c751e8b465ee728b)  -> (artifact id: 'dbaa162a4702655e6e06971c6ac55b3c') in 0.017443 seconds
Number of updated asset objects reloaded before import = 0
Number of asset objects unloaded after import = 3
========================================================================
Received Import Request.
  Time since last request: 142.865041 seconds.
  path: Assets/Resources/Environments/Area specfic architecture/Greenpath/hunter_scenery_0001_a.png
  artifactKey: Guid(1f939b7d28daf30478bca9d622a29cc5) Importer(815301076,1909f56bfc062723c751e8b465ee728b)
Start importing Assets/Resources/Environments/Area specfic architecture/Greenpath/hunter_scenery_0001_a.png using Guid(1f939b7d28daf30478bca9d622a29cc5) Importer(815301076,1909f56bfc062723c751e8b465ee728b)  -> (artifact id: '5136e67d8b705cee21c660a76fe669c0') in 0.017554 seconds
Number of updated asset objects reloaded before import = 0
Number of asset objects unloaded after import = 3
========================================================================
Received Import Request.
  Time since last request: 0.000021 seconds.
  path: Assets/Resources/Environments/Area specfic architecture/Greenpath/nailmaster_benches_0002_2.png
  artifactKey: Guid(c6db5df14ae1af74fafe22a134ccffb7) Importer(815301076,1909f56bfc062723c751e8b465ee728b)
Start importing Assets/Resources/Environments/Area specfic architecture/Greenpath/nailmaster_benches_0002_2.png using Guid(c6db5df14ae1af74fafe22a134ccffb7) Importer(815301076,1909f56bfc062723c751e8b465ee728b)  -> (artifact id: 'aabca05d53fc2b413389d2a4cd419ed7') in 0.014768 seconds
Number of updated asset objects reloaded before import = 0
Number of asset objects unloaded after import = 3
========================================================================
Received Import Request.
  Time since last request: 0.000022 seconds.
  path: Assets/Resources/Environments/Area specfic architecture/Greenpath/hunter_scenery_0003_a.png
  artifactKey: Guid(14bcfa14a7adb8b4b8c27a43ad2689b8) Importer(815301076,1909f56bfc062723c751e8b465ee728b)
Start importing Assets/Resources/Environments/Area specfic architecture/Greenpath/hunter_scenery_0003_a.png using Guid(14bcfa14a7adb8b4b8c27a43ad2689b8) Importer(815301076,1909f56bfc062723c751e8b465ee728b)  -> (artifact id: '9e720ed29fd746afad63b3207b8dbda5') in 0.019410 seconds
Number of updated asset objects reloaded before import = 0
Number of asset objects unloaded after import = 3
========================================================================
Received Import Request.
  Time since last request: 0.010469 seconds.
  path: Assets/Resources/Environments/Area specfic architecture/Greenpath/nailmaster_hut_01_0001_b.png
  artifactKey: Guid(4c10a76a4e4cfa048b030b8f647d9ea6) Importer(815301076,1909f56bfc062723c751e8b465ee728b)
Start importing Assets/Resources/Environments/Area specfic architecture/Greenpath/nailmaster_hut_01_0001_b.png using Guid(4c10a76a4e4cfa048b030b8f647d9ea6) Importer(815301076,1909f56bfc062723c751e8b465ee728b)  -> (artifact id: '5a1464af9ea808b5658065c2288af151') in 0.019211 seconds
Number of updated asset objects reloaded before import = 0
Number of asset objects unloaded after import = 3
========================================================================
Received Import Request.
  Time since last request: 0.000020 seconds.
  path: Assets/Resources/Environments/Area specfic architecture/Greenpath/nailmaster_hut_01_0002_a.png
  artifactKey: Guid(d3117a56612f59c41990a5aa122c9d30) Importer(815301076,1909f56bfc062723c751e8b465ee728b)
Start importing Assets/Resources/Environments/Area specfic architecture/Greenpath/nailmaster_hut_01_0002_a.png using Guid(d3117a56612f59c41990a5aa122c9d30) Importer(815301076,1909f56bfc062723c751e8b465ee728b)  -> (artifact id: '3b4688e64031461963afe85cc100d5e3') in 0.029573 seconds
Number of updated asset objects reloaded before import = 0
Number of asset objects unloaded after import = 3
========================================================================
Received Import Request.
  Time since last request: 0.000018 seconds.
  path: Assets/Resources/Environments/Area specfic architecture/Greenpath/nailmaster_hut_01_0002_glow.png
  artifactKey: Guid(afe145959b441034da79dbd5881d94c5) Importer(815301076,1909f56bfc062723c751e8b465ee728b)
Start importing Assets/Resources/Environments/Area specfic architecture/Greenpath/nailmaster_hut_01_0002_glow.png using Guid(afe145959b441034da79dbd5881d94c5) Importer(815301076,1909f56bfc062723c751e8b465ee728b)  -> (artifact id: '43d140b74c6b2596ee25ca04cce9761e') in 0.020229 seconds
Number of updated asset objects reloaded before import = 0
Number of asset objects unloaded after import = 3
========================================================================
Received Import Request.
  Time since last request: 0.000018 seconds.
  path: Assets/Resources/Environments/Area specfic architecture/Greenpath/nailmaster_hut_01_0005_door_left.png
  artifactKey: Guid(40032190c8d3f7b4a9e2fc7ad4677c58) Importer(815301076,1909f56bfc062723c751e8b465ee728b)
Start importing Assets/Resources/Environments/Area specfic architecture/Greenpath/nailmaster_hut_01_0005_door_left.png using Guid(40032190c8d3f7b4a9e2fc7ad4677c58) Importer(815301076,1909f56bfc062723c751e8b465ee728b)  -> (artifact id: '38e91e82494f7ac8f3f27f400c859519') in 0.024668 seconds
Number of updated asset objects reloaded before import = 0
Number of asset objects unloaded after import = 3
========================================================================
Received Import Request.
  Time since last request: 0.000024 seconds.
  path: Assets/Resources/Environments/Area specfic architecture/Greenpath/nailmaster_hut_01_0006_mid_FG.png
  artifactKey: Guid(90e0bcd02d3bbb9448ee3e0b47e6a1c9) Importer(815301076,1909f56bfc062723c751e8b465ee728b)
Start importing Assets/Resources/Environments/Area specfic architecture/Greenpath/nailmaster_hut_01_0006_mid_FG.png using Guid(90e0bcd02d3bbb9448ee3e0b47e6a1c9) Importer(815301076,1909f56bfc062723c751e8b465ee728b)  -> (artifact id: '6fed0279a8bbbe4563519c1805187dff') in 0.022788 seconds
Number of updated asset objects reloaded before import = 0
Number of asset objects unloaded after import = 3
========================================================================
Received Import Request.
  Time since last request: 0.000020 seconds.
  path: Assets/Resources/Environments/Area specfic architecture/Greenpath/nailmaster_hut_EXT_0000_1.png
  artifactKey: Guid(1e766f19972d15b40864cd86b11a30fd) Importer(815301076,1909f56bfc062723c751e8b465ee728b)
Start importing Assets/Resources/Environments/Area specfic architecture/Greenpath/nailmaster_hut_EXT_0000_1.png using Guid(1e766f19972d15b40864cd86b11a30fd) Importer(815301076,1909f56bfc062723c751e8b465ee728b)  -> (artifact id: 'fc62ac4ed350d28af4a3c183b4cd0c11') in 0.031598 seconds
Number of updated asset objects reloaded before import = 0
Number of asset objects unloaded after import = 3
========================================================================
Received Import Request.
  Time since last request: 0.000023 seconds.
  path: Assets/Resources/Environments/Area specfic architecture/Greenpath/nailmaster_hut_EXT_0001_3.png
  artifactKey: Guid(0e3b56996f40be745917119fd8d1a1e7) Importer(815301076,1909f56bfc062723c751e8b465ee728b)
Start importing Assets/Resources/Environments/Area specfic architecture/Greenpath/nailmaster_hut_EXT_0001_3.png using Guid(0e3b56996f40be745917119fd8d1a1e7) Importer(815301076,1909f56bfc062723c751e8b465ee728b)  -> (artifact id: '063daea88acce0a9bf118f311cf0ed44') in 0.022804 seconds
Number of updated asset objects reloaded before import = 0
Number of asset objects unloaded after import = 3
========================================================================
Received Import Request.
  Time since last request: 41.475852 seconds.
  path: Assets/Resources/Environments/Area specfic architecture/Greenpath/No_eyes_temple_0003_3.png
  artifactKey: Guid(679f8466ee2b1f441943121884b862d4) Importer(815301076,1909f56bfc062723c751e8b465ee728b)
Start importing Assets/Resources/Environments/Area specfic architecture/Greenpath/No_eyes_temple_0003_3.png using Guid(679f8466ee2b1f441943121884b862d4) Importer(815301076,1909f56bfc062723c751e8b465ee728b)  -> (artifact id: '2cb617ca73f7f3b98a8ad5627a9224ca') in 0.018716 seconds
Number of updated asset objects reloaded before import = 0
Number of asset objects unloaded after import = 3
========================================================================
Received Import Request.
  Time since last request: 0.000021 seconds.
  path: Assets/Resources/Environments/Area specfic architecture/Greenpath/No_eyes_temple_0005_1.png
  artifactKey: Guid(712af0261ae170d4c831c85e529e8577) Importer(815301076,1909f56bfc062723c751e8b465ee728b)
Start importing Assets/Resources/Environments/Area specfic architecture/Greenpath/No_eyes_temple_0005_1.png using Guid(712af0261ae170d4c831c85e529e8577) Importer(815301076,1909f56bfc062723c751e8b465ee728b)  -> (artifact id: 'e72ea6bd4810a80e293748267ef0d47f') in 0.016043 seconds
Number of updated asset objects reloaded before import = 0
Number of asset objects unloaded after import = 3
========================================================================
Received Import Request.
  Time since last request: 0.000029 seconds.
  path: Assets/Resources/Environments/Area specfic architecture/Greenpath/painting_nailsmith_0001_paint2.png
  artifactKey: Guid(10c55dce4154f7d429e00ed580d51c1a) Importer(815301076,1909f56bfc062723c751e8b465ee728b)
Start importing Assets/Resources/Environments/Area specfic architecture/Greenpath/painting_nailsmith_0001_paint2.png using Guid(10c55dce4154f7d429e00ed580d51c1a) Importer(815301076,1909f56bfc062723c751e8b465ee728b)  -> (artifact id: 'd933744e1794b42736f328f24280068d') in 0.017158 seconds
Number of updated asset objects reloaded before import = 0
Number of asset objects unloaded after import = 3
========================================================================
Received Import Request.
  Time since last request: 0.000018 seconds.
  path: Assets/Resources/Environments/Area specfic architecture/Greenpath/Slug_Shrine_0002_a.png
  artifactKey: Guid(c98392bae8f41194cb27b886f8f3806d) Importer(815301076,1909f56bfc062723c751e8b465ee728b)
Start importing Assets/Resources/Environments/Area specfic architecture/Greenpath/Slug_Shrine_0002_a.png using Guid(c98392bae8f41194cb27b886f8f3806d) Importer(815301076,1909f56bfc062723c751e8b465ee728b)  -> (artifact id: '65748a2c220584f38522ff8fcf20104f') in 0.015589 seconds
Number of updated asset objects reloaded before import = 0
Number of asset objects unloaded after import = 3
========================================================================
Received Import Request.
  Time since last request: 0.000025 seconds.
  path: Assets/Resources/Environments/Area specfic architecture/Greenpath/SpriteAtlasTexture-Hunter-512x512-fmt12.png
  artifactKey: Guid(4b874d63586b4504385f5e9f98cc95a6) Importer(815301076,1909f56bfc062723c751e8b465ee728b)
Start importing Assets/Resources/Environments/Area specfic architecture/Greenpath/SpriteAtlasTexture-Hunter-512x512-fmt12.png using Guid(4b874d63586b4504385f5e9f98cc95a6) Importer(815301076,1909f56bfc062723c751e8b465ee728b)  -> (artifact id: 'ec97b5228ecff3444e65be8657259207') in 0.023192 seconds
Number of updated asset objects reloaded before import = 0
Number of asset objects unloaded after import = 3
========================================================================
Received Import Request.
  Time since last request: 0.000023 seconds.
  path: Assets/Resources/Environments/Area specfic architecture/Greenpath/thorn_mid_back.png
  artifactKey: Guid(ceffb303d4bc4f246aea172871396627) Importer(815301076,1909f56bfc062723c751e8b465ee728b)
Start importing Assets/Resources/Environments/Area specfic architecture/Greenpath/thorn_mid_back.png using Guid(ceffb303d4bc4f246aea172871396627) Importer(815301076,1909f56bfc062723c751e8b465ee728b)  -> (artifact id: '75765b8f193e241ccdfe8bb03c1bd3ca') in 0.018003 seconds
Number of updated asset objects reloaded before import = 0
Number of asset objects unloaded after import = 3
========================================================================
Received Import Request.
  Time since last request: 0.000020 seconds.
  path: Assets/Resources/Environments/Area specfic architecture/Greenpath/Slug_Shrine_0003_a.png
  artifactKey: Guid(86ffc2bb71b3cbe4a86084da1b7d8116) Importer(815301076,1909f56bfc062723c751e8b465ee728b)
Start importing Assets/Resources/Environments/Area specfic architecture/Greenpath/Slug_Shrine_0003_a.png using Guid(86ffc2bb71b3cbe4a86084da1b7d8116) Importer(815301076,1909f56bfc062723c751e8b465ee728b)  -> (artifact id: 'fdd0eeb2dd25f3a8a889308d21417157') in 0.031471 seconds
Number of updated asset objects reloaded before import = 0
Number of asset objects unloaded after import = 3
Editor requested this worker to shutdown with reason: Scaling down because of idle timeout
TcpMessagingSession - receive error: operation aborted. errorcode: 995, details: The I/O operation has been aborted because of either a thread exit or an application request.
AssetImportWorker is now disconnected from the server
Process exiting
Exiting without the bug reporter. Application will terminate with return code 0