Using pre-set license
Built from '2022.3/staging' branch; Version is '2022.3.27f1 (73effa14754f) revision 7598074'; Using compiler version '192829333'; Build Type 'Release'
OS: 'Windows 11  (10.0.26100) 64bit CoreSingleLanguage' Language: 'en' Physical Memory: 15724 MB
BatchMode: 1, IsHumanControllingUs: 0, StartBugReporterOnCrash: 0, Is64bit: 1, IsPro: 1

COMMAND LINE ARGUMENTS:
C:\Program Files\Unity\Hub\Editor\2022.3.27f1\Editor\Unity.exe
-adb2
-batchMode
-noUpm
-name
AssetImportWorker25
-projectPath
D:/Remaster/Hollow-Knight-Remaster/HollowKnightRemaster
-logFile
Logs/AssetImportWorker25.log
-srvPort
54758
Successfully changed project path to: D:/Remaster/Hollow-Knight-Remaster/HollowKnightRemaster
D:/Remaster/Hollow-Knight-Remaster/HollowKnightRemaster
[UnityMemory] Configuration Parameters - Can be set up in boot.config
    "memorysetup-bucket-allocator-granularity=16"
    "memorysetup-bucket-allocator-bucket-count=8"
    "memorysetup-bucket-allocator-block-size=33554432"
    "memorysetup-bucket-allocator-block-count=8"
    "memorysetup-main-allocator-block-size=16777216"
    "memorysetup-thread-allocator-block-size=16777216"
    "memorysetup-gfx-main-allocator-block-size=16777216"
    "memorysetup-gfx-thread-allocator-block-size=16777216"
    "memorysetup-cache-allocator-block-size=4194304"
    "memorysetup-typetree-allocator-block-size=2097152"
    "memorysetup-profiler-bucket-allocator-granularity=16"
    "memorysetup-profiler-bucket-allocator-bucket-count=8"
    "memorysetup-profiler-bucket-allocator-block-size=33554432"
    "memorysetup-profiler-bucket-allocator-block-count=8"
    "memorysetup-profiler-allocator-block-size=16777216"
    "memorysetup-profiler-editor-allocator-block-size=1048576"
    "memorysetup-temp-allocator-size-main=16777216"
    "memorysetup-job-temp-allocator-block-size=2097152"
    "memorysetup-job-temp-allocator-block-size-background=1048576"
    "memorysetup-job-temp-allocator-reduction-small-platforms=262144"
    "memorysetup-allocator-temp-initial-block-size-main=262144"
    "memorysetup-allocator-temp-initial-block-size-worker=262144"
    "memorysetup-temp-allocator-size-background-worker=32768"
    "memorysetup-temp-allocator-size-job-worker=262144"
    "memorysetup-temp-allocator-size-preload-manager=33554432"
    "memorysetup-temp-allocator-size-nav-mesh-worker=65536"
    "memorysetup-temp-allocator-size-audio-worker=65536"
    "memorysetup-temp-allocator-size-cloud-worker=32768"
    "memorysetup-temp-allocator-size-gi-baking-worker=262144"
    "memorysetup-temp-allocator-size-gfx=262144"
Player connection [24400] Host "[IP] 192.168.2.194 [Port] 0 [Flags] 2 [Guid] 55626263 [EditorId] 55626263 [Version] 1048832 [Id] WindowsEditor(7,LeiFeng) [Debug] 1 [PackageName] WindowsEditor [ProjectName] Editor" joined multi-casting on [225.0.0.222:54997]...

Player connection [24400] Host "[IP] 192.168.2.194 [Port] 0 [Flags] 2 [Guid] 55626263 [EditorId] 55626263 [Version] 1048832 [Id] WindowsEditor(7,LeiFeng) [Debug] 1 [PackageName] WindowsEditor [ProjectName] Editor" joined alternative multi-casting on [225.0.0.222:34997]...

[Physics::Module] Initialized MultithreadedJobDispatcher with 11 workers.
Refreshing native plugins compatible for Editor in 14.20 ms, found 4 plugins.
Preloading 0 native plugins for Editor in 0.00 ms.
Initialize engine version: 2022.3.27f1 (73effa14754f)
[Subsystems] Discovering subsystems at path C:/Program Files/Unity/Hub/Editor/2022.3.27f1/Editor/Data/Resources/UnitySubsystems
[Subsystems] Discovering subsystems at path D:/Remaster/Hollow-Knight-Remaster/HollowKnightRemaster/Assets
GfxDevice: creating device client; threaded=0; jobified=0
Direct3D:
    Version:  Direct3D 11.0 [level 11.1]
    Renderer: NVIDIA GeForce GTX 1650 (ID=0x1f9d)
    Vendor:   NVIDIA
    VRAM:     3937 MB
    Driver:   32.0.15.6636
Initialize mono
Mono path[0] = 'C:/Program Files/Unity/Hub/Editor/2022.3.27f1/Editor/Data/Managed'
Mono path[1] = 'C:/Program Files/Unity/Hub/Editor/2022.3.27f1/Editor/Data/MonoBleedingEdge/lib/mono/unityjit-win32'
Mono config path = 'C:/Program Files/Unity/Hub/Editor/2022.3.27f1/Editor/Data/MonoBleedingEdge/etc'
Using monoOptions --debugger-agent=transport=dt_socket,embedding=1,server=y,suspend=n,address=127.0.0.1:56924
Begin MonoManager ReloadAssembly
Registering precompiled unity dll's ...
Register platform support module: C:/Program Files/Unity/Hub/Editor/2022.3.27f1/Editor/Data/PlaybackEngines/WebGLSupport/UnityEditor.WebGL.Extensions.dll
Register platform support module: C:/Program Files/Unity/Hub/Editor/2022.3.27f1/Editor/Data/PlaybackEngines/WindowsStandaloneSupport/UnityEditor.WindowsStandalone.Extensions.dll
Registered in 0.015124 seconds.
- Loaded All Assemblies, in  0.398 seconds
Native extension for WindowsStandalone target not found
Native extension for WebGL target not found
Mono: successfully reloaded assembly
- Finished resetting the current domain, in  0.288 seconds
Domain Reload Profiling: 684ms
	BeginReloadAssembly (108ms)
		ExecutionOrderSort (0ms)
		DisableScriptedObjects (0ms)
		BackupInstance (0ms)
		ReleaseScriptingObjects (0ms)
		CreateAndSetChildDomain (1ms)
	RebuildCommonClasses (41ms)
	RebuildNativeTypeToScriptingClass (11ms)
	initialDomainReloadingComplete (76ms)
	LoadAllAssembliesAndSetupDomain (159ms)
		LoadAssemblies (105ms)
		RebuildTransferFunctionScriptingTraits (0ms)
		AnalyzeDomain (156ms)
			TypeCache.Refresh (155ms)
				TypeCache.ScanAssembly (138ms)
			ScanForSourceGeneratedMonoScriptInfo (1ms)
			ResolveRequiredComponents (1ms)
	FinalizeReload (288ms)
		ReleaseScriptCaches (0ms)
		RebuildScriptCaches (0ms)
		SetupLoadedEditorAssemblies (226ms)
			LogAssemblyErrors (0ms)
			InitializePlatformSupportModulesInManaged (12ms)
			SetLoadedEditorAssemblies (6ms)
			RefreshPlugins (0ms)
			BeforeProcessingInitializeOnLoad (2ms)
			ProcessInitializeOnLoadAttributes (162ms)
			ProcessInitializeOnLoadMethodAttributes (43ms)
			AfterProcessingInitializeOnLoad (0ms)
			EditorAssembliesLoaded (0ms)
		ExecutionOrderSort2 (0ms)
		AwakeInstancesAfterBackupRestoration (0ms)
========================================================================
Worker process is ready to serve import requests
Begin MonoManager ReloadAssembly
- Loaded All Assemblies, in  0.678 seconds
Refreshing native plugins compatible for Editor in 5.17 ms, found 4 plugins.
Native extension for WindowsStandalone target not found
Native extension for WebGL target not found
Package Manager log level set to [2]
[Package Manager] Server::EnsureServerProcessIsRunning -- launch failed, reason: Unity was launched with the -noUpm command-line argument
[Package Manager] UpmClient::Send -- Unable to send message (not connected to UPM process).
[Package Manager] Cannot connect to Unity Package Manager local server
Mono: successfully reloaded assembly
- Finished resetting the current domain, in  0.777 seconds
Domain Reload Profiling: 1452ms
	BeginReloadAssembly (140ms)
		ExecutionOrderSort (0ms)
		DisableScriptedObjects (5ms)
		BackupInstance (0ms)
		ReleaseScriptingObjects (0ms)
		CreateAndSetChildDomain (21ms)
	RebuildCommonClasses (31ms)
	RebuildNativeTypeToScriptingClass (9ms)
	initialDomainReloadingComplete (41ms)
	LoadAllAssembliesAndSetupDomain (454ms)
		LoadAssemblies (324ms)
		RebuildTransferFunctionScriptingTraits (0ms)
		AnalyzeDomain (211ms)
			TypeCache.Refresh (173ms)
				TypeCache.ScanAssembly (157ms)
			ScanForSourceGeneratedMonoScriptInfo (28ms)
			ResolveRequiredComponents (9ms)
	FinalizeReload (777ms)
		ReleaseScriptCaches (0ms)
		RebuildScriptCaches (0ms)
		SetupLoadedEditorAssemblies (617ms)
			LogAssemblyErrors (0ms)
			InitializePlatformSupportModulesInManaged (8ms)
			SetLoadedEditorAssemblies (5ms)
			RefreshPlugins (0ms)
			BeforeProcessingInitializeOnLoad (84ms)
			ProcessInitializeOnLoadAttributes (434ms)
			ProcessInitializeOnLoadMethodAttributes (77ms)
			AfterProcessingInitializeOnLoad (9ms)
			EditorAssembliesLoaded (0ms)
		ExecutionOrderSort2 (0ms)
		AwakeInstancesAfterBackupRestoration (7ms)
Launched and connected shader compiler UnityShaderCompiler.exe after 0.05 seconds
Refreshing native plugins compatible for Editor in 5.67 ms, found 4 plugins.
Preloading 0 native plugins for Editor in 0.00 ms.
Unloading 6027 Unused Serialized files (Serialized files now loaded: 0)
Unloading 97 unused Assets / (0.8 MB). Loaded Objects now: 6488.
Memory consumption went from 232.1 MB to 231.4 MB.
Total: 4.636100 ms (FindLiveObjects: 0.441500 ms CreateObjectMapping: 0.420900 ms MarkObjects: 3.397300 ms  DeleteObjects: 0.375100 ms)

AssetImportParameters requested are different than current active one (requested -> active):
  custom:container-demuxer-ogg: 62fdf1f143b41e24485cea50d1cbac27 -> 
  custom:video-codec-MediaFoundation-h265: 746d11721c4dcdbdad8f713fa42b33f4 -> 
  custom:video-decoder-ogg-theora: a1e56fd34408186e4bbccfd4996cb3dc -> 
  custom:framework-win-MediaFoundation: 216162199b28c13a410421893ffa2e32 -> 
  custom:CustomObjectIndexerAttribute: 72b91833f83ae208fae7752999fa3104 -> 
  custom:container-demuxer-webm: 4f35f7cbe854078d1ac9338744f61a02 -> 
  custom:container-muxer-webm: aa71ff27fc2769a1b78a27578f13a17b -> 
  custom:video-decoder-webm-vp8: 9c59270c3fd7afecdb556c50c9e8de78 -> 
  custom:SearchIndexIgnoredProperties: e643bd26f0fe6173181afceb89e7c659 -> 
  custom:AudioImporter_EditorPlatform: d09bf68614088b80899f8185d706f6e7 -> 
  custom:video-encoder-webm-vp8: eb34c28f22e8b96e1ab97ce403110664 -> 
  custom:audio-decoder-ogg-vorbis: bf7c407c2cedff20999df2af8eb42d56 -> 
  custom:audio-encoder-webm-vorbis: bf7c407c2cedff20999df2af8eb42d56 -> 
========================================================================
Received Import Request.
  Time since last request: 96840.033267 seconds.
  path: Assets/Resources/Environments/Area specfic architecture/Greenpath/No_eyes_temple_0001_5.png
  artifactKey: Guid(c23f2ab748de44e48b07180267586783) Importer(815301076,1909f56bfc062723c751e8b465ee728b)
Start importing Assets/Resources/Environments/Area specfic architecture/Greenpath/No_eyes_temple_0001_5.png using Guid(c23f2ab748de44e48b07180267586783) Importer(815301076,1909f56bfc062723c751e8b465ee728b)  -> (artifact id: '44c23b8d1281f3a71dacacbb1260097f') in 0.100340 seconds
Number of updated asset objects reloaded before import = 0
Number of asset objects unloaded after import = 3
========================================================================
Received Import Request.
  Time since last request: 0.000032 seconds.
  path: Assets/Resources/Environments/Area specfic architecture/Greenpath/Slug_Shrine_0000_a.png
  artifactKey: Guid(953debbca3e44644b8c057b4eef26086) Importer(815301076,1909f56bfc062723c751e8b465ee728b)
Start importing Assets/Resources/Environments/Area specfic architecture/Greenpath/Slug_Shrine_0000_a.png using Guid(953debbca3e44644b8c057b4eef26086) Importer(815301076,1909f56bfc062723c751e8b465ee728b)  -> (artifact id: '707968213d3791be730ba27b1e022f0c') in 0.036162 seconds
Number of updated asset objects reloaded before import = 0
Number of asset objects unloaded after import = 3
========================================================================
Received Import Request.
  Time since last request: 0.000029 seconds.
  path: Assets/Resources/Environments/Area specfic architecture/Greenpath/painting_junk.png
  artifactKey: Guid(0ca7124cd96dc234ea204c1759965fbc) Importer(815301076,1909f56bfc062723c751e8b465ee728b)
Start importing Assets/Resources/Environments/Area specfic architecture/Greenpath/painting_junk.png using Guid(0ca7124cd96dc234ea204c1759965fbc) Importer(815301076,1909f56bfc062723c751e8b465ee728b)  -> (artifact id: '21cf98c42215342e9439e1f9aa81b743') in 0.017082 seconds
Number of updated asset objects reloaded before import = 0
Number of asset objects unloaded after import = 3
========================================================================
Received Import Request.
  Time since last request: 0.000018 seconds.
  path: Assets/Resources/Environments/Area specfic architecture/Greenpath/thorn_mid_back_02.png
  artifactKey: Guid(9a751dfb664c4594490e5bf5e0407dfd) Importer(815301076,1909f56bfc062723c751e8b465ee728b)
Start importing Assets/Resources/Environments/Area specfic architecture/Greenpath/thorn_mid_back_02.png using Guid(9a751dfb664c4594490e5bf5e0407dfd) Importer(815301076,1909f56bfc062723c751e8b465ee728b)  -> (artifact id: '335c73e88d8ccf1f492414613ab158ac') in 0.023790 seconds
Number of updated asset objects reloaded before import = 0
Number of asset objects unloaded after import = 3
========================================================================
Received Import Request.
  Time since last request: 122.753351 seconds.
  path: Assets/Resources/Environments/Area specfic architecture/Royal Waterways/gg_fluke_bit_floor.png
  artifactKey: Guid(3dc960a52d95ad6429a9b568867682ca) Importer(815301076,1909f56bfc062723c751e8b465ee728b)
Start importing Assets/Resources/Environments/Area specfic architecture/Royal Waterways/gg_fluke_bit_floor.png using Guid(3dc960a52d95ad6429a9b568867682ca) Importer(815301076,1909f56bfc062723c751e8b465ee728b)  -> (artifact id: 'd2446d8338a7e9d5c7a09d6565cf1c08') in 0.016451 seconds
Number of updated asset objects reloaded before import = 0
Number of asset objects unloaded after import = 3
========================================================================
Received Import Request.
  Time since last request: 0.000020 seconds.
  path: Assets/Resources/Environments/Area specfic architecture/Royal Waterways/gg_fluke_bit_floor_pipe_goop_01.png
  artifactKey: Guid(2697909442ba1d840ab68d1e7a01c73e) Importer(815301076,1909f56bfc062723c751e8b465ee728b)
Start importing Assets/Resources/Environments/Area specfic architecture/Royal Waterways/gg_fluke_bit_floor_pipe_goop_01.png using Guid(2697909442ba1d840ab68d1e7a01c73e) Importer(815301076,1909f56bfc062723c751e8b465ee728b)  -> (artifact id: '304df5c9f46b4e3dabb7da1834181de6') in 0.019348 seconds
Number of updated asset objects reloaded before import = 0
Number of asset objects unloaded after import = 3
========================================================================
Received Import Request.
  Time since last request: 0.000032 seconds.
  path: Assets/Architecture & Environment/Area specfic architecture/Royal Waterways/Junk Pit/GG_Waterways_floor_0001_1.png
  artifactKey: Guid(0178c100b85fe35489ec21ea1dc812a0) Importer(815301076,1909f56bfc062723c751e8b465ee728b)
Start importing Assets/Architecture & Environment/Area specfic architecture/Royal Waterways/Junk Pit/GG_Waterways_floor_0001_1.png using Guid(0178c100b85fe35489ec21ea1dc812a0) Importer(815301076,1909f56bfc062723c751e8b465ee728b)  -> (artifact id: '47a954147b09859811cbeb6dd08ef09f') in 0.043437 seconds
Number of updated asset objects reloaded before import = 0
Number of asset objects unloaded after import = 3
========================================================================
Received Import Request.
  Time since last request: 0.000018 seconds.
  path: Assets/Resources/Environments/Area specfic architecture/Royal Waterways/Junk Pit/GG_Waterways_floor_0000_2.png
  artifactKey: Guid(9ae0b74d06105d940b4d9ae9600f9dcc) Importer(815301076,1909f56bfc062723c751e8b465ee728b)
Start importing Assets/Resources/Environments/Area specfic architecture/Royal Waterways/Junk Pit/GG_Waterways_floor_0000_2.png using Guid(9ae0b74d06105d940b4d9ae9600f9dcc) Importer(815301076,1909f56bfc062723c751e8b465ee728b)  -> (artifact id: '29f472a298ed903d86db4ffcfa4b8986') in 0.023872 seconds
Number of updated asset objects reloaded before import = 0
Number of asset objects unloaded after import = 3
========================================================================
Received Import Request.
  Time since last request: 0.000019 seconds.
  path: Assets/Architecture & Environment/Area specfic architecture/City of Tears/Tower of Love/jar_col_floor_bit.png
  artifactKey: Guid(0fdf42e8695c0e24ba21f38e1efa8f1d) Importer(815301076,1909f56bfc062723c751e8b465ee728b)
Start importing Assets/Architecture & Environment/Area specfic architecture/City of Tears/Tower of Love/jar_col_floor_bit.png using Guid(0fdf42e8695c0e24ba21f38e1efa8f1d) Importer(815301076,1909f56bfc062723c751e8b465ee728b)  -> (artifact id: '11cb8c720984abcc4e720e84142f9321') in 0.015918 seconds
Number of updated asset objects reloaded before import = 0
Number of asset objects unloaded after import = 3
========================================================================
Received Import Request.
  Time since last request: 0.000021 seconds.
  path: Assets/Architecture & Environment/Area specfic architecture/City of Tears/Tower of Love/jarcol_floor.png
  artifactKey: Guid(0d329b4d6ea56d449b073673ce9d5dbf) Importer(815301076,1909f56bfc062723c751e8b465ee728b)
Start importing Assets/Architecture & Environment/Area specfic architecture/City of Tears/Tower of Love/jarcol_floor.png using Guid(0d329b4d6ea56d449b073673ce9d5dbf) Importer(815301076,1909f56bfc062723c751e8b465ee728b)  -> (artifact id: '9e7c87eae0905cd6aef67093a6dc0a29') in 0.031582 seconds
Number of updated asset objects reloaded before import = 0
Number of asset objects unloaded after import = 3
========================================================================
Received Import Request.
  Time since last request: 0.000034 seconds.
  path: Assets/Resources/Environments/Area specfic architecture/City of Tears/Tower of Love/jar_col_ext_floor.png
  artifactKey: Guid(37d9054f3c3808148b1fe7d79d2c5bfb) Importer(815301076,1909f56bfc062723c751e8b465ee728b)
Start importing Assets/Resources/Environments/Area specfic architecture/City of Tears/Tower of Love/jar_col_ext_floor.png using Guid(37d9054f3c3808148b1fe7d79d2c5bfb) Importer(815301076,1909f56bfc062723c751e8b465ee728b)  -> (artifact id: 'a5d244e3fc1846e89304411105f2db74') in 0.011655 seconds
Number of updated asset objects reloaded before import = 0
Number of asset objects unloaded after import = 3
========================================================================
Received Import Request.
  Time since last request: 0.000016 seconds.
  path: Assets/Architecture & Environment/Area specfic architecture/Hive/hive_roof_02_0003_Color-Balance-1-copy-3_floor.png
  artifactKey: Guid(db14c2c731cf45041b1e54d005a99bf7) Importer(815301076,1909f56bfc062723c751e8b465ee728b)
Start importing Assets/Architecture & Environment/Area specfic architecture/Hive/hive_roof_02_0003_Color-Balance-1-copy-3_floor.png using Guid(db14c2c731cf45041b1e54d005a99bf7) Importer(815301076,1909f56bfc062723c751e8b465ee728b)  -> (artifact id: 'dc91e4c672f0ebd56f222762de2b0f0a') in 0.025233 seconds
Number of updated asset objects reloaded before import = 0
Number of asset objects unloaded after import = 3
========================================================================
Received Import Request.
  Time since last request: 0.000022 seconds.
  path: Assets/Architecture & Environment/Area specfic architecture/Hive/hive_floor_03.png
  artifactKey: Guid(749cea6bbffd0174a844a77a9b383c18) Importer(815301076,1909f56bfc062723c751e8b465ee728b)
Start importing Assets/Architecture & Environment/Area specfic architecture/Hive/hive_floor_03.png using Guid(749cea6bbffd0174a844a77a9b383c18) Importer(815301076,1909f56bfc062723c751e8b465ee728b)  -> (artifact id: '1347478f1d7723972746723fe92c0bd5') in 0.021612 seconds
Number of updated asset objects reloaded before import = 0
Number of asset objects unloaded after import = 3
========================================================================
Received Import Request.
  Time since last request: 0.000031 seconds.
  path: Assets/Resources/Environments/Area specfic architecture/Hive/hive_roof_02_0003_Color-Balance-1-copy-3_floor.png
  artifactKey: Guid(7eafc992bc8a7014bb6a22bf9481b805) Importer(815301076,1909f56bfc062723c751e8b465ee728b)
Start importing Assets/Resources/Environments/Area specfic architecture/Hive/hive_roof_02_0003_Color-Balance-1-copy-3_floor.png using Guid(7eafc992bc8a7014bb6a22bf9481b805) Importer(815301076,1909f56bfc062723c751e8b465ee728b)  -> (artifact id: '79ec6dada563f9c6d792faaa94fc3ec1') in 0.012258 seconds
Number of updated asset objects reloaded before import = 0
Number of asset objects unloaded after import = 3
========================================================================
Received Import Request.
  Time since last request: 8.537770 seconds.
  path: Assets/Resources/Environments/Area specfic architecture/Deepnest/Weaver_s Den/Loom_break_floor_0000_3.png
  artifactKey: Guid(1ee57396a2788344ab446be491ef3ea4) Importer(815301076,1909f56bfc062723c751e8b465ee728b)
Start importing Assets/Resources/Environments/Area specfic architecture/Deepnest/Weaver_s Den/Loom_break_floor_0000_3.png using Guid(1ee57396a2788344ab446be491ef3ea4) Importer(815301076,1909f56bfc062723c751e8b465ee728b)  -> (artifact id: '5674d9a70f73a9c37e5616e6c20476c8') in 0.017920 seconds
Number of updated asset objects reloaded before import = 0
Number of asset objects unloaded after import = 3
========================================================================
Received Import Request.
  Time since last request: 0.000027 seconds.
  path: Assets/Resources/Environments/Area specfic architecture/Deepnest/Weaver_s Den/Loom_break_floor_0002_1.png
  artifactKey: Guid(fe105c6be119a644b9dbeb23b3800612) Importer(815301076,1909f56bfc062723c751e8b465ee728b)
Start importing Assets/Resources/Environments/Area specfic architecture/Deepnest/Weaver_s Den/Loom_break_floor_0002_1.png using Guid(fe105c6be119a644b9dbeb23b3800612) Importer(815301076,1909f56bfc062723c751e8b465ee728b)  -> (artifact id: 'f5081b0e947d862e5cdfb6112524f3c1') in 0.021356 seconds
Number of updated asset objects reloaded before import = 0
Number of asset objects unloaded after import = 3
========================================================================
Received Import Request.
  Time since last request: 0.000034 seconds.
  path: Assets/Architecture & Environment/Area specfic architecture/City of Tears/Soul Sanctum/mage_lord_room_0003_floor_wing.png
  artifactKey: Guid(7e4060a5554b79548a4cb8c42a610fb3) Importer(815301076,1909f56bfc062723c751e8b465ee728b)
Start importing Assets/Architecture & Environment/Area specfic architecture/City of Tears/Soul Sanctum/mage_lord_room_0003_floor_wing.png using Guid(7e4060a5554b79548a4cb8c42a610fb3) Importer(815301076,1909f56bfc062723c751e8b465ee728b)  -> (artifact id: '518d98c1623852ec8082cdd363620784') in 0.017668 seconds
Number of updated asset objects reloaded before import = 0
Number of asset objects unloaded after import = 3
========================================================================
Received Import Request.
  Time since last request: 0.000020 seconds.
  path: Assets/Resources/Environments/Area specfic architecture/Godhome/Land of Storms & Tuning area/mask_floor_0002_1.png
  artifactKey: Guid(7c8963172a636814e953a41c2099cb14) Importer(815301076,1909f56bfc062723c751e8b465ee728b)
Start importing Assets/Resources/Environments/Area specfic architecture/Godhome/Land of Storms & Tuning area/mask_floor_0002_1.png using Guid(7c8963172a636814e953a41c2099cb14) Importer(815301076,1909f56bfc062723c751e8b465ee728b)  -> (artifact id: '0030b309e1ba178c5773537759abe8cf') in 0.017483 seconds
Number of updated asset objects reloaded before import = 0
Number of asset objects unloaded after import = 3
========================================================================
Received Import Request.
  Time since last request: 0.000018 seconds.
  path: Assets/Architecture & Environment/Area specfic architecture/Godhome/Land of Storms & Tuning area/mask_floor_0001_2.png
  artifactKey: Guid(d380687440e02f5419ec9098b661ecfe) Importer(815301076,1909f56bfc062723c751e8b465ee728b)
Start importing Assets/Architecture & Environment/Area specfic architecture/Godhome/Land of Storms & Tuning area/mask_floor_0001_2.png using Guid(d380687440e02f5419ec9098b661ecfe) Importer(815301076,1909f56bfc062723c751e8b465ee728b)  -> (artifact id: '7f8ec46198e893926f7bd5dba471a809') in 0.017386 seconds
Number of updated asset objects reloaded before import = 0
Number of asset objects unloaded after import = 3
========================================================================
Received Import Request.
  Time since last request: 0.000023 seconds.
  path: Assets/Architecture & Environment/Area specfic architecture/Godhome/Land of Storms & Tuning area/mask_floor_0002_1.png
  artifactKey: Guid(10942bbafe1842c48bbf24a37533d9dc) Importer(815301076,1909f56bfc062723c751e8b465ee728b)
Start importing Assets/Architecture & Environment/Area specfic architecture/Godhome/Land of Storms & Tuning area/mask_floor_0002_1.png using Guid(10942bbafe1842c48bbf24a37533d9dc) Importer(815301076,1909f56bfc062723c751e8b465ee728b)  -> (artifact id: '03cd17818193bfa0818bd82d29f141a9') in 0.015217 seconds
Number of updated asset objects reloaded before import = 0
Number of asset objects unloaded after import = 3
========================================================================
Received Import Request.
  Time since last request: 0.000026 seconds.
  path: Assets/Resources/Environments/Area specfic architecture/Crystal Peak/mines_metal_thin_floors_0001_a #3014.png
  artifactKey: Guid(c3bc47e04e6b94e4d8cbc9ffdca73f97) Importer(815301076,1909f56bfc062723c751e8b465ee728b)
Start importing Assets/Resources/Environments/Area specfic architecture/Crystal Peak/mines_metal_thin_floors_0001_a #3014.png using Guid(c3bc47e04e6b94e4d8cbc9ffdca73f97) Importer(815301076,1909f56bfc062723c751e8b465ee728b)  -> (artifact id: 'eba2789f1135d513743a5f5753650b9d') in 0.017699 seconds
Number of updated asset objects reloaded before import = 0
Number of asset objects unloaded after import = 3
========================================================================
Received Import Request.
  Time since last request: 0.000016 seconds.
  path: Assets/Resources/Environments/Area specfic architecture/Crystal Peak/mines_metal_thin_floors_0002_a #32824.png
  artifactKey: Guid(b78f6a1278b376c4692460f90e658cb5) Importer(815301076,1909f56bfc062723c751e8b465ee728b)
Start importing Assets/Resources/Environments/Area specfic architecture/Crystal Peak/mines_metal_thin_floors_0002_a #32824.png using Guid(b78f6a1278b376c4692460f90e658cb5) Importer(815301076,1909f56bfc062723c751e8b465ee728b)  -> (artifact id: '69c4043ad09fde9532b41419e6273313') in 0.018981 seconds
Number of updated asset objects reloaded before import = 0
Number of asset objects unloaded after import = 3
========================================================================
Received Import Request.
  Time since last request: 0.000020 seconds.
  path: Assets/Resources/Environments/Area specfic architecture/Crystal Peak/mines_metal_thin_floors_0001_a #7804.png
  artifactKey: Guid(473f6e7bbf2b0114caae34e04f3c5631) Importer(815301076,1909f56bfc062723c751e8b465ee728b)
Start importing Assets/Resources/Environments/Area specfic architecture/Crystal Peak/mines_metal_thin_floors_0001_a #7804.png using Guid(473f6e7bbf2b0114caae34e04f3c5631) Importer(815301076,1909f56bfc062723c751e8b465ee728b)  -> (artifact id: '21a2cc768bd2162636abac4b2dec000a') in 0.019064 seconds
Number of updated asset objects reloaded before import = 0
Number of asset objects unloaded after import = 3
========================================================================
Received Import Request.
  Time since last request: 0.000020 seconds.
  path: Assets/Architecture & Environment/Area specfic architecture/Crystal Peak/mine_floor_01.png
  artifactKey: Guid(c8793153ec78ab340b52d92cb2b7bcb5) Importer(815301076,1909f56bfc062723c751e8b465ee728b)
Start importing Assets/Architecture & Environment/Area specfic architecture/Crystal Peak/mine_floor_01.png using Guid(c8793153ec78ab340b52d92cb2b7bcb5) Importer(815301076,1909f56bfc062723c751e8b465ee728b)  -> (artifact id: 'fbfb2931b3cbb6e82df54241b2488bd2') in 0.020198 seconds
Number of updated asset objects reloaded before import = 0
Number of asset objects unloaded after import = 3
========================================================================
Received Import Request.
  Time since last request: 0.000022 seconds.
  path: Assets/Resources/Environments/Area specfic architecture/Godhome/Land of Storms & Tuning area/mask_floor_0000_3.png
  artifactKey: Guid(260eb3e50ef0384488c2b60f0501a9ee) Importer(815301076,1909f56bfc062723c751e8b465ee728b)
Start importing Assets/Resources/Environments/Area specfic architecture/Godhome/Land of Storms & Tuning area/mask_floor_0000_3.png using Guid(260eb3e50ef0384488c2b60f0501a9ee) Importer(815301076,1909f56bfc062723c751e8b465ee728b)  -> (artifact id: '8adc98ceb59cd0d65ba4e3d12b5d5dd3') in 0.017111 seconds
Number of updated asset objects reloaded before import = 0
Number of asset objects unloaded after import = 3
========================================================================
Received Import Request.
  Time since last request: 0.000021 seconds.
  path: Assets/Resources/Environments/Area specfic architecture/Godhome/Land of Storms & Tuning area/mask_floor_0001_2.png
  artifactKey: Guid(c29138f6c47db8b42a785828c7bb64ba) Importer(815301076,1909f56bfc062723c751e8b465ee728b)
Start importing Assets/Resources/Environments/Area specfic architecture/Godhome/Land of Storms & Tuning area/mask_floor_0001_2.png using Guid(c29138f6c47db8b42a785828c7bb64ba) Importer(815301076,1909f56bfc062723c751e8b465ee728b)  -> (artifact id: '487b74dc186b92fc41bf74b906b80a71') in 0.016220 seconds
Number of updated asset objects reloaded before import = 0
Number of asset objects unloaded after import = 3
========================================================================
Received Import Request.
  Time since last request: 1.566024 seconds.
  path: Assets/Architecture & Environment/Area specfic architecture/Crystal Peak/mines_metal_thin_floors_0002_a #80624.png
  artifactKey: Guid(bdaf9e8bbbff2ed4abc84be79ce2ee4b) Importer(815301076,1909f56bfc062723c751e8b465ee728b)
Start importing Assets/Architecture & Environment/Area specfic architecture/Crystal Peak/mines_metal_thin_floors_0002_a #80624.png using Guid(bdaf9e8bbbff2ed4abc84be79ce2ee4b) Importer(815301076,1909f56bfc062723c751e8b465ee728b)  -> (artifact id: 'c14f82731ed21b0a1cd9ccd95298f852') in 0.019612 seconds
Number of updated asset objects reloaded before import = 0
Number of asset objects unloaded after import = 3
========================================================================
Received Import Request.
  Time since last request: 0.000024 seconds.
  path: Assets/Architecture & Environment/Area specfic architecture/Crystal Peak/mines_metal_thin_floors_0004_a.png
  artifactKey: Guid(bf192a5b9914ab24aa68048d08c0102b) Importer(815301076,1909f56bfc062723c751e8b465ee728b)
Start importing Assets/Architecture & Environment/Area specfic architecture/Crystal Peak/mines_metal_thin_floors_0004_a.png using Guid(bf192a5b9914ab24aa68048d08c0102b) Importer(815301076,1909f56bfc062723c751e8b465ee728b)  -> (artifact id: '35b42cdc00484bb532e95c867179aec0') in 0.025535 seconds
Number of updated asset objects reloaded before import = 0
Number of asset objects unloaded after import = 3
========================================================================
Received Import Request.
  Time since last request: 0.000025 seconds.
  path: Assets/Architecture & Environment/Area specfic architecture/Crystal Peak/mines_quake_floor.png
  artifactKey: Guid(dbf00b483444c83418fdf52e03830603) Importer(815301076,1909f56bfc062723c751e8b465ee728b)
Start importing Assets/Architecture & Environment/Area specfic architecture/Crystal Peak/mines_quake_floor.png using Guid(dbf00b483444c83418fdf52e03830603) Importer(815301076,1909f56bfc062723c751e8b465ee728b)  -> (artifact id: 'e26a9e8a31bdafe7f445005ea9f94e4c') in 0.028851 seconds
Number of updated asset objects reloaded before import = 0
Number of asset objects unloaded after import = 3
========================================================================
Received Import Request.
  Time since last request: 0.000019 seconds.
  path: Assets/Architecture & Environment/Area specfic architecture/Kingdom_s Edge/old_nailsmith_floor.png
  artifactKey: Guid(0967bca4d4e2040498162dffcb217333) Importer(815301076,1909f56bfc062723c751e8b465ee728b)
Start importing Assets/Architecture & Environment/Area specfic architecture/Kingdom_s Edge/old_nailsmith_floor.png using Guid(0967bca4d4e2040498162dffcb217333) Importer(815301076,1909f56bfc062723c751e8b465ee728b)  -> (artifact id: 'd64f298fce0bb3226b60f4c7214cb0d1') in 0.027669 seconds
Number of updated asset objects reloaded before import = 0
Number of asset objects unloaded after import = 3
========================================================================
Received Import Request.
  Time since last request: 0.000030 seconds.
  path: Assets/Resources/Environments/Area specfic architecture/Dirtmouth/Grimm Tents/nightmare_fabric_floor.png
  artifactKey: Guid(75c41cad42b2553499282d37d4116a9c) Importer(815301076,1909f56bfc062723c751e8b465ee728b)
Start importing Assets/Resources/Environments/Area specfic architecture/Dirtmouth/Grimm Tents/nightmare_fabric_floor.png using Guid(75c41cad42b2553499282d37d4116a9c) Importer(815301076,1909f56bfc062723c751e8b465ee728b)  -> (artifact id: '817c745d87af5b6570dc956117c358a0') in 0.011441 seconds
Number of updated asset objects reloaded before import = 0
Number of asset objects unloaded after import = 3
========================================================================
Received Import Request.
  Time since last request: 0.000023 seconds.
  path: Assets/Resources/Environments/Area specfic architecture/Crystal Peak/mines_metal_thin_floors_0004_a #80632.png
  artifactKey: Guid(c87d7ac821b19a1489154e1a5177767d) Importer(815301076,1909f56bfc062723c751e8b465ee728b)
Start importing Assets/Resources/Environments/Area specfic architecture/Crystal Peak/mines_metal_thin_floors_0004_a #80632.png using Guid(c87d7ac821b19a1489154e1a5177767d) Importer(815301076,1909f56bfc062723c751e8b465ee728b)  -> (artifact id: '38a5ccf02c69ee775ae120eea7650bef') in 0.022993 seconds
Number of updated asset objects reloaded before import = 0
Number of asset objects unloaded after import = 3
========================================================================
Received Import Request.
  Time since last request: 0.384731 seconds.
  path: Assets/Architecture & Environment/Area specfic architecture/City of Tears/ruin quake floor.png
  artifactKey: Guid(63e898f966cd5ec49a4a3c4d9e208f87) Importer(815301076,1909f56bfc062723c751e8b465ee728b)
Start importing Assets/Architecture & Environment/Area specfic architecture/City of Tears/ruin quake floor.png using Guid(63e898f966cd5ec49a4a3c4d9e208f87) Importer(815301076,1909f56bfc062723c751e8b465ee728b)  -> (artifact id: '467b03c7aae7cad91eac646ecf590487') in 0.022488 seconds
Number of updated asset objects reloaded before import = 0
Number of asset objects unloaded after import = 3
========================================================================
Received Import Request.
  Time since last request: 0.000021 seconds.
  path: Assets/Resources/Environments/Area specfic architecture/City of Tears/ruinhouse_floor.png
  artifactKey: Guid(1b6fb24e61b2fca4dbffd0236527ade8) Importer(815301076,1909f56bfc062723c751e8b465ee728b)
Start importing Assets/Resources/Environments/Area specfic architecture/City of Tears/ruinhouse_floor.png using Guid(1b6fb24e61b2fca4dbffd0236527ade8) Importer(815301076,1909f56bfc062723c751e8b465ee728b)  -> (artifact id: '1870572df3073fc9fae948d5f1dd6c42') in 0.013181 seconds
Number of updated asset objects reloaded before import = 0
Number of asset objects unloaded after import = 3
========================================================================
Received Import Request.
  Time since last request: 0.004131 seconds.
  path: Assets/Resources/Environments/Area specfic architecture/Deepnest/Distant Village/s_town_crumble_floor.png
  artifactKey: Guid(773f35e0d703fc64482a69d0fe064abd) Importer(815301076,1909f56bfc062723c751e8b465ee728b)
Start importing Assets/Resources/Environments/Area specfic architecture/Deepnest/Distant Village/s_town_crumble_floor.png using Guid(773f35e0d703fc64482a69d0fe064abd) Importer(815301076,1909f56bfc062723c751e8b465ee728b)  -> (artifact id: '26ad57751480457d42722b62f5de7175') in 0.021422 seconds
Number of updated asset objects reloaded before import = 0
Number of asset objects unloaded after import = 3
========================================================================
Received Import Request.
  Time since last request: 0.000026 seconds.
  path: Assets/Resources/Environments/small_floor.png
  artifactKey: Guid(4b797e49896216140aa8bc0faeb05185) Importer(815301076,1909f56bfc062723c751e8b465ee728b)
Start importing Assets/Resources/Environments/small_floor.png using Guid(4b797e49896216140aa8bc0faeb05185) Importer(815301076,1909f56bfc062723c751e8b465ee728b)  -> (artifact id: '4fe35bf40b5fc1ea51c11eb8387682b3') in 0.020075 seconds
Number of updated asset objects reloaded before import = 0
Number of asset objects unloaded after import = 3
========================================================================
Received Import Request.
  Time since last request: 0.000022 seconds.
  path: Assets/Resources/Environments/Area specfic architecture/Resting Grounds/snail_shaman_plinth_0003_floor.png
  artifactKey: Guid(760d33fcfde82b341b44890505db4072) Importer(815301076,1909f56bfc062723c751e8b465ee728b)
Start importing Assets/Resources/Environments/Area specfic architecture/Resting Grounds/snail_shaman_plinth_0003_floor.png using Guid(760d33fcfde82b341b44890505db4072) Importer(815301076,1909f56bfc062723c751e8b465ee728b)  -> (artifact id: '2dc60935532be7a76d4117bb37dc9ebc') in 0.016586 seconds
Number of updated asset objects reloaded before import = 0
Number of asset objects unloaded after import = 3
========================================================================
Received Import Request.
  Time since last request: 0.000018 seconds.
  path: Assets/Architecture & Environment/Area specfic architecture/Deepnest/Distant Village/Spider_interior_set_0008_web_floor_02.png
  artifactKey: Guid(c8ddd454263968246a04b171d821d766) Importer(815301076,1909f56bfc062723c751e8b465ee728b)
Start importing Assets/Architecture & Environment/Area specfic architecture/Deepnest/Distant Village/Spider_interior_set_0008_web_floor_02.png using Guid(c8ddd454263968246a04b171d821d766) Importer(815301076,1909f56bfc062723c751e8b465ee728b)  -> (artifact id: '526c6c2d8b4dfb471ac5433055abc8a2') in 0.020341 seconds
Number of updated asset objects reloaded before import = 0
Number of asset objects unloaded after import = 3
========================================================================
Received Import Request.
  Time since last request: 0.000027 seconds.
  path: Assets/Architecture & Environment/Area specfic architecture/Deepnest/Distant Village/Spider_interior_set2_0002_floor.png
  artifactKey: Guid(f9035dc1e4b531b46b0f6b22c3b8925d) Importer(815301076,1909f56bfc062723c751e8b465ee728b)
Start importing Assets/Architecture & Environment/Area specfic architecture/Deepnest/Distant Village/Spider_interior_set2_0002_floor.png using Guid(f9035dc1e4b531b46b0f6b22c3b8925d) Importer(815301076,1909f56bfc062723c751e8b465ee728b)  -> (artifact id: '1e6a981a58ee7e4c006dc4046802eee8') in 0.020588 seconds
Number of updated asset objects reloaded before import = 0
Number of asset objects unloaded after import = 3
========================================================================
Received Import Request.
  Time since last request: 0.000027 seconds.
  path: Assets/Architecture & Environment/Area specfic architecture/King_s Pass/SpriteAtlasTexture-Tut_floor-2048x512-fmt12.png
  artifactKey: Guid(540277e60d3bc1241b182344e1e198ed) Importer(815301076,1909f56bfc062723c751e8b465ee728b)
Start importing Assets/Architecture & Environment/Area specfic architecture/King_s Pass/SpriteAtlasTexture-Tut_floor-2048x512-fmt12.png using Guid(540277e60d3bc1241b182344e1e198ed) Importer(815301076,1909f56bfc062723c751e8b465ee728b)  -> (artifact id: '5abdadb3d83d8788331c67273052f54d') in 0.020137 seconds
Number of updated asset objects reloaded before import = 0
Number of asset objects unloaded after import = 3
========================================================================
Received Import Request.
  Time since last request: 0.000025 seconds.
  path: Assets/Architecture & Environment/Area specfic architecture/Dirtmouth/SpriteAtlasTexture-Town_Floor_Front-2048x256-fmt12.png
  artifactKey: Guid(f4a726efe9f05e64ab2910f18c8adc37) Importer(815301076,1909f56bfc062723c751e8b465ee728b)
Start importing Assets/Architecture & Environment/Area specfic architecture/Dirtmouth/SpriteAtlasTexture-Town_Floor_Front-2048x256-fmt12.png using Guid(f4a726efe9f05e64ab2910f18c8adc37) Importer(815301076,1909f56bfc062723c751e8b465ee728b)  -> (artifact id: '2e85ab947f1a6d394e12f4051538d778') in 0.011742 seconds
Number of updated asset objects reloaded before import = 0
Number of asset objects unloaded after import = 3
========================================================================
Received Import Request.
  Time since last request: 0.000020 seconds.
  path: Assets/Resources/Environments/Tram & Stagways/SpriteAtlasTexture-Tram Metal Floor-2048x1024-fmt12.png
  artifactKey: Guid(f995cee28b2cd6a44bbc8c6c5b2fdfe1) Importer(815301076,1909f56bfc062723c751e8b465ee728b)
Start importing Assets/Resources/Environments/Tram & Stagways/SpriteAtlasTexture-Tram Metal Floor-2048x1024-fmt12.png using Guid(f995cee28b2cd6a44bbc8c6c5b2fdfe1) Importer(815301076,1909f56bfc062723c751e8b465ee728b)  -> (artifact id: '3fb12eeae09189be3d7a015ecd6ea76e') in 0.012185 seconds
Number of updated asset objects reloaded before import = 0
Number of asset objects unloaded after import = 3
========================================================================
Received Import Request.
  Time since last request: 0.712971 seconds.
  path: Assets/Resources/Environments/Area specfic architecture/Forgotten Crossroads/Temple of the Black Egg/temple_ext_floor_01.png
  artifactKey: Guid(1e8066682dd537f468ae4fa6643ffa52) Importer(815301076,1909f56bfc062723c751e8b465ee728b)
Start importing Assets/Resources/Environments/Area specfic architecture/Forgotten Crossroads/Temple of the Black Egg/temple_ext_floor_01.png using Guid(1e8066682dd537f468ae4fa6643ffa52) Importer(815301076,1909f56bfc062723c751e8b465ee728b)  -> (artifact id: 'f09202f4e97e5bd6faa089e38d4d7d0b') in 0.017686 seconds
Number of updated asset objects reloaded before import = 0
Number of asset objects unloaded after import = 3
========================================================================
Received Import Request.
  Time since last request: 0.000022 seconds.
  path: Assets/Resources/Environments/top_floor_stuff_0001_a.png
  artifactKey: Guid(db8c175949de2664188e2647d2de73e5) Importer(815301076,1909f56bfc062723c751e8b465ee728b)
Start importing Assets/Resources/Environments/top_floor_stuff_0001_a.png using Guid(db8c175949de2664188e2647d2de73e5) Importer(815301076,1909f56bfc062723c751e8b465ee728b)  -> (artifact id: '010984cdcf80a20b73a1d4419fd5108b') in 0.020202 seconds
Number of updated asset objects reloaded before import = 0
Number of asset objects unloaded after import = 3
========================================================================
Received Import Request.
  Time since last request: 0.699438 seconds.
  path: Assets/Resources/Environments/Area specfic architecture/City of Tears/top_floor_stuff_0005_a.png
  artifactKey: Guid(9031d4f06d1cba843ad4f4563c247426) Importer(815301076,1909f56bfc062723c751e8b465ee728b)
Start importing Assets/Resources/Environments/Area specfic architecture/City of Tears/top_floor_stuff_0005_a.png using Guid(9031d4f06d1cba843ad4f4563c247426) Importer(815301076,1909f56bfc062723c751e8b465ee728b)  -> (artifact id: 'd7cb3368a77d926266e9c100189a938f') in 0.027830 seconds
Number of updated asset objects reloaded before import = 0
Number of asset objects unloaded after import = 3
========================================================================
Received Import Request.
  Time since last request: 0.000019 seconds.
  path: Assets/Resources/Environments/Area specfic architecture/City of Tears/top_floor_stuff_0007_a.png
  artifactKey: Guid(89d50bb6c11427246bd0aef684a68fe7) Importer(815301076,1909f56bfc062723c751e8b465ee728b)
Start importing Assets/Resources/Environments/Area specfic architecture/City of Tears/top_floor_stuff_0007_a.png using Guid(89d50bb6c11427246bd0aef684a68fe7) Importer(815301076,1909f56bfc062723c751e8b465ee728b)  -> (artifact id: 'bb1436c4c23eac177f831cfd8d6e367f') in 0.017021 seconds
Number of updated asset objects reloaded before import = 0
Number of asset objects unloaded after import = 3
========================================================================
Received Import Request.
  Time since last request: 0.000018 seconds.
  path: Assets/Resources/Environments/Area specfic architecture/City of Tears/top_floor_stuff_0010_a.png
  artifactKey: Guid(a6e5a54d50821d248b260817f24591ae) Importer(815301076,1909f56bfc062723c751e8b465ee728b)
Start importing Assets/Resources/Environments/Area specfic architecture/City of Tears/top_floor_stuff_0010_a.png using Guid(a6e5a54d50821d248b260817f24591ae) Importer(815301076,1909f56bfc062723c751e8b465ee728b)  -> (artifact id: 'ead83c89167706bc4b585222fd99b8b5') in 0.021927 seconds
Number of updated asset objects reloaded before import = 0
Number of asset objects unloaded after import = 3
========================================================================
Received Import Request.
  Time since last request: 0.000022 seconds.
  path: Assets/Architecture & Environment/Area specfic architecture/Dirtmouth/town_floor_02.png
  artifactKey: Guid(36ae03da12b2b8e4ea13e228e175820c) Importer(815301076,1909f56bfc062723c751e8b465ee728b)
Start importing Assets/Architecture & Environment/Area specfic architecture/Dirtmouth/town_floor_02.png using Guid(36ae03da12b2b8e4ea13e228e175820c) Importer(815301076,1909f56bfc062723c751e8b465ee728b)  -> (artifact id: 'd3d628db000f8710dd651a50179f18e9') in 0.017870 seconds
Number of updated asset objects reloaded before import = 0
Number of asset objects unloaded after import = 3
========================================================================
Received Import Request.
  Time since last request: 0.000024 seconds.
  path: Assets/Architecture & Environment/tunneL_floor.png
  artifactKey: Guid(4e5bea87c7154644f8561dd0b97f22ed) Importer(815301076,1909f56bfc062723c751e8b465ee728b)
Start importing Assets/Architecture & Environment/tunneL_floor.png using Guid(4e5bea87c7154644f8561dd0b97f22ed) Importer(815301076,1909f56bfc062723c751e8b465ee728b)  -> (artifact id: 'a0b58c86b82d10c6413c6897b741f68a') in 0.017747 seconds
Number of updated asset objects reloaded before import = 0
Number of asset objects unloaded after import = 3
========================================================================
Received Import Request.
  Time since last request: 0.000019 seconds.
  path: Assets/Resources/Environments/Area specfic architecture/Dirtmouth/town_floor_01.png
  artifactKey: Guid(9c47e15ad81d66241b018666bde913f0) Importer(815301076,1909f56bfc062723c751e8b465ee728b)
Start importing Assets/Resources/Environments/Area specfic architecture/Dirtmouth/town_floor_01.png using Guid(9c47e15ad81d66241b018666bde913f0) Importer(815301076,1909f56bfc062723c751e8b465ee728b)  -> (artifact id: '26d75402968e1a406f3375c674d4081b') in 0.009242 seconds
Number of updated asset objects reloaded before import = 0
Number of asset objects unloaded after import = 3
========================================================================
Received Import Request.
  Time since last request: 0.000029 seconds.
  path: Assets/Resources/Environments/Area specfic architecture/King_s Pass/tut_land_floor_0002_02.png
  artifactKey: Guid(0882e2be893793a4c9b606391b66bbba) Importer(815301076,1909f56bfc062723c751e8b465ee728b)
Start importing Assets/Resources/Environments/Area specfic architecture/King_s Pass/tut_land_floor_0002_02.png using Guid(0882e2be893793a4c9b606391b66bbba) Importer(815301076,1909f56bfc062723c751e8b465ee728b)  -> (artifact id: '14dcede99c1cc407bb22a73f1aff4287') in 0.015677 seconds
Number of updated asset objects reloaded before import = 0
Number of asset objects unloaded after import = 3
========================================================================
Received Import Request.
  Time since last request: 0.000025 seconds.
  path: Assets/Architecture & Environment/Area specfic architecture/King_s Pass/tut_land_floor_0002_02.png
  artifactKey: Guid(fa7d4fdf370cf0c40ac58be71192ffbb) Importer(815301076,1909f56bfc062723c751e8b465ee728b)
Start importing Assets/Architecture & Environment/Area specfic architecture/King_s Pass/tut_land_floor_0002_02.png using Guid(fa7d4fdf370cf0c40ac58be71192ffbb) Importer(815301076,1909f56bfc062723c751e8b465ee728b)  -> (artifact id: '8e4c2a4fc0fc94f5659bc9f6a31329f7') in 0.038945 seconds
Number of updated asset objects reloaded before import = 0
Number of asset objects unloaded after import = 3
========================================================================
Received Import Request.
  Time since last request: 0.000017 seconds.
  path: Assets/Resources/Environments/Area specfic architecture/Forgotten Crossroads/Ancestral Mound/wd_floor_02_0002_Layer-2.png
  artifactKey: Guid(7513f2432b7d9d54189fff5f789f54f5) Importer(815301076,1909f56bfc062723c751e8b465ee728b)
Start importing Assets/Resources/Environments/Area specfic architecture/Forgotten Crossroads/Ancestral Mound/wd_floor_02_0002_Layer-2.png using Guid(7513f2432b7d9d54189fff5f789f54f5) Importer(815301076,1909f56bfc062723c751e8b465ee728b)  -> (artifact id: '8a4a6b7c39d04a71cadb2682ab03f9ea') in 0.020282 seconds
Number of updated asset objects reloaded before import = 0
Number of asset objects unloaded after import = 3
========================================================================
Received Import Request.
  Time since last request: 0.000017 seconds.
  path: Assets/Architecture & Environment/Area specfic architecture/Forgotten Crossroads/Ancestral Mound/wd_floor_02_0000_Layer-0.png
  artifactKey: Guid(05148946f4f495844ad6d8e05a3dd674) Importer(815301076,1909f56bfc062723c751e8b465ee728b)
Start importing Assets/Architecture & Environment/Area specfic architecture/Forgotten Crossroads/Ancestral Mound/wd_floor_02_0000_Layer-0.png using Guid(05148946f4f495844ad6d8e05a3dd674) Importer(815301076,1909f56bfc062723c751e8b465ee728b)  -> (artifact id: 'a3954ec80cf25d0f9b15c7e8dab71d7a') in 0.024953 seconds
Number of updated asset objects reloaded before import = 0
Number of asset objects unloaded after import = 3
========================================================================
Received Import Request.
  Time since last request: 0.000350 seconds.
  path: Assets/Architecture & Environment/Area specfic architecture/Forgotten Crossroads/Ancestral Mound/wd_floor_02_0001_Layer-1.png
  artifactKey: Guid(5503b095181ad85419c48b803af72b94) Importer(815301076,1909f56bfc062723c751e8b465ee728b)
Start importing Assets/Architecture & Environment/Area specfic architecture/Forgotten Crossroads/Ancestral Mound/wd_floor_02_0001_Layer-1.png using Guid(5503b095181ad85419c48b803af72b94) Importer(815301076,1909f56bfc062723c751e8b465ee728b)  -> (artifact id: 'eba197363313fc5c865240a56f4d5c77') in 0.011242 seconds
Number of updated asset objects reloaded before import = 0
Number of asset objects unloaded after import = 3
========================================================================
Received Import Request.
  Time since last request: 0.000018 seconds.
  path: Assets/Architecture & Environment/Area specfic architecture/Forgotten Crossroads/Ancestral Mound/wd_floor_01.png
  artifactKey: Guid(af8465bf6f1bc934c9bc40959fa48669) Importer(815301076,1909f56bfc062723c751e8b465ee728b)
Start importing Assets/Architecture & Environment/Area specfic architecture/Forgotten Crossroads/Ancestral Mound/wd_floor_01.png using Guid(af8465bf6f1bc934c9bc40959fa48669) Importer(815301076,1909f56bfc062723c751e8b465ee728b)  -> (artifact id: 'c884f38f5d6bb7b15ac7e0efc60a6f48') in 0.017732 seconds
Number of updated asset objects reloaded before import = 0
Number of asset objects unloaded after import = 3
========================================================================
Received Import Request.
  Time since last request: 0.000022 seconds.
  path: Assets/Architecture & Environment/Area specfic architecture/King_s Pass/tut_land_floor_0003_01.png
  artifactKey: Guid(849bd1456b738724798aae943ed91c40) Importer(815301076,1909f56bfc062723c751e8b465ee728b)
Start importing Assets/Architecture & Environment/Area specfic architecture/King_s Pass/tut_land_floor_0003_01.png using Guid(849bd1456b738724798aae943ed91c40) Importer(815301076,1909f56bfc062723c751e8b465ee728b)  -> (artifact id: 'd191f81b0798543efb0c39bc6d602a66') in 0.014714 seconds
Number of updated asset objects reloaded before import = 0
Number of asset objects unloaded after import = 3
========================================================================
Received Import Request.
  Time since last request: 0.000019 seconds.
  path: Assets/Architecture & Environment/Area specfic architecture/Forgotten Crossroads/Ancestral Mound/wd_floor_01_0001_Layer-0.png
  artifactKey: Guid(53f8c044130eb59419c94275abe3688a) Importer(815301076,1909f56bfc062723c751e8b465ee728b)
Start importing Assets/Architecture & Environment/Area specfic architecture/Forgotten Crossroads/Ancestral Mound/wd_floor_01_0001_Layer-0.png using Guid(53f8c044130eb59419c94275abe3688a) Importer(815301076,1909f56bfc062723c751e8b465ee728b)  -> (artifact id: '2167e8f9c08615f3170eb1895f9ac35d') in 0.020999 seconds
Number of updated asset objects reloaded before import = 0
Number of asset objects unloaded after import = 3
========================================================================
Received Import Request.
  Time since last request: 0.000029 seconds.
  path: Assets/Architecture & Environment/Area specfic architecture/King_s Pass/tut_land_floor_0000_04.png
  artifactKey: Guid(d3869246061e25643b77cd77640f5204) Importer(815301076,1909f56bfc062723c751e8b465ee728b)
Start importing Assets/Architecture & Environment/Area specfic architecture/King_s Pass/tut_land_floor_0000_04.png using Guid(d3869246061e25643b77cd77640f5204) Importer(815301076,1909f56bfc062723c751e8b465ee728b)  -> (artifact id: '1bcf42dd365ba00b0a06c58f3bd3aab4') in 0.009025 seconds
Number of updated asset objects reloaded before import = 0
Number of asset objects unloaded after import = 3
========================================================================
Received Import Request.
  Time since last request: 0.181300 seconds.
  path: Assets/Architecture & Environment/Area specfic architecture/Forgotten Crossroads/Ancestral Mound/wd_floor_03_0000_Layer-1.png
  artifactKey: Guid(859531c45a69611428d2dc97fa8e75c6) Importer(815301076,1909f56bfc062723c751e8b465ee728b)
Start importing Assets/Architecture & Environment/Area specfic architecture/Forgotten Crossroads/Ancestral Mound/wd_floor_03_0000_Layer-1.png using Guid(859531c45a69611428d2dc97fa8e75c6) Importer(815301076,1909f56bfc062723c751e8b465ee728b)  -> (artifact id: '3334bb987608dac3645b6fcbc9ebd3dc') in 0.015464 seconds
Number of updated asset objects reloaded before import = 0
Number of asset objects unloaded after import = 3
========================================================================
Received Import Request.
  Time since last request: 0.000022 seconds.
  path: Assets/Architecture & Environment/Area specfic architecture/Forgotten Crossroads/Ancestral Mound/wd_floor_03_0002_Layer-2.png
  artifactKey: Guid(e60d32d6bb4fe604c9f990bf7a2c4f0a) Importer(815301076,1909f56bfc062723c751e8b465ee728b)
Start importing Assets/Architecture & Environment/Area specfic architecture/Forgotten Crossroads/Ancestral Mound/wd_floor_03_0002_Layer-2.png using Guid(e60d32d6bb4fe604c9f990bf7a2c4f0a) Importer(815301076,1909f56bfc062723c751e8b465ee728b)  -> (artifact id: 'bfe77c0ad7687eac6a8be3aa2d92980d') in 0.020036 seconds
Number of updated asset objects reloaded before import = 0
Number of asset objects unloaded after import = 3
========================================================================
Received Import Request.
  Time since last request: 0.000030 seconds.
  path: Assets/Resources/Environments/Area specfic architecture/Forgotten Crossroads/Ancestral Mound/wd_floor_03_0002_Layer-2.png
  artifactKey: Guid(ba4e9ff365d05dc469bbd08da496fcb1) Importer(815301076,1909f56bfc062723c751e8b465ee728b)
Start importing Assets/Resources/Environments/Area specfic architecture/Forgotten Crossroads/Ancestral Mound/wd_floor_03_0002_Layer-2.png using Guid(ba4e9ff365d05dc469bbd08da496fcb1) Importer(815301076,1909f56bfc062723c751e8b465ee728b)  -> (artifact id: 'e121d5ab0605c5ccce107794ebb0b3c4') in 0.012032 seconds
Number of updated asset objects reloaded before import = 0
Number of asset objects unloaded after import = 3
========================================================================
Received Import Request.
  Time since last request: 0.031289 seconds.
  path: Assets/Resources/Environments/Area specfic architecture/White Palace/White_Palace_workshop_floor_0000_1.png
  artifactKey: Guid(b7c12af30bc34f6458f5530a89ed71d8) Importer(815301076,1909f56bfc062723c751e8b465ee728b)
Start importing Assets/Resources/Environments/Area specfic architecture/White Palace/White_Palace_workshop_floor_0000_1.png using Guid(b7c12af30bc34f6458f5530a89ed71d8) Importer(815301076,1909f56bfc062723c751e8b465ee728b)  -> (artifact id: 'a2710b1dd15bdbb4da39b82c97842418') in 0.014266 seconds
Number of updated asset objects reloaded before import = 0
Number of asset objects unloaded after import = 3
========================================================================
Received Import Request.
  Time since last request: 0.006847 seconds.
  path: Assets/Resources/Environments/Area specfic architecture/White Palace/White_Palace_workshop_floor_0001_2.png
  artifactKey: Guid(c90f400ab2551424998fcc50e1ad3210) Importer(815301076,1909f56bfc062723c751e8b465ee728b)
Start importing Assets/Resources/Environments/Area specfic architecture/White Palace/White_Palace_workshop_floor_0001_2.png using Guid(c90f400ab2551424998fcc50e1ad3210) Importer(815301076,1909f56bfc062723c751e8b465ee728b)  -> (artifact id: 'da21dfb3d178ea292d37cb343aef9861') in 0.020165 seconds
Number of updated asset objects reloaded before import = 0
Number of asset objects unloaded after import = 3
========================================================================
Received Import Request.
  Time since last request: 805.212688 seconds.
  path: Assets/Architecture & Environment/Area specfic architecture/Queen_s Gardens/hang_pot_1.png
  artifactKey: Guid(16ffbe4ac1f756f4eb9eb23a1a07acca) Importer(815301076,1909f56bfc062723c751e8b465ee728b)
Start importing Assets/Architecture & Environment/Area specfic architecture/Queen_s Gardens/hang_pot_1.png using Guid(16ffbe4ac1f756f4eb9eb23a1a07acca) Importer(815301076,1909f56bfc062723c751e8b465ee728b)  -> (artifact id: 'be5002f4490ff85df01374589a80bb5a') in 0.034083 seconds
Number of updated asset objects reloaded before import = 0
Number of asset objects unloaded after import = 3
========================================================================
Received Import Request.
  Time since last request: 0.000024 seconds.
  path: Assets/Architecture & Environment/Area specfic architecture/Queen_s Gardens/hang_pot_2.png
  artifactKey: Guid(01e760454bb15a24289609ba877ac0c9) Importer(815301076,1909f56bfc062723c751e8b465ee728b)
Start importing Assets/Architecture & Environment/Area specfic architecture/Queen_s Gardens/hang_pot_2.png using Guid(01e760454bb15a24289609ba877ac0c9) Importer(815301076,1909f56bfc062723c751e8b465ee728b)  -> (artifact id: '46a7f1cddfb06d8aae7f96c0372842ea') in 0.011945 seconds
Number of updated asset objects reloaded before import = 0
Number of asset objects unloaded after import = 3
========================================================================
Received Import Request.
  Time since last request: 13.163945 seconds.
  path: Assets/Architecture & Environment/Area specfic architecture/Dirtmouth/Grimm Tents/Divine_Room_0001_5.png
  artifactKey: Guid(a8c38927ae1e1f745ac646a61f0f347a) Importer(815301076,1909f56bfc062723c751e8b465ee728b)
Start importing Assets/Architecture & Environment/Area specfic architecture/Dirtmouth/Grimm Tents/Divine_Room_0001_5.png using Guid(a8c38927ae1e1f745ac646a61f0f347a) Importer(815301076,1909f56bfc062723c751e8b465ee728b)  -> (artifact id: '09b9aac5b20d080e30f8ab3f94b4ef6c') in 0.046570 seconds
Number of updated asset objects reloaded before import = 0
Number of asset objects unloaded after import = 3
========================================================================
Received Import Request.
  Time since last request: 0.000025 seconds.
  path: Assets/Resources/Environments/Area specfic architecture/Dirtmouth/Grimm Tents/Divine_Room_0002_4.png
  artifactKey: Guid(e2d99f44f7e7da0478ac6cf060ea56fa) Importer(815301076,1909f56bfc062723c751e8b465ee728b)
Start importing Assets/Resources/Environments/Area specfic architecture/Dirtmouth/Grimm Tents/Divine_Room_0002_4.png using Guid(e2d99f44f7e7da0478ac6cf060ea56fa) Importer(815301076,1909f56bfc062723c751e8b465ee728b)  -> (artifact id: '3de0ebb2d3aaf12d7cb9a5eafd5903d3') in 0.019264 seconds
Number of updated asset objects reloaded before import = 0
Number of asset objects unloaded after import = 3
========================================================================
Received Import Request.
  Time since last request: 0.000027 seconds.
  path: Assets/Resources/Environments/Area specfic architecture/Dirtmouth/Grimm Tents/Divine_Room_0003_3.png
  artifactKey: Guid(66b0b03e8a6c78a4eac2f54494273466) Importer(815301076,1909f56bfc062723c751e8b465ee728b)
Start importing Assets/Resources/Environments/Area specfic architecture/Dirtmouth/Grimm Tents/Divine_Room_0003_3.png using Guid(66b0b03e8a6c78a4eac2f54494273466) Importer(815301076,1909f56bfc062723c751e8b465ee728b)  -> (artifact id: '061a9512fd02a97e617b676bd7f28837') in 0.017365 seconds
Number of updated asset objects reloaded before import = 0
Number of asset objects unloaded after import = 3
========================================================================
Received Import Request.
  Time since last request: 0.000021 seconds.
  path: Assets/Resources/Environments/Area specfic architecture/Dirtmouth/Grimm Tents/Divine_Room_0005_1.png
  artifactKey: Guid(30e57c4cb045d7648bfbba0129935062) Importer(815301076,1909f56bfc062723c751e8b465ee728b)
Start importing Assets/Resources/Environments/Area specfic architecture/Dirtmouth/Grimm Tents/Divine_Room_0005_1.png using Guid(30e57c4cb045d7648bfbba0129935062) Importer(815301076,1909f56bfc062723c751e8b465ee728b)  -> (artifact id: '8ada554eb0a7f28eb5ba619ddd181114') in 0.022048 seconds
Number of updated asset objects reloaded before import = 0
Number of asset objects unloaded after import = 3
========================================================================
Received Import Request.
  Time since last request: 1.221763 seconds.
  path: Assets/Architecture & Environment/Area specfic architecture/Deepnest/d_break_0001_mush_vine_03.png
  artifactKey: Guid(172f6075062541a44973db7881feb149) Importer(815301076,1909f56bfc062723c751e8b465ee728b)
Start importing Assets/Architecture & Environment/Area specfic architecture/Deepnest/d_break_0001_mush_vine_03.png using Guid(172f6075062541a44973db7881feb149) Importer(815301076,1909f56bfc062723c751e8b465ee728b)  -> (artifact id: '36faff1a54256edade1a5e8770d8926d') in 0.018918 seconds
Number of updated asset objects reloaded before import = 0
Number of asset objects unloaded after import = 3
========================================================================
Received Import Request.
  Time since last request: 0.000022 seconds.
  path: Assets/Resources/Environments/Area specfic architecture/Deepnest/d_break_0001_mush_vine_03.png
  artifactKey: Guid(cc98252450302d44a828cf02e6964538) Importer(815301076,1909f56bfc062723c751e8b465ee728b)
Start importing Assets/Resources/Environments/Area specfic architecture/Deepnest/d_break_0001_mush_vine_03.png using Guid(cc98252450302d44a828cf02e6964538) Importer(815301076,1909f56bfc062723c751e8b465ee728b)  -> (artifact id: '93eea4b0c6223d9b47faeecd5f54a8d6') in 0.018563 seconds
Number of updated asset objects reloaded before import = 0
Number of asset objects unloaded after import = 3
========================================================================
Received Import Request.
  Time since last request: 0.000019 seconds.
  path: Assets/Architecture & Environment/Area specfic architecture/Deepnest/d_break_0003_mush_vine_01.png
  artifactKey: Guid(547bd67074152b64e83d645c72f5d4fa) Importer(815301076,1909f56bfc062723c751e8b465ee728b)
Start importing Assets/Architecture & Environment/Area specfic architecture/Deepnest/d_break_0003_mush_vine_01.png using Guid(547bd67074152b64e83d645c72f5d4fa) Importer(815301076,1909f56bfc062723c751e8b465ee728b)  -> (artifact id: '0d320ec687974e33a3203f2669040f0a') in 0.018114 seconds
Number of updated asset objects reloaded before import = 0
Number of asset objects unloaded after import = 3
Editor requested this worker to shutdown with reason: Scaling down because of idle timeout
TcpMessagingSession - receive error: operation aborted. errorcode: 995, details: The I/O operation has been aborted because of either a thread exit or an application request.
AssetImportWorker is now disconnected from the server
Process exiting
Exiting without the bug reporter. Application will terminate with return code 0