Using pre-set license
Built from '2022.3/staging' branch; Version is '2022.3.27f1 (73effa14754f) revision 7598074'; Using compiler version '192829333'; Build Type 'Release'
OS: 'Windows 11  (10.0.26100) 64bit CoreSingleLanguage' Language: 'en' Physical Memory: 15724 MB
BatchMode: 1, IsHumanControllingUs: 0, StartBugReporterOnCrash: 0, Is64bit: 1, IsPro: 1

COMMAND LINE ARGUMENTS:
C:\Program Files\Unity\Hub\Editor\2022.3.27f1\Editor\Unity.exe
-adb2
-batchMode
-noUpm
-name
AssetImportWorker28
-projectPath
D:/Remaster/Hollow-Knight-Remaster/HollowKnightRemaster
-logFile
Logs/AssetImportWorker28.log
-srvPort
54758
Successfully changed project path to: D:/Remaster/Hollow-Knight-Remaster/HollowKnightRemaster
D:/Remaster/Hollow-Knight-Remaster/HollowKnightRemaster
[UnityMemory] Configuration Parameters - Can be set up in boot.config
    "memorysetup-bucket-allocator-granularity=16"
    "memorysetup-bucket-allocator-bucket-count=8"
    "memorysetup-bucket-allocator-block-size=33554432"
    "memorysetup-bucket-allocator-block-count=8"
    "memorysetup-main-allocator-block-size=16777216"
    "memorysetup-thread-allocator-block-size=16777216"
    "memorysetup-gfx-main-allocator-block-size=16777216"
    "memorysetup-gfx-thread-allocator-block-size=16777216"
    "memorysetup-cache-allocator-block-size=4194304"
    "memorysetup-typetree-allocator-block-size=2097152"
    "memorysetup-profiler-bucket-allocator-granularity=16"
    "memorysetup-profiler-bucket-allocator-bucket-count=8"
    "memorysetup-profiler-bucket-allocator-block-size=33554432"
    "memorysetup-profiler-bucket-allocator-block-count=8"
    "memorysetup-profiler-allocator-block-size=16777216"
    "memorysetup-profiler-editor-allocator-block-size=1048576"
    "memorysetup-temp-allocator-size-main=16777216"
    "memorysetup-job-temp-allocator-block-size=2097152"
    "memorysetup-job-temp-allocator-block-size-background=1048576"
    "memorysetup-job-temp-allocator-reduction-small-platforms=262144"
    "memorysetup-allocator-temp-initial-block-size-main=262144"
    "memorysetup-allocator-temp-initial-block-size-worker=262144"
    "memorysetup-temp-allocator-size-background-worker=32768"
    "memorysetup-temp-allocator-size-job-worker=262144"
    "memorysetup-temp-allocator-size-preload-manager=33554432"
    "memorysetup-temp-allocator-size-nav-mesh-worker=65536"
    "memorysetup-temp-allocator-size-audio-worker=65536"
    "memorysetup-temp-allocator-size-cloud-worker=32768"
    "memorysetup-temp-allocator-size-gi-baking-worker=262144"
    "memorysetup-temp-allocator-size-gfx=262144"
Player connection [19720] Host "[IP] 192.168.2.194 [Port] 0 [Flags] 2 [Guid] 2135625653 [EditorId] 2135625653 [Version] 1048832 [Id] WindowsEditor(7,LeiFeng) [Debug] 1 [PackageName] WindowsEditor [ProjectName] Editor" joined multi-casting on [225.0.0.222:54997]...

Player connection [19720] Host "[IP] 192.168.2.194 [Port] 0 [Flags] 2 [Guid] 2135625653 [EditorId] 2135625653 [Version] 1048832 [Id] WindowsEditor(7,LeiFeng) [Debug] 1 [PackageName] WindowsEditor [ProjectName] Editor" joined alternative multi-casting on [225.0.0.222:34997]...

[Physics::Module] Initialized MultithreadedJobDispatcher with 11 workers.
Refreshing native plugins compatible for Editor in 17.20 ms, found 4 plugins.
Preloading 0 native plugins for Editor in 0.00 ms.
Initialize engine version: 2022.3.27f1 (73effa14754f)
[Subsystems] Discovering subsystems at path C:/Program Files/Unity/Hub/Editor/2022.3.27f1/Editor/Data/Resources/UnitySubsystems
[Subsystems] Discovering subsystems at path D:/Remaster/Hollow-Knight-Remaster/HollowKnightRemaster/Assets
GfxDevice: creating device client; threaded=0; jobified=0
Direct3D:
    Version:  Direct3D 11.0 [level 11.1]
    Renderer: NVIDIA GeForce GTX 1650 (ID=0x1f9d)
    Vendor:   NVIDIA
    VRAM:     3937 MB
    Driver:   32.0.15.6636
Initialize mono
Mono path[0] = 'C:/Program Files/Unity/Hub/Editor/2022.3.27f1/Editor/Data/Managed'
Mono path[1] = 'C:/Program Files/Unity/Hub/Editor/2022.3.27f1/Editor/Data/MonoBleedingEdge/lib/mono/unityjit-win32'
Mono config path = 'C:/Program Files/Unity/Hub/Editor/2022.3.27f1/Editor/Data/MonoBleedingEdge/etc'
Using monoOptions --debugger-agent=transport=dt_socket,embedding=1,server=y,suspend=n,address=127.0.0.1:56500
Begin MonoManager ReloadAssembly
Registering precompiled unity dll's ...
Register platform support module: C:/Program Files/Unity/Hub/Editor/2022.3.27f1/Editor/Data/PlaybackEngines/WebGLSupport/UnityEditor.WebGL.Extensions.dll
Register platform support module: C:/Program Files/Unity/Hub/Editor/2022.3.27f1/Editor/Data/PlaybackEngines/WindowsStandaloneSupport/UnityEditor.WindowsStandalone.Extensions.dll
Registered in 0.010171 seconds.
- Loaded All Assemblies, in  0.341 seconds
Native extension for WindowsStandalone target not found
Native extension for WebGL target not found
Mono: successfully reloaded assembly
- Finished resetting the current domain, in  0.254 seconds
Domain Reload Profiling: 593ms
	BeginReloadAssembly (96ms)
		ExecutionOrderSort (0ms)
		DisableScriptedObjects (0ms)
		BackupInstance (0ms)
		ReleaseScriptingObjects (0ms)
		CreateAndSetChildDomain (1ms)
	RebuildCommonClasses (31ms)
	RebuildNativeTypeToScriptingClass (9ms)
	initialDomainReloadingComplete (60ms)
	LoadAllAssembliesAndSetupDomain (143ms)
		LoadAssemblies (94ms)
		RebuildTransferFunctionScriptingTraits (0ms)
		AnalyzeDomain (140ms)
			TypeCache.Refresh (139ms)
				TypeCache.ScanAssembly (126ms)
			ScanForSourceGeneratedMonoScriptInfo (0ms)
			ResolveRequiredComponents (1ms)
	FinalizeReload (255ms)
		ReleaseScriptCaches (0ms)
		RebuildScriptCaches (0ms)
		SetupLoadedEditorAssemblies (199ms)
			LogAssemblyErrors (0ms)
			InitializePlatformSupportModulesInManaged (10ms)
			SetLoadedEditorAssemblies (5ms)
			RefreshPlugins (0ms)
			BeforeProcessingInitializeOnLoad (2ms)
			ProcessInitializeOnLoadAttributes (140ms)
			ProcessInitializeOnLoadMethodAttributes (42ms)
			AfterProcessingInitializeOnLoad (0ms)
			EditorAssembliesLoaded (0ms)
		ExecutionOrderSort2 (0ms)
		AwakeInstancesAfterBackupRestoration (0ms)
========================================================================
Worker process is ready to serve import requests
Begin MonoManager ReloadAssembly
- Loaded All Assemblies, in  0.694 seconds
Refreshing native plugins compatible for Editor in 5.46 ms, found 4 plugins.
Native extension for WindowsStandalone target not found
Native extension for WebGL target not found
Package Manager log level set to [2]
[Package Manager] Server::EnsureServerProcessIsRunning -- launch failed, reason: Unity was launched with the -noUpm command-line argument
[Package Manager] UpmClient::Send -- Unable to send message (not connected to UPM process).
[Package Manager] Cannot connect to Unity Package Manager local server
Mono: successfully reloaded assembly
- Finished resetting the current domain, in  0.780 seconds
Domain Reload Profiling: 1471ms
	BeginReloadAssembly (142ms)
		ExecutionOrderSort (0ms)
		DisableScriptedObjects (6ms)
		BackupInstance (0ms)
		ReleaseScriptingObjects (0ms)
		CreateAndSetChildDomain (21ms)
	RebuildCommonClasses (32ms)
	RebuildNativeTypeToScriptingClass (10ms)
	initialDomainReloadingComplete (44ms)
	LoadAllAssembliesAndSetupDomain (463ms)
		LoadAssemblies (330ms)
		RebuildTransferFunctionScriptingTraits (0ms)
		AnalyzeDomain (214ms)
			TypeCache.Refresh (173ms)
				TypeCache.ScanAssembly (157ms)
			ScanForSourceGeneratedMonoScriptInfo (27ms)
			ResolveRequiredComponents (13ms)
	FinalizeReload (780ms)
		ReleaseScriptCaches (0ms)
		RebuildScriptCaches (0ms)
		SetupLoadedEditorAssemblies (621ms)
			LogAssemblyErrors (0ms)
			InitializePlatformSupportModulesInManaged (8ms)
			SetLoadedEditorAssemblies (5ms)
			RefreshPlugins (0ms)
			BeforeProcessingInitializeOnLoad (86ms)
			ProcessInitializeOnLoadAttributes (442ms)
			ProcessInitializeOnLoadMethodAttributes (72ms)
			AfterProcessingInitializeOnLoad (9ms)
			EditorAssembliesLoaded (0ms)
		ExecutionOrderSort2 (0ms)
		AwakeInstancesAfterBackupRestoration (6ms)
Launched and connected shader compiler UnityShaderCompiler.exe after 0.05 seconds
Refreshing native plugins compatible for Editor in 5.43 ms, found 4 plugins.
Preloading 0 native plugins for Editor in 0.00 ms.
Unloading 6027 Unused Serialized files (Serialized files now loaded: 0)
Unloading 97 unused Assets / (0.8 MB). Loaded Objects now: 6488.
Memory consumption went from 232.0 MB to 231.2 MB.
Total: 3.901900 ms (FindLiveObjects: 0.398800 ms CreateObjectMapping: 0.182400 ms MarkObjects: 2.942000 ms  DeleteObjects: 0.378000 ms)

AssetImportParameters requested are different than current active one (requested -> active):
  custom:container-demuxer-ogg: 62fdf1f143b41e24485cea50d1cbac27 -> 
  custom:video-codec-MediaFoundation-h265: 746d11721c4dcdbdad8f713fa42b33f4 -> 
  custom:video-decoder-ogg-theora: a1e56fd34408186e4bbccfd4996cb3dc -> 
  custom:framework-win-MediaFoundation: 216162199b28c13a410421893ffa2e32 -> 
  custom:CustomObjectIndexerAttribute: 72b91833f83ae208fae7752999fa3104 -> 
  custom:container-demuxer-webm: 4f35f7cbe854078d1ac9338744f61a02 -> 
  custom:container-muxer-webm: aa71ff27fc2769a1b78a27578f13a17b -> 
  custom:video-decoder-webm-vp8: 9c59270c3fd7afecdb556c50c9e8de78 -> 
  custom:SearchIndexIgnoredProperties: e643bd26f0fe6173181afceb89e7c659 -> 
  custom:AudioImporter_EditorPlatform: d09bf68614088b80899f8185d706f6e7 -> 
  custom:video-encoder-webm-vp8: eb34c28f22e8b96e1ab97ce403110664 -> 
  custom:audio-decoder-ogg-vorbis: bf7c407c2cedff20999df2af8eb42d56 -> 
  custom:audio-encoder-webm-vorbis: bf7c407c2cedff20999df2af8eb42d56 -> 
========================================================================
Received Import Request.
  Time since last request: 98002.319178 seconds.
  path: Assets/Resources/Environments/Area specfic architecture/Abyss/_0001_abyss_plat3.png
  artifactKey: Guid(4397240c54805d543ba7080383a9ebfb) Importer(815301076,1909f56bfc062723c751e8b465ee728b)
Start importing Assets/Resources/Environments/Area specfic architecture/Abyss/_0001_abyss_plat3.png using Guid(4397240c54805d543ba7080383a9ebfb) Importer(815301076,1909f56bfc062723c751e8b465ee728b)  -> (artifact id: '4200c737e05629fc5fb2c234cc6d4df1') in 0.099547 seconds
Number of updated asset objects reloaded before import = 0
Number of asset objects unloaded after import = 3
========================================================================
Received Import Request.
  Time since last request: 0.000023 seconds.
  path: Assets/Architecture & Environment/Area specfic architecture/Resting Grounds/Blue lake/_0004_blue_shell1.png
  artifactKey: Guid(c4c2db28070e10f459f820683b534319) Importer(815301076,1909f56bfc062723c751e8b465ee728b)
Start importing Assets/Architecture & Environment/Area specfic architecture/Resting Grounds/Blue lake/_0004_blue_shell1.png using Guid(c4c2db28070e10f459f820683b534319) Importer(815301076,1909f56bfc062723c751e8b465ee728b)  -> (artifact id: '226e9b1948bb5461ebf343d4de5f4e25') in 0.016636 seconds
Number of updated asset objects reloaded before import = 0
Number of asset objects unloaded after import = 3
========================================================================
Received Import Request.
  Time since last request: 0.000023 seconds.
  path: Assets/Resources/Environments/Area specfic architecture/Abyss/_0003_abyss_plat1.png
  artifactKey: Guid(d83562260db2a454ca3c951d362b3fb7) Importer(815301076,1909f56bfc062723c751e8b465ee728b)
Start importing Assets/Resources/Environments/Area specfic architecture/Abyss/_0003_abyss_plat1.png using Guid(d83562260db2a454ca3c951d362b3fb7) Importer(815301076,1909f56bfc062723c751e8b465ee728b)  -> (artifact id: '2888e52460974e4e573975ea133f85de') in 0.022236 seconds
Number of updated asset objects reloaded before import = 0
Number of asset objects unloaded after import = 3
========================================================================
Received Import Request.
  Time since last request: 0.000030 seconds.
  path: Assets/Architecture & Environment/Area specfic architecture/Deepnest/Weaver_s Den/_0005_loom_break5.png
  artifactKey: Guid(83bbcc146080b0d48b700a9ff3fc7132) Importer(815301076,1909f56bfc062723c751e8b465ee728b)
Start importing Assets/Architecture & Environment/Area specfic architecture/Deepnest/Weaver_s Den/_0005_loom_break5.png using Guid(83bbcc146080b0d48b700a9ff3fc7132) Importer(815301076,1909f56bfc062723c751e8b465ee728b)  -> (artifact id: '6e98caeef8e5f00df2666559841f4d58') in 0.027764 seconds
Number of updated asset objects reloaded before import = 0
Number of asset objects unloaded after import = 3
========================================================================
Received Import Request.
  Time since last request: 0.000027 seconds.
  path: Assets/Resources/Environments/Area specfic architecture/Deepnest/Weaver_s Den/_0004_loom_break4.png
  artifactKey: Guid(24c6f6c514aa6dd459adf910aa154861) Importer(815301076,1909f56bfc062723c751e8b465ee728b)
Start importing Assets/Resources/Environments/Area specfic architecture/Deepnest/Weaver_s Den/_0004_loom_break4.png using Guid(24c6f6c514aa6dd459adf910aa154861) Importer(815301076,1909f56bfc062723c751e8b465ee728b)  -> (artifact id: '6fe7bc48c864a4c324a47ae57adc9bb3') in 0.021140 seconds
Number of updated asset objects reloaded before import = 0
Number of asset objects unloaded after import = 3
========================================================================
Received Import Request.
  Time since last request: 0.000036 seconds.
  path: Assets/Resources/Environments/Area specfic architecture/Deepnest/Weaver_s Den/_0003_loom_break3.png
  artifactKey: Guid(b27aa8988982de645a7d2b9cdd9574d7) Importer(815301076,1909f56bfc062723c751e8b465ee728b)
Start importing Assets/Resources/Environments/Area specfic architecture/Deepnest/Weaver_s Den/_0003_loom_break3.png using Guid(b27aa8988982de645a7d2b9cdd9574d7) Importer(815301076,1909f56bfc062723c751e8b465ee728b)  -> (artifact id: '70845efddd6c09894e09dfce80a8be31') in 0.025412 seconds
Number of updated asset objects reloaded before import = 0
Number of asset objects unloaded after import = 3
========================================================================
Received Import Request.
  Time since last request: 0.000044 seconds.
  path: Assets/Resources/Environments/Area specfic architecture/Resting Grounds/Blue lake/_0002_blue_shell1.png
  artifactKey: Guid(2e8f288c794f7554989059d529e26cae) Importer(815301076,1909f56bfc062723c751e8b465ee728b)
Start importing Assets/Resources/Environments/Area specfic architecture/Resting Grounds/Blue lake/_0002_blue_shell1.png using Guid(2e8f288c794f7554989059d529e26cae) Importer(815301076,1909f56bfc062723c751e8b465ee728b)  -> (artifact id: '37c7e413e170362b3c7aed61ce4fe49f') in 0.025856 seconds
Number of updated asset objects reloaded before import = 0
Number of asset objects unloaded after import = 3
========================================================================
Received Import Request.
  Time since last request: 0.000042 seconds.
  path: Assets/Resources/Environments/Area specfic architecture/Deepnest/Weaver_s Den/_0001_loom_break1.png
  artifactKey: Guid(4bc4c5cf15588a245b1a59e5b8a33136) Importer(815301076,1909f56bfc062723c751e8b465ee728b)
Start importing Assets/Resources/Environments/Area specfic architecture/Deepnest/Weaver_s Den/_0001_loom_break1.png using Guid(4bc4c5cf15588a245b1a59e5b8a33136) Importer(815301076,1909f56bfc062723c751e8b465ee728b)  -> (artifact id: '6958d4ca6ac69213f82012d42b90d21a') in 0.023751 seconds
Number of updated asset objects reloaded before import = 0
Number of asset objects unloaded after import = 3
========================================================================
Received Import Request.
  Time since last request: 0.000023 seconds.
  path: Assets/Resources/Environments/Area specfic architecture/Resting Grounds/Blue lake/_0006_blue_shell1.png
  artifactKey: Guid(e1eea54b8aba42c48901736db2b1f06b) Importer(815301076,1909f56bfc062723c751e8b465ee728b)
Start importing Assets/Resources/Environments/Area specfic architecture/Resting Grounds/Blue lake/_0006_blue_shell1.png using Guid(e1eea54b8aba42c48901736db2b1f06b) Importer(815301076,1909f56bfc062723c751e8b465ee728b)  -> (artifact id: '9faff323dd38a59d0521e71bafb05a11') in 0.032260 seconds
Number of updated asset objects reloaded before import = 0
Number of asset objects unloaded after import = 3
========================================================================
Received Import Request.
  Time since last request: 0.000020 seconds.
  path: Assets/Architecture & Environment/Area specfic architecture/Resting Grounds/Blue lake/_0002_blue_shell1.png
  artifactKey: Guid(210005e9dd8def942abfd13cbce6db09) Importer(815301076,1909f56bfc062723c751e8b465ee728b)
Start importing Assets/Architecture & Environment/Area specfic architecture/Resting Grounds/Blue lake/_0002_blue_shell1.png using Guid(210005e9dd8def942abfd13cbce6db09) Importer(815301076,1909f56bfc062723c751e8b465ee728b)  -> (artifact id: 'd1f50a16a50d5613cc1e66651527b803') in 0.026438 seconds
Number of updated asset objects reloaded before import = 0
Number of asset objects unloaded after import = 3
========================================================================
Received Import Request.
  Time since last request: 0.000034 seconds.
  path: Assets/Architecture & Environment/Area specfic architecture/Deepnest/Weaver_s Den/_0003_loom_break3.png
  artifactKey: Guid(8fa729a681b615141bb022110b761377) Importer(815301076,1909f56bfc062723c751e8b465ee728b)
Start importing Assets/Architecture & Environment/Area specfic architecture/Deepnest/Weaver_s Den/_0003_loom_break3.png using Guid(8fa729a681b615141bb022110b761377) Importer(815301076,1909f56bfc062723c751e8b465ee728b)  -> (artifact id: '449d796064effc9e8054f3f096ff7a47') in 0.009883 seconds
Number of updated asset objects reloaded before import = 0
Number of asset objects unloaded after import = 3
========================================================================
Received Import Request.
  Time since last request: 0.000027 seconds.
  path: Assets/Architecture & Environment/Area specfic architecture/Resting Grounds/Blue lake/_0006_blue_shell1.png
  artifactKey: Guid(2fa099a946fa13741987943c53cec3bb) Importer(815301076,1909f56bfc062723c751e8b465ee728b)
Start importing Assets/Architecture & Environment/Area specfic architecture/Resting Grounds/Blue lake/_0006_blue_shell1.png using Guid(2fa099a946fa13741987943c53cec3bb) Importer(815301076,1909f56bfc062723c751e8b465ee728b)  -> (artifact id: '57a7ea449f4e00a99c2e5df1f93a2818') in 0.022489 seconds
Number of updated asset objects reloaded before import = 0
Number of asset objects unloaded after import = 3
========================================================================
Received Import Request.
  Time since last request: 0.012088 seconds.
  path: Assets/Architecture & Environment/Area specfic architecture/City of Tears/big_ring.png
  artifactKey: Guid(c8162e9ae85b98e4fa1ab6db5c221323) Importer(815301076,1909f56bfc062723c751e8b465ee728b)
Start importing Assets/Architecture & Environment/Area specfic architecture/City of Tears/big_ring.png using Guid(c8162e9ae85b98e4fa1ab6db5c221323) Importer(815301076,1909f56bfc062723c751e8b465ee728b)  -> (artifact id: '5420134601fb32052a76750c726ecfcf') in 0.045817 seconds
Number of updated asset objects reloaded before import = 0
Number of asset objects unloaded after import = 3
========================================================================
Received Import Request.
  Time since last request: 0.000026 seconds.
  path: Assets/Architecture & Environment/Area specfic architecture/Abyss/Lifeblood room/blue_door_0010_blue_roots_big.png
  artifactKey: Guid(2d180a5f3c688f84b856ec0855690e0a) Importer(815301076,1909f56bfc062723c751e8b465ee728b)
Start importing Assets/Architecture & Environment/Area specfic architecture/Abyss/Lifeblood room/blue_door_0010_blue_roots_big.png using Guid(2d180a5f3c688f84b856ec0855690e0a) Importer(815301076,1909f56bfc062723c751e8b465ee728b)  -> (artifact id: '7ff4e49d4fa758e211b1506c09579dd9') in 0.025607 seconds
Number of updated asset objects reloaded before import = 0
Number of asset objects unloaded after import = 3
========================================================================
Received Import Request.
  Time since last request: 0.015852 seconds.
  path: Assets/Resources/Environments/Area specfic architecture/Godhome/GG_big_door_part.png
  artifactKey: Guid(f3473da31a5ed4b4bb9642c27768ae53) Importer(815301076,1909f56bfc062723c751e8b465ee728b)
Start importing Assets/Resources/Environments/Area specfic architecture/Godhome/GG_big_door_part.png using Guid(f3473da31a5ed4b4bb9642c27768ae53) Importer(815301076,1909f56bfc062723c751e8b465ee728b)  -> (artifact id: 'cd0868ae47998014ea8d95d166b201ca') in 0.036399 seconds
Number of updated asset objects reloaded before import = 0
Number of asset objects unloaded after import = 3
========================================================================
Received Import Request.
  Time since last request: 0.000020 seconds.
  path: Assets/Architecture & Environment/Area specfic architecture/Godhome/gg_blue_room_big_root_02.png
  artifactKey: Guid(7facad57b0fdd9946b0121735038c28f) Importer(815301076,1909f56bfc062723c751e8b465ee728b)
Start importing Assets/Architecture & Environment/Area specfic architecture/Godhome/gg_blue_room_big_root_02.png using Guid(7facad57b0fdd9946b0121735038c28f) Importer(815301076,1909f56bfc062723c751e8b465ee728b)  -> (artifact id: '830598386fcb52a6e7836aade76ddeb2') in 0.024527 seconds
Number of updated asset objects reloaded before import = 0
Number of asset objects unloaded after import = 3
========================================================================
Received Import Request.
  Time since last request: 0.000022 seconds.
  path: Assets/Architecture & Environment/Area specfic architecture/Godhome/Boss locks and bindings/gg_lock_symb__0015_big_bee.png
  artifactKey: Guid(f569cb4151023a341a50b24d44fda60a) Importer(815301076,1909f56bfc062723c751e8b465ee728b)
Start importing Assets/Architecture & Environment/Area specfic architecture/Godhome/Boss locks and bindings/gg_lock_symb__0015_big_bee.png using Guid(f569cb4151023a341a50b24d44fda60a) Importer(815301076,1909f56bfc062723c751e8b465ee728b)  -> (artifact id: '84e2578defb0f1576faa16a04c9eba41') in 0.025932 seconds
Number of updated asset objects reloaded before import = 0
Number of asset objects unloaded after import = 3
========================================================================
Received Import Request.
  Time since last request: 0.000025 seconds.
  path: Assets/Architecture & Environment/Area specfic architecture/Godhome/GG_big_door_part_small.png
  artifactKey: Guid(ff9b6a06dd54e9247955bdfe61993c1d) Importer(815301076,1909f56bfc062723c751e8b465ee728b)
Start importing Assets/Architecture & Environment/Area specfic architecture/Godhome/GG_big_door_part_small.png using Guid(ff9b6a06dd54e9247955bdfe61993c1d) Importer(815301076,1909f56bfc062723c751e8b465ee728b)  -> (artifact id: '31df981b1d73d70653cc467ccbfacfd2') in 0.027099 seconds
Number of updated asset objects reloaded before import = 0
Number of asset objects unloaded after import = 3
========================================================================
Received Import Request.
  Time since last request: 0.000035 seconds.
  path: Assets/Resources/Environments/Area specfic architecture/Godhome/GG_big_door_part_small.png
  artifactKey: Guid(1c68c2a6eb323eb4fb7d0c8702d3d895) Importer(815301076,1909f56bfc062723c751e8b465ee728b)
Start importing Assets/Resources/Environments/Area specfic architecture/Godhome/GG_big_door_part_small.png using Guid(1c68c2a6eb323eb4fb7d0c8702d3d895) Importer(815301076,1909f56bfc062723c751e8b465ee728b)  -> (artifact id: 'a48c8b46d85cd2ffd276d20974a071d1') in 0.025222 seconds
Number of updated asset objects reloaded before import = 0
Number of asset objects unloaded after import = 3
========================================================================
Received Import Request.
  Time since last request: 0.000030 seconds.
  path: Assets/Architecture & Environment/Area specfic architecture/Godhome/Boss locks and bindings/GG_lock_big.png
  artifactKey: Guid(e2f963da25afde84b973bf2bb3fbca46) Importer(815301076,1909f56bfc062723c751e8b465ee728b)
Start importing Assets/Architecture & Environment/Area specfic architecture/Godhome/Boss locks and bindings/GG_lock_big.png using Guid(e2f963da25afde84b973bf2bb3fbca46) Importer(815301076,1909f56bfc062723c751e8b465ee728b)  -> (artifact id: 'f79346864a715a37e218eb3b7f6c306e') in 0.030341 seconds
Number of updated asset objects reloaded before import = 0
Number of asset objects unloaded after import = 3
========================================================================
Received Import Request.
  Time since last request: 0.000040 seconds.
  path: Assets/Architecture & Environment/Area specfic architecture/Godhome/gg_blue_room_big_root_01.png
  artifactKey: Guid(ba027232c05505746a9bfc30edfafed2) Importer(815301076,1909f56bfc062723c751e8b465ee728b)
Start importing Assets/Architecture & Environment/Area specfic architecture/Godhome/gg_blue_room_big_root_01.png using Guid(ba027232c05505746a9bfc30edfafed2) Importer(815301076,1909f56bfc062723c751e8b465ee728b)  -> (artifact id: '738afa6fd08366428ef1d4d6ffe2b90e') in 0.028807 seconds
Number of updated asset objects reloaded before import = 0
Number of asset objects unloaded after import = 3
========================================================================
Received Import Request.
  Time since last request: 0.000025 seconds.
  path: Assets/Resources/Environments/Area specfic architecture/Godhome/gg_blue_room_big_root_02.png
  artifactKey: Guid(3e1629a0e62762144b44e5954441206f) Importer(815301076,1909f56bfc062723c751e8b465ee728b)
Start importing Assets/Resources/Environments/Area specfic architecture/Godhome/gg_blue_room_big_root_02.png using Guid(3e1629a0e62762144b44e5954441206f) Importer(815301076,1909f56bfc062723c751e8b465ee728b)  -> (artifact id: '892261ca8c1206a1cab3d4cca575f325') in 0.021710 seconds
Number of updated asset objects reloaded before import = 0
Number of asset objects unloaded after import = 3
========================================================================
Received Prepare
Begin MonoManager ReloadAssembly
- Loaded All Assemblies, in  0.912 seconds
Refreshing native plugins compatible for Editor in 6.70 ms, found 4 plugins.
Native extension for WindowsStandalone target not found
Native extension for WebGL target not found
[Package Manager] Server::EnsureServerProcessIsRunning -- launch failed, reason: Unity was launched with the -noUpm command-line argument
[Package Manager] UpmClient::Send -- Unable to send message (not connected to UPM process).
[Package Manager] Cannot connect to Unity Package Manager local server
Mono: successfully reloaded assembly
- Finished resetting the current domain, in  3.173 seconds
Domain Reload Profiling: 4080ms
	BeginReloadAssembly (287ms)
		ExecutionOrderSort (0ms)
		DisableScriptedObjects (22ms)
		BackupInstance (0ms)
		ReleaseScriptingObjects (0ms)
		CreateAndSetChildDomain (99ms)
	RebuildCommonClasses (38ms)
	RebuildNativeTypeToScriptingClass (10ms)
	initialDomainReloadingComplete (44ms)
	LoadAllAssembliesAndSetupDomain (527ms)
		LoadAssemblies (574ms)
		RebuildTransferFunctionScriptingTraits (0ms)
		AnalyzeDomain (68ms)
			TypeCache.Refresh (17ms)
				TypeCache.ScanAssembly (1ms)
			ScanForSourceGeneratedMonoScriptInfo (36ms)
			ResolveRequiredComponents (14ms)
	FinalizeReload (3174ms)
		ReleaseScriptCaches (0ms)
		RebuildScriptCaches (0ms)
		SetupLoadedEditorAssemblies (649ms)
			LogAssemblyErrors (0ms)
			InitializePlatformSupportModulesInManaged (15ms)
			SetLoadedEditorAssemblies (12ms)
			RefreshPlugins (0ms)
			BeforeProcessingInitializeOnLoad (126ms)
			ProcessInitializeOnLoadAttributes (410ms)
			ProcessInitializeOnLoadMethodAttributes (73ms)
			AfterProcessingInitializeOnLoad (13ms)
			EditorAssembliesLoaded (0ms)
		ExecutionOrderSort2 (0ms)
		AwakeInstancesAfterBackupRestoration (14ms)
Refreshing native plugins compatible for Editor in 9.13 ms, found 4 plugins.
Preloading 0 native plugins for Editor in 0.00 ms.
Unloading 5963 Unused Serialized files (Serialized files now loaded: 0)
Unloading 58 unused Assets / (0.9 MB). Loaded Objects now: 6565.
Memory consumption went from 211.9 MB to 211.0 MB.
Total: 9.931300 ms (FindLiveObjects: 0.990900 ms CreateObjectMapping: 0.409100 ms MarkObjects: 7.679500 ms  DeleteObjects: 0.849700 ms)

Prepare: number of updated asset objects reloaded= 0
AssetImportParameters requested are different than current active one (requested -> active):
  custom:container-demuxer-ogg: 62fdf1f143b41e24485cea50d1cbac27 -> 
  custom:video-codec-MediaFoundation-h265: 746d11721c4dcdbdad8f713fa42b33f4 -> 
  custom:video-decoder-ogg-theora: a1e56fd34408186e4bbccfd4996cb3dc -> 
  custom:framework-win-MediaFoundation: 216162199b28c13a410421893ffa2e32 -> 
  custom:CustomObjectIndexerAttribute: 72b91833f83ae208fae7752999fa3104 -> 
  custom:container-demuxer-webm: 4f35f7cbe854078d1ac9338744f61a02 -> 
  custom:container-muxer-webm: aa71ff27fc2769a1b78a27578f13a17b -> 
  custom:video-decoder-webm-vp8: 9c59270c3fd7afecdb556c50c9e8de78 -> 
  custom:SearchIndexIgnoredProperties: e643bd26f0fe6173181afceb89e7c659 -> 
  custom:AudioImporter_EditorPlatform: d09bf68614088b80899f8185d706f6e7 -> 
  custom:video-encoder-webm-vp8: eb34c28f22e8b96e1ab97ce403110664 -> 
  custom:audio-decoder-ogg-vorbis: bf7c407c2cedff20999df2af8eb42d56 -> 
  custom:audio-encoder-webm-vorbis: bf7c407c2cedff20999df2af8eb42d56 -> 
========================================================================
Received Import Request.
  Time since last request: 2257.222170 seconds.
  path: Assets/Le Tai's Asset/TranslucentImage/Demo/Materials/Floor.mat
  artifactKey: Guid(8099364d5dd8047418473f6849967340) Importer(815301076,1909f56bfc062723c751e8b465ee728b)
Start importing Assets/Le Tai's Asset/TranslucentImage/Demo/Materials/Floor.mat using Guid(8099364d5dd8047418473f6849967340) Importer(815301076,1909f56bfc062723c751e8b465ee728b)  -> (artifact id: 'b7176467695c8d323ca0b476794f5fde') in 0.236162 seconds
Number of updated asset objects reloaded before import = 0
Number of asset objects unloaded after import = 1
========================================================================
Received Import Request.
  Time since last request: 0.000033 seconds.
  path: Assets/Le Tai's Asset/TranslucentImage/Demo/Materials/Sample Translucent Image Material.mat
  artifactKey: Guid(c2ae023f660897345b83aa89fde35638) Importer(815301076,1909f56bfc062723c751e8b465ee728b)
Start importing Assets/Le Tai's Asset/TranslucentImage/Demo/Materials/Sample Translucent Image Material.mat using Guid(c2ae023f660897345b83aa89fde35638) Importer(815301076,1909f56bfc062723c751e8b465ee728b)  -> (artifact id: '8be80f6d5967c6d21247ecfa5032b36f') in 0.059190 seconds
Number of updated asset objects reloaded before import = 0
Number of asset objects unloaded after import = 2
========================================================================
Received Import Request.
  Time since last request: 0.000029 seconds.
  path: Assets/Le Tai's Asset/TranslucentImage/Demo/Materials/Green.mat
  artifactKey: Guid(3e131326f41ac494b9275d78e6614b80) Importer(815301076,1909f56bfc062723c751e8b465ee728b)
Start importing Assets/Le Tai's Asset/TranslucentImage/Demo/Materials/Green.mat using Guid(3e131326f41ac494b9275d78e6614b80) Importer(815301076,1909f56bfc062723c751e8b465ee728b)  -> (artifact id: '8ca8a154ca4f0cd201607cb8e34a73a4') in 0.016147 seconds
Number of updated asset objects reloaded before import = 0
Number of asset objects unloaded after import = 1
========================================================================
Received Import Request.
  Time since last request: 0.000025 seconds.
  path: Assets/Le Tai's Asset/TranslucentImage/Demo/Materials/TI_Bottom Sheet.mat
  artifactKey: Guid(f7b51a5edc758c549b4ddca22e6fb75a) Importer(815301076,1909f56bfc062723c751e8b465ee728b)
Start importing Assets/Le Tai's Asset/TranslucentImage/Demo/Materials/TI_Bottom Sheet.mat using Guid(f7b51a5edc758c549b4ddca22e6fb75a) Importer(815301076,1909f56bfc062723c751e8b465ee728b)  -> (artifact id: 'ed5f323ff3732bf54b92c062f2fc8dfd') in 0.007873 seconds
Number of updated asset objects reloaded before import = 0
Number of asset objects unloaded after import = 2
========================================================================
Received Import Request.
  Time since last request: 15.783581 seconds.
  path: Assets/Le Tai's Asset/TranslucentImage/Demo/Textures/Knob.psd
  artifactKey: Guid(0c924247cc3de7341997cdc5add5ebf5) Importer(815301076,1909f56bfc062723c751e8b465ee728b)
Start importing Assets/Le Tai's Asset/TranslucentImage/Demo/Textures/Knob.psd using Guid(0c924247cc3de7341997cdc5add5ebf5) Importer(815301076,1909f56bfc062723c751e8b465ee728b)  -> (artifact id: 'f3587e547cf99b83e896b4de7da4825c') in 0.025972 seconds
Number of updated asset objects reloaded before import = 0
Number of asset objects unloaded after import = 2
========================================================================
Received Import Request.
  Time since last request: 0.000025 seconds.
  path: Assets/Le Tai's Asset/TranslucentImage/Demo/Textures/Steam.psd
  artifactKey: Guid(715594a64938ecc47a5bc9ba4510e629) Importer(815301076,1909f56bfc062723c751e8b465ee728b)
Start importing Assets/Le Tai's Asset/TranslucentImage/Demo/Textures/Steam.psd using Guid(715594a64938ecc47a5bc9ba4510e629) Importer(815301076,1909f56bfc062723c751e8b465ee728b)  -> (artifact id: '608bd7407ffde06ebcf3c84d763e2287') in 0.028935 seconds
Number of updated asset objects reloaded before import = 0
Number of asset objects unloaded after import = 3
========================================================================
Received Import Request.
  Time since last request: 0.000018 seconds.
  path: Assets/Le Tai's Asset/TranslucentImage/Demo/Textures/settings.png
  artifactKey: Guid(ce08b52d448f3434cb61bd1c15dd888b) Importer(815301076,1909f56bfc062723c751e8b465ee728b)
Start importing Assets/Le Tai's Asset/TranslucentImage/Demo/Textures/settings.png using Guid(ce08b52d448f3434cb61bd1c15dd888b) Importer(815301076,1909f56bfc062723c751e8b465ee728b)  -> (artifact id: '0ad3d7826752c2c3535c948cb3f4da22') in 0.018237 seconds
Number of updated asset objects reloaded before import = 0
Number of asset objects unloaded after import = 3
========================================================================
Received Import Request.
  Time since last request: 0.000019 seconds.
  path: Assets/Le Tai's Asset/TranslucentImage/Demo/Textures/Rounded Rect Left small.psd
  artifactKey: Guid(e3cae951872b04b4db88a29214a02912) Importer(815301076,1909f56bfc062723c751e8b465ee728b)
Start importing Assets/Le Tai's Asset/TranslucentImage/Demo/Textures/Rounded Rect Left small.psd using Guid(e3cae951872b04b4db88a29214a02912) Importer(815301076,1909f56bfc062723c751e8b465ee728b)  -> (artifact id: '843868454409bdb4c8f5b9e619f6e6f7') in 0.016294 seconds
Number of updated asset objects reloaded before import = 0
Number of asset objects unloaded after import = 2
========================================================================
Received Import Request.
  Time since last request: 0.000028 seconds.
  path: Assets/Le Tai's Asset/TranslucentImage/Demo/Textures/vignette.png
  artifactKey: Guid(4eba3af52c6b1d94381f4e375379e098) Importer(815301076,1909f56bfc062723c751e8b465ee728b)
Start importing Assets/Le Tai's Asset/TranslucentImage/Demo/Textures/vignette.png using Guid(4eba3af52c6b1d94381f4e375379e098) Importer(815301076,1909f56bfc062723c751e8b465ee728b)  -> (artifact id: '6906631d84bb38873cd22e8cae84d0d8') in 0.017964 seconds
Number of updated asset objects reloaded before import = 0
Number of asset objects unloaded after import = 3
========================================================================
Received Import Request.
  Time since last request: 0.000016 seconds.
  path: Assets/Le Tai's Asset/TranslucentImage/Demo/Textures/Tai Icon.png
  artifactKey: Guid(d88e7a1e062dbad4d956d9fa22109a01) Importer(815301076,1909f56bfc062723c751e8b465ee728b)
Start importing Assets/Le Tai's Asset/TranslucentImage/Demo/Textures/Tai Icon.png using Guid(d88e7a1e062dbad4d956d9fa22109a01) Importer(815301076,1909f56bfc062723c751e8b465ee728b)  -> (artifact id: '7d6c99639197f864c588c1bf1015364c') in 0.016234 seconds
Number of updated asset objects reloaded before import = 0
Number of asset objects unloaded after import = 3
========================================================================
Received Prepare
Begin MonoManager ReloadAssembly
- Loaded All Assemblies, in  0.720 seconds
Refreshing native plugins compatible for Editor in 5.14 ms, found 4 plugins.
Native extension for WindowsStandalone target not found
Native extension for WebGL target not found
[Package Manager] Server::EnsureServerProcessIsRunning -- launch failed, reason: Unity was launched with the -noUpm command-line argument
[Package Manager] UpmClient::Send -- Unable to send message (not connected to UPM process).
[Package Manager] Cannot connect to Unity Package Manager local server
Mono: successfully reloaded assembly
- Finished resetting the current domain, in  1.434 seconds
Domain Reload Profiling: 2149ms
	BeginReloadAssembly (231ms)
		ExecutionOrderSort (0ms)
		DisableScriptedObjects (11ms)
		BackupInstance (0ms)
		ReleaseScriptingObjects (0ms)
		CreateAndSetChildDomain (58ms)
	RebuildCommonClasses (51ms)
	RebuildNativeTypeToScriptingClass (11ms)
	initialDomainReloadingComplete (49ms)
	LoadAllAssembliesAndSetupDomain (374ms)
		LoadAssemblies (444ms)
		RebuildTransferFunctionScriptingTraits (0ms)
		AnalyzeDomain (59ms)
			TypeCache.Refresh (11ms)
				TypeCache.ScanAssembly (0ms)
			ScanForSourceGeneratedMonoScriptInfo (33ms)
			ResolveRequiredComponents (14ms)
	FinalizeReload (1434ms)
		ReleaseScriptCaches (0ms)
		RebuildScriptCaches (0ms)
		SetupLoadedEditorAssemblies (581ms)
			LogAssemblyErrors (0ms)
			InitializePlatformSupportModulesInManaged (8ms)
			SetLoadedEditorAssemblies (6ms)
			RefreshPlugins (0ms)
			BeforeProcessingInitializeOnLoad (89ms)
			ProcessInitializeOnLoadAttributes (396ms)
			ProcessInitializeOnLoadMethodAttributes (72ms)
			AfterProcessingInitializeOnLoad (9ms)
			EditorAssembliesLoaded (0ms)
		ExecutionOrderSort2 (0ms)
		AwakeInstancesAfterBackupRestoration (12ms)
Refreshing native plugins compatible for Editor in 8.75 ms, found 4 plugins.
Preloading 0 native plugins for Editor in 0.00 ms.
Unloading 5926 Unused Serialized files (Serialized files now loaded: 0)
Unloading 80 unused Assets / (0.7 MB). Loaded Objects now: 6587.
Memory consumption went from 210.8 MB to 210.1 MB.
Total: 3.984200 ms (FindLiveObjects: 0.572100 ms CreateObjectMapping: 0.183400 ms MarkObjects: 2.830100 ms  DeleteObjects: 0.395100 ms)

Prepare: number of updated asset objects reloaded= 0
AssetImportParameters requested are different than current active one (requested -> active):
  custom:container-demuxer-ogg: 62fdf1f143b41e24485cea50d1cbac27 -> 
  custom:video-codec-MediaFoundation-h265: 746d11721c4dcdbdad8f713fa42b33f4 -> 
  custom:video-decoder-ogg-theora: a1e56fd34408186e4bbccfd4996cb3dc -> 
  custom:framework-win-MediaFoundation: 216162199b28c13a410421893ffa2e32 -> 
  custom:CustomObjectIndexerAttribute: 72b91833f83ae208fae7752999fa3104 -> 
  custom:container-demuxer-webm: 4f35f7cbe854078d1ac9338744f61a02 -> 
  custom:container-muxer-webm: aa71ff27fc2769a1b78a27578f13a17b -> 
  custom:video-decoder-webm-vp8: 9c59270c3fd7afecdb556c50c9e8de78 -> 
  custom:SearchIndexIgnoredProperties: e643bd26f0fe6173181afceb89e7c659 -> 
  custom:AudioImporter_EditorPlatform: d09bf68614088b80899f8185d706f6e7 -> 
  custom:video-encoder-webm-vp8: eb34c28f22e8b96e1ab97ce403110664 -> 
  custom:audio-decoder-ogg-vorbis: bf7c407c2cedff20999df2af8eb42d56 -> 
  custom:audio-encoder-webm-vorbis: bf7c407c2cedff20999df2af8eb42d56 -> 
========================================================================
Received Import Request.
  Time since last request: 4424.378488 seconds.
  path: Assets/parkchair/parkchair.prefab
  artifactKey: Guid(4bfc726cb8ba03849be54d8f8aedf586) Importer(815301076,1909f56bfc062723c751e8b465ee728b)
Start importing Assets/parkchair/parkchair.prefab using Guid(4bfc726cb8ba03849be54d8f8aedf586) Importer(815301076,1909f56bfc062723c751e8b465ee728b)  -> (artifact id: '8b6a7093fc09ff77eca3606ba61ef0b6') in 0.682785 seconds
Number of updated asset objects reloaded before import = 0
Number of asset objects unloaded after import = 10
========================================================================
Received Import Request.
  Time since last request: 0.000082 seconds.
  path: Assets/parkchair/parkchair1_N.tga
  artifactKey: Guid(6c7611cc50df2ea4e85cac11ac917049) Importer(815301076,1909f56bfc062723c751e8b465ee728b)
Start importing Assets/parkchair/parkchair1_N.tga using Guid(6c7611cc50df2ea4e85cac11ac917049) Importer(815301076,1909f56bfc062723c751e8b465ee728b)  -> (artifact id: 'd7c09db10f97bc029f8fe9bada5467e5') in 0.128093 seconds
Number of updated asset objects reloaded before import = 0
Number of asset objects unloaded after import = 2
========================================================================
Received Import Request.
  Time since last request: 0.000026 seconds.
  path: Assets/parkchair/parkchair1_D.tga
  artifactKey: Guid(7894435662938d64489c45a5c2b3b365) Importer(815301076,1909f56bfc062723c751e8b465ee728b)
Start importing Assets/parkchair/parkchair1_D.tga using Guid(7894435662938d64489c45a5c2b3b365) Importer(815301076,1909f56bfc062723c751e8b465ee728b)  -> (artifact id: '60535b0abd3837116e84151d5df55ec7') in 0.020357 seconds
Number of updated asset objects reloaded before import = 0
Number of asset objects unloaded after import = 2
========================================================================
Received Import Request.
  Time since last request: 0.000026 seconds.
  path: Assets/parkchair/parkchair1_S.tga
  artifactKey: Guid(60ea3f290fa89dc488f85ed1736a0cf4) Importer(815301076,1909f56bfc062723c751e8b465ee728b)
Start importing Assets/parkchair/parkchair1_S.tga using Guid(60ea3f290fa89dc488f85ed1736a0cf4) Importer(815301076,1909f56bfc062723c751e8b465ee728b)  -> (artifact id: 'a4beec9b7515ba34b22d65aa55ef65dc') in 0.019398 seconds
Number of updated asset objects reloaded before import = 0
Number of asset objects unloaded after import = 2
========================================================================
Received Import Request.
  Time since last request: 2.666657 seconds.
  path: Assets/parkchair/Materials/parkchair_D1-parkchair__AO_tga.mat
  artifactKey: Guid(e5b4fa1435e82d04983b5dbd3db79f97) Importer(815301076,1909f56bfc062723c751e8b465ee728b)
Start importing Assets/parkchair/Materials/parkchair_D1-parkchair__AO_tga.mat using Guid(e5b4fa1435e82d04983b5dbd3db79f97) Importer(815301076,1909f56bfc062723c751e8b465ee728b)  -> (artifact id: '4a33fdc1c2bd61e64bdac70fcade2900') in 0.058136 seconds
Number of updated asset objects reloaded before import = 0
Number of asset objects unloaded after import = 3
========================================================================
Received Import Request.
  Time since last request: 0.000027 seconds.
  path: Assets/parkchair/Materials/parkchair_D2-parkchair__AO_tga.mat
  artifactKey: Guid(c1393af70e0d1a746956ed2b89716344) Importer(815301076,1909f56bfc062723c751e8b465ee728b)
Start importing Assets/parkchair/Materials/parkchair_D2-parkchair__AO_tga.mat using Guid(c1393af70e0d1a746956ed2b89716344) Importer(815301076,1909f56bfc062723c751e8b465ee728b)  -> (artifact id: 'defe4611b372c9048108c1326ed5ab8e') in 0.024978 seconds
Number of updated asset objects reloaded before import = 0
Number of asset objects unloaded after import = 3
========================================================================
Received Prepare
Begin MonoManager ReloadAssembly
- Loaded All Assemblies, in  1.275 seconds
Refreshing native plugins compatible for Editor in 6.68 ms, found 4 plugins.
Native extension for WindowsStandalone target not found
Native extension for WebGL target not found
[Package Manager] Server::EnsureServerProcessIsRunning -- launch failed, reason: Unity was launched with the -noUpm command-line argument
[Package Manager] UpmClient::Send -- Unable to send message (not connected to UPM process).
[Package Manager] Cannot connect to Unity Package Manager local server
Mono: successfully reloaded assembly
- Finished resetting the current domain, in  1.868 seconds
Domain Reload Profiling: 3140ms
	BeginReloadAssembly (418ms)
		ExecutionOrderSort (0ms)
		DisableScriptedObjects (23ms)
		BackupInstance (0ms)
		ReleaseScriptingObjects (0ms)
		CreateAndSetChildDomain (183ms)
	RebuildCommonClasses (50ms)
	RebuildNativeTypeToScriptingClass (13ms)
	initialDomainReloadingComplete (50ms)
	LoadAllAssembliesAndSetupDomain (740ms)
		LoadAssemblies (871ms)
		RebuildTransferFunctionScriptingTraits (0ms)
		AnalyzeDomain (29ms)
			TypeCache.Refresh (8ms)
				TypeCache.ScanAssembly (0ms)
			ScanForSourceGeneratedMonoScriptInfo (0ms)
			ResolveRequiredComponents (18ms)
	FinalizeReload (1868ms)
		ReleaseScriptCaches (0ms)
		RebuildScriptCaches (0ms)
		SetupLoadedEditorAssemblies (653ms)
			LogAssemblyErrors (0ms)
			InitializePlatformSupportModulesInManaged (10ms)
			SetLoadedEditorAssemblies (5ms)
			RefreshPlugins (0ms)
			BeforeProcessingInitializeOnLoad (103ms)
			ProcessInitializeOnLoadAttributes (441ms)
			ProcessInitializeOnLoadMethodAttributes (80ms)
			AfterProcessingInitializeOnLoad (14ms)
			EditorAssembliesLoaded (0ms)
		ExecutionOrderSort2 (0ms)
		AwakeInstancesAfterBackupRestoration (16ms)
Refreshing native plugins compatible for Editor in 10.40 ms, found 4 plugins.
Preloading 0 native plugins for Editor in 0.00 ms.
Unloading 5928 Unused Serialized files (Serialized files now loaded: 0)
Unloading 56 unused Assets / (0.8 MB). Loaded Objects now: 6591.
Memory consumption went from 211.4 MB to 210.5 MB.
Total: 11.778600 ms (FindLiveObjects: 1.019600 ms CreateObjectMapping: 0.588000 ms MarkObjects: 9.293100 ms  DeleteObjects: 0.876300 ms)

Prepare: number of updated asset objects reloaded= 0
AssetImportParameters requested are different than current active one (requested -> active):
  custom:container-demuxer-ogg: 62fdf1f143b41e24485cea50d1cbac27 -> 
  custom:video-codec-MediaFoundation-h265: 746d11721c4dcdbdad8f713fa42b33f4 -> 
  custom:video-decoder-ogg-theora: a1e56fd34408186e4bbccfd4996cb3dc -> 
  custom:framework-win-MediaFoundation: 216162199b28c13a410421893ffa2e32 -> 
  custom:CustomObjectIndexerAttribute: 72b91833f83ae208fae7752999fa3104 -> 
  custom:container-demuxer-webm: 4f35f7cbe854078d1ac9338744f61a02 -> 
  custom:container-muxer-webm: aa71ff27fc2769a1b78a27578f13a17b -> 
  custom:video-decoder-webm-vp8: 9c59270c3fd7afecdb556c50c9e8de78 -> 
  custom:SearchIndexIgnoredProperties: e643bd26f0fe6173181afceb89e7c659 -> 
  custom:AudioImporter_EditorPlatform: d09bf68614088b80899f8185d706f6e7 -> 
  custom:video-encoder-webm-vp8: eb34c28f22e8b96e1ab97ce403110664 -> 
  custom:audio-decoder-ogg-vorbis: bf7c407c2cedff20999df2af8eb42d56 -> 
  custom:audio-encoder-webm-vorbis: bf7c407c2cedff20999df2af8eb42d56 -> 
