Using pre-set license
Built from '2022.3/staging' branch; Version is '2022.3.27f1 (73effa14754f) revision 7598074'; Using compiler version '192829333'; Build Type 'Release'
OS: 'Windows 11  (10.0.26100) 64bit CoreSingleLanguage' Language: 'en' Physical Memory: 15724 MB
BatchMode: 1, IsHumanControllingUs: 0, StartBugReporterOnCrash: 0, Is64bit: 1, IsPro: 1

COMMAND LINE ARGUMENTS:
C:\Program Files\Unity\Hub\Editor\2022.3.27f1\Editor\Unity.exe
-adb2
-batchMode
-noUpm
-name
AssetImportWorker6
-projectPath
D:/Remaster/Hollow-Knight-Remaster/HollowKnightRemaster
-logFile
Logs/AssetImportWorker6.log
-srvPort
54758
Successfully changed project path to: D:/Remaster/Hollow-Knight-Remaster/HollowKnightRemaster
D:/Remaster/Hollow-Knight-Remaster/HollowKnightRemaster
[UnityMemory] Configuration Parameters - Can be set up in boot.config
    "memorysetup-bucket-allocator-granularity=16"
    "memorysetup-bucket-allocator-bucket-count=8"
    "memorysetup-bucket-allocator-block-size=33554432"
    "memorysetup-bucket-allocator-block-count=8"
    "memorysetup-main-allocator-block-size=16777216"
    "memorysetup-thread-allocator-block-size=16777216"
    "memorysetup-gfx-main-allocator-block-size=16777216"
    "memorysetup-gfx-thread-allocator-block-size=16777216"
    "memorysetup-cache-allocator-block-size=4194304"
    "memorysetup-typetree-allocator-block-size=2097152"
    "memorysetup-profiler-bucket-allocator-granularity=16"
    "memorysetup-profiler-bucket-allocator-bucket-count=8"
    "memorysetup-profiler-bucket-allocator-block-size=33554432"
    "memorysetup-profiler-bucket-allocator-block-count=8"
    "memorysetup-profiler-allocator-block-size=16777216"
    "memorysetup-profiler-editor-allocator-block-size=1048576"
    "memorysetup-temp-allocator-size-main=16777216"
    "memorysetup-job-temp-allocator-block-size=2097152"
    "memorysetup-job-temp-allocator-block-size-background=1048576"
    "memorysetup-job-temp-allocator-reduction-small-platforms=262144"
    "memorysetup-allocator-temp-initial-block-size-main=262144"
    "memorysetup-allocator-temp-initial-block-size-worker=262144"
    "memorysetup-temp-allocator-size-background-worker=32768"
    "memorysetup-temp-allocator-size-job-worker=262144"
    "memorysetup-temp-allocator-size-preload-manager=33554432"
    "memorysetup-temp-allocator-size-nav-mesh-worker=65536"
    "memorysetup-temp-allocator-size-audio-worker=65536"
    "memorysetup-temp-allocator-size-cloud-worker=32768"
    "memorysetup-temp-allocator-size-gi-baking-worker=262144"
    "memorysetup-temp-allocator-size-gfx=262144"
Player connection [23200] Host "[IP] 192.168.2.194 [Port] 0 [Flags] 2 [Guid] 2219865324 [EditorId] 2219865324 [Version] 1048832 [Id] WindowsEditor(7,LeiFeng) [Debug] 1 [PackageName] WindowsEditor [ProjectName] Editor" joined multi-casting on [225.0.0.222:54997]...

Player connection [23200] Host "[IP] 192.168.2.194 [Port] 0 [Flags] 2 [Guid] 2219865324 [EditorId] 2219865324 [Version] 1048832 [Id] WindowsEditor(7,LeiFeng) [Debug] 1 [PackageName] WindowsEditor [ProjectName] Editor" joined alternative multi-casting on [225.0.0.222:34997]...

[Physics::Module] Initialized MultithreadedJobDispatcher with 11 workers.
Refreshing native plugins compatible for Editor in 13.28 ms, found 4 plugins.
Preloading 0 native plugins for Editor in 0.00 ms.
Initialize engine version: 2022.3.27f1 (73effa14754f)
[Subsystems] Discovering subsystems at path C:/Program Files/Unity/Hub/Editor/2022.3.27f1/Editor/Data/Resources/UnitySubsystems
[Subsystems] Discovering subsystems at path D:/Remaster/Hollow-Knight-Remaster/HollowKnightRemaster/Assets
GfxDevice: creating device client; threaded=0; jobified=0
Direct3D:
    Version:  Direct3D 11.0 [level 11.1]
    Renderer: NVIDIA GeForce GTX 1650 (ID=0x1f9d)
    Vendor:   NVIDIA
    VRAM:     3937 MB
    Driver:   32.0.15.6636
Initialize mono
Mono path[0] = 'C:/Program Files/Unity/Hub/Editor/2022.3.27f1/Editor/Data/Managed'
Mono path[1] = 'C:/Program Files/Unity/Hub/Editor/2022.3.27f1/Editor/Data/MonoBleedingEdge/lib/mono/unityjit-win32'
Mono config path = 'C:/Program Files/Unity/Hub/Editor/2022.3.27f1/Editor/Data/MonoBleedingEdge/etc'
Using monoOptions --debugger-agent=transport=dt_socket,embedding=1,server=y,suspend=n,address=127.0.0.1:56144
Begin MonoManager ReloadAssembly
Registering precompiled unity dll's ...
Register platform support module: C:/Program Files/Unity/Hub/Editor/2022.3.27f1/Editor/Data/PlaybackEngines/WebGLSupport/UnityEditor.WebGL.Extensions.dll
Register platform support module: C:/Program Files/Unity/Hub/Editor/2022.3.27f1/Editor/Data/PlaybackEngines/WindowsStandaloneSupport/UnityEditor.WindowsStandalone.Extensions.dll
Registered in 0.009595 seconds.
- Loaded All Assemblies, in  0.314 seconds
Native extension for WindowsStandalone target not found
Native extension for WebGL target not found
Mono: successfully reloaded assembly
- Finished resetting the current domain, in  0.243 seconds
Domain Reload Profiling: 555ms
	BeginReloadAssembly (97ms)
		ExecutionOrderSort (0ms)
		DisableScriptedObjects (0ms)
		BackupInstance (0ms)
		ReleaseScriptingObjects (0ms)
		CreateAndSetChildDomain (1ms)
	RebuildCommonClasses (29ms)
	RebuildNativeTypeToScriptingClass (9ms)
	initialDomainReloadingComplete (58ms)
	LoadAllAssembliesAndSetupDomain (119ms)
		LoadAssemblies (95ms)
		RebuildTransferFunctionScriptingTraits (0ms)
		AnalyzeDomain (117ms)
			TypeCache.Refresh (116ms)
				TypeCache.ScanAssembly (104ms)
			ScanForSourceGeneratedMonoScriptInfo (0ms)
			ResolveRequiredComponents (0ms)
	FinalizeReload (243ms)
		ReleaseScriptCaches (0ms)
		RebuildScriptCaches (0ms)
		SetupLoadedEditorAssemblies (191ms)
			LogAssemblyErrors (0ms)
			InitializePlatformSupportModulesInManaged (10ms)
			SetLoadedEditorAssemblies (5ms)
			RefreshPlugins (0ms)
			BeforeProcessingInitializeOnLoad (2ms)
			ProcessInitializeOnLoadAttributes (134ms)
			ProcessInitializeOnLoadMethodAttributes (41ms)
			AfterProcessingInitializeOnLoad (0ms)
			EditorAssembliesLoaded (0ms)
		ExecutionOrderSort2 (0ms)
		AwakeInstancesAfterBackupRestoration (0ms)
========================================================================
Worker process is ready to serve import requests
Begin MonoManager ReloadAssembly
- Loaded All Assemblies, in  0.656 seconds
Refreshing native plugins compatible for Editor in 5.38 ms, found 4 plugins.
Native extension for WindowsStandalone target not found
Native extension for WebGL target not found
Package Manager log level set to [2]
[Package Manager] Server::EnsureServerProcessIsRunning -- launch failed, reason: Unity was launched with the -noUpm command-line argument
[Package Manager] UpmClient::Send -- Unable to send message (not connected to UPM process).
[Package Manager] Cannot connect to Unity Package Manager local server
Mono: successfully reloaded assembly
- Finished resetting the current domain, in  0.771 seconds
Domain Reload Profiling: 1425ms
	BeginReloadAssembly (134ms)
		ExecutionOrderSort (0ms)
		DisableScriptedObjects (5ms)
		BackupInstance (0ms)
		ReleaseScriptingObjects (0ms)
		CreateAndSetChildDomain (20ms)
	RebuildCommonClasses (29ms)
	RebuildNativeTypeToScriptingClass (9ms)
	initialDomainReloadingComplete (41ms)
	LoadAllAssembliesAndSetupDomain (441ms)
		LoadAssemblies (323ms)
		RebuildTransferFunctionScriptingTraits (0ms)
		AnalyzeDomain (195ms)
			TypeCache.Refresh (160ms)
				TypeCache.ScanAssembly (146ms)
			ScanForSourceGeneratedMonoScriptInfo (25ms)
			ResolveRequiredComponents (9ms)
	FinalizeReload (771ms)
		ReleaseScriptCaches (0ms)
		RebuildScriptCaches (0ms)
		SetupLoadedEditorAssemblies (616ms)
			LogAssemblyErrors (0ms)
			InitializePlatformSupportModulesInManaged (8ms)
			SetLoadedEditorAssemblies (5ms)
			RefreshPlugins (0ms)
			BeforeProcessingInitializeOnLoad (79ms)
			ProcessInitializeOnLoadAttributes (427ms)
			ProcessInitializeOnLoadMethodAttributes (88ms)
			AfterProcessingInitializeOnLoad (9ms)
			EditorAssembliesLoaded (0ms)
		ExecutionOrderSort2 (0ms)
		AwakeInstancesAfterBackupRestoration (6ms)
Launched and connected shader compiler UnityShaderCompiler.exe after 0.04 seconds
Refreshing native plugins compatible for Editor in 4.81 ms, found 4 plugins.
Preloading 0 native plugins for Editor in 0.00 ms.
Unloading 6027 Unused Serialized files (Serialized files now loaded: 0)
Unloading 97 unused Assets / (0.8 MB). Loaded Objects now: 6488.
Memory consumption went from 232.0 MB to 231.2 MB.
Total: 4.566500 ms (FindLiveObjects: 0.479300 ms CreateObjectMapping: 0.378700 ms MarkObjects: 3.321600 ms  DeleteObjects: 0.386000 ms)

AssetImportParameters requested are different than current active one (requested -> active):
  custom:container-demuxer-ogg: 62fdf1f143b41e24485cea50d1cbac27 -> 
  custom:video-codec-MediaFoundation-h265: 746d11721c4dcdbdad8f713fa42b33f4 -> 
  custom:video-decoder-ogg-theora: a1e56fd34408186e4bbccfd4996cb3dc -> 
  custom:framework-win-MediaFoundation: 216162199b28c13a410421893ffa2e32 -> 
  custom:CustomObjectIndexerAttribute: 72b91833f83ae208fae7752999fa3104 -> 
  custom:container-demuxer-webm: 4f35f7cbe854078d1ac9338744f61a02 -> 
  custom:container-muxer-webm: aa71ff27fc2769a1b78a27578f13a17b -> 
  custom:video-decoder-webm-vp8: 9c59270c3fd7afecdb556c50c9e8de78 -> 
  custom:SearchIndexIgnoredProperties: e643bd26f0fe6173181afceb89e7c659 -> 
  custom:AudioImporter_EditorPlatform: d09bf68614088b80899f8185d706f6e7 -> 
  custom:video-encoder-webm-vp8: eb34c28f22e8b96e1ab97ce403110664 -> 
  custom:audio-decoder-ogg-vorbis: bf7c407c2cedff20999df2af8eb42d56 -> 
  custom:audio-encoder-webm-vorbis: bf7c407c2cedff20999df2af8eb42d56 -> 
========================================================================
Received Import Request.
  Time since last request: 78768.996620 seconds.
  path: Assets/Architecture & Environment/Area specfic architecture/Queen_s Gardens/fungd_wall_01_r.png
  artifactKey: Guid(ba5a30cea3a5f144e8ffc23daf80b105) Importer(815301076,1909f56bfc062723c751e8b465ee728b)
Start importing Assets/Architecture & Environment/Area specfic architecture/Queen_s Gardens/fungd_wall_01_r.png using Guid(ba5a30cea3a5f144e8ffc23daf80b105) Importer(815301076,1909f56bfc062723c751e8b465ee728b)  -> (artifact id: '215b62cff2d7bb729edae120fa20465b') in 0.089495 seconds
Number of updated asset objects reloaded before import = 0
Number of asset objects unloaded after import = 3
========================================================================
Received Import Request.
  Time since last request: 0.678658 seconds.
  path: Assets/Architecture & Environment/Area specfic architecture/Queen_s Gardens/fungd_wall_03.png
  artifactKey: Guid(b8e8accde3804424b815995446a9975e) Importer(815301076,1909f56bfc062723c751e8b465ee728b)
Start importing Assets/Architecture & Environment/Area specfic architecture/Queen_s Gardens/fungd_wall_03.png using Guid(b8e8accde3804424b815995446a9975e) Importer(815301076,1909f56bfc062723c751e8b465ee728b)  -> (artifact id: '8d15ba548dc49e41242b7479df34a539') in 0.018627 seconds
Number of updated asset objects reloaded before import = 0
Number of asset objects unloaded after import = 3
========================================================================
Received Import Request.
  Time since last request: 0.000019 seconds.
  path: Assets/Architecture & Environment/Area specfic architecture/Queen_s Gardens/fungd_wall_06.png
  artifactKey: Guid(07c98fca7c14f0147b7b7d0a2067446a) Importer(815301076,1909f56bfc062723c751e8b465ee728b)
Start importing Assets/Architecture & Environment/Area specfic architecture/Queen_s Gardens/fungd_wall_06.png using Guid(07c98fca7c14f0147b7b7d0a2067446a) Importer(815301076,1909f56bfc062723c751e8b465ee728b)  -> (artifact id: 'f6bd40f0e4b26f73107cb31bf3979b8e') in 0.020324 seconds
Number of updated asset objects reloaded before import = 0
Number of asset objects unloaded after import = 3
========================================================================
Received Import Request.
  Time since last request: 0.000021 seconds.
  path: Assets/Resources/Environments/Area specfic architecture/Queen_s Gardens/fungd_wall_06.png
  artifactKey: Guid(e2e1fd13059f571448e23498e4459e1b) Importer(815301076,1909f56bfc062723c751e8b465ee728b)
Start importing Assets/Resources/Environments/Area specfic architecture/Queen_s Gardens/fungd_wall_06.png using Guid(e2e1fd13059f571448e23498e4459e1b) Importer(815301076,1909f56bfc062723c751e8b465ee728b)  -> (artifact id: 'fa3245d5d0b5591a6527a4212307b240') in 0.018398 seconds
Number of updated asset objects reloaded before import = 0
Number of asset objects unloaded after import = 3
========================================================================
Received Import Request.
  Time since last request: 0.000016 seconds.
  path: Assets/Resources/Environments/Area specfic architecture/Queen_s Gardens/fungd_wall_rock_03_0000_a.png
  artifactKey: Guid(4fa24edc25990b94b956dd1d8b164756) Importer(815301076,1909f56bfc062723c751e8b465ee728b)
Start importing Assets/Resources/Environments/Area specfic architecture/Queen_s Gardens/fungd_wall_rock_03_0000_a.png using Guid(4fa24edc25990b94b956dd1d8b164756) Importer(815301076,1909f56bfc062723c751e8b465ee728b)  -> (artifact id: '5c4b432611fc4db983f340a1ab2f684c') in 0.020755 seconds
Number of updated asset objects reloaded before import = 0
Number of asset objects unloaded after import = 3
========================================================================
Received Import Request.
  Time since last request: 0.000025 seconds.
  path: Assets/Resources/Environments/Area specfic architecture/Queen_s Gardens/fungd_wall_rock_03_0001_a.png
  artifactKey: Guid(b8f5edf28c88ac144ae425f742c1a0bb) Importer(815301076,1909f56bfc062723c751e8b465ee728b)
Start importing Assets/Resources/Environments/Area specfic architecture/Queen_s Gardens/fungd_wall_rock_03_0001_a.png using Guid(b8f5edf28c88ac144ae425f742c1a0bb) Importer(815301076,1909f56bfc062723c751e8b465ee728b)  -> (artifact id: '6eca3db26076f66d81b9fbbb8c1eac2c') in 0.017596 seconds
Number of updated asset objects reloaded before import = 0
Number of asset objects unloaded after import = 3
========================================================================
Received Import Request.
  Time since last request: 0.000017 seconds.
  path: Assets/Architecture & Environment/fungd_wall_rock_03_0002_a.png
  artifactKey: Guid(13c16b9bb98f43940af8c83318842dd9) Importer(815301076,1909f56bfc062723c751e8b465ee728b)
Start importing Assets/Architecture & Environment/fungd_wall_rock_03_0002_a.png using Guid(13c16b9bb98f43940af8c83318842dd9) Importer(815301076,1909f56bfc062723c751e8b465ee728b)  -> (artifact id: 'a9eac092cf0c4c9e44a7fcf99f167260') in 0.016533 seconds
Number of updated asset objects reloaded before import = 0
Number of asset objects unloaded after import = 3
========================================================================
Received Import Request.
  Time since last request: 0.000029 seconds.
  path: Assets/Resources/Environments/fungus_stone_short_wall.png
  artifactKey: Guid(ff45f89fb9501a743aa670cdeb6cbe69) Importer(815301076,1909f56bfc062723c751e8b465ee728b)
Start importing Assets/Resources/Environments/fungus_stone_short_wall.png using Guid(ff45f89fb9501a743aa670cdeb6cbe69) Importer(815301076,1909f56bfc062723c751e8b465ee728b)  -> (artifact id: '8094ecf0a7847976f2771f0134f96be6') in 0.018475 seconds
Number of updated asset objects reloaded before import = 0
Number of asset objects unloaded after import = 3
========================================================================
Received Import Request.
  Time since last request: 0.000038 seconds.
  path: Assets/Architecture & Environment/fungus_stone_short_wall.png
  artifactKey: Guid(52fd9c50f28e5b245b2e62226746deb4) Importer(815301076,1909f56bfc062723c751e8b465ee728b)
Start importing Assets/Architecture & Environment/fungus_stone_short_wall.png using Guid(52fd9c50f28e5b245b2e62226746deb4) Importer(815301076,1909f56bfc062723c751e8b465ee728b)  -> (artifact id: 'bca78247ef1ce820d743d250df1e19d6') in 0.018067 seconds
Number of updated asset objects reloaded before import = 0
Number of asset objects unloaded after import = 3
========================================================================
Received Import Request.
  Time since last request: 2.158346 seconds.
  path: Assets/Architecture & Environment/Area specfic architecture/Greenpath/fungus_temple_backwall_small.png
  artifactKey: Guid(668ae7f24a70e0b499590e9777aa34dc) Importer(815301076,1909f56bfc062723c751e8b465ee728b)
Start importing Assets/Architecture & Environment/Area specfic architecture/Greenpath/fungus_temple_backwall_small.png using Guid(668ae7f24a70e0b499590e9777aa34dc) Importer(815301076,1909f56bfc062723c751e8b465ee728b)  -> (artifact id: '4788df9db874446e1b1171e28c8e2a90') in 0.022596 seconds
Number of updated asset objects reloaded before import = 0
Number of asset objects unloaded after import = 3
========================================================================
Received Import Request.
  Time since last request: 0.000023 seconds.
  path: Assets/Resources/Environments/Area specfic architecture/Godhome/gg_ascent_wall_0001_3_dark.png
  artifactKey: Guid(87df5b30821d25548818e13650ca9605) Importer(815301076,1909f56bfc062723c751e8b465ee728b)
Start importing Assets/Resources/Environments/Area specfic architecture/Godhome/gg_ascent_wall_0001_3_dark.png using Guid(87df5b30821d25548818e13650ca9605) Importer(815301076,1909f56bfc062723c751e8b465ee728b)  -> (artifact id: '66c02742902bb4fe2ad90f826c90c437') in 0.033853 seconds
Number of updated asset objects reloaded before import = 0
Number of asset objects unloaded after import = 3
========================================================================
Received Import Request.
  Time since last request: 5.605794 seconds.
  path: Assets/Architecture & Environment/Area specfic architecture/Godhome/gg_ascent_wall_0002_2.png
  artifactKey: Guid(8b02871f0b30a2d4d9097c0d69380d4b) Importer(815301076,1909f56bfc062723c751e8b465ee728b)
Start importing Assets/Architecture & Environment/Area specfic architecture/Godhome/gg_ascent_wall_0002_2.png using Guid(8b02871f0b30a2d4d9097c0d69380d4b) Importer(815301076,1909f56bfc062723c751e8b465ee728b)  -> (artifact id: '2d19427843ea345bec7411b339ab4a3f') in 0.019242 seconds
Number of updated asset objects reloaded before import = 0
Number of asset objects unloaded after import = 3
========================================================================
Received Import Request.
  Time since last request: 0.000018 seconds.
  path: Assets/Resources/Environments/Area specfic architecture/Royal Waterways/Junk Pit/gg_break_wall_nailsmith.png
  artifactKey: Guid(0d317a45240372e46b1eac6adadc3346) Importer(815301076,1909f56bfc062723c751e8b465ee728b)
Start importing Assets/Resources/Environments/Area specfic architecture/Royal Waterways/Junk Pit/gg_break_wall_nailsmith.png using Guid(0d317a45240372e46b1eac6adadc3346) Importer(815301076,1909f56bfc062723c751e8b465ee728b)  -> (artifact id: '2114e5936fd71c4a5fb4abeaa92b64f2') in 0.028328 seconds
Number of updated asset objects reloaded before import = 0
Number of asset objects unloaded after import = 3
========================================================================
Received Import Request.
  Time since last request: 0.000016 seconds.
  path: Assets/Architecture & Environment/Area specfic architecture/Godhome/GG_extra_walls_0000_2.png
  artifactKey: Guid(1cc7e766cc71a304790302f2b0a07d90) Importer(815301076,1909f56bfc062723c751e8b465ee728b)
Start importing Assets/Architecture & Environment/Area specfic architecture/Godhome/GG_extra_walls_0000_2.png using Guid(1cc7e766cc71a304790302f2b0a07d90) Importer(815301076,1909f56bfc062723c751e8b465ee728b)  -> (artifact id: '0a71bfb4ad5df6d581679483e1bea3f9') in 0.022106 seconds
Number of updated asset objects reloaded before import = 0
Number of asset objects unloaded after import = 3
========================================================================
Received Import Request.
  Time since last request: 0.000031 seconds.
  path: Assets/Architecture & Environment/Area specfic architecture/Godhome/GG_extra_walls_0001_1.png
  artifactKey: Guid(6d7716ce64ce4854fb2569d2868080ad) Importer(815301076,1909f56bfc062723c751e8b465ee728b)
Start importing Assets/Architecture & Environment/Area specfic architecture/Godhome/GG_extra_walls_0001_1.png using Guid(6d7716ce64ce4854fb2569d2868080ad) Importer(815301076,1909f56bfc062723c751e8b465ee728b)  -> (artifact id: 'eaea0163ca97983370bb6f9ff1ea30fd') in 0.023345 seconds
Number of updated asset objects reloaded before import = 0
Number of asset objects unloaded after import = 3
========================================================================
Received Import Request.
  Time since last request: 0.000031 seconds.
  path: Assets/Architecture & Environment/Area specfic architecture/Godhome/GG_extra_walls_0000_2_2_crack.png
  artifactKey: Guid(4a655fa9883ff5a43b88a35594583489) Importer(815301076,1909f56bfc062723c751e8b465ee728b)
Start importing Assets/Architecture & Environment/Area specfic architecture/Godhome/GG_extra_walls_0000_2_2_crack.png using Guid(4a655fa9883ff5a43b88a35594583489) Importer(815301076,1909f56bfc062723c751e8b465ee728b)  -> (artifact id: 'bf14bd0516938729d7e6e7c79b88099c') in 0.022572 seconds
Number of updated asset objects reloaded before import = 0
Number of asset objects unloaded after import = 3
========================================================================
Received Import Request.
  Time since last request: 3.966706 seconds.
  path: Assets/Resources/Environments/Area specfic architecture/Royal Waterways/gg_fluke_bit_floor_wall_goop.png
  artifactKey: Guid(60f86778baa35d04f81d6d091db7596d) Importer(815301076,1909f56bfc062723c751e8b465ee728b)
Start importing Assets/Resources/Environments/Area specfic architecture/Royal Waterways/gg_fluke_bit_floor_wall_goop.png using Guid(60f86778baa35d04f81d6d091db7596d) Importer(815301076,1909f56bfc062723c751e8b465ee728b)  -> (artifact id: 'de4431b8f7eda0689df8d55d6b35a5cc') in 0.039930 seconds
Number of updated asset objects reloaded before import = 0
Number of asset objects unloaded after import = 3
========================================================================
Received Import Request.
  Time since last request: 0.000018 seconds.
  path: Assets/Resources/Environments/Area specfic architecture/Godhome/gg_metal_wall_0000_2.png
  artifactKey: Guid(7e8ef2ec8618201428b45ecf3ab715bd) Importer(815301076,1909f56bfc062723c751e8b465ee728b)
Start importing Assets/Resources/Environments/Area specfic architecture/Godhome/gg_metal_wall_0000_2.png using Guid(7e8ef2ec8618201428b45ecf3ab715bd) Importer(815301076,1909f56bfc062723c751e8b465ee728b)  -> (artifact id: '63cf6e5ad7e0b298d2d1df12ed61d0cf') in 0.018794 seconds
Number of updated asset objects reloaded before import = 0
Number of asset objects unloaded after import = 3
========================================================================
Received Import Request.
  Time since last request: 0.000474 seconds.
  path: Assets/Resources/Environments/Area specfic architecture/Royal Waterways/Junk Pit/GG_Waterways_walls_0001_2.png
  artifactKey: Guid(82e80e95550b6a543a63f7b5f8168a91) Importer(815301076,1909f56bfc062723c751e8b465ee728b)
Start importing Assets/Resources/Environments/Area specfic architecture/Royal Waterways/Junk Pit/GG_Waterways_walls_0001_2.png using Guid(82e80e95550b6a543a63f7b5f8168a91) Importer(815301076,1909f56bfc062723c751e8b465ee728b)  -> (artifact id: '1155e87f1354040cd9693422c83a490e') in 0.025582 seconds
Number of updated asset objects reloaded before import = 0
Number of asset objects unloaded after import = 3
========================================================================
Received Import Request.
  Time since last request: 0.000026 seconds.
  path: Assets/Architecture & Environment/Area specfic architecture/Royal Waterways/Junk Pit/GG_Waterways_walls_0001_2.png
  artifactKey: Guid(636118842a9c0de46bc83d55a5250269) Importer(815301076,1909f56bfc062723c751e8b465ee728b)
Start importing Assets/Architecture & Environment/Area specfic architecture/Royal Waterways/Junk Pit/GG_Waterways_walls_0001_2.png using Guid(636118842a9c0de46bc83d55a5250269) Importer(815301076,1909f56bfc062723c751e8b465ee728b)  -> (artifact id: '2535ebb961bf8d39c1d0783048cd8407') in 0.022004 seconds
Number of updated asset objects reloaded before import = 0
Number of asset objects unloaded after import = 3
========================================================================
Received Import Request.
  Time since last request: 0.000104 seconds.
  path: Assets/Resources/Environments/Area specfic architecture/Godhome/GG_gold_wall.png
  artifactKey: Guid(e0f99b1d2274b204f841ead4bea7f5e0) Importer(815301076,1909f56bfc062723c751e8b465ee728b)
Start importing Assets/Resources/Environments/Area specfic architecture/Godhome/GG_gold_wall.png using Guid(e0f99b1d2274b204f841ead4bea7f5e0) Importer(815301076,1909f56bfc062723c751e8b465ee728b)  -> (artifact id: '28c611dda16e50792841732a750ae62d') in 0.022468 seconds
Number of updated asset objects reloaded before import = 0
Number of asset objects unloaded after import = 3
========================================================================
Received Import Request.
  Time since last request: 0.804741 seconds.
  path: Assets/Architecture & Environment/Area specfic architecture/Dirtmouth/Grimm Tents/grimm_wallpaper.png
  artifactKey: Guid(237a690ecb2894b42a075aec4a10d314) Importer(815301076,1909f56bfc062723c751e8b465ee728b)
Start importing Assets/Architecture & Environment/Area specfic architecture/Dirtmouth/Grimm Tents/grimm_wallpaper.png using Guid(237a690ecb2894b42a075aec4a10d314) Importer(815301076,1909f56bfc062723c751e8b465ee728b)  -> (artifact id: 'b55e3074d32cefecf385be4e2cf5b041') in 0.021204 seconds
Number of updated asset objects reloaded before import = 0
Number of asset objects unloaded after import = 3
========================================================================
Received Import Request.
  Time since last request: 0.000184 seconds.
  path: Assets/Architecture & Environment/Area specfic architecture/Hive/hive_Break_wall_01.png
  artifactKey: Guid(f15c62d66210a5a40b8a052ff5b27e3b) Importer(815301076,1909f56bfc062723c751e8b465ee728b)
Start importing Assets/Architecture & Environment/Area specfic architecture/Hive/hive_Break_wall_01.png using Guid(f15c62d66210a5a40b8a052ff5b27e3b) Importer(815301076,1909f56bfc062723c751e8b465ee728b)  -> (artifact id: '7fdbacf01fec8132e357af450bf27b9f') in 0.024873 seconds
Number of updated asset objects reloaded before import = 0
Number of asset objects unloaded after import = 3
========================================================================
Received Import Request.
  Time since last request: 0.000015 seconds.
  path: Assets/Architecture & Environment/Area specfic architecture/Deepnest/Weaver_s Den/Loom_wall_0000_4.png
  artifactKey: Guid(d622910774fc35d4a95562b310e7c58a) Importer(815301076,1909f56bfc062723c751e8b465ee728b)
Start importing Assets/Architecture & Environment/Area specfic architecture/Deepnest/Weaver_s Den/Loom_wall_0000_4.png using Guid(d622910774fc35d4a95562b310e7c58a) Importer(815301076,1909f56bfc062723c751e8b465ee728b)  -> (artifact id: 'e73d9d777b5611c57124cb4b009cdbee') in 0.032018 seconds
Number of updated asset objects reloaded before import = 0
Number of asset objects unloaded after import = 3
========================================================================
Received Import Request.
  Time since last request: 0.000018 seconds.
  path: Assets/Resources/Environments/Area specfic architecture/Deepnest/Weaver_s Den/Loom_wall_0001_3.png
  artifactKey: Guid(d59abb13bda763949b5ffd9d9727e427) Importer(815301076,1909f56bfc062723c751e8b465ee728b)
Start importing Assets/Resources/Environments/Area specfic architecture/Deepnest/Weaver_s Den/Loom_wall_0001_3.png using Guid(d59abb13bda763949b5ffd9d9727e427) Importer(815301076,1909f56bfc062723c751e8b465ee728b)  -> (artifact id: '3e55928c6fb865be291f0540d48d1bc4') in 0.018301 seconds
Number of updated asset objects reloaded before import = 0
Number of asset objects unloaded after import = 3
========================================================================
Received Import Request.
  Time since last request: 1.219234 seconds.
  path: Assets/Resources/Environments/Area specfic architecture/Deepnest/Weaver_s Den/Loom_wall_0002_2.png
  artifactKey: Guid(253a31863a15dc840ac3195ce0d07813) Importer(815301076,1909f56bfc062723c751e8b465ee728b)
Start importing Assets/Resources/Environments/Area specfic architecture/Deepnest/Weaver_s Den/Loom_wall_0002_2.png using Guid(253a31863a15dc840ac3195ce0d07813) Importer(815301076,1909f56bfc062723c751e8b465ee728b)  -> (artifact id: '5bc3671ae32df833429cb3bf66c8e362') in 0.016770 seconds
Number of updated asset objects reloaded before import = 0
Number of asset objects unloaded after import = 3
========================================================================
Received Import Request.
  Time since last request: 0.000016 seconds.
  path: Assets/Resources/Environments/Area specfic architecture/Deepnest/Weaver_s Den/Loom_wall_0003_1.png
  artifactKey: Guid(cc78b3f2ad3ef6f4383ee9c7cd761517) Importer(815301076,1909f56bfc062723c751e8b465ee728b)
Start importing Assets/Resources/Environments/Area specfic architecture/Deepnest/Weaver_s Den/Loom_wall_0003_1.png using Guid(cc78b3f2ad3ef6f4383ee9c7cd761517) Importer(815301076,1909f56bfc062723c751e8b465ee728b)  -> (artifact id: '1aae40cda23c4bec017398617844d240') in 0.027739 seconds
Number of updated asset objects reloaded before import = 0
Number of asset objects unloaded after import = 3
========================================================================
Received Import Request.
  Time since last request: 0.000022 seconds.
  path: Assets/Architecture & Environment/Area specfic architecture/Deepnest/Weaver_s Den/mid_wall_02_0001_03.png
  artifactKey: Guid(092ff0b6e5598c14492692e12c3116e3) Importer(815301076,1909f56bfc062723c751e8b465ee728b)
Start importing Assets/Architecture & Environment/Area specfic architecture/Deepnest/Weaver_s Den/mid_wall_02_0001_03.png using Guid(092ff0b6e5598c14492692e12c3116e3) Importer(815301076,1909f56bfc062723c751e8b465ee728b)  -> (artifact id: 'cea05c53c7ef699f2375168c9b629321') in 0.018926 seconds
Number of updated asset objects reloaded before import = 0
Number of asset objects unloaded after import = 3
========================================================================
Received Import Request.
  Time since last request: 0.000025 seconds.
  path: Assets/Architecture & Environment/Area specfic architecture/Deepnest/Weaver_s Den/mid_wall_02_0003_01.png
  artifactKey: Guid(26036bf37d7e3d347a053b8f2d311c04) Importer(815301076,1909f56bfc062723c751e8b465ee728b)
Start importing Assets/Architecture & Environment/Area specfic architecture/Deepnest/Weaver_s Den/mid_wall_02_0003_01.png using Guid(26036bf37d7e3d347a053b8f2d311c04) Importer(815301076,1909f56bfc062723c751e8b465ee728b)  -> (artifact id: '9f5ab97434ba871d70c0390cf277be3c') in 0.019929 seconds
Number of updated asset objects reloaded before import = 0
Number of asset objects unloaded after import = 3
========================================================================
Received Import Request.
  Time since last request: 0.000031 seconds.
  path: Assets/Resources/Environments/Area specfic architecture/Deepnest/Weaver_s Den/mid_wall_02_0000_04.png
  artifactKey: Guid(3cef109af2331ce4d84b9f4b2f004a76) Importer(815301076,1909f56bfc062723c751e8b465ee728b)
Start importing Assets/Resources/Environments/Area specfic architecture/Deepnest/Weaver_s Den/mid_wall_02_0000_04.png using Guid(3cef109af2331ce4d84b9f4b2f004a76) Importer(815301076,1909f56bfc062723c751e8b465ee728b)  -> (artifact id: '1adb034ab7c807ada9ec165e71668cf5') in 0.018255 seconds
Number of updated asset objects reloaded before import = 0
Number of asset objects unloaded after import = 3
========================================================================
Received Import Request.
  Time since last request: 0.631874 seconds.
  path: Assets/Resources/Environments/mid_wall_small_abyss.png
  artifactKey: Guid(d364864d304095e4f93a843f287acc34) Importer(815301076,1909f56bfc062723c751e8b465ee728b)
Start importing Assets/Resources/Environments/mid_wall_small_abyss.png using Guid(d364864d304095e4f93a843f287acc34) Importer(815301076,1909f56bfc062723c751e8b465ee728b)  -> (artifact id: '3cd6069f587de4257aa49c8688c093e9') in 0.019962 seconds
Number of updated asset objects reloaded before import = 0
Number of asset objects unloaded after import = 3
========================================================================
Received Import Request.
  Time since last request: 0.000019 seconds.
  path: Assets/Architecture & Environment/Area specfic architecture/Crystal Peak/mine_break_wall_02.png
  artifactKey: Guid(59caa341ced1b2e4eb54b3d065937f07) Importer(815301076,1909f56bfc062723c751e8b465ee728b)
Start importing Assets/Architecture & Environment/Area specfic architecture/Crystal Peak/mine_break_wall_02.png using Guid(59caa341ced1b2e4eb54b3d065937f07) Importer(815301076,1909f56bfc062723c751e8b465ee728b)  -> (artifact id: 'f314a4bd6417a95a094f0d9fcc859d4e') in 0.023020 seconds
Number of updated asset objects reloaded before import = 0
Number of asset objects unloaded after import = 3
========================================================================
Received Import Request.
  Time since last request: 0.000016 seconds.
  path: Assets/Resources/Environments/Area specfic architecture/Crystal Peak/mine_break_wall_02.png
  artifactKey: Guid(0898be5695be3124f9d406d6f974b8a6) Importer(815301076,1909f56bfc062723c751e8b465ee728b)
Start importing Assets/Resources/Environments/Area specfic architecture/Crystal Peak/mine_break_wall_02.png using Guid(0898be5695be3124f9d406d6f974b8a6) Importer(815301076,1909f56bfc062723c751e8b465ee728b)  -> (artifact id: '81bfc0586e7e0f6ea6c9bfb30279e302') in 0.016190 seconds
Number of updated asset objects reloaded before import = 0
Number of asset objects unloaded after import = 3
========================================================================
Received Import Request.
  Time since last request: 0.020424 seconds.
  path: Assets/Architecture & Environment/Area specfic architecture/Crystal Peak/mine_wall_01.png
  artifactKey: Guid(56d93ff4768aa3d40ace896d1f4c0fc4) Importer(815301076,1909f56bfc062723c751e8b465ee728b)
Start importing Assets/Architecture & Environment/Area specfic architecture/Crystal Peak/mine_wall_01.png using Guid(56d93ff4768aa3d40ace896d1f4c0fc4) Importer(815301076,1909f56bfc062723c751e8b465ee728b)  -> (artifact id: '2cda4cd6f0ef03057322d35d4e0ce975') in 0.020465 seconds
Number of updated asset objects reloaded before import = 0
Number of asset objects unloaded after import = 3
========================================================================
Received Import Request.
  Time since last request: 0.000019 seconds.
  path: Assets/Resources/Environments/Area specfic architecture/Crystal Peak/mine_wall_02.png
  artifactKey: Guid(2a89d6b6625732943b6370c207282da2) Importer(815301076,1909f56bfc062723c751e8b465ee728b)
Start importing Assets/Resources/Environments/Area specfic architecture/Crystal Peak/mine_wall_02.png using Guid(2a89d6b6625732943b6370c207282da2) Importer(815301076,1909f56bfc062723c751e8b465ee728b)  -> (artifact id: '40d3920b59068b5221a9f0089da403ec') in 0.022839 seconds
Number of updated asset objects reloaded before import = 0
Number of asset objects unloaded after import = 3
========================================================================
Received Import Request.
  Time since last request: 0.000026 seconds.
  path: Assets/Architecture & Environment/Area specfic architecture/Crystal Peak/mine_wall_02_r.png
  artifactKey: Guid(28feb6d8012633141b2a1bdd0745c6ea) Importer(815301076,1909f56bfc062723c751e8b465ee728b)
Start importing Assets/Architecture & Environment/Area specfic architecture/Crystal Peak/mine_wall_02_r.png using Guid(28feb6d8012633141b2a1bdd0745c6ea) Importer(815301076,1909f56bfc062723c751e8b465ee728b)  -> (artifact id: 'bdeaf2c5f5d91afac6b9c9cd2cbe0bd9') in 0.019066 seconds
Number of updated asset objects reloaded before import = 0
Number of asset objects unloaded after import = 3
========================================================================
Received Import Request.
  Time since last request: 0.260897 seconds.
  path: Assets/Architecture & Environment/Area specfic architecture/Crystal Peak/mine_wall_03.png
  artifactKey: Guid(ed2641281357eff4abfba44cc60bf197) Importer(815301076,1909f56bfc062723c751e8b465ee728b)
Start importing Assets/Architecture & Environment/Area specfic architecture/Crystal Peak/mine_wall_03.png using Guid(ed2641281357eff4abfba44cc60bf197) Importer(815301076,1909f56bfc062723c751e8b465ee728b)  -> (artifact id: 'df338a04533f34664a5d9bc94746b20e') in 0.039323 seconds
Number of updated asset objects reloaded before import = 0
Number of asset objects unloaded after import = 3
========================================================================
Received Import Request.
  Time since last request: 0.000017 seconds.
  path: Assets/Architecture & Environment/one way wall_elev.png
  artifactKey: Guid(168760e17a3333f449f4df7834a1dd70) Importer(815301076,1909f56bfc062723c751e8b465ee728b)
Start importing Assets/Architecture & Environment/one way wall_elev.png using Guid(168760e17a3333f449f4df7834a1dd70) Importer(815301076,1909f56bfc062723c751e8b465ee728b)  -> (artifact id: '2854e81deca99dd939745c25b33e07a4') in 0.017502 seconds
Number of updated asset objects reloaded before import = 0
Number of asset objects unloaded after import = 3
========================================================================
Received Import Request.
  Time since last request: 0.000022 seconds.
  path: Assets/Resources/Environments/Area specfic architecture/Resting Grounds/rest_grounds_break_wall.png
  artifactKey: Guid(8906910b3046ab44cac42305df64d3b9) Importer(815301076,1909f56bfc062723c751e8b465ee728b)
Start importing Assets/Resources/Environments/Area specfic architecture/Resting Grounds/rest_grounds_break_wall.png using Guid(8906910b3046ab44cac42305df64d3b9) Importer(815301076,1909f56bfc062723c751e8b465ee728b)  -> (artifact id: '3177e30fe42ef2e4b38314911a62e2ba') in 0.022165 seconds
Number of updated asset objects reloaded before import = 0
Number of asset objects unloaded after import = 3
========================================================================
Received Import Request.
  Time since last request: 0.000024 seconds.
  path: Assets/Architecture & Environment/Area specfic architecture/Crystal Peak/mines_additions_metal_wall_simple.png
  artifactKey: Guid(31c68ae48726f6f41a57875b5ce5c6e7) Importer(815301076,1909f56bfc062723c751e8b465ee728b)
Start importing Assets/Architecture & Environment/Area specfic architecture/Crystal Peak/mines_additions_metal_wall_simple.png using Guid(31c68ae48726f6f41a57875b5ce5c6e7) Importer(815301076,1909f56bfc062723c751e8b465ee728b)  -> (artifact id: '471979c1c36dd92dc868ee643136b126') in 0.019795 seconds
Number of updated asset objects reloaded before import = 0
Number of asset objects unloaded after import = 3
========================================================================
Received Import Request.
  Time since last request: 0.000017 seconds.
  path: Assets/Resources/Environments/one way wall_elev.png
  artifactKey: Guid(2611b9f22952e9e49a6a17d1f1a6efbb) Importer(815301076,1909f56bfc062723c751e8b465ee728b)
Start importing Assets/Resources/Environments/one way wall_elev.png using Guid(2611b9f22952e9e49a6a17d1f1a6efbb) Importer(815301076,1909f56bfc062723c751e8b465ee728b)  -> (artifact id: '77316da266aee36c935c862e2029d758') in 0.023045 seconds
Number of updated asset objects reloaded before import = 0
Number of asset objects unloaded after import = 3
========================================================================
Received Import Request.
  Time since last request: 0.390777 seconds.
  path: Assets/Architecture & Environment/Area specfic architecture/City of Tears/ruin_add_crumble_wall.png
  artifactKey: Guid(2e73ce57b4a5312449312726255c56c5) Importer(815301076,1909f56bfc062723c751e8b465ee728b)
Start importing Assets/Architecture & Environment/Area specfic architecture/City of Tears/ruin_add_crumble_wall.png using Guid(2e73ce57b4a5312449312726255c56c5) Importer(815301076,1909f56bfc062723c751e8b465ee728b)  -> (artifact id: '5dbdadcff2d8289a46ad56a223b68c32') in 0.037636 seconds
Number of updated asset objects reloaded before import = 0
Number of asset objects unloaded after import = 3
========================================================================
Received Import Request.
  Time since last request: 0.000024 seconds.
  path: Assets/Architecture & Environment/Area specfic architecture/City of Tears/ruin_add_wall.png
  artifactKey: Guid(f95dc6ca52be35046a09613b86c1c866) Importer(815301076,1909f56bfc062723c751e8b465ee728b)
Start importing Assets/Architecture & Environment/Area specfic architecture/City of Tears/ruin_add_wall.png using Guid(f95dc6ca52be35046a09613b86c1c866) Importer(815301076,1909f56bfc062723c751e8b465ee728b)  -> (artifact id: '8aaa9ee970029ff7185df0ad58de0cfd') in 0.019609 seconds
Number of updated asset objects reloaded before import = 0
Number of asset objects unloaded after import = 3
========================================================================
Received Import Request.
  Time since last request: 0.000026 seconds.
  path: Assets/Resources/Environments/Area specfic architecture/City of Tears/ruind_wall_04.png
  artifactKey: Guid(628a363c78eb60f43aa804fb452fd694) Importer(815301076,1909f56bfc062723c751e8b465ee728b)
Start importing Assets/Resources/Environments/Area specfic architecture/City of Tears/ruind_wall_04.png using Guid(628a363c78eb60f43aa804fb452fd694) Importer(815301076,1909f56bfc062723c751e8b465ee728b)  -> (artifact id: 'c59baf43e52db1ce733d3e2d8f7b6cb4') in 0.018711 seconds
Number of updated asset objects reloaded before import = 0
Number of asset objects unloaded after import = 3
========================================================================
Received Import Request.
  Time since last request: 0.000017 seconds.
  path: Assets/Architecture & Environment/Area specfic architecture/City of Tears/ruins_core_dark_wall.png
  artifactKey: Guid(24729783fc4cda741af66e542c3b7864) Importer(815301076,1909f56bfc062723c751e8b465ee728b)
Start importing Assets/Architecture & Environment/Area specfic architecture/City of Tears/ruins_core_dark_wall.png using Guid(24729783fc4cda741af66e542c3b7864) Importer(815301076,1909f56bfc062723c751e8b465ee728b)  -> (artifact id: '6c78df658a63148c49c15af4cfc6a1ed') in 0.026762 seconds
Number of updated asset objects reloaded before import = 0
Number of asset objects unloaded after import = 3
========================================================================
Received Import Request.
  Time since last request: 0.000027 seconds.
  path: Assets/Architecture & Environment/Area specfic architecture/City of Tears/ruins_mid_wall_back.png
  artifactKey: Guid(0e0089a47ff41744b994970d36eb90e1) Importer(815301076,1909f56bfc062723c751e8b465ee728b)
Start importing Assets/Architecture & Environment/Area specfic architecture/City of Tears/ruins_mid_wall_back.png using Guid(0e0089a47ff41744b994970d36eb90e1) Importer(815301076,1909f56bfc062723c751e8b465ee728b)  -> (artifact id: 'c4499ec02ba85c0f400bf125a6c9ef17') in 0.020749 seconds
Number of updated asset objects reloaded before import = 0
Number of asset objects unloaded after import = 3
========================================================================
Received Import Request.
  Time since last request: 7.331873 seconds.
  path: Assets/Resources/Environments/Area specfic architecture/City of Tears/ruins_mid_wall_back.png
  artifactKey: Guid(9fbae25a86b22e8459086dfe73f04518) Importer(815301076,1909f56bfc062723c751e8b465ee728b)
Start importing Assets/Resources/Environments/Area specfic architecture/City of Tears/ruins_mid_wall_back.png using Guid(9fbae25a86b22e8459086dfe73f04518) Importer(815301076,1909f56bfc062723c751e8b465ee728b)  -> (artifact id: 'a2ca4a6031eeb5b4f5f9fbb76b79a016') in 0.015701 seconds
Number of updated asset objects reloaded before import = 0
Number of asset objects unloaded after import = 3
========================================================================
Received Import Request.
  Time since last request: 0.000021 seconds.
  path: Assets/Architecture & Environment/Area specfic architecture/City of Tears/ruins_mid_walls_0000_a.png
  artifactKey: Guid(424b1655143caf34a8c338b90cc1940c) Importer(815301076,1909f56bfc062723c751e8b465ee728b)
Start importing Assets/Architecture & Environment/Area specfic architecture/City of Tears/ruins_mid_walls_0000_a.png using Guid(424b1655143caf34a8c338b90cc1940c) Importer(815301076,1909f56bfc062723c751e8b465ee728b)  -> (artifact id: '8b1cb6c9117a5d4aa8ad445a9e606fc9') in 0.035527 seconds
Number of updated asset objects reloaded before import = 0
Number of asset objects unloaded after import = 3
========================================================================
Received Import Request.
  Time since last request: 0.000020 seconds.
  path: Assets/Resources/Environments/Area specfic architecture/City of Tears/ruins_mid_walls_0002_a.png
  artifactKey: Guid(d6270871e29311d49b6f641f647aecb2) Importer(815301076,1909f56bfc062723c751e8b465ee728b)
Start importing Assets/Resources/Environments/Area specfic architecture/City of Tears/ruins_mid_walls_0002_a.png using Guid(d6270871e29311d49b6f641f647aecb2) Importer(815301076,1909f56bfc062723c751e8b465ee728b)  -> (artifact id: 'e5d74e8fa4de8400a624f9175b0a3fac') in 0.022753 seconds
Number of updated asset objects reloaded before import = 0
Number of asset objects unloaded after import = 3
========================================================================
Received Import Request.
  Time since last request: 0.000023 seconds.
  path: Assets/Architecture & Environment/Area specfic architecture/City of Tears/ruins_mid_walls_0003_a.png
  artifactKey: Guid(9b0ace7bf1ebc95468ed20a032a58893) Importer(815301076,1909f56bfc062723c751e8b465ee728b)
Start importing Assets/Architecture & Environment/Area specfic architecture/City of Tears/ruins_mid_walls_0003_a.png using Guid(9b0ace7bf1ebc95468ed20a032a58893) Importer(815301076,1909f56bfc062723c751e8b465ee728b)  -> (artifact id: '2697cf142f5cf060e6bb75001f69e6c2') in 0.021692 seconds
Number of updated asset objects reloaded before import = 0
Number of asset objects unloaded after import = 3
========================================================================
Received Import Request.
  Time since last request: 0.000028 seconds.
  path: Assets/Resources/Environments/Area specfic architecture/City of Tears/ruins_mid_walls_0004_a.png
  artifactKey: Guid(238872e46f4984441938f7c84e43f6f8) Importer(815301076,1909f56bfc062723c751e8b465ee728b)
Start importing Assets/Resources/Environments/Area specfic architecture/City of Tears/ruins_mid_walls_0004_a.png using Guid(238872e46f4984441938f7c84e43f6f8) Importer(815301076,1909f56bfc062723c751e8b465ee728b)  -> (artifact id: '43c33c71b75ec177a3aaadcbfe76e358') in 0.017932 seconds
Number of updated asset objects reloaded before import = 0
Number of asset objects unloaded after import = 3
========================================================================
Received Import Request.
  Time since last request: 0.000023 seconds.
  path: Assets/Resources/Environments/Area specfic architecture/Godhome/Land of Storms & Tuning area/shell_wall_0000_1.png
  artifactKey: Guid(bd006e3e5582fb344a3856dec4e38cf8) Importer(815301076,1909f56bfc062723c751e8b465ee728b)
Start importing Assets/Resources/Environments/Area specfic architecture/Godhome/Land of Storms & Tuning area/shell_wall_0000_1.png using Guid(bd006e3e5582fb344a3856dec4e38cf8) Importer(815301076,1909f56bfc062723c751e8b465ee728b)  -> (artifact id: '61ab079d28ba816a5c7375723b0af03c') in 0.020178 seconds
Number of updated asset objects reloaded before import = 0
Number of asset objects unloaded after import = 3
========================================================================
Received Import Request.
  Time since last request: 0.000018 seconds.
  path: Assets/Architecture & Environment/Area specfic architecture/Godhome/Land of Storms & Tuning area/shell_wall_0000_1.png
  artifactKey: Guid(25d75053d8e8c7e43a8faac98f177764) Importer(815301076,1909f56bfc062723c751e8b465ee728b)
Start importing Assets/Architecture & Environment/Area specfic architecture/Godhome/Land of Storms & Tuning area/shell_wall_0000_1.png using Guid(25d75053d8e8c7e43a8faac98f177764) Importer(815301076,1909f56bfc062723c751e8b465ee728b)  -> (artifact id: '122cb3e9bc43931ac82e3eb1ac4a404f') in 0.016905 seconds
Number of updated asset objects reloaded before import = 0
Number of asset objects unloaded after import = 3
========================================================================
Received Import Request.
  Time since last request: 0.000021 seconds.
  path: Assets/Resources/Environments/Area specfic architecture/City of Tears/ruins_mid_walls_0000_a.png
  artifactKey: Guid(9afb8a0115f60df4ca0d5cdb7492f0c9) Importer(815301076,1909f56bfc062723c751e8b465ee728b)
Start importing Assets/Resources/Environments/Area specfic architecture/City of Tears/ruins_mid_walls_0000_a.png using Guid(9afb8a0115f60df4ca0d5cdb7492f0c9) Importer(815301076,1909f56bfc062723c751e8b465ee728b)  -> (artifact id: '04828c9b1fbc064966484263246ec3bf') in 0.016560 seconds
Number of updated asset objects reloaded before import = 0
Number of asset objects unloaded after import = 3
========================================================================
Received Import Request.
  Time since last request: 1.551817 seconds.
  path: Assets/Architecture & Environment/Area specfic architecture/Deepnest/Distant Village/Spider_interior_set_0006_web_wall_01.png
  artifactKey: Guid(6be86f32993987646806467cf383c6f9) Importer(815301076,1909f56bfc062723c751e8b465ee728b)
Start importing Assets/Architecture & Environment/Area specfic architecture/Deepnest/Distant Village/Spider_interior_set_0006_web_wall_01.png using Guid(6be86f32993987646806467cf383c6f9) Importer(815301076,1909f56bfc062723c751e8b465ee728b)  -> (artifact id: 'dc544d70f96afc8d98c162f0a24a78ff') in 0.018839 seconds
Number of updated asset objects reloaded before import = 0
Number of asset objects unloaded after import = 3
========================================================================
Received Import Request.
  Time since last request: 0.000025 seconds.
  path: Assets/Architecture & Environment/Area specfic architecture/Deepnest/Distant Village/Spider_interior_set_0010_wall_hanging.png
  artifactKey: Guid(e5735c53aad06d14ba106b32b51828da) Importer(815301076,1909f56bfc062723c751e8b465ee728b)
Start importing Assets/Architecture & Environment/Area specfic architecture/Deepnest/Distant Village/Spider_interior_set_0010_wall_hanging.png using Guid(e5735c53aad06d14ba106b32b51828da) Importer(815301076,1909f56bfc062723c751e8b465ee728b)  -> (artifact id: '26a11c5f0bfa16c4f9b6b985c6f79183') in 0.021662 seconds
Number of updated asset objects reloaded before import = 0
Number of asset objects unloaded after import = 3
========================================================================
Received Import Request.
  Time since last request: 0.019061 seconds.
  path: Assets/Architecture & Environment/Area specfic architecture/Forgotten Crossroads/SpriteAtlasTexture-Grub_Wall-1024x1024-fmt12.png
  artifactKey: Guid(ab01ab6710989594fac5ca7c4744b79d) Importer(815301076,1909f56bfc062723c751e8b465ee728b)
Start importing Assets/Architecture & Environment/Area specfic architecture/Forgotten Crossroads/SpriteAtlasTexture-Grub_Wall-1024x1024-fmt12.png using Guid(ab01ab6710989594fac5ca7c4744b79d) Importer(815301076,1909f56bfc062723c751e8b465ee728b)  -> (artifact id: 'f2cc8c7d117f7b885201ef491a4e614b') in 0.020937 seconds
Number of updated asset objects reloaded before import = 0
Number of asset objects unloaded after import = 3
========================================================================
Received Import Request.
  Time since last request: 0.000020 seconds.
  path: Assets/Resources/Environments/stone_wall_mid.png
  artifactKey: Guid(611c101b0268d9a498f5408ae5bafb4b) Importer(815301076,1909f56bfc062723c751e8b465ee728b)
Start importing Assets/Resources/Environments/stone_wall_mid.png using Guid(611c101b0268d9a498f5408ae5bafb4b) Importer(815301076,1909f56bfc062723c751e8b465ee728b)  -> (artifact id: '1b7494226549bc4f55a14d5c102ee257') in 0.021370 seconds
Number of updated asset objects reloaded before import = 0
Number of asset objects unloaded after import = 3
========================================================================
Received Import Request.
  Time since last request: 0.000021 seconds.
  path: Assets/Architecture & Environment/Area specfic architecture/Forgotten Crossroads/Temple of the Black Egg/temple_int_FG_wall.png
  artifactKey: Guid(62bb3d4b18203af4ba5ce552aa9d61e3) Importer(815301076,1909f56bfc062723c751e8b465ee728b)
Start importing Assets/Architecture & Environment/Area specfic architecture/Forgotten Crossroads/Temple of the Black Egg/temple_int_FG_wall.png using Guid(62bb3d4b18203af4ba5ce552aa9d61e3) Importer(815301076,1909f56bfc062723c751e8b465ee728b)  -> (artifact id: '76ef9fedccfcd46cf705359e204be4b4') in 0.013965 seconds
Number of updated asset objects reloaded before import = 0
Number of asset objects unloaded after import = 3
========================================================================
Received Import Request.
  Time since last request: 0.005107 seconds.
  path: Assets/Architecture & Environment/Area specfic architecture/Forgotten Crossroads/Temple of the Black Egg/temple_plat_wall_01.png
  artifactKey: Guid(e52063d0908cd2b4e83dcdc5ee877f0f) Importer(815301076,1909f56bfc062723c751e8b465ee728b)
Start importing Assets/Architecture & Environment/Area specfic architecture/Forgotten Crossroads/Temple of the Black Egg/temple_plat_wall_01.png using Guid(e52063d0908cd2b4e83dcdc5ee877f0f) Importer(815301076,1909f56bfc062723c751e8b465ee728b)  -> (artifact id: 'e3ee3f713478dc0eef62a8dbbe853b56') in 0.037779 seconds
Number of updated asset objects reloaded before import = 0
Number of asset objects unloaded after import = 3
========================================================================
Received Import Request.
  Time since last request: 0.000022 seconds.
  path: Assets/Architecture & Environment/Area specfic architecture/King_s Pass/tut_wall_l_0000s_0000_Color-Balance-1-copy-9.png
  artifactKey: Guid(990a23769604d3e4b9d3e85c03438cae) Importer(815301076,1909f56bfc062723c751e8b465ee728b)
Start importing Assets/Architecture & Environment/Area specfic architecture/King_s Pass/tut_wall_l_0000s_0000_Color-Balance-1-copy-9.png using Guid(990a23769604d3e4b9d3e85c03438cae) Importer(815301076,1909f56bfc062723c751e8b465ee728b)  -> (artifact id: 'cc1b0d5b3bbb3cf53c5d5b7f5ca3be66') in 0.024918 seconds
Number of updated asset objects reloaded before import = 0
Number of asset objects unloaded after import = 3
========================================================================
Received Import Request.
  Time since last request: 1.557548 seconds.
  path: Assets/Architecture & Environment/Area specfic architecture/King_s Pass/tut_wall_l_0000s_0001_Color-Balance-1-copy-7.png
  artifactKey: Guid(291e6cdfe1fef114fa6bef1167210ebc) Importer(815301076,1909f56bfc062723c751e8b465ee728b)
Start importing Assets/Architecture & Environment/Area specfic architecture/King_s Pass/tut_wall_l_0000s_0001_Color-Balance-1-copy-7.png using Guid(291e6cdfe1fef114fa6bef1167210ebc) Importer(815301076,1909f56bfc062723c751e8b465ee728b)  -> (artifact id: '9d588ef6e3693be8d7bf6b7e5dba6c2b') in 0.015846 seconds
Number of updated asset objects reloaded before import = 0
Number of asset objects unloaded after import = 3
========================================================================
Received Import Request.
  Time since last request: 0.000018 seconds.
  path: Assets/Architecture & Environment/Area specfic architecture/King_s Pass/tut_wall_l_0000s_0003_Color-Balance-1-copy-3.png
  artifactKey: Guid(2d75e77c3519c1149bdb55361b0c3b34) Importer(815301076,1909f56bfc062723c751e8b465ee728b)
Start importing Assets/Architecture & Environment/Area specfic architecture/King_s Pass/tut_wall_l_0000s_0003_Color-Balance-1-copy-3.png using Guid(2d75e77c3519c1149bdb55361b0c3b34) Importer(815301076,1909f56bfc062723c751e8b465ee728b)  -> (artifact id: 'ff788c506c1e136ccfd63c3314ed46a2') in 0.028485 seconds
Number of updated asset objects reloaded before import = 0
Number of asset objects unloaded after import = 3
========================================================================
Received Import Request.
  Time since last request: 0.000020 seconds.
  path: Assets/Resources/Environments/Area specfic architecture/King_s Pass/tut_wall_l_0002_07.png
  artifactKey: Guid(a09d50bf171b11f40bf4e86d067ccffa) Importer(815301076,1909f56bfc062723c751e8b465ee728b)
Start importing Assets/Resources/Environments/Area specfic architecture/King_s Pass/tut_wall_l_0002_07.png using Guid(a09d50bf171b11f40bf4e86d067ccffa) Importer(815301076,1909f56bfc062723c751e8b465ee728b)  -> (artifact id: '14a563b1bec3132708697a2912f24f12') in 0.020089 seconds
Number of updated asset objects reloaded before import = 0
Number of asset objects unloaded after import = 3
========================================================================
Received Import Request.
  Time since last request: 0.000193 seconds.
  path: Assets/Architecture & Environment/Area specfic architecture/King_s Pass/tut_wall_l_0006_03.png
  artifactKey: Guid(8970ec91ad012c3409ebff5b5e1859ba) Importer(815301076,1909f56bfc062723c751e8b465ee728b)
Start importing Assets/Architecture & Environment/Area specfic architecture/King_s Pass/tut_wall_l_0006_03.png using Guid(8970ec91ad012c3409ebff5b5e1859ba) Importer(815301076,1909f56bfc062723c751e8b465ee728b)  -> (artifact id: '4d64860472da3c8dbaf5901f2e936e4f') in 0.021952 seconds
Number of updated asset objects reloaded before import = 0
Number of asset objects unloaded after import = 3
========================================================================
Received Import Request.
  Time since last request: 0.000020 seconds.
  path: Assets/Resources/Environments/Area specfic architecture/King_s Pass/tut_wall_l_0007_02.png
  artifactKey: Guid(10baf60a30d40614eb3d52e5d346a1a2) Importer(815301076,1909f56bfc062723c751e8b465ee728b)
Start importing Assets/Resources/Environments/Area specfic architecture/King_s Pass/tut_wall_l_0007_02.png using Guid(10baf60a30d40614eb3d52e5d346a1a2) Importer(815301076,1909f56bfc062723c751e8b465ee728b)  -> (artifact id: 'a40b47e2e0d37a561ca83ff7b19e4385') in 0.018252 seconds
Number of updated asset objects reloaded before import = 0
Number of asset objects unloaded after import = 3
========================================================================
Received Import Request.
  Time since last request: 0.000018 seconds.
  path: Assets/Architecture & Environment/Area specfic architecture/King_s Pass/tut_wall_r_0000_06.png
  artifactKey: Guid(9da3799c383b0134db915c3d846e1001) Importer(815301076,1909f56bfc062723c751e8b465ee728b)
Start importing Assets/Architecture & Environment/Area specfic architecture/King_s Pass/tut_wall_r_0000_06.png using Guid(9da3799c383b0134db915c3d846e1001) Importer(815301076,1909f56bfc062723c751e8b465ee728b)  -> (artifact id: '81fbeb4f600f78ecf33a2bc0b2ef132d') in 0.026227 seconds
Number of updated asset objects reloaded before import = 0
Number of asset objects unloaded after import = 3
========================================================================
Received Import Request.
  Time since last request: 0.000023 seconds.
  path: Assets/Resources/Environments/Area specfic architecture/King_s Pass/tut_wall_r_0001_05.png
  artifactKey: Guid(e79cff34ca5d405418a7ebdbfa301594) Importer(815301076,1909f56bfc062723c751e8b465ee728b)
Start importing Assets/Resources/Environments/Area specfic architecture/King_s Pass/tut_wall_r_0001_05.png using Guid(e79cff34ca5d405418a7ebdbfa301594) Importer(815301076,1909f56bfc062723c751e8b465ee728b)  -> (artifact id: '600101711bb555e3739831adaa43038f') in 0.015332 seconds
Number of updated asset objects reloaded before import = 0
Number of asset objects unloaded after import = 3
========================================================================
Received Import Request.
  Time since last request: 0.000019 seconds.
  path: Assets/Architecture & Environment/Area specfic architecture/King_s Pass/tut_wall_r_0005_01.png
  artifactKey: Guid(25bd16ee9eece2c4f84794af116eb4aa) Importer(815301076,1909f56bfc062723c751e8b465ee728b)
Start importing Assets/Architecture & Environment/Area specfic architecture/King_s Pass/tut_wall_r_0005_01.png using Guid(25bd16ee9eece2c4f84794af116eb4aa) Importer(815301076,1909f56bfc062723c751e8b465ee728b)  -> (artifact id: '3ffc69b77bda9cd526c509b10aa798d6') in 0.037135 seconds
Number of updated asset objects reloaded before import = 0
Number of asset objects unloaded after import = 3
========================================================================
Received Import Request.
  Time since last request: 0.000016 seconds.
  path: Assets/Resources/Environments/Area specfic architecture/King_s Pass/tut_wall_l_0000s_0004_Color-Balance-1-copy.png
  artifactKey: Guid(d50745ad52f5fc74485b5411a6e5f28c) Importer(815301076,1909f56bfc062723c751e8b465ee728b)
Start importing Assets/Resources/Environments/Area specfic architecture/King_s Pass/tut_wall_l_0000s_0004_Color-Balance-1-copy.png using Guid(d50745ad52f5fc74485b5411a6e5f28c) Importer(815301076,1909f56bfc062723c751e8b465ee728b)  -> (artifact id: '2eb47c340e85c97b087b57fe1ae94215') in 0.048847 seconds
Number of updated asset objects reloaded before import = 0
Number of asset objects unloaded after import = 3
========================================================================
Received Import Request.
  Time since last request: 0.000016 seconds.
  path: Assets/Resources/Environments/Area specfic architecture/King_s Pass/tut_wall_r_0003_03.png
  artifactKey: Guid(af86fc076c1a26f49b43b288c721251a) Importer(815301076,1909f56bfc062723c751e8b465ee728b)
Start importing Assets/Resources/Environments/Area specfic architecture/King_s Pass/tut_wall_r_0003_03.png using Guid(af86fc076c1a26f49b43b288c721251a) Importer(815301076,1909f56bfc062723c751e8b465ee728b)  -> (artifact id: '5ffd3124724069dab5505f98a2506c87') in 0.027227 seconds
Number of updated asset objects reloaded before import = 0
Number of asset objects unloaded after import = 3
========================================================================
Received Import Request.
  Time since last request: 0.517990 seconds.
  path: Assets/Resources/Environments/Area specfic architecture/King_s Pass/tut_wall_r_0005_01.png
  artifactKey: Guid(9eac939d4c798654096fc3ada7ae2778) Importer(815301076,1909f56bfc062723c751e8b465ee728b)
Start importing Assets/Resources/Environments/Area specfic architecture/King_s Pass/tut_wall_r_0005_01.png using Guid(9eac939d4c798654096fc3ada7ae2778) Importer(815301076,1909f56bfc062723c751e8b465ee728b)  -> (artifact id: '7f7254eb3cf78b7419321a47461e7011') in 0.014572 seconds
Number of updated asset objects reloaded before import = 0
Number of asset objects unloaded after import = 3
========================================================================
Received Import Request.
  Time since last request: 0.001944 seconds.
  path: Assets/Resources/Environments/Area specfic architecture/Forgotten Crossroads/Ancestral Mound/wall2_0001_Layer-0.png
  artifactKey: Guid(c381ca3705b6d5a4683b9849c9c295f2) Importer(815301076,1909f56bfc062723c751e8b465ee728b)
Start importing Assets/Resources/Environments/Area specfic architecture/Forgotten Crossroads/Ancestral Mound/wall2_0001_Layer-0.png using Guid(c381ca3705b6d5a4683b9849c9c295f2) Importer(815301076,1909f56bfc062723c751e8b465ee728b)  -> (artifact id: '5750da9c8734b9a82b19d652455e479d') in 0.018330 seconds
Number of updated asset objects reloaded before import = 0
Number of asset objects unloaded after import = 3
========================================================================
Received Import Request.
  Time since last request: 0.000023 seconds.
  path: Assets/Architecture & Environment/Area specfic architecture/Forgotten Crossroads/Ancestral Mound/wall2_0002_Layer-1.png
  artifactKey: Guid(f92ca107a41ac824ba0ebc958fde9ece) Importer(815301076,1909f56bfc062723c751e8b465ee728b)
Start importing Assets/Architecture & Environment/Area specfic architecture/Forgotten Crossroads/Ancestral Mound/wall2_0002_Layer-1.png using Guid(f92ca107a41ac824ba0ebc958fde9ece) Importer(815301076,1909f56bfc062723c751e8b465ee728b)  -> (artifact id: '3886c7618cd491c6d057dcf8b6ef24fd') in 0.016520 seconds
Number of updated asset objects reloaded before import = 0
Number of asset objects unloaded after import = 3
========================================================================
Received Import Request.
  Time since last request: 0.287002 seconds.
  path: Assets/Resources/Environments/Area specfic architecture/Forgotten Crossroads/Ancestral Mound/wall2_0003_Layer-3.png
  artifactKey: Guid(c1426c85f720ef54e8103b65523a9cf2) Importer(815301076,1909f56bfc062723c751e8b465ee728b)
Start importing Assets/Resources/Environments/Area specfic architecture/Forgotten Crossroads/Ancestral Mound/wall2_0003_Layer-3.png using Guid(c1426c85f720ef54e8103b65523a9cf2) Importer(815301076,1909f56bfc062723c751e8b465ee728b)  -> (artifact id: '3cceaacd77b8ec3b11ef073d96b5b3a1') in 0.016501 seconds
Number of updated asset objects reloaded before import = 0
Number of asset objects unloaded after import = 3
========================================================================
Received Import Request.
  Time since last request: 0.000016 seconds.
  path: Assets/Architecture & Environment/Area specfic architecture/Forgotten Crossroads/Ancestral Mound/wall3_0000_Layer-1.png
  artifactKey: Guid(5e60650a903d37b48a5a8854adb777a0) Importer(815301076,1909f56bfc062723c751e8b465ee728b)
Start importing Assets/Architecture & Environment/Area specfic architecture/Forgotten Crossroads/Ancestral Mound/wall3_0000_Layer-1.png using Guid(5e60650a903d37b48a5a8854adb777a0) Importer(815301076,1909f56bfc062723c751e8b465ee728b)  -> (artifact id: '4f7892cdf415b3092402d983b86f7d87') in 0.023158 seconds
Number of updated asset objects reloaded before import = 0
Number of asset objects unloaded after import = 3
========================================================================
Received Import Request.
  Time since last request: 0.000018 seconds.
  path: Assets/Resources/Environments/Area specfic architecture/Forgotten Crossroads/Ancestral Mound/wall4_0000_Layer-1.png
  artifactKey: Guid(385ad6815a584a84d8f0f68c02db93fc) Importer(815301076,1909f56bfc062723c751e8b465ee728b)
Start importing Assets/Resources/Environments/Area specfic architecture/Forgotten Crossroads/Ancestral Mound/wall4_0000_Layer-1.png using Guid(385ad6815a584a84d8f0f68c02db93fc) Importer(815301076,1909f56bfc062723c751e8b465ee728b)  -> (artifact id: '03c3bac8d2037dd9ade9d5f5dbf20ec8') in 0.021008 seconds
Number of updated asset objects reloaded before import = 0
Number of asset objects unloaded after import = 3
========================================================================
Received Import Request.
  Time since last request: 0.000023 seconds.
  path: Assets/Resources/Environments/wall_01.png
  artifactKey: Guid(61340c91c57249c4984af1952bd31282) Importer(815301076,1909f56bfc062723c751e8b465ee728b)
Start importing Assets/Resources/Environments/wall_01.png using Guid(61340c91c57249c4984af1952bd31282) Importer(815301076,1909f56bfc062723c751e8b465ee728b)  -> (artifact id: '31c33ad5d947c61f36c9cd2ad2b0bd30') in 0.016356 seconds
Number of updated asset objects reloaded before import = 0
Number of asset objects unloaded after import = 3
========================================================================
Received Import Request.
  Time since last request: 0.000021 seconds.
  path: Assets/Architecture & Environment/Area specfic architecture/Forgotten Crossroads/Ancestral Mound/wall_0000_Layer-1.png
  artifactKey: Guid(5b18a538206acb242b33ab1fe6658286) Importer(815301076,1909f56bfc062723c751e8b465ee728b)
Start importing Assets/Architecture & Environment/Area specfic architecture/Forgotten Crossroads/Ancestral Mound/wall_0000_Layer-1.png using Guid(5b18a538206acb242b33ab1fe6658286) Importer(815301076,1909f56bfc062723c751e8b465ee728b)  -> (artifact id: '7156ad4449c2989808e672d464b5edbe') in 0.009158 seconds
Number of updated asset objects reloaded before import = 0
Number of asset objects unloaded after import = 3
========================================================================
Received Import Request.
  Time since last request: 0.000017 seconds.
  path: Assets/Resources/Environments/Area specfic architecture/Forgotten Crossroads/Ancestral Mound/wall_0002_Layer-3.png
  artifactKey: Guid(efd45336bced3634d897481f3461cb02) Importer(815301076,1909f56bfc062723c751e8b465ee728b)
Start importing Assets/Resources/Environments/Area specfic architecture/Forgotten Crossroads/Ancestral Mound/wall_0002_Layer-3.png using Guid(efd45336bced3634d897481f3461cb02) Importer(815301076,1909f56bfc062723c751e8b465ee728b)  -> (artifact id: 'de791722f43186232e17ec8c16683692') in 0.016072 seconds
Number of updated asset objects reloaded before import = 0
Number of asset objects unloaded after import = 3
========================================================================
Received Import Request.
  Time since last request: 0.000026 seconds.
  path: Assets/Architecture & Environment/Area specfic architecture/Forgotten Crossroads/Ancestral Mound/wall3_0001_Layer-0.png
  artifactKey: Guid(d8147545ea2e06644bc19f9c2a47291f) Importer(815301076,1909f56bfc062723c751e8b465ee728b)
Start importing Assets/Architecture & Environment/Area specfic architecture/Forgotten Crossroads/Ancestral Mound/wall3_0001_Layer-0.png using Guid(d8147545ea2e06644bc19f9c2a47291f) Importer(815301076,1909f56bfc062723c751e8b465ee728b)  -> (artifact id: 'd657e3d6a915444009399705baf5d219') in 0.020943 seconds
Number of updated asset objects reloaded before import = 0
Number of asset objects unloaded after import = 3
========================================================================
Received Import Request.
  Time since last request: 0.000030 seconds.
  path: Assets/Architecture & Environment/wall_02_r.png
  artifactKey: Guid(fe2475b3132bc454482bf521a5c13b7b) Importer(815301076,1909f56bfc062723c751e8b465ee728b)
Start importing Assets/Architecture & Environment/wall_02_r.png using Guid(fe2475b3132bc454482bf521a5c13b7b) Importer(815301076,1909f56bfc062723c751e8b465ee728b)  -> (artifact id: 'fd9cd8a6f8f4ace509ea01a2e7f59cbd') in 0.018598 seconds
Number of updated asset objects reloaded before import = 0
Number of asset objects unloaded after import = 3
========================================================================
Received Import Request.
  Time since last request: 0.535122 seconds.
  path: Assets/Resources/Environments/Area specfic architecture/Forgotten Crossroads/Ancestral Mound/wall_0004_Layer-4.png
  artifactKey: Guid(666ad0452a7ed4843b93f3baca4ef051) Importer(815301076,1909f56bfc062723c751e8b465ee728b)
Start importing Assets/Resources/Environments/Area specfic architecture/Forgotten Crossroads/Ancestral Mound/wall_0004_Layer-4.png using Guid(666ad0452a7ed4843b93f3baca4ef051) Importer(815301076,1909f56bfc062723c751e8b465ee728b)  -> (artifact id: '0e6f3ad4b2b4cba3a4a56098af09069a') in 0.034152 seconds
Number of updated asset objects reloaded before import = 0
Number of asset objects unloaded after import = 3
========================================================================
Received Import Request.
  Time since last request: 0.000016 seconds.
  path: Assets/Architecture & Environment/wall_07_0003_01.png
  artifactKey: Guid(6acc7a63bb9168047ba3bfc902c1d1e1) Importer(815301076,1909f56bfc062723c751e8b465ee728b)
Start importing Assets/Architecture & Environment/wall_07_0003_01.png using Guid(6acc7a63bb9168047ba3bfc902c1d1e1) Importer(815301076,1909f56bfc062723c751e8b465ee728b)  -> (artifact id: '4a8077542b306b8dfcc6237413857013') in 0.021813 seconds
Number of updated asset objects reloaded before import = 0
Number of asset objects unloaded after import = 3
========================================================================
Received Import Request.
  Time since last request: 0.000021 seconds.
  path: Assets/Resources/Environments/wall_07_0001_03.png
  artifactKey: Guid(7bf622fc6b2043b4ba3d61e97872983e) Importer(815301076,1909f56bfc062723c751e8b465ee728b)
Start importing Assets/Resources/Environments/wall_07_0001_03.png using Guid(7bf622fc6b2043b4ba3d61e97872983e) Importer(815301076,1909f56bfc062723c751e8b465ee728b)  -> (artifact id: 'e321e58c08e322a86e1894167d5daa05') in 0.015735 seconds
Number of updated asset objects reloaded before import = 0
Number of asset objects unloaded after import = 3
========================================================================
Received Import Request.
  Time since last request: 0.000030 seconds.
  path: Assets/Resources/Environments/wall_08_0003_01.png
  artifactKey: Guid(a74c269f8b2d1bf48863fde12d674b3a) Importer(815301076,1909f56bfc062723c751e8b465ee728b)
Start importing Assets/Resources/Environments/wall_08_0003_01.png using Guid(a74c269f8b2d1bf48863fde12d674b3a) Importer(815301076,1909f56bfc062723c751e8b465ee728b)  -> (artifact id: '1bbfee9ca9428fad2ba6b62f7992dc8c') in 0.020056 seconds
Number of updated asset objects reloaded before import = 0
Number of asset objects unloaded after import = 3
========================================================================
Received Import Request.
  Time since last request: 0.000022 seconds.
  path: Assets/Architecture & Environment/wall_black_r.png
  artifactKey: Guid(8e24896eeef0e6b419f0b969b4a5e100) Importer(815301076,1909f56bfc062723c751e8b465ee728b)
Start importing Assets/Architecture & Environment/wall_black_r.png using Guid(8e24896eeef0e6b419f0b969b4a5e100) Importer(815301076,1909f56bfc062723c751e8b465ee728b)  -> (artifact id: 'eb64acaeacf13b0f0639b32cadd346da') in 0.009524 seconds
Number of updated asset objects reloaded before import = 0
Number of asset objects unloaded after import = 3
========================================================================
Received Import Request.
  Time since last request: 0.000016 seconds.
  path: Assets/Architecture & Environment/Area specfic architecture/City of Tears/wallpaper_small.png
  artifactKey: Guid(4d4fa2915d0dc564da14b831189d9d77) Importer(815301076,1909f56bfc062723c751e8b465ee728b)
Start importing Assets/Architecture & Environment/Area specfic architecture/City of Tears/wallpaper_small.png using Guid(4d4fa2915d0dc564da14b831189d9d77) Importer(815301076,1909f56bfc062723c751e8b465ee728b)  -> (artifact id: 'ce44d94a1f10dcded7de1966ee3419b3') in 0.019398 seconds
Number of updated asset objects reloaded before import = 0
Number of asset objects unloaded after import = 3
========================================================================
Received Import Request.
  Time since last request: 0.000016 seconds.
  path: Assets/Architecture & Environment/Area specfic architecture/Royal Waterways/waterway_break_wall_acid_02.png
  artifactKey: Guid(fdd80a0c67febad4a8e47230facad027) Importer(815301076,1909f56bfc062723c751e8b465ee728b)
Start importing Assets/Architecture & Environment/Area specfic architecture/Royal Waterways/waterway_break_wall_acid_02.png using Guid(fdd80a0c67febad4a8e47230facad027) Importer(815301076,1909f56bfc062723c751e8b465ee728b)  -> (artifact id: '736e60ff8108ee76cbf9de2189888c1f') in 0.021221 seconds
Number of updated asset objects reloaded before import = 0
Number of asset objects unloaded after import = 3
========================================================================
Received Import Request.
  Time since last request: 0.000021 seconds.
  path: Assets/Resources/Environments/Area specfic architecture/Royal Waterways/waterway_break_wall_acid_02.png
  artifactKey: Guid(354dd3cc724b68243abaf03ef5eb1dea) Importer(815301076,1909f56bfc062723c751e8b465ee728b)
Start importing Assets/Resources/Environments/Area specfic architecture/Royal Waterways/waterway_break_wall_acid_02.png using Guid(354dd3cc724b68243abaf03ef5eb1dea) Importer(815301076,1909f56bfc062723c751e8b465ee728b)  -> (artifact id: '3f2e62181f9df626f58f56f8e81ba677') in 0.018148 seconds
Number of updated asset objects reloaded before import = 0
Number of asset objects unloaded after import = 3
========================================================================
Received Import Request.
  Time since last request: 0.000019 seconds.
  path: Assets/Architecture & Environment/wall_07_0002_02.png
  artifactKey: Guid(100c62e90ca954c4f825e50d23ccd6fd) Importer(815301076,1909f56bfc062723c751e8b465ee728b)
Start importing Assets/Architecture & Environment/wall_07_0002_02.png using Guid(100c62e90ca954c4f825e50d23ccd6fd) Importer(815301076,1909f56bfc062723c751e8b465ee728b)  -> (artifact id: 'cb87aac268672cc37eaa4b83f81ab909') in 0.018990 seconds
Number of updated asset objects reloaded before import = 0
Number of asset objects unloaded after import = 3
========================================================================
Received Import Request.
  Time since last request: 0.000020 seconds.
  path: Assets/Resources/Environments/Area specfic architecture/City of Tears/wallpaper.png
  artifactKey: Guid(b3a8ad132045fe94185058d8d2b8bcaf) Importer(815301076,1909f56bfc062723c751e8b465ee728b)
Start importing Assets/Resources/Environments/Area specfic architecture/City of Tears/wallpaper.png using Guid(b3a8ad132045fe94185058d8d2b8bcaf) Importer(815301076,1909f56bfc062723c751e8b465ee728b)  -> (artifact id: 'd7525c56ed087143351ebf14fca8f088') in 0.024117 seconds
Number of updated asset objects reloaded before import = 0
Number of asset objects unloaded after import = 3
========================================================================
Received Import Request.
  Time since last request: 0.153162 seconds.
  path: Assets/Resources/Environments/Area specfic architecture/Royal Waterways/waterway_brick_wall_0000_1.png
  artifactKey: Guid(4e7833d5108ab4c41a6aaa326e4892f2) Importer(815301076,1909f56bfc062723c751e8b465ee728b)
Start importing Assets/Resources/Environments/Area specfic architecture/Royal Waterways/waterway_brick_wall_0000_1.png using Guid(4e7833d5108ab4c41a6aaa326e4892f2) Importer(815301076,1909f56bfc062723c751e8b465ee728b)  -> (artifact id: 'c97ed682e0128a08cdf0de337d585032') in 0.017887 seconds
Number of updated asset objects reloaded before import = 0
Number of asset objects unloaded after import = 3
========================================================================
Received Import Request.
  Time since last request: 0.000022 seconds.
  path: Assets/Resources/Environments/Area specfic architecture/Royal Waterways/waterway_brick_wall_0002_3.png
  artifactKey: Guid(3c9edd90c9ac0e041a04482b52e57f14) Importer(815301076,1909f56bfc062723c751e8b465ee728b)
Start importing Assets/Resources/Environments/Area specfic architecture/Royal Waterways/waterway_brick_wall_0002_3.png using Guid(3c9edd90c9ac0e041a04482b52e57f14) Importer(815301076,1909f56bfc062723c751e8b465ee728b)  -> (artifact id: '5157c60232a3fa449db8649fbcccc6c6') in 0.023440 seconds
Number of updated asset objects reloaded before import = 0
Number of asset objects unloaded after import = 3
========================================================================
Received Import Request.
  Time since last request: 0.000021 seconds.
  path: Assets/Architecture & Environment/Area specfic architecture/Royal Waterways/waterway_brick_wall_0002_3.png
  artifactKey: Guid(3391562958d66804eb1ed946e6d2b74a) Importer(815301076,1909f56bfc062723c751e8b465ee728b)
Start importing Assets/Architecture & Environment/Area specfic architecture/Royal Waterways/waterway_brick_wall_0002_3.png using Guid(3391562958d66804eb1ed946e6d2b74a) Importer(815301076,1909f56bfc062723c751e8b465ee728b)  -> (artifact id: '86abbb77c7ce89f5b8973cb32ab9ed1d') in 0.014668 seconds
Number of updated asset objects reloaded before import = 0
Number of asset objects unloaded after import = 3
========================================================================
Received Import Request.
  Time since last request: 0.000018 seconds.
  path: Assets/Architecture & Environment/Area specfic architecture/Forgotten Crossroads/Ancestral Mound/wd_BG_wall_02.png
  artifactKey: Guid(1ab5079741ff3cb43a3609aef0bc2307) Importer(815301076,1909f56bfc062723c751e8b465ee728b)
Start importing Assets/Architecture & Environment/Area specfic architecture/Forgotten Crossroads/Ancestral Mound/wd_BG_wall_02.png using Guid(1ab5079741ff3cb43a3609aef0bc2307) Importer(815301076,1909f56bfc062723c751e8b465ee728b)  -> (artifact id: 'e255bb403868c87aad0a764c57312aa8') in 0.015912 seconds
Number of updated asset objects reloaded before import = 0
Number of asset objects unloaded after import = 3
========================================================================
Received Import Request.
  Time since last request: 0.000019 seconds.
  path: Assets/Architecture & Environment/Area specfic architecture/Forgotten Crossroads/Ancestral Mound/wd_BG_wall_04.png
  artifactKey: Guid(bbc9dd24d2ea9e2418e6222d81488b31) Importer(815301076,1909f56bfc062723c751e8b465ee728b)
Start importing Assets/Architecture & Environment/Area specfic architecture/Forgotten Crossroads/Ancestral Mound/wd_BG_wall_04.png using Guid(bbc9dd24d2ea9e2418e6222d81488b31) Importer(815301076,1909f56bfc062723c751e8b465ee728b)  -> (artifact id: 'fd53ba2a8d8e46ece99324c380dee241') in 0.015466 seconds
Number of updated asset objects reloaded before import = 0
Number of asset objects unloaded after import = 3
========================================================================
Received Import Request.
  Time since last request: 0.000023 seconds.
  path: Assets/Architecture & Environment/Area specfic architecture/Forgotten Crossroads/Ancestral Mound/wd_wall_02_0000_Layer-1.png
  artifactKey: Guid(5134e566ad8a59c4ab3d4787300ee71c) Importer(815301076,1909f56bfc062723c751e8b465ee728b)
Start importing Assets/Architecture & Environment/Area specfic architecture/Forgotten Crossroads/Ancestral Mound/wd_wall_02_0000_Layer-1.png using Guid(5134e566ad8a59c4ab3d4787300ee71c) Importer(815301076,1909f56bfc062723c751e8b465ee728b)  -> (artifact id: '4bf774a32c91a58e2ad8d19b7cb79b04') in 0.030074 seconds
Number of updated asset objects reloaded before import = 0
Number of asset objects unloaded after import = 3
========================================================================
Received Import Request.
  Time since last request: 0.000016 seconds.
  path: Assets/Architecture & Environment/Area specfic architecture/Forgotten Crossroads/Ancestral Mound/wd_wall_02_0002_Layer-0.png
  artifactKey: Guid(d86581c290a1e3d46ad568dc08fff961) Importer(815301076,1909f56bfc062723c751e8b465ee728b)
Start importing Assets/Architecture & Environment/Area specfic architecture/Forgotten Crossroads/Ancestral Mound/wd_wall_02_0002_Layer-0.png using Guid(d86581c290a1e3d46ad568dc08fff961) Importer(815301076,1909f56bfc062723c751e8b465ee728b)  -> (artifact id: '3ddcb6c6f8e2516fd40bcc8c00271534') in 0.019004 seconds
Number of updated asset objects reloaded before import = 0
Number of asset objects unloaded after import = 3
========================================================================
Received Import Request.
  Time since last request: 0.000017 seconds.
  path: Assets/Architecture & Environment/Area specfic architecture/Forgotten Crossroads/Ancestral Mound/wd_wall_02_0003_Layer-3.png
  artifactKey: Guid(c223acbec45eae340ad7125b2efd33c8) Importer(815301076,1909f56bfc062723c751e8b465ee728b)
Start importing Assets/Architecture & Environment/Area specfic architecture/Forgotten Crossroads/Ancestral Mound/wd_wall_02_0003_Layer-3.png using Guid(c223acbec45eae340ad7125b2efd33c8) Importer(815301076,1909f56bfc062723c751e8b465ee728b)  -> (artifact id: '090291bb03814b145f20fad13817b066') in 0.019101 seconds
Number of updated asset objects reloaded before import = 0
Number of asset objects unloaded after import = 3
========================================================================
Received Import Request.
  Time since last request: 6.175879 seconds.
  path: Assets/Architecture & Environment/Area specfic architecture/Forgotten Crossroads/Ancestral Mound/wd_wall_06.png
  artifactKey: Guid(e69ae0ece604df2438b4254cd5f27983) Importer(815301076,1909f56bfc062723c751e8b465ee728b)
Start importing Assets/Architecture & Environment/Area specfic architecture/Forgotten Crossroads/Ancestral Mound/wd_wall_06.png using Guid(e69ae0ece604df2438b4254cd5f27983) Importer(815301076,1909f56bfc062723c751e8b465ee728b)  -> (artifact id: '541c9faefce16a3e0b579b43b8de57a8') in 0.017653 seconds
Number of updated asset objects reloaded before import = 0
Number of asset objects unloaded after import = 3
========================================================================
Received Import Request.
  Time since last request: 0.000019 seconds.
  path: Assets/Resources/Environments/Area specfic architecture/Forgotten Crossroads/Ancestral Mound/wd_wall_07.png
  artifactKey: Guid(a1c2479f3b16cad4181e154d374265cc) Importer(815301076,1909f56bfc062723c751e8b465ee728b)
Start importing Assets/Resources/Environments/Area specfic architecture/Forgotten Crossroads/Ancestral Mound/wd_wall_07.png using Guid(a1c2479f3b16cad4181e154d374265cc) Importer(815301076,1909f56bfc062723c751e8b465ee728b)  -> (artifact id: '6beeb5a9b864b59fbbc23730a27169ce') in 0.029300 seconds
Number of updated asset objects reloaded before import = 0
Number of asset objects unloaded after import = 3
========================================================================
Received Import Request.
  Time since last request: 0.000025 seconds.
  path: Assets/Resources/Environments/Area specfic architecture/White Palace/workshop_wall.png
  artifactKey: Guid(76fb41575bc60294bbb9c73cadf26185) Importer(815301076,1909f56bfc062723c751e8b465ee728b)
Start importing Assets/Resources/Environments/Area specfic architecture/White Palace/workshop_wall.png using Guid(76fb41575bc60294bbb9c73cadf26185) Importer(815301076,1909f56bfc062723c751e8b465ee728b)  -> (artifact id: 'e907260bc3ae24126db37a1ba5f43c38') in 0.016855 seconds
Number of updated asset objects reloaded before import = 0
Number of asset objects unloaded after import = 3
========================================================================
Received Import Request.
  Time since last request: 0.000029 seconds.
  path: Assets/Resources/Environments/web_wall_01.png
  artifactKey: Guid(507a43deaa11749459267e6bf51c64e0) Importer(815301076,1909f56bfc062723c751e8b465ee728b)
Start importing Assets/Resources/Environments/web_wall_01.png using Guid(507a43deaa11749459267e6bf51c64e0) Importer(815301076,1909f56bfc062723c751e8b465ee728b)  -> (artifact id: 'a09160859db025f80544fcc636327365') in 0.023475 seconds
Number of updated asset objects reloaded before import = 0
Number of asset objects unloaded after import = 3
========================================================================
Received Import Request.
  Time since last request: 0.000017 seconds.
  path: Assets/Resources/Environments/Area specfic architecture/Forgotten Crossroads/Ancestral Mound/wd_wall_12.png
  artifactKey: Guid(6adb27645adf97a4abeb99514fb9060e) Importer(815301076,1909f56bfc062723c751e8b465ee728b)
Start importing Assets/Resources/Environments/Area specfic architecture/Forgotten Crossroads/Ancestral Mound/wd_wall_12.png using Guid(6adb27645adf97a4abeb99514fb9060e) Importer(815301076,1909f56bfc062723c751e8b465ee728b)  -> (artifact id: '217bb4c6d085dc68f9cd829e27e060aa') in 0.026207 seconds
Number of updated asset objects reloaded before import = 0
Number of asset objects unloaded after import = 3
Editor requested this worker to shutdown with reason: Scaling down because of idle timeout
TcpMessagingSession - receive error: operation aborted. errorcode: 995, details: The I/O operation has been aborted because of either a thread exit or an application request.
AssetImportWorker is now disconnected from the server
Process exiting
Exiting without the bug reporter. Application will terminate with return code 0