Using pre-set license
Built from '2022.3/staging' branch; Version is '2022.3.27f1 (73effa14754f) revision 7598074'; Using compiler version '192829333'; Build Type 'Release'
OS: 'Windows 11  (10.0.26100) 64bit CoreSingleLanguage' Language: 'en' Physical Memory: 15724 MB
BatchMode: 1, IsHumanControllingUs: 0, StartBugReporterOnCrash: 0, Is64bit: 1, IsPro: 1

COMMAND LINE ARGUMENTS:
C:\Program Files\Unity\Hub\Editor\2022.3.27f1\Editor\Unity.exe
-adb2
-batchMode
-noUpm
-name
AssetImportWorker14
-projectPath
D:/Remaster/Hollow-Knight-Remaster/HollowKnightRemaster
-logFile
Logs/AssetImportWorker14.log
-srvPort
54758
Successfully changed project path to: D:/Remaster/Hollow-Knight-Remaster/HollowKnightRemaster
D:/Remaster/Hollow-Knight-Remaster/HollowKnightRemaster
[UnityMemory] Configuration Parameters - Can be set up in boot.config
    "memorysetup-bucket-allocator-granularity=16"
    "memorysetup-bucket-allocator-bucket-count=8"
    "memorysetup-bucket-allocator-block-size=33554432"
    "memorysetup-bucket-allocator-block-count=8"
    "memorysetup-main-allocator-block-size=16777216"
    "memorysetup-thread-allocator-block-size=16777216"
    "memorysetup-gfx-main-allocator-block-size=16777216"
    "memorysetup-gfx-thread-allocator-block-size=16777216"
    "memorysetup-cache-allocator-block-size=4194304"
    "memorysetup-typetree-allocator-block-size=2097152"
    "memorysetup-profiler-bucket-allocator-granularity=16"
    "memorysetup-profiler-bucket-allocator-bucket-count=8"
    "memorysetup-profiler-bucket-allocator-block-size=33554432"
    "memorysetup-profiler-bucket-allocator-block-count=8"
    "memorysetup-profiler-allocator-block-size=16777216"
    "memorysetup-profiler-editor-allocator-block-size=1048576"
    "memorysetup-temp-allocator-size-main=16777216"
    "memorysetup-job-temp-allocator-block-size=2097152"
    "memorysetup-job-temp-allocator-block-size-background=1048576"
    "memorysetup-job-temp-allocator-reduction-small-platforms=262144"
    "memorysetup-allocator-temp-initial-block-size-main=262144"
    "memorysetup-allocator-temp-initial-block-size-worker=262144"
    "memorysetup-temp-allocator-size-background-worker=32768"
    "memorysetup-temp-allocator-size-job-worker=262144"
    "memorysetup-temp-allocator-size-preload-manager=33554432"
    "memorysetup-temp-allocator-size-nav-mesh-worker=65536"
    "memorysetup-temp-allocator-size-audio-worker=65536"
    "memorysetup-temp-allocator-size-cloud-worker=32768"
    "memorysetup-temp-allocator-size-gi-baking-worker=262144"
    "memorysetup-temp-allocator-size-gfx=262144"
Player connection [27664] Host "[IP] 192.168.2.194 [Port] 0 [Flags] 2 [Guid] 1311646104 [EditorId] 1311646104 [Version] 1048832 [Id] WindowsEditor(7,LeiFeng) [Debug] 1 [PackageName] WindowsEditor [ProjectName] Editor" joined multi-casting on [225.0.0.222:54997]...

Player connection [27664] Host "[IP] 192.168.2.194 [Port] 0 [Flags] 2 [Guid] 1311646104 [EditorId] 1311646104 [Version] 1048832 [Id] WindowsEditor(7,LeiFeng) [Debug] 1 [PackageName] WindowsEditor [ProjectName] Editor" joined alternative multi-casting on [225.0.0.222:34997]...

[Physics::Module] Initialized MultithreadedJobDispatcher with 11 workers.
Refreshing native plugins compatible for Editor in 17.19 ms, found 4 plugins.
Preloading 0 native plugins for Editor in 0.00 ms.
Initialize engine version: 2022.3.27f1 (73effa14754f)
[Subsystems] Discovering subsystems at path C:/Program Files/Unity/Hub/Editor/2022.3.27f1/Editor/Data/Resources/UnitySubsystems
[Subsystems] Discovering subsystems at path D:/Remaster/Hollow-Knight-Remaster/HollowKnightRemaster/Assets
GfxDevice: creating device client; threaded=0; jobified=0
Direct3D:
    Version:  Direct3D 11.0 [level 11.1]
    Renderer: NVIDIA GeForce GTX 1650 (ID=0x1f9d)
    Vendor:   NVIDIA
    VRAM:     3937 MB
    Driver:   32.0.15.6636
Initialize mono
Mono path[0] = 'C:/Program Files/Unity/Hub/Editor/2022.3.27f1/Editor/Data/Managed'
Mono path[1] = 'C:/Program Files/Unity/Hub/Editor/2022.3.27f1/Editor/Data/MonoBleedingEdge/lib/mono/unityjit-win32'
Mono config path = 'C:/Program Files/Unity/Hub/Editor/2022.3.27f1/Editor/Data/MonoBleedingEdge/etc'
Using monoOptions --debugger-agent=transport=dt_socket,embedding=1,server=y,suspend=n,address=127.0.0.1:56884
Begin MonoManager ReloadAssembly
Registering precompiled unity dll's ...
Register platform support module: C:/Program Files/Unity/Hub/Editor/2022.3.27f1/Editor/Data/PlaybackEngines/WebGLSupport/UnityEditor.WebGL.Extensions.dll
Register platform support module: C:/Program Files/Unity/Hub/Editor/2022.3.27f1/Editor/Data/PlaybackEngines/WindowsStandaloneSupport/UnityEditor.WindowsStandalone.Extensions.dll
Registered in 0.013683 seconds.
- Loaded All Assemblies, in  0.548 seconds
Native extension for WindowsStandalone target not found
Native extension for WebGL target not found
Mono: successfully reloaded assembly
- Finished resetting the current domain, in  0.520 seconds
Domain Reload Profiling: 1064ms
	BeginReloadAssembly (143ms)
		ExecutionOrderSort (0ms)
		DisableScriptedObjects (0ms)
		BackupInstance (0ms)
		ReleaseScriptingObjects (0ms)
		CreateAndSetChildDomain (1ms)
	RebuildCommonClasses (57ms)
	RebuildNativeTypeToScriptingClass (16ms)
	initialDomainReloadingComplete (91ms)
	LoadAllAssembliesAndSetupDomain (235ms)
		LoadAssemblies (138ms)
		RebuildTransferFunctionScriptingTraits (0ms)
		AnalyzeDomain (231ms)
			TypeCache.Refresh (228ms)
				TypeCache.ScanAssembly (208ms)
			ScanForSourceGeneratedMonoScriptInfo (1ms)
			ResolveRequiredComponents (1ms)
	FinalizeReload (521ms)
		ReleaseScriptCaches (0ms)
		RebuildScriptCaches (0ms)
		SetupLoadedEditorAssemblies (406ms)
			LogAssemblyErrors (0ms)
			InitializePlatformSupportModulesInManaged (42ms)
			SetLoadedEditorAssemblies (12ms)
			RefreshPlugins (0ms)
			BeforeProcessingInitializeOnLoad (9ms)
			ProcessInitializeOnLoadAttributes (274ms)
			ProcessInitializeOnLoadMethodAttributes (68ms)
			AfterProcessingInitializeOnLoad (0ms)
			EditorAssembliesLoaded (0ms)
		ExecutionOrderSort2 (0ms)
		AwakeInstancesAfterBackupRestoration (0ms)
========================================================================
Worker process is ready to serve import requests
Begin MonoManager ReloadAssembly
- Loaded All Assemblies, in  0.668 seconds
Refreshing native plugins compatible for Editor in 5.70 ms, found 4 plugins.
Native extension for WindowsStandalone target not found
Native extension for WebGL target not found
Package Manager log level set to [2]
[Package Manager] Server::EnsureServerProcessIsRunning -- launch failed, reason: Unity was launched with the -noUpm command-line argument
[Package Manager] UpmClient::Send -- Unable to send message (not connected to UPM process).
[Package Manager] Cannot connect to Unity Package Manager local server
Mono: successfully reloaded assembly
- Finished resetting the current domain, in  0.788 seconds
Domain Reload Profiling: 1453ms
	BeginReloadAssembly (136ms)
		ExecutionOrderSort (0ms)
		DisableScriptedObjects (5ms)
		BackupInstance (0ms)
		ReleaseScriptingObjects (0ms)
		CreateAndSetChildDomain (21ms)
	RebuildCommonClasses (29ms)
	RebuildNativeTypeToScriptingClass (9ms)
	initialDomainReloadingComplete (42ms)
	LoadAllAssembliesAndSetupDomain (449ms)
		LoadAssemblies (320ms)
		RebuildTransferFunctionScriptingTraits (0ms)
		AnalyzeDomain (205ms)
			TypeCache.Refresh (171ms)
				TypeCache.ScanAssembly (157ms)
			ScanForSourceGeneratedMonoScriptInfo (24ms)
			ResolveRequiredComponents (9ms)
	FinalizeReload (788ms)
		ReleaseScriptCaches (0ms)
		RebuildScriptCaches (0ms)
		SetupLoadedEditorAssemblies (630ms)
			LogAssemblyErrors (0ms)
			InitializePlatformSupportModulesInManaged (7ms)
			SetLoadedEditorAssemblies (4ms)
			RefreshPlugins (0ms)
			BeforeProcessingInitializeOnLoad (80ms)
			ProcessInitializeOnLoadAttributes (442ms)
			ProcessInitializeOnLoadMethodAttributes (88ms)
			AfterProcessingInitializeOnLoad (8ms)
			EditorAssembliesLoaded (0ms)
		ExecutionOrderSort2 (0ms)
		AwakeInstancesAfterBackupRestoration (7ms)
Launched and connected shader compiler UnityShaderCompiler.exe after 0.04 seconds
Refreshing native plugins compatible for Editor in 9.88 ms, found 4 plugins.
Preloading 0 native plugins for Editor in 0.00 ms.
Unloading 6027 Unused Serialized files (Serialized files now loaded: 0)
Unloading 97 unused Assets / (0.8 MB). Loaded Objects now: 6488.
Memory consumption went from 232.1 MB to 231.4 MB.
Total: 9.351900 ms (FindLiveObjects: 1.124500 ms CreateObjectMapping: 0.604300 ms MarkObjects: 6.941800 ms  DeleteObjects: 0.679600 ms)

AssetImportParameters requested are different than current active one (requested -> active):
  custom:container-demuxer-ogg: 62fdf1f143b41e24485cea50d1cbac27 -> 
  custom:video-codec-MediaFoundation-h265: 746d11721c4dcdbdad8f713fa42b33f4 -> 
  custom:video-decoder-ogg-theora: a1e56fd34408186e4bbccfd4996cb3dc -> 
  custom:framework-win-MediaFoundation: 216162199b28c13a410421893ffa2e32 -> 
  custom:CustomObjectIndexerAttribute: 72b91833f83ae208fae7752999fa3104 -> 
  custom:container-demuxer-webm: 4f35f7cbe854078d1ac9338744f61a02 -> 
  custom:container-muxer-webm: aa71ff27fc2769a1b78a27578f13a17b -> 
  custom:video-decoder-webm-vp8: 9c59270c3fd7afecdb556c50c9e8de78 -> 
  custom:SearchIndexIgnoredProperties: e643bd26f0fe6173181afceb89e7c659 -> 
  custom:AudioImporter_EditorPlatform: d09bf68614088b80899f8185d706f6e7 -> 
  custom:video-encoder-webm-vp8: eb34c28f22e8b96e1ab97ce403110664 -> 
  custom:audio-decoder-ogg-vorbis: bf7c407c2cedff20999df2af8eb42d56 -> 
  custom:audio-encoder-webm-vorbis: bf7c407c2cedff20999df2af8eb42d56 -> 
========================================================================
Received Import Request.
  Time since last request: 80906.458785 seconds.
  path: Assets/Architecture & Environment/Area specfic architecture/Greenpath/No_eyes_temple_0001_5.png
  artifactKey: Guid(49db913b83a94a944be6442d700a6c18) Importer(815301076,1909f56bfc062723c751e8b465ee728b)
Start importing Assets/Architecture & Environment/Area specfic architecture/Greenpath/No_eyes_temple_0001_5.png using Guid(49db913b83a94a944be6442d700a6c18) Importer(815301076,1909f56bfc062723c751e8b465ee728b)  -> (artifact id: '4a82cb260f4ec4d3a79cef19f786ae59') in 0.100762 seconds
Number of updated asset objects reloaded before import = 0
Number of asset objects unloaded after import = 3
========================================================================
Received Import Request.
  Time since last request: 0.000024 seconds.
  path: Assets/Architecture & Environment/Area specfic architecture/Greenpath/Slug_Shrine_0000_a.png
  artifactKey: Guid(f057850324f2086458c8239e503c1759) Importer(815301076,1909f56bfc062723c751e8b465ee728b)
Start importing Assets/Architecture & Environment/Area specfic architecture/Greenpath/Slug_Shrine_0000_a.png using Guid(f057850324f2086458c8239e503c1759) Importer(815301076,1909f56bfc062723c751e8b465ee728b)  -> (artifact id: 'e1f8c10e83e9e9781af5ee30c723366a') in 0.030839 seconds
Number of updated asset objects reloaded before import = 0
Number of asset objects unloaded after import = 3
========================================================================
Received Import Request.
  Time since last request: 0.000030 seconds.
  path: Assets/Architecture & Environment/Area specfic architecture/Greenpath/SpriteAtlasTexture-Hunter-512x512-fmt12.png
  artifactKey: Guid(94b450ef98603874f9cf79099051cdfe) Importer(815301076,1909f56bfc062723c751e8b465ee728b)
Start importing Assets/Architecture & Environment/Area specfic architecture/Greenpath/SpriteAtlasTexture-Hunter-512x512-fmt12.png using Guid(94b450ef98603874f9cf79099051cdfe) Importer(815301076,1909f56bfc062723c751e8b465ee728b)  -> (artifact id: 'c2008b90c34f314e489ed7688f123890') in 0.017815 seconds
Number of updated asset objects reloaded before import = 0
Number of asset objects unloaded after import = 3
========================================================================
Received Import Request.
  Time since last request: 0.000017 seconds.
  path: Assets/Architecture & Environment/Area specfic architecture/Greenpath/thorn_mid_back.png
  artifactKey: Guid(647a30259ad6a9d41b814e9085b71ef7) Importer(815301076,1909f56bfc062723c751e8b465ee728b)
Start importing Assets/Architecture & Environment/Area specfic architecture/Greenpath/thorn_mid_back.png using Guid(647a30259ad6a9d41b814e9085b71ef7) Importer(815301076,1909f56bfc062723c751e8b465ee728b)  -> (artifact id: 'b43ccb22fa3de3d8baa5b972cdc8b35c') in 0.019586 seconds
Number of updated asset objects reloaded before import = 0
Number of asset objects unloaded after import = 3
========================================================================
Received Import Request.
  Time since last request: 0.000024 seconds.
  path: Assets/Architecture & Environment/Area specfic architecture/Greenpath/painting_nailsmith_0001_paint2.png
  artifactKey: Guid(7acdd9453331a8747a1b473167f3dccd) Importer(815301076,1909f56bfc062723c751e8b465ee728b)
Start importing Assets/Architecture & Environment/Area specfic architecture/Greenpath/painting_nailsmith_0001_paint2.png using Guid(7acdd9453331a8747a1b473167f3dccd) Importer(815301076,1909f56bfc062723c751e8b465ee728b)  -> (artifact id: '414bf1a364e0cae9e47716a428233e6d') in 0.020473 seconds
Number of updated asset objects reloaded before import = 0
Number of asset objects unloaded after import = 3
========================================================================
Received Import Request.
  Time since last request: 0.000019 seconds.
  path: Assets/Architecture & Environment/Area specfic architecture/Greenpath/Slug_Shrine_0001_a.png
  artifactKey: Guid(3bd475366d4a5244ca3fb723fab8e27e) Importer(815301076,1909f56bfc062723c751e8b465ee728b)
Start importing Assets/Architecture & Environment/Area specfic architecture/Greenpath/Slug_Shrine_0001_a.png using Guid(3bd475366d4a5244ca3fb723fab8e27e) Importer(815301076,1909f56bfc062723c751e8b465ee728b)  -> (artifact id: '2afff96122be76c5836cefa9686cd14f') in 0.024532 seconds
Number of updated asset objects reloaded before import = 0
Number of asset objects unloaded after import = 3
========================================================================
Received Import Request.
  Time since last request: 0.000023 seconds.
  path: Assets/Architecture & Environment/Area specfic architecture/Greenpath/No_eyes_temple_0004_2.png
  artifactKey: Guid(d003c40144a267047b0ba544a1c21b86) Importer(815301076,1909f56bfc062723c751e8b465ee728b)
Start importing Assets/Architecture & Environment/Area specfic architecture/Greenpath/No_eyes_temple_0004_2.png using Guid(d003c40144a267047b0ba544a1c21b86) Importer(815301076,1909f56bfc062723c751e8b465ee728b)  -> (artifact id: 'c92d864d2889f15192a2975f80c96a19') in 0.021829 seconds
Number of updated asset objects reloaded before import = 0
Number of asset objects unloaded after import = 3
========================================================================
Received Import Request.
  Time since last request: 21.619581 seconds.
  path: Assets/Resources/Environments/fall_top_07.png
  artifactKey: Guid(16b19f43d2c52aa46ae7b74e5ade21b2) Importer(815301076,1909f56bfc062723c751e8b465ee728b)
Start importing Assets/Resources/Environments/fall_top_07.png using Guid(16b19f43d2c52aa46ae7b74e5ade21b2) Importer(815301076,1909f56bfc062723c751e8b465ee728b)  -> (artifact id: '387851898d27c8acbb15042a77d4c189') in 0.017190 seconds
Number of updated asset objects reloaded before import = 0
Number of asset objects unloaded after import = 3
========================================================================
Received Import Request.
  Time since last request: 0.000025 seconds.
  path: Assets/Resources/Environments/far_BG_rocks.png
  artifactKey: Guid(0d3b90716b37d484bbaebfeac5aa7f56) Importer(815301076,1909f56bfc062723c751e8b465ee728b)
Start importing Assets/Resources/Environments/far_BG_rocks.png using Guid(0d3b90716b37d484bbaebfeac5aa7f56) Importer(815301076,1909f56bfc062723c751e8b465ee728b)  -> (artifact id: '67a90ccb7d31cd775420631b66ac1a8c') in 0.022448 seconds
Number of updated asset objects reloaded before import = 0
Number of asset objects unloaded after import = 3
========================================================================
Received Import Request.
  Time since last request: 0.000034 seconds.
  path: Assets/Resources/Environments/floor_layered_0000_04.png
  artifactKey: Guid(b5ea90256e379024aabc2b9ece2f5bfc) Importer(815301076,1909f56bfc062723c751e8b465ee728b)
Start importing Assets/Resources/Environments/floor_layered_0000_04.png using Guid(b5ea90256e379024aabc2b9ece2f5bfc) Importer(815301076,1909f56bfc062723c751e8b465ee728b)  -> (artifact id: 'f32fee68ada33fd893e928e93be78227') in 0.018423 seconds
Number of updated asset objects reloaded before import = 0
Number of asset objects unloaded after import = 3
========================================================================
Received Import Request.
  Time since last request: 0.000021 seconds.
  path: Assets/Resources/Environments/floor_layered_0003_01.png
  artifactKey: Guid(44d9200159835fb4f98a5a12a68935f1) Importer(815301076,1909f56bfc062723c751e8b465ee728b)
Start importing Assets/Resources/Environments/floor_layered_0003_01.png using Guid(44d9200159835fb4f98a5a12a68935f1) Importer(815301076,1909f56bfc062723c751e8b465ee728b)  -> (artifact id: '47c42c0cda6413ed200d1baf25857f24') in 0.017888 seconds
Number of updated asset objects reloaded before import = 0
Number of asset objects unloaded after import = 3
========================================================================
Received Import Request.
  Time since last request: 0.003529 seconds.
  path: Assets/Resources/Environments/fountain_house_mask.png
  artifactKey: Guid(2d8528dc10fa46e489561877f51c54cb) Importer(815301076,1909f56bfc062723c751e8b465ee728b)
Start importing Assets/Resources/Environments/fountain_house_mask.png using Guid(2d8528dc10fa46e489561877f51c54cb) Importer(815301076,1909f56bfc062723c751e8b465ee728b)  -> (artifact id: '3f9130efa32718effff5657af7b5e8f8') in 0.022494 seconds
Number of updated asset objects reloaded before import = 0
Number of asset objects unloaded after import = 3
========================================================================
Received Import Request.
  Time since last request: 0.020039 seconds.
  path: Assets/Resources/Environments/Lance_object.png
  artifactKey: Guid(a76f95cbbd1e5554c95d0b5eede53526) Importer(815301076,1909f56bfc062723c751e8b465ee728b)
Start importing Assets/Resources/Environments/Lance_object.png using Guid(a76f95cbbd1e5554c95d0b5eede53526) Importer(815301076,1909f56bfc062723c751e8b465ee728b)  -> (artifact id: 'f83bea3f61f2af0cb7b1b7e3fa5db908') in 0.016117 seconds
Number of updated asset objects reloaded before import = 0
Number of asset objects unloaded after import = 3
========================================================================
Received Import Request.
  Time since last request: 0.018769 seconds.
  path: Assets/Resources/Environments/lift_01_layered_0000_Layer-2.png
  artifactKey: Guid(8719f199c63ffe84d8ca2d8f78a30415) Importer(815301076,1909f56bfc062723c751e8b465ee728b)
Start importing Assets/Resources/Environments/lift_01_layered_0000_Layer-2.png using Guid(8719f199c63ffe84d8ca2d8f78a30415) Importer(815301076,1909f56bfc062723c751e8b465ee728b)  -> (artifact id: 'e1775546d30007ad5546dd4a23335ce2') in 0.018094 seconds
Number of updated asset objects reloaded before import = 0
Number of asset objects unloaded after import = 3
========================================================================
Received Import Request.
  Time since last request: 0.000025 seconds.
  path: Assets/Resources/Environments/lift_02_layered_0000_Layer-0.png
  artifactKey: Guid(8761c4c678fb600428166a4ddedc72b6) Importer(815301076,1909f56bfc062723c751e8b465ee728b)
Start importing Assets/Resources/Environments/lift_02_layered_0000_Layer-0.png using Guid(8761c4c678fb600428166a4ddedc72b6) Importer(815301076,1909f56bfc062723c751e8b465ee728b)  -> (artifact id: 'ab546de3d7589f77aa6bc42e9c6ba4a0') in 0.031431 seconds
Number of updated asset objects reloaded before import = 0
Number of asset objects unloaded after import = 3
========================================================================
Received Import Request.
  Time since last request: 48.189106 seconds.
  path: Assets/Resources/Environments/main_lift_top_gate_0003_Layer-9.png
  artifactKey: Guid(7f389058364358a418a5ac232339ec06) Importer(815301076,1909f56bfc062723c751e8b465ee728b)
Start importing Assets/Resources/Environments/main_lift_top_gate_0003_Layer-9.png using Guid(7f389058364358a418a5ac232339ec06) Importer(815301076,1909f56bfc062723c751e8b465ee728b)  -> (artifact id: '32c023924479c97212c25461a8bd0914') in 0.021264 seconds
Number of updated asset objects reloaded before import = 0
Number of asset objects unloaded after import = 3
========================================================================
Received Import Request.
  Time since last request: 0.003565 seconds.
  path: Assets/Resources/Environments/metal_additions_back_frame.png
  artifactKey: Guid(f4fdd8b40befa88418471b90bee25e88) Importer(815301076,1909f56bfc062723c751e8b465ee728b)
Start importing Assets/Resources/Environments/metal_additions_back_frame.png using Guid(f4fdd8b40befa88418471b90bee25e88) Importer(815301076,1909f56bfc062723c751e8b465ee728b)  -> (artifact id: '16a8e4017942b3bc1fc51a91ad378558') in 0.018743 seconds
Number of updated asset objects reloaded before import = 0
Number of asset objects unloaded after import = 3
========================================================================
Received Import Request.
  Time since last request: 0.000964 seconds.
  path: Assets/Resources/Environments/msk_angle_stalactites.png
  artifactKey: Guid(f3a16ee7bafc7cd4db9821135fd1a5f0) Importer(815301076,1909f56bfc062723c751e8b465ee728b)
Start importing Assets/Resources/Environments/msk_angle_stalactites.png using Guid(f3a16ee7bafc7cd4db9821135fd1a5f0) Importer(815301076,1909f56bfc062723c751e8b465ee728b)  -> (artifact id: 'd9daa8bf63fe22ef00858d37868fb912') in 0.019502 seconds
Number of updated asset objects reloaded before import = 0
Number of asset objects unloaded after import = 3
========================================================================
Received Import Request.
  Time since last request: 0.000018 seconds.
  path: Assets/Resources/Environments/msk_station.png
  artifactKey: Guid(bc5d878240e1fa74aa57a724c003ae34) Importer(815301076,1909f56bfc062723c751e8b465ee728b)
Start importing Assets/Resources/Environments/msk_station.png using Guid(bc5d878240e1fa74aa57a724c003ae34) Importer(815301076,1909f56bfc062723c751e8b465ee728b)  -> (artifact id: '176fb689dd52550ca4d3796d739c3864') in 0.024790 seconds
Number of updated asset objects reloaded before import = 0
Number of asset objects unloaded after import = 3
========================================================================
Received Import Request.
  Time since last request: 96.774970 seconds.
  path: Assets/Resources/Environments/nailmaster_03_0000_Layer-1.png
  artifactKey: Guid(7567c1c1d83520e4993fedfd8662f3d2) Importer(815301076,1909f56bfc062723c751e8b465ee728b)
Start importing Assets/Resources/Environments/nailmaster_03_0000_Layer-1.png using Guid(7567c1c1d83520e4993fedfd8662f3d2) Importer(815301076,1909f56bfc062723c751e8b465ee728b)  -> (artifact id: '59671921604c88cd327083918c5374dc') in 0.015591 seconds
Number of updated asset objects reloaded before import = 0
Number of asset objects unloaded after import = 3
========================================================================
Received Import Request.
  Time since last request: 0.000019 seconds.
  path: Assets/Resources/Environments/nailmaster_03_0006_curtain_MID.png
  artifactKey: Guid(07d390ff835ef994fbee1256ac1e4fe9) Importer(815301076,1909f56bfc062723c751e8b465ee728b)
Start importing Assets/Resources/Environments/nailmaster_03_0006_curtain_MID.png using Guid(07d390ff835ef994fbee1256ac1e4fe9) Importer(815301076,1909f56bfc062723c751e8b465ee728b)  -> (artifact id: 'ddaf0a0a2edda99620f51ff3661f25e8') in 0.021171 seconds
Number of updated asset objects reloaded before import = 0
Number of asset objects unloaded after import = 3
========================================================================
Received Import Request.
  Time since last request: 0.000018 seconds.
  path: Assets/Resources/Environments/nailmaster_03_0008_BG.png
  artifactKey: Guid(5f39299745fbb7340afd202acc750efe) Importer(815301076,1909f56bfc062723c751e8b465ee728b)
Start importing Assets/Resources/Environments/nailmaster_03_0008_BG.png using Guid(5f39299745fbb7340afd202acc750efe) Importer(815301076,1909f56bfc062723c751e8b465ee728b)  -> (artifact id: '14659d07bc893be71654a9d969e004d5') in 0.025559 seconds
Number of updated asset objects reloaded before import = 0
Number of asset objects unloaded after import = 3
========================================================================
Received Import Request.
  Time since last request: 0.000020 seconds.
  path: Assets/Resources/Environments/Nailmaster_03__0001_Floor.png
  artifactKey: Guid(5f202a945b52a394ab237e14b55cc245) Importer(815301076,1909f56bfc062723c751e8b465ee728b)
Start importing Assets/Resources/Environments/Nailmaster_03__0001_Floor.png using Guid(5f202a945b52a394ab237e14b55cc245) Importer(815301076,1909f56bfc062723c751e8b465ee728b)  -> (artifact id: '59436c44bb1574f87d353484fb7e30eb') in 0.020491 seconds
Number of updated asset objects reloaded before import = 0
Number of asset objects unloaded after import = 3
========================================================================
Received Import Request.
  Time since last request: 0.000018 seconds.
  path: Assets/Resources/Environments/nailmaster_03_cloth #51838.png
  artifactKey: Guid(2f886a0474dd63844a5e0b5cd0bd1f62) Importer(815301076,1909f56bfc062723c751e8b465ee728b)
Start importing Assets/Resources/Environments/nailmaster_03_cloth #51838.png using Guid(2f886a0474dd63844a5e0b5cd0bd1f62) Importer(815301076,1909f56bfc062723c751e8b465ee728b)  -> (artifact id: 'f7819fa2a11389e339be0c32973d79d6') in 0.023173 seconds
Number of updated asset objects reloaded before import = 0
Number of asset objects unloaded after import = 3
========================================================================
Received Import Request.
  Time since last request: 0.000025 seconds.
  path: Assets/Resources/Environments/nailmaster_03_cloth #01938.png
  artifactKey: Guid(3c70222b1f2dd634fa753334fc61bd3b) Importer(815301076,1909f56bfc062723c751e8b465ee728b)
Start importing Assets/Resources/Environments/nailmaster_03_cloth #01938.png using Guid(3c70222b1f2dd634fa753334fc61bd3b) Importer(815301076,1909f56bfc062723c751e8b465ee728b)  -> (artifact id: '32be5f2a792fcf4d5f94a31e5dce5949') in 0.018794 seconds
Number of updated asset objects reloaded before import = 0
Number of asset objects unloaded after import = 3
========================================================================
Received Import Request.
  Time since last request: 0.000017 seconds.
  path: Assets/Resources/Environments/Nailmasters_FG_pieces_0002_Layer-46.png
  artifactKey: Guid(b73f8495acd44e04cbb260e3a86f3986) Importer(815301076,1909f56bfc062723c751e8b465ee728b)
Start importing Assets/Resources/Environments/Nailmasters_FG_pieces_0002_Layer-46.png using Guid(b73f8495acd44e04cbb260e3a86f3986) Importer(815301076,1909f56bfc062723c751e8b465ee728b)  -> (artifact id: 'bd30a79246260cfb9d80d194a3b29b76') in 0.017309 seconds
Number of updated asset objects reloaded before import = 0
Number of asset objects unloaded after import = 3
========================================================================
Received Import Request.
  Time since last request: 0.000017 seconds.
  path: Assets/Resources/Environments/Nailmasters_FG_pieces_0005_Layer-48.png
  artifactKey: Guid(160201b7fc474ee4cb85902fdee4184b) Importer(815301076,1909f56bfc062723c751e8b465ee728b)
Start importing Assets/Resources/Environments/Nailmasters_FG_pieces_0005_Layer-48.png using Guid(160201b7fc474ee4cb85902fdee4184b) Importer(815301076,1909f56bfc062723c751e8b465ee728b)  -> (artifact id: '94b913836a837c294a15580bc678dd90') in 0.017116 seconds
Number of updated asset objects reloaded before import = 0
Number of asset objects unloaded after import = 3
========================================================================
Received Import Request.
  Time since last request: 0.000020 seconds.
  path: Assets/Resources/Environments/Nailmasters_FG_pieces_0007_Layer-50.png
  artifactKey: Guid(19efb830d19362b409bfe8a54072ca22) Importer(815301076,1909f56bfc062723c751e8b465ee728b)
Start importing Assets/Resources/Environments/Nailmasters_FG_pieces_0007_Layer-50.png using Guid(19efb830d19362b409bfe8a54072ca22) Importer(815301076,1909f56bfc062723c751e8b465ee728b)  -> (artifact id: '4b46e6520e444df7fec6cf18b85005a1') in 0.018318 seconds
Number of updated asset objects reloaded before import = 0
Number of asset objects unloaded after import = 3
========================================================================
Received Import Request.
  Time since last request: 0.000031 seconds.
  path: Assets/Resources/Environments/nailsmith_shell_02.png
  artifactKey: Guid(2f642fedab1d0e348aa7c9a012cac61a) Importer(815301076,1909f56bfc062723c751e8b465ee728b)
Start importing Assets/Resources/Environments/nailsmith_shell_02.png using Guid(2f642fedab1d0e348aa7c9a012cac61a) Importer(815301076,1909f56bfc062723c751e8b465ee728b)  -> (artifact id: 'fc1aba7eeaf5654253da88c8918fa31e') in 0.019284 seconds
Number of updated asset objects reloaded before import = 0
Number of asset objects unloaded after import = 3
========================================================================
Received Import Request.
  Time since last request: 0.000018 seconds.
  path: Assets/Resources/Environments/nailsmith_light.png
  artifactKey: Guid(1e79cdeac0b673f40b83cd13a554933a) Importer(815301076,1909f56bfc062723c751e8b465ee728b)
Start importing Assets/Resources/Environments/nailsmith_light.png using Guid(1e79cdeac0b673f40b83cd13a554933a) Importer(815301076,1909f56bfc062723c751e8b465ee728b)  -> (artifact id: '03d2de02b0f1417998d716891f3d7613') in 0.022824 seconds
Number of updated asset objects reloaded before import = 0
Number of asset objects unloaded after import = 3
========================================================================
Received Import Request.
  Time since last request: 0.000022 seconds.
  path: Assets/Resources/Environments/orb_set_0005_16.png
  artifactKey: Guid(ff7d740b4fabdcf4391cff054bb5a335) Importer(815301076,1909f56bfc062723c751e8b465ee728b)
Start importing Assets/Resources/Environments/orb_set_0005_16.png using Guid(ff7d740b4fabdcf4391cff054bb5a335) Importer(815301076,1909f56bfc062723c751e8b465ee728b)  -> (artifact id: '6c2a59bbbb98d991101f8c89d0f1890b') in 0.019884 seconds
Number of updated asset objects reloaded before import = 0
Number of asset objects unloaded after import = 3
========================================================================
Received Import Request.
  Time since last request: 0.000018 seconds.
  path: Assets/Resources/Environments/orb_set_0020_03.png
  artifactKey: Guid(8301e69dbacb9224285c65509cd4d399) Importer(815301076,1909f56bfc062723c751e8b465ee728b)
Start importing Assets/Resources/Environments/orb_set_0020_03.png using Guid(8301e69dbacb9224285c65509cd4d399) Importer(815301076,1909f56bfc062723c751e8b465ee728b)  -> (artifact id: '24585be5094a14ebd82a0d33058751d9') in 0.017483 seconds
Number of updated asset objects reloaded before import = 0
Number of asset objects unloaded after import = 3
========================================================================
Received Import Request.
  Time since last request: 0.000019 seconds.
  path: Assets/Resources/Environments/ornate_door_0002_a.png
  artifactKey: Guid(7c303cf66602ef846995725b5dd0d2c4) Importer(815301076,1909f56bfc062723c751e8b465ee728b)
Start importing Assets/Resources/Environments/ornate_door_0002_a.png using Guid(7c303cf66602ef846995725b5dd0d2c4) Importer(815301076,1909f56bfc062723c751e8b465ee728b)  -> (artifact id: '22c68188125ee95500ea8303e7f84865') in 0.018767 seconds
Number of updated asset objects reloaded before import = 0
Number of asset objects unloaded after import = 3
========================================================================
Received Import Request.
  Time since last request: 0.000019 seconds.
  path: Assets/Resources/Environments/ornate_door_0003_a_front.png
  artifactKey: Guid(35ac25ef05fc14d4e87fc3dc10691150) Importer(815301076,1909f56bfc062723c751e8b465ee728b)
Start importing Assets/Resources/Environments/ornate_door_0003_a_front.png using Guid(35ac25ef05fc14d4e87fc3dc10691150) Importer(815301076,1909f56bfc062723c751e8b465ee728b)  -> (artifact id: 'fc38c3809ea83820b8b6d5b6f2aa77d6') in 0.023582 seconds
Number of updated asset objects reloaded before import = 0
Number of asset objects unloaded after import = 3
========================================================================
Received Import Request.
  Time since last request: 0.000020 seconds.
  path: Assets/Resources/Environments/pay_bench_front.png
  artifactKey: Guid(e872917a59db74c46bbd98a5321da7a4) Importer(815301076,1909f56bfc062723c751e8b465ee728b)
Start importing Assets/Resources/Environments/pay_bench_front.png using Guid(e872917a59db74c46bbd98a5321da7a4) Importer(815301076,1909f56bfc062723c751e8b465ee728b)  -> (artifact id: 'eeed8ef75409660d201742e67a565167') in 0.023752 seconds
Number of updated asset objects reloaded before import = 0
Number of asset objects unloaded after import = 3
========================================================================
Received Import Request.
  Time since last request: 0.000025 seconds.
  path: Assets/Resources/Environments/plant_spit_mask.png
  artifactKey: Guid(7bed080fae99a20409c3062ba055caf4) Importer(815301076,1909f56bfc062723c751e8b465ee728b)
Start importing Assets/Resources/Environments/plant_spit_mask.png using Guid(7bed080fae99a20409c3062ba055caf4) Importer(815301076,1909f56bfc062723c751e8b465ee728b)  -> (artifact id: '1acfb6f45b04d8911341fa9176a3b0a8') in 0.048839 seconds
Number of updated asset objects reloaded before import = 0
Number of asset objects unloaded after import = 3
========================================================================
Received Import Request.
  Time since last request: 0.000021 seconds.
  path: Assets/Resources/Environments/orb_set_0003_18.png
  artifactKey: Guid(2fdc0c66eb8b9c244a0afaa24970fa94) Importer(815301076,1909f56bfc062723c751e8b465ee728b)
Start importing Assets/Resources/Environments/orb_set_0003_18.png using Guid(2fdc0c66eb8b9c244a0afaa24970fa94) Importer(815301076,1909f56bfc062723c751e8b465ee728b)  -> (artifact id: '2729475665aeaf198455f50c51b4427c') in 0.020274 seconds
Number of updated asset objects reloaded before import = 0
Number of asset objects unloaded after import = 3
========================================================================
Received Import Request.
  Time since last request: 0.000031 seconds.
  path: Assets/Resources/Environments/orb_set_0004_17.png
  artifactKey: Guid(42202fc015a7fc343a942038624e31b5) Importer(815301076,1909f56bfc062723c751e8b465ee728b)
Start importing Assets/Resources/Environments/orb_set_0004_17.png using Guid(42202fc015a7fc343a942038624e31b5) Importer(815301076,1909f56bfc062723c751e8b465ee728b)  -> (artifact id: '61e8d969106ce8ce9e63303fb3776d9f') in 0.024274 seconds
Number of updated asset objects reloaded before import = 0
Number of asset objects unloaded after import = 3
========================================================================
Received Import Request.
  Time since last request: 0.000026 seconds.
  path: Assets/Resources/Environments/Nailmasters_FG_pieces_0004_Layer-54.png
  artifactKey: Guid(ea2bee1879e69e748b270639777bb2cc) Importer(815301076,1909f56bfc062723c751e8b465ee728b)
Start importing Assets/Resources/Environments/Nailmasters_FG_pieces_0004_Layer-54.png using Guid(ea2bee1879e69e748b270639777bb2cc) Importer(815301076,1909f56bfc062723c751e8b465ee728b)  -> (artifact id: '9f553b4a4b358979ad83849d04283eed') in 0.019877 seconds
Number of updated asset objects reloaded before import = 0
Number of asset objects unloaded after import = 3
========================================================================
Received Import Request.
  Time since last request: 0.000018 seconds.
  path: Assets/Resources/Environments/nailmaster_FG_nail.png
  artifactKey: Guid(049ad87f8490c844b9b2296a127e4580) Importer(815301076,1909f56bfc062723c751e8b465ee728b)
Start importing Assets/Resources/Environments/nailmaster_FG_nail.png using Guid(049ad87f8490c844b9b2296a127e4580) Importer(815301076,1909f56bfc062723c751e8b465ee728b)  -> (artifact id: '1b65c800d163a69708ae763873b5d391') in 0.020107 seconds
Number of updated asset objects reloaded before import = 0
Number of asset objects unloaded after import = 3
========================================================================
Received Import Request.
  Time since last request: 0.000019 seconds.
  path: Assets/Resources/Environments/orb_set_0002_21.png
  artifactKey: Guid(47a5aeb550b5f2c448cbc17b3d68db38) Importer(815301076,1909f56bfc062723c751e8b465ee728b)
Start importing Assets/Resources/Environments/orb_set_0002_21.png using Guid(47a5aeb550b5f2c448cbc17b3d68db38) Importer(815301076,1909f56bfc062723c751e8b465ee728b)  -> (artifact id: '902b05dbb32fa9cfafe1749391e1c6ce') in 0.019985 seconds
Number of updated asset objects reloaded before import = 0
Number of asset objects unloaded after import = 3
========================================================================
Received Import Request.
  Time since last request: 0.000025 seconds.
  path: Assets/Resources/Environments/Nailmasters_FG_pieces_0000_Layer-44.png
  artifactKey: Guid(041ff904ea9278f45b266bcb97c80f13) Importer(815301076,1909f56bfc062723c751e8b465ee728b)
Start importing Assets/Resources/Environments/Nailmasters_FG_pieces_0000_Layer-44.png using Guid(041ff904ea9278f45b266bcb97c80f13) Importer(815301076,1909f56bfc062723c751e8b465ee728b)  -> (artifact id: '082eaa90cbc4db877d49dbf86c9a4e0a') in 0.020957 seconds
Number of updated asset objects reloaded before import = 0
Number of asset objects unloaded after import = 3
========================================================================
Received Import Request.
  Time since last request: 4.220452 seconds.
  path: Assets/Architecture & Environment/Area specfic architecture/Resting Grounds/cliffs_moths_0009_Layer-6.png
  artifactKey: Guid(488723782cc39da4aa1b02982bf1efd4) Importer(815301076,1909f56bfc062723c751e8b465ee728b)
Start importing Assets/Architecture & Environment/Area specfic architecture/Resting Grounds/cliffs_moths_0009_Layer-6.png using Guid(488723782cc39da4aa1b02982bf1efd4) Importer(815301076,1909f56bfc062723c751e8b465ee728b)  -> (artifact id: 'ace09507ca181fbd8b7a71e1cd938b76') in 0.023276 seconds
Number of updated asset objects reloaded before import = 0
Number of asset objects unloaded after import = 3
========================================================================
Received Import Request.
  Time since last request: 0.000022 seconds.
  path: Assets/Architecture & Environment/cliffs_pole.png
  artifactKey: Guid(68048c9bbbf48a84c9b91830edb64619) Importer(815301076,1909f56bfc062723c751e8b465ee728b)
Start importing Assets/Architecture & Environment/cliffs_pole.png using Guid(68048c9bbbf48a84c9b91830edb64619) Importer(815301076,1909f56bfc062723c751e8b465ee728b)  -> (artifact id: '98032e99d42692b266dfac12d941a2f5') in 0.021642 seconds
Number of updated asset objects reloaded before import = 0
Number of asset objects unloaded after import = 3
========================================================================
Received Import Request.
  Time since last request: 0.000018 seconds.
  path: Assets/Resources/Environments/Area specfic architecture/Colosseum/col_lifts_door0000.png
  artifactKey: Guid(549754b9c5f11db4bb1a677622dc10b4) Importer(815301076,1909f56bfc062723c751e8b465ee728b)
Start importing Assets/Resources/Environments/Area specfic architecture/Colosseum/col_lifts_door0000.png using Guid(549754b9c5f11db4bb1a677622dc10b4) Importer(815301076,1909f56bfc062723c751e8b465ee728b)  -> (artifact id: '7d393e455991e19d7f3e814677f78eb1') in 0.021025 seconds
Number of updated asset objects reloaded before import = 0
Number of asset objects unloaded after import = 3
========================================================================
Received Import Request.
  Time since last request: 0.000020 seconds.
  path: Assets/Resources/Environments/Area specfic architecture/Colosseum/col_lifts_door0005.png
  artifactKey: Guid(55a3095ecb2d57e41accbd97f3989f21) Importer(815301076,1909f56bfc062723c751e8b465ee728b)
Start importing Assets/Resources/Environments/Area specfic architecture/Colosseum/col_lifts_door0005.png using Guid(55a3095ecb2d57e41accbd97f3989f21) Importer(815301076,1909f56bfc062723c751e8b465ee728b)  -> (artifact id: '211debc8e987d75ef4e6168412292187') in 0.022992 seconds
Number of updated asset objects reloaded before import = 0
Number of asset objects unloaded after import = 3
========================================================================
Received Import Request.
  Time since last request: 0.000023 seconds.
  path: Assets/Resources/Environments/Area specfic architecture/Colosseum/col_lifts_door0008.png
  artifactKey: Guid(5a9785b5590a5304ab7bb10b93ddb666) Importer(815301076,1909f56bfc062723c751e8b465ee728b)
Start importing Assets/Resources/Environments/Area specfic architecture/Colosseum/col_lifts_door0008.png using Guid(5a9785b5590a5304ab7bb10b93ddb666) Importer(815301076,1909f56bfc062723c751e8b465ee728b)  -> (artifact id: 'd556fcbc16a3174f89aaff49eab9fdf1') in 0.019519 seconds
Number of updated asset objects reloaded before import = 0
Number of asset objects unloaded after import = 3
========================================================================
Received Import Request.
  Time since last request: 0.000031 seconds.
  path: Assets/Resources/Environments/Area specfic architecture/Colosseum/col_lifts_door0006.png
  artifactKey: Guid(a04baf6c8c35e644ea72c692145a5b54) Importer(815301076,1909f56bfc062723c751e8b465ee728b)
Start importing Assets/Resources/Environments/Area specfic architecture/Colosseum/col_lifts_door0006.png using Guid(a04baf6c8c35e644ea72c692145a5b54) Importer(815301076,1909f56bfc062723c751e8b465ee728b)  -> (artifact id: 'a37e627fdb776fcd7719dec0b8d86d9f') in 0.020270 seconds
Number of updated asset objects reloaded before import = 0
Number of asset objects unloaded after import = 3
========================================================================
Received Import Request.
  Time since last request: 0.000034 seconds.
  path: Assets/Resources/Environments/Area specfic architecture/Colosseum/col_lifts_door0002.png
  artifactKey: Guid(3c3e5ac0f787cbc4da3e6b31c206a084) Importer(815301076,1909f56bfc062723c751e8b465ee728b)
Start importing Assets/Resources/Environments/Area specfic architecture/Colosseum/col_lifts_door0002.png using Guid(3c3e5ac0f787cbc4da3e6b31c206a084) Importer(815301076,1909f56bfc062723c751e8b465ee728b)  -> (artifact id: 'c63ba1902cbb2b4f95a2449e924b1b8e') in 0.017263 seconds
Number of updated asset objects reloaded before import = 0
Number of asset objects unloaded after import = 3
========================================================================
Received Import Request.
  Time since last request: 0.000017 seconds.
  path: Assets/Architecture & Environment/lift_02_layered_0000_Layer-0.png
  artifactKey: Guid(a58e506abd8dd004cbb5d24af845565f) Importer(815301076,1909f56bfc062723c751e8b465ee728b)
Start importing Assets/Architecture & Environment/lift_02_layered_0000_Layer-0.png using Guid(a58e506abd8dd004cbb5d24af845565f) Importer(815301076,1909f56bfc062723c751e8b465ee728b)  -> (artifact id: '33522fba66f803929667715cd5c1fd08') in 0.061982 seconds
Number of updated asset objects reloaded before import = 0
Number of asset objects unloaded after import = 3
========================================================================
Received Import Request.
  Time since last request: 0.000023 seconds.
  path: Assets/Architecture & Environment/lift_01_layered_0002_Layer-0.png
  artifactKey: Guid(f9fb8df727f23194c81b2cebc39b4042) Importer(815301076,1909f56bfc062723c751e8b465ee728b)
Start importing Assets/Architecture & Environment/lift_01_layered_0002_Layer-0.png using Guid(f9fb8df727f23194c81b2cebc39b4042) Importer(815301076,1909f56bfc062723c751e8b465ee728b)  -> (artifact id: '4bb51209f95872aa6997f66b282f78fb') in 0.109244 seconds
Number of updated asset objects reloaded before import = 0
Number of asset objects unloaded after import = 3
========================================================================
Received Import Request.
  Time since last request: 0.000024 seconds.
  path: Assets/Character Animation/Casting Spell/Dreamer Lift_005.png
  artifactKey: Guid(ca467a039fd813f489e12c70f1a58e97) Importer(815301076,1909f56bfc062723c751e8b465ee728b)
Start importing Assets/Character Animation/Casting Spell/Dreamer Lift_005.png using Guid(ca467a039fd813f489e12c70f1a58e97) Importer(815301076,1909f56bfc062723c751e8b465ee728b)  -> (artifact id: '926b40da298700af36a25d199f28c39e') in 0.086720 seconds
Number of updated asset objects reloaded before import = 0
Number of asset objects unloaded after import = 3
========================================================================
Received Import Request.
  Time since last request: 0.000031 seconds.
  path: Assets/Architecture & Environment/Area specfic architecture/Resting Grounds/cliffs_moths_0019_Layer-10.png
  artifactKey: Guid(14b1e5bb14bf64f4b87c5b9d10402624) Importer(815301076,1909f56bfc062723c751e8b465ee728b)
Start importing Assets/Architecture & Environment/Area specfic architecture/Resting Grounds/cliffs_moths_0019_Layer-10.png using Guid(14b1e5bb14bf64f4b87c5b9d10402624) Importer(815301076,1909f56bfc062723c751e8b465ee728b)  -> (artifact id: 'f063b4e57dc251048819f46641361063') in 0.010687 seconds
Number of updated asset objects reloaded before import = 0
Number of asset objects unloaded after import = 3
========================================================================
Received Import Request.
  Time since last request: 0.000017 seconds.
  path: Assets/Architecture & Environment/plat_lifts_0003_a.png
  artifactKey: Guid(560d5f58dc65ba34f8610faebe976666) Importer(815301076,1909f56bfc062723c751e8b465ee728b)
Start importing Assets/Architecture & Environment/plat_lifts_0003_a.png using Guid(560d5f58dc65ba34f8610faebe976666) Importer(815301076,1909f56bfc062723c751e8b465ee728b)  -> (artifact id: '67778514bbcff49e9116fd6d6c512906') in 0.016197 seconds
Number of updated asset objects reloaded before import = 0
Number of asset objects unloaded after import = 3
========================================================================
Received Import Request.
  Time since last request: 0.000021 seconds.
  path: Assets/Architecture & Environment/Area specfic architecture/City of Tears/ruins_lift_spikes00001.png
  artifactKey: Guid(9e778e3db2280a444a933fbb32a99048) Importer(815301076,1909f56bfc062723c751e8b465ee728b)
Start importing Assets/Architecture & Environment/Area specfic architecture/City of Tears/ruins_lift_spikes00001.png using Guid(9e778e3db2280a444a933fbb32a99048) Importer(815301076,1909f56bfc062723c751e8b465ee728b)  -> (artifact id: 'dd8988accae68e1e33c181792dd55fd0') in 0.019814 seconds
Number of updated asset objects reloaded before import = 0
Number of asset objects unloaded after import = 3
========================================================================
Received Import Request.
  Time since last request: 0.000021 seconds.
  path: Assets/Resources/Environments/Area specfic architecture/City of Tears/ruins_lift_spikes00003.png
  artifactKey: Guid(a3c6ddeb578e56a40ab578bb27a821eb) Importer(815301076,1909f56bfc062723c751e8b465ee728b)
Start importing Assets/Resources/Environments/Area specfic architecture/City of Tears/ruins_lift_spikes00003.png using Guid(a3c6ddeb578e56a40ab578bb27a821eb) Importer(815301076,1909f56bfc062723c751e8b465ee728b)  -> (artifact id: 'bc6fcdd359b203c63a353c44d381de49') in 0.018822 seconds
Number of updated asset objects reloaded before import = 0
Number of asset objects unloaded after import = 3
========================================================================
Received Import Request.
  Time since last request: 0.000019 seconds.
  path: Assets/Resources/Environments/Area specfic architecture/Colosseum/small_lift0002.png
  artifactKey: Guid(7df6a70907fcbe74c8e6cdc7d4e6f5b5) Importer(815301076,1909f56bfc062723c751e8b465ee728b)
Start importing Assets/Resources/Environments/Area specfic architecture/Colosseum/small_lift0002.png using Guid(7df6a70907fcbe74c8e6cdc7d4e6f5b5) Importer(815301076,1909f56bfc062723c751e8b465ee728b)  -> (artifact id: '45cdc40cfad8a6aa62488a381e488751') in 0.038557 seconds
Number of updated asset objects reloaded before import = 0
Number of asset objects unloaded after import = 3
========================================================================
Received Import Request.
  Time since last request: 0.000018 seconds.
  path: Assets/Architecture & Environment/Area specfic architecture/Colosseum/small_lift0006.png
  artifactKey: Guid(f688aad3a7557b14c8aa3d1455106d42) Importer(815301076,1909f56bfc062723c751e8b465ee728b)
Start importing Assets/Architecture & Environment/Area specfic architecture/Colosseum/small_lift0006.png using Guid(f688aad3a7557b14c8aa3d1455106d42) Importer(815301076,1909f56bfc062723c751e8b465ee728b)  -> (artifact id: 'bd872f43ecefb74e3b66f58fd4002810') in 0.016644 seconds
Number of updated asset objects reloaded before import = 0
Number of asset objects unloaded after import = 3
========================================================================
Received Import Request.
  Time since last request: 0.000048 seconds.
  path: Assets/Resources/Environments/Lifts/SpriteAtlasTexture-Lift-2048x1024-fmt12.png
  artifactKey: Guid(07606d0e935efb04ca8d207dc498a1aa) Importer(815301076,1909f56bfc062723c751e8b465ee728b)
Start importing Assets/Resources/Environments/Lifts/SpriteAtlasTexture-Lift-2048x1024-fmt12.png using Guid(07606d0e935efb04ca8d207dc498a1aa) Importer(815301076,1909f56bfc062723c751e8b465ee728b)  -> (artifact id: 'bff1bba6a9b013e1ead8b49fd1599530') in 0.022942 seconds
Number of updated asset objects reloaded before import = 0
Number of asset objects unloaded after import = 3
========================================================================
Received Import Request.
  Time since last request: 0.000017 seconds.
  path: Assets/Architecture & Environment/Area specfic architecture/Colosseum/small_lift0005.png
  artifactKey: Guid(417a8e023f20e80489bfb0a57113e139) Importer(815301076,1909f56bfc062723c751e8b465ee728b)
Start importing Assets/Architecture & Environment/Area specfic architecture/Colosseum/small_lift0005.png using Guid(417a8e023f20e80489bfb0a57113e139) Importer(815301076,1909f56bfc062723c751e8b465ee728b)  -> (artifact id: '09ace02f053052068b3daea9558515e2') in 0.017489 seconds
Number of updated asset objects reloaded before import = 0
Number of asset objects unloaded after import = 3
========================================================================
Received Import Request.
  Time since last request: 0.000030 seconds.
  path: Assets/Architecture & Environment/Area specfic architecture/Colosseum/small_lift0004.png
  artifactKey: Guid(c721449664639e049917951df9c89cbe) Importer(815301076,1909f56bfc062723c751e8b465ee728b)
Start importing Assets/Architecture & Environment/Area specfic architecture/Colosseum/small_lift0004.png using Guid(c721449664639e049917951df9c89cbe) Importer(815301076,1909f56bfc062723c751e8b465ee728b)  -> (artifact id: 'ce57a83592c5eafd5919f218125af98c') in 0.019621 seconds
Number of updated asset objects reloaded before import = 0
Number of asset objects unloaded after import = 3
========================================================================
Received Import Request.
  Time since last request: 0.000031 seconds.
  path: Assets/Architecture & Environment/Lifts/SpriteAtlasTexture-Lifts (Group 0)-2048x2048-fmt12.png
  artifactKey: Guid(2afdf777f8652344ea670471d26b56b9) Importer(815301076,1909f56bfc062723c751e8b465ee728b)
Start importing Assets/Architecture & Environment/Lifts/SpriteAtlasTexture-Lifts (Group 0)-2048x2048-fmt12.png using Guid(2afdf777f8652344ea670471d26b56b9) Importer(815301076,1909f56bfc062723c751e8b465ee728b)  -> (artifact id: '42ce95be85450348b0c8bc5435f0ba1b') in 0.025301 seconds
Number of updated asset objects reloaded before import = 0
Number of asset objects unloaded after import = 3
========================================================================
Received Import Request.
  Time since last request: 0.000022 seconds.
  path: Assets/Resources/Environments/Area specfic architecture/City of Tears/ruins_lift_spikes00000.png
  artifactKey: Guid(fd21a42f0987aa843adb0bddec403f89) Importer(815301076,1909f56bfc062723c751e8b465ee728b)
Start importing Assets/Resources/Environments/Area specfic architecture/City of Tears/ruins_lift_spikes00000.png using Guid(fd21a42f0987aa843adb0bddec403f89) Importer(815301076,1909f56bfc062723c751e8b465ee728b)  -> (artifact id: '07617644f4788e8c23f357da42124a01') in 0.020077 seconds
Number of updated asset objects reloaded before import = 0
Number of asset objects unloaded after import = 3
========================================================================
Received Import Request.
  Time since last request: 0.000022 seconds.
  path: Assets/Resources/Environments/Lifts/elev_lift.png
  artifactKey: Guid(025f0a832e58d8647b9c74dbbd9e6231) Importer(815301076,1909f56bfc062723c751e8b465ee728b)
Start importing Assets/Resources/Environments/Lifts/elev_lift.png using Guid(025f0a832e58d8647b9c74dbbd9e6231) Importer(815301076,1909f56bfc062723c751e8b465ee728b)  -> (artifact id: 'e443b30db52da03e0477459a4a0232fb') in 0.026135 seconds
Number of updated asset objects reloaded before import = 0
Number of asset objects unloaded after import = 3
========================================================================
Received Import Request.
  Time since last request: 0.000025 seconds.
  path: Assets/Architecture & Environment/plat_lifts_0004_a.png
  artifactKey: Guid(4cdc37a838afc4e4babde103d70e5b48) Importer(815301076,1909f56bfc062723c751e8b465ee728b)
Start importing Assets/Architecture & Environment/plat_lifts_0004_a.png using Guid(4cdc37a838afc4e4babde103d70e5b48) Importer(815301076,1909f56bfc062723c751e8b465ee728b)  -> (artifact id: 'abfcf810e32a94cda0e8ba7e5d92e5b0') in 0.018822 seconds
Number of updated asset objects reloaded before import = 0
Number of asset objects unloaded after import = 3
========================================================================
Received Import Request.
  Time since last request: 0.858371 seconds.
  path: Assets/Architecture & Environment/plat_lifts_0000_a.png
  artifactKey: Guid(0cd10829949570945a1f88113813756a) Importer(815301076,1909f56bfc062723c751e8b465ee728b)
Start importing Assets/Architecture & Environment/plat_lifts_0000_a.png using Guid(0cd10829949570945a1f88113813756a) Importer(815301076,1909f56bfc062723c751e8b465ee728b)  -> (artifact id: '49cb46ae9a6751c595fdae1cfab39a2a') in 0.037755 seconds
Number of updated asset objects reloaded before import = 0
Number of asset objects unloaded after import = 3
========================================================================
Received Import Request.
  Time since last request: 0.000029 seconds.
  path: Assets/Resources/Environments/plat_lifts_0001_a.png
  artifactKey: Guid(00e092545b13f514b9e4fa4782d848cd) Importer(815301076,1909f56bfc062723c751e8b465ee728b)
Start importing Assets/Resources/Environments/plat_lifts_0001_a.png using Guid(00e092545b13f514b9e4fa4782d848cd) Importer(815301076,1909f56bfc062723c751e8b465ee728b)  -> (artifact id: 'b6fb93de5dd6ccf83541f5e48047e676') in 0.018813 seconds
Number of updated asset objects reloaded before import = 0
Number of asset objects unloaded after import = 3
========================================================================
Received Import Request.
  Time since last request: 0.000037 seconds.
  path: Assets/Architecture & Environment/main_lift_top_gate_0001_Color-Balance-1-copy-3.png
  artifactKey: Guid(5afb0c6dea0c3b34387d9cd9110749aa) Importer(815301076,1909f56bfc062723c751e8b465ee728b)
Start importing Assets/Architecture & Environment/main_lift_top_gate_0001_Color-Balance-1-copy-3.png using Guid(5afb0c6dea0c3b34387d9cd9110749aa) Importer(815301076,1909f56bfc062723c751e8b465ee728b)  -> (artifact id: 'ce88562d1b2ce05357403893996eb0a9') in 0.010626 seconds
Number of updated asset objects reloaded before import = 0
Number of asset objects unloaded after import = 3
========================================================================
Received Import Request.
  Time since last request: 3.782065 seconds.
  path: Assets/Resources/Environments/Area specfic architecture/Forgotten Crossroads/cd_lift_top.png
  artifactKey: Guid(7e7365657edab624395d27a632f788e7) Importer(815301076,1909f56bfc062723c751e8b465ee728b)
Start importing Assets/Resources/Environments/Area specfic architecture/Forgotten Crossroads/cd_lift_top.png using Guid(7e7365657edab624395d27a632f788e7) Importer(815301076,1909f56bfc062723c751e8b465ee728b)  -> (artifact id: '56076c1846df827d70dd5598d2a3963c') in 0.034881 seconds
Number of updated asset objects reloaded before import = 0
Number of asset objects unloaded after import = 3
========================================================================
Received Import Request.
  Time since last request: 127.126343 seconds.
  path: Assets/Resources/Environments/Area specfic architecture/Resting Grounds/crumble_floor_resting_grounds.png
  artifactKey: Guid(9455bbcb76a0d3741bb4adfc3d492413) Importer(815301076,1909f56bfc062723c751e8b465ee728b)
Start importing Assets/Resources/Environments/Area specfic architecture/Resting Grounds/crumble_floor_resting_grounds.png using Guid(9455bbcb76a0d3741bb4adfc3d492413) Importer(815301076,1909f56bfc062723c751e8b465ee728b)  -> (artifact id: '5686847ac67c2aed0c9c8bee9b291e9f') in 0.017813 seconds
Number of updated asset objects reloaded before import = 0
Number of asset objects unloaded after import = 3
========================================================================
Received Import Request.
  Time since last request: 0.002170 seconds.
  path: Assets/Architecture & Environment/deep_crumble_floor.png
  artifactKey: Guid(67ed683343ec465499b2b6de85da58ff) Importer(815301076,1909f56bfc062723c751e8b465ee728b)
Start importing Assets/Architecture & Environment/deep_crumble_floor.png using Guid(67ed683343ec465499b2b6de85da58ff) Importer(815301076,1909f56bfc062723c751e8b465ee728b)  -> (artifact id: '9b44ea6952735abc2d5f931c12135d5a') in 0.025104 seconds
Number of updated asset objects reloaded before import = 0
Number of asset objects unloaded after import = 3
========================================================================
Received Import Request.
  Time since last request: 0.000021 seconds.
  path: Assets/Architecture & Environment/Lifts/elev_house_floor.png
  artifactKey: Guid(5e9bd86470740c045acc8b110290e2cc) Importer(815301076,1909f56bfc062723c751e8b465ee728b)
Start importing Assets/Architecture & Environment/Lifts/elev_house_floor.png using Guid(5e9bd86470740c045acc8b110290e2cc) Importer(815301076,1909f56bfc062723c751e8b465ee728b)  -> (artifact id: '713bfe0e0c75b900dff8ddddb71db614') in 0.032223 seconds
Number of updated asset objects reloaded before import = 0
Number of asset objects unloaded after import = 3
========================================================================
Received Import Request.
  Time since last request: 0.000031 seconds.
  path: Assets/Resources/Environments/Lifts/elev_house_floor.png
  artifactKey: Guid(91f71adccff7b1a4398a89565b8c32dc) Importer(815301076,1909f56bfc062723c751e8b465ee728b)
Start importing Assets/Resources/Environments/Lifts/elev_house_floor.png using Guid(91f71adccff7b1a4398a89565b8c32dc) Importer(815301076,1909f56bfc062723c751e8b465ee728b)  -> (artifact id: '0656ac4e7f7dad6d8f1c731c8f0723ba') in 0.025479 seconds
Number of updated asset objects reloaded before import = 0
Number of asset objects unloaded after import = 3
========================================================================
Received Import Request.
  Time since last request: 0.000021 seconds.
  path: Assets/Architecture & Environment/Area specfic architecture/Forgotten Crossroads/Temple of the Black Egg/final_boss_room_0001_lit-floor_bench.png
  artifactKey: Guid(261087fc306a9494590703727a9017e1) Importer(815301076,1909f56bfc062723c751e8b465ee728b)
Start importing Assets/Architecture & Environment/Area specfic architecture/Forgotten Crossroads/Temple of the Black Egg/final_boss_room_0001_lit-floor_bench.png using Guid(261087fc306a9494590703727a9017e1) Importer(815301076,1909f56bfc062723c751e8b465ee728b)  -> (artifact id: '3874dbe1c72a727d9a4eb20877a5f70f') in 0.024686 seconds
Number of updated asset objects reloaded before import = 0
Number of asset objects unloaded after import = 3
========================================================================
Received Import Request.
  Time since last request: 1.046500 seconds.
  path: Assets/Architecture & Environment/Area specfic architecture/Forgotten Crossroads/Temple of the Black Egg/final_boss_room_0009_dark_floor.png
  artifactKey: Guid(f0bb5b0d44dee034a981a0e523f9568a) Importer(815301076,1909f56bfc062723c751e8b465ee728b)
Start importing Assets/Architecture & Environment/Area specfic architecture/Forgotten Crossroads/Temple of the Black Egg/final_boss_room_0009_dark_floor.png using Guid(f0bb5b0d44dee034a981a0e523f9568a) Importer(815301076,1909f56bfc062723c751e8b465ee728b)  -> (artifact id: 'c4c0629b35177cb2910375c22301f713') in 0.016083 seconds
Number of updated asset objects reloaded before import = 0
Number of asset objects unloaded after import = 3
========================================================================
Received Import Request.
  Time since last request: 0.000021 seconds.
  path: Assets/Architecture & Environment/Area specfic architecture/Forgotten Crossroads/Temple of the Black Egg/final_boss_room_0024_floor_symbol_03.png
  artifactKey: Guid(44def1acec22b8e46a7060cb56d2f534) Importer(815301076,1909f56bfc062723c751e8b465ee728b)
Start importing Assets/Architecture & Environment/Area specfic architecture/Forgotten Crossroads/Temple of the Black Egg/final_boss_room_0024_floor_symbol_03.png using Guid(44def1acec22b8e46a7060cb56d2f534) Importer(815301076,1909f56bfc062723c751e8b465ee728b)  -> (artifact id: '82df7056b7e9aa1976dc264753f2b1bc') in 0.045654 seconds
Number of updated asset objects reloaded before import = 0
Number of asset objects unloaded after import = 3
========================================================================
Received Import Request.
  Time since last request: 0.000018 seconds.
  path: Assets/Architecture & Environment/Area specfic architecture/Forgotten Crossroads/Temple of the Black Egg/final_boss_room_0026_floor_symbol_01.png
  artifactKey: Guid(42d979afbd5ed4e4585fa1e6f8701567) Importer(815301076,1909f56bfc062723c751e8b465ee728b)
Start importing Assets/Architecture & Environment/Area specfic architecture/Forgotten Crossroads/Temple of the Black Egg/final_boss_room_0026_floor_symbol_01.png using Guid(42d979afbd5ed4e4585fa1e6f8701567) Importer(815301076,1909f56bfc062723c751e8b465ee728b)  -> (artifact id: 'c47d29e8b1c1d376eb0b8577f7711c9f') in 0.019756 seconds
Number of updated asset objects reloaded before import = 0
Number of asset objects unloaded after import = 3
========================================================================
Received Import Request.
  Time since last request: 0.000028 seconds.
  path: Assets/Resources/Environments/Area specfic architecture/Forgotten Crossroads/Temple of the Black Egg/final_boss_room_0026_floor_symbol_01.png
  artifactKey: Guid(6cbf697c0e6fcae499c3909c0716d5ca) Importer(815301076,1909f56bfc062723c751e8b465ee728b)
Start importing Assets/Resources/Environments/Area specfic architecture/Forgotten Crossroads/Temple of the Black Egg/final_boss_room_0026_floor_symbol_01.png using Guid(6cbf697c0e6fcae499c3909c0716d5ca) Importer(815301076,1909f56bfc062723c751e8b465ee728b)  -> (artifact id: 'c6ae52660363c54d958c463c6c2a5a48') in 0.008177 seconds
Number of updated asset objects reloaded before import = 0
Number of asset objects unloaded after import = 3
========================================================================
Received Import Request.
  Time since last request: 1.063634 seconds.
  path: Assets/Resources/Environments/Area specfic architecture/Forgotten Crossroads/Temple of the Black Egg/final_boss_room_0026_floor_symbol_01_large.png
  artifactKey: Guid(26a94b6139cb7b2499b04579d85550ff) Importer(815301076,1909f56bfc062723c751e8b465ee728b)
Start importing Assets/Resources/Environments/Area specfic architecture/Forgotten Crossroads/Temple of the Black Egg/final_boss_room_0026_floor_symbol_01_large.png using Guid(26a94b6139cb7b2499b04579d85550ff) Importer(815301076,1909f56bfc062723c751e8b465ee728b)  -> (artifact id: '2523ff8f94dcc2928aee2084cea67f54') in 0.034003 seconds
Number of updated asset objects reloaded before import = 0
Number of asset objects unloaded after import = 3
========================================================================
Received Import Request.
  Time since last request: 0.000021 seconds.
  path: Assets/Resources/Environments/Area specfic architecture/Forgotten Crossroads/Temple of the Black Egg/final_boss_room_0027_boss_floor_core.png
  artifactKey: Guid(f578b6e5e26883a4f83f091b9d9d4814) Importer(815301076,1909f56bfc062723c751e8b465ee728b)
Start importing Assets/Resources/Environments/Area specfic architecture/Forgotten Crossroads/Temple of the Black Egg/final_boss_room_0027_boss_floor_core.png using Guid(f578b6e5e26883a4f83f091b9d9d4814) Importer(815301076,1909f56bfc062723c751e8b465ee728b)  -> (artifact id: '48cd2914ded4366c94a9cafe4e3cc594') in 0.015818 seconds
Number of updated asset objects reloaded before import = 0
Number of asset objects unloaded after import = 3
========================================================================
Received Import Request.
  Time since last request: 0.000019 seconds.
  path: Assets/Architecture & Environment/Area specfic architecture/Forgotten Crossroads/Temple of the Black Egg/final_boss_room_0030_boss_floor_main.png
  artifactKey: Guid(9c7a0bf26e797ee4f86cc6e83f8cf88b) Importer(815301076,1909f56bfc062723c751e8b465ee728b)
Start importing Assets/Architecture & Environment/Area specfic architecture/Forgotten Crossroads/Temple of the Black Egg/final_boss_room_0030_boss_floor_main.png using Guid(9c7a0bf26e797ee4f86cc6e83f8cf88b) Importer(815301076,1909f56bfc062723c751e8b465ee728b)  -> (artifact id: '7cf8874bd436a52cc4e6dbdbe1cdf3ae') in 0.015910 seconds
Number of updated asset objects reloaded before import = 0
Number of asset objects unloaded after import = 3
========================================================================
Received Import Request.
  Time since last request: 0.000018 seconds.
  path: Assets/Resources/framework/floor2.png
  artifactKey: Guid(a3fb2606c687146e2b0fa76621fe75f8) Importer(815301076,1909f56bfc062723c751e8b465ee728b)
Start importing Assets/Resources/framework/floor2.png using Guid(a3fb2606c687146e2b0fa76621fe75f8) Importer(815301076,1909f56bfc062723c751e8b465ee728b)  -> (artifact id: '9cacd09f00674831036d0df87bd656fc') in 0.022892 seconds
Number of updated asset objects reloaded before import = 0
Number of asset objects unloaded after import = 3
========================================================================
Received Import Request.
  Time since last request: 0.000017 seconds.
  path: Assets/Resources/Environments/Area specfic architecture/Ancient Basin/floor_corner1_0000_Layer-1-copy.png
  artifactKey: Guid(969acfd67c02c5742ae6154d677e5dc1) Importer(815301076,1909f56bfc062723c751e8b465ee728b)
Start importing Assets/Resources/Environments/Area specfic architecture/Ancient Basin/floor_corner1_0000_Layer-1-copy.png using Guid(969acfd67c02c5742ae6154d677e5dc1) Importer(815301076,1909f56bfc062723c751e8b465ee728b)  -> (artifact id: 'ff48b5573856c8b104974ccd36c87758') in 0.018006 seconds
Number of updated asset objects reloaded before import = 0
Number of asset objects unloaded after import = 3
========================================================================
Received Import Request.
  Time since last request: 0.000027 seconds.
  path: Assets/Resources/Environments/Area specfic architecture/Ancient Basin/floor_corner2_0001_Layer-0.png
  artifactKey: Guid(10ad7957eb4f83b45849f9c32b338150) Importer(815301076,1909f56bfc062723c751e8b465ee728b)
Start importing Assets/Resources/Environments/Area specfic architecture/Ancient Basin/floor_corner2_0001_Layer-0.png using Guid(10ad7957eb4f83b45849f9c32b338150) Importer(815301076,1909f56bfc062723c751e8b465ee728b)  -> (artifact id: '06dfeccb55da779ed78012427344fe06') in 0.018830 seconds
Number of updated asset objects reloaded before import = 0
Number of asset objects unloaded after import = 3
========================================================================
Received Import Request.
  Time since last request: 0.000016 seconds.
  path: Assets/Resources/Environments/Area specfic architecture/Ancient Basin/floor_corner2_0000_Layer-1.png
  artifactKey: Guid(bf3c81d63112c4e4ca7f6b243e7c8ab9) Importer(815301076,1909f56bfc062723c751e8b465ee728b)
Start importing Assets/Resources/Environments/Area specfic architecture/Ancient Basin/floor_corner2_0000_Layer-1.png using Guid(bf3c81d63112c4e4ca7f6b243e7c8ab9) Importer(815301076,1909f56bfc062723c751e8b465ee728b)  -> (artifact id: '47994c9326985ac6fc7e5a307ff9ccb7') in 0.018859 seconds
Number of updated asset objects reloaded before import = 0
Number of asset objects unloaded after import = 3
========================================================================
Received Import Request.
  Time since last request: 0.000047 seconds.
  path: Assets/Architecture & Environment/Area specfic architecture/Forgotten Crossroads/Temple of the Black Egg/final_boss_room_0027_boss_floor_core.png
  artifactKey: Guid(083274418c2174249ad9e1d56ba452f2) Importer(815301076,1909f56bfc062723c751e8b465ee728b)
Start importing Assets/Architecture & Environment/Area specfic architecture/Forgotten Crossroads/Temple of the Black Egg/final_boss_room_0027_boss_floor_core.png using Guid(083274418c2174249ad9e1d56ba452f2) Importer(815301076,1909f56bfc062723c751e8b465ee728b)  -> (artifact id: '196a6d63610bf3377a349fb806339d2b') in 0.007994 seconds
Number of updated asset objects reloaded before import = 0
Number of asset objects unloaded after import = 3
========================================================================
Received Import Request.
  Time since last request: 1.067621 seconds.
  path: Assets/Architecture & Environment/Area specfic architecture/Forgotten Crossroads/floor_FG_rock_01_0000_06.png
  artifactKey: Guid(9cee0363ca47efa4a8654f9808c6f696) Importer(815301076,1909f56bfc062723c751e8b465ee728b)
Start importing Assets/Architecture & Environment/Area specfic architecture/Forgotten Crossroads/floor_FG_rock_01_0000_06.png using Guid(9cee0363ca47efa4a8654f9808c6f696) Importer(815301076,1909f56bfc062723c751e8b465ee728b)  -> (artifact id: '1f346265cd3fc7fa0067de569f291f0f') in 0.018155 seconds
Number of updated asset objects reloaded before import = 0
Number of asset objects unloaded after import = 3
========================================================================
Received Import Request.
  Time since last request: 0.000022 seconds.
  path: Assets/Resources/Environments/Area specfic architecture/Forgotten Crossroads/floor_FG_rock_01_0001_05.png
  artifactKey: Guid(216c19ad3fe7b4949980383173e3769a) Importer(815301076,1909f56bfc062723c751e8b465ee728b)
Start importing Assets/Resources/Environments/Area specfic architecture/Forgotten Crossroads/floor_FG_rock_01_0001_05.png using Guid(216c19ad3fe7b4949980383173e3769a) Importer(815301076,1909f56bfc062723c751e8b465ee728b)  -> (artifact id: 'aafde5cf0fcb6d54edf373c78b1a8e40') in 0.021926 seconds
Number of updated asset objects reloaded before import = 0
Number of asset objects unloaded after import = 3
========================================================================
Received Import Request.
  Time since last request: 0.000018 seconds.
  path: Assets/Resources/Environments/Area specfic architecture/Forgotten Crossroads/floor_FG_rock_01_0002_04.png
  artifactKey: Guid(81505ac3f5a08ed4ea6096b78ffbb354) Importer(815301076,1909f56bfc062723c751e8b465ee728b)
Start importing Assets/Resources/Environments/Area specfic architecture/Forgotten Crossroads/floor_FG_rock_01_0002_04.png using Guid(81505ac3f5a08ed4ea6096b78ffbb354) Importer(815301076,1909f56bfc062723c751e8b465ee728b)  -> (artifact id: 'd1c46e42140037ea94087f2ac1a69610') in 0.020231 seconds
Number of updated asset objects reloaded before import = 0
Number of asset objects unloaded after import = 3
========================================================================
Received Import Request.
  Time since last request: 0.000024 seconds.
  path: Assets/Architecture & Environment/Area specfic architecture/Forgotten Crossroads/floor_FG_rock_02_0001_Layer-2.png
  artifactKey: Guid(496512b9cd39e224197edba3f3de6b5b) Importer(815301076,1909f56bfc062723c751e8b465ee728b)
Start importing Assets/Architecture & Environment/Area specfic architecture/Forgotten Crossroads/floor_FG_rock_02_0001_Layer-2.png using Guid(496512b9cd39e224197edba3f3de6b5b) Importer(815301076,1909f56bfc062723c751e8b465ee728b)  -> (artifact id: 'affabeeff072253ea008dda1ce8745c6') in 0.021701 seconds
Number of updated asset objects reloaded before import = 0
Number of asset objects unloaded after import = 3
========================================================================
Received Import Request.
  Time since last request: 0.000020 seconds.
  path: Assets/Architecture & Environment/Area specfic architecture/Forgotten Crossroads/floor_FG_rock_01_0002_04.png
  artifactKey: Guid(539824c2d7035054fb76f94b6598f3dc) Importer(815301076,1909f56bfc062723c751e8b465ee728b)
Start importing Assets/Architecture & Environment/Area specfic architecture/Forgotten Crossroads/floor_FG_rock_01_0002_04.png using Guid(539824c2d7035054fb76f94b6598f3dc) Importer(815301076,1909f56bfc062723c751e8b465ee728b)  -> (artifact id: '5db3c72d8fe95b22e3875da97589b7aa') in 0.019107 seconds
Number of updated asset objects reloaded before import = 0
Number of asset objects unloaded after import = 3
========================================================================
Received Import Request.
  Time since last request: 0.000020 seconds.
  path: Assets/Architecture & Environment/Area specfic architecture/Forgotten Crossroads/floor_FG_rock_01_0001_05.png
  artifactKey: Guid(a2038c27e8a2652439406f0944dd98e4) Importer(815301076,1909f56bfc062723c751e8b465ee728b)
Start importing Assets/Architecture & Environment/Area specfic architecture/Forgotten Crossroads/floor_FG_rock_01_0001_05.png using Guid(a2038c27e8a2652439406f0944dd98e4) Importer(815301076,1909f56bfc062723c751e8b465ee728b)  -> (artifact id: '75ce10031c5ac9deabec6c4eb14ff814') in 0.033124 seconds
Number of updated asset objects reloaded before import = 0
Number of asset objects unloaded after import = 3
========================================================================
Received Import Request.
  Time since last request: 0.000020 seconds.
  path: Assets/Architecture & Environment/Area specfic architecture/Forgotten Crossroads/floor_FG_rock_01_0004_02.png
  artifactKey: Guid(70792f78e051e564aaed341e66687959) Importer(815301076,1909f56bfc062723c751e8b465ee728b)
Start importing Assets/Architecture & Environment/Area specfic architecture/Forgotten Crossroads/floor_FG_rock_01_0004_02.png using Guid(70792f78e051e564aaed341e66687959) Importer(815301076,1909f56bfc062723c751e8b465ee728b)  -> (artifact id: '6ba1d2a3f04161f22e7a5b792b9e3c2b') in 0.040460 seconds
Number of updated asset objects reloaded before import = 0
Number of asset objects unloaded after import = 3
========================================================================
Received Import Request.
  Time since last request: 0.000035 seconds.
  path: Assets/Resources/Environments/Area specfic architecture/Forgotten Crossroads/floor_FG_rock_02_0000_Layer-1.png
  artifactKey: Guid(b7ae82809d1e0044b81c0d9b90836c93) Importer(815301076,1909f56bfc062723c751e8b465ee728b)
Start importing Assets/Resources/Environments/Area specfic architecture/Forgotten Crossroads/floor_FG_rock_02_0000_Layer-1.png using Guid(b7ae82809d1e0044b81c0d9b90836c93) Importer(815301076,1909f56bfc062723c751e8b465ee728b)  -> (artifact id: '25917c134b2b5e50b3f65ead469d5cbb') in 0.035371 seconds
Number of updated asset objects reloaded before import = 0
Number of asset objects unloaded after import = 3
========================================================================
Received Import Request.
  Time since last request: 14.684539 seconds.
  path: Assets/Resources/Environments/Area specfic architecture/Forgotten Crossroads/floor_FG_rock_02_0002_Layer-3.png
  artifactKey: Guid(c9b308c2d5344c94c98dee0d59946c71) Importer(815301076,1909f56bfc062723c751e8b465ee728b)
Start importing Assets/Resources/Environments/Area specfic architecture/Forgotten Crossroads/floor_FG_rock_02_0002_Layer-3.png using Guid(c9b308c2d5344c94c98dee0d59946c71) Importer(815301076,1909f56bfc062723c751e8b465ee728b)  -> (artifact id: '339973b4bfb03c4e65e40baccc2696fd') in 0.021045 seconds
Number of updated asset objects reloaded before import = 0
Number of asset objects unloaded after import = 3
========================================================================
Received Import Request.
  Time since last request: 0.000022 seconds.
  path: Assets/Architecture & Environment/Area specfic architecture/Forgotten Crossroads/floor_FG_rock_02_0004_Layer-0.png
  artifactKey: Guid(bb789f38ff7b8bd4289efa9fde5a5580) Importer(815301076,1909f56bfc062723c751e8b465ee728b)
Start importing Assets/Architecture & Environment/Area specfic architecture/Forgotten Crossroads/floor_FG_rock_02_0004_Layer-0.png using Guid(bb789f38ff7b8bd4289efa9fde5a5580) Importer(815301076,1909f56bfc062723c751e8b465ee728b)  -> (artifact id: '9a20cf3e55008c938e94aac7cd68ebfe') in 0.028999 seconds
Number of updated asset objects reloaded before import = 0
Number of asset objects unloaded after import = 3
========================================================================
Received Import Request.
  Time since last request: 0.000020 seconds.
  path: Assets/Architecture & Environment/Area specfic architecture/Forgotten Crossroads/floor_FG_rock_03_0002_03.png
  artifactKey: Guid(883fcfd3b08517a46834e17b09a9ed8d) Importer(815301076,1909f56bfc062723c751e8b465ee728b)
Start importing Assets/Architecture & Environment/Area specfic architecture/Forgotten Crossroads/floor_FG_rock_03_0002_03.png using Guid(883fcfd3b08517a46834e17b09a9ed8d) Importer(815301076,1909f56bfc062723c751e8b465ee728b)  -> (artifact id: 'bd45d480ec4e4918d65d214acf7da148') in 0.020326 seconds
Number of updated asset objects reloaded before import = 0
Number of asset objects unloaded after import = 3
========================================================================
Received Import Request.
  Time since last request: 0.000021 seconds.
  path: Assets/Resources/Environments/Area specfic architecture/Forgotten Crossroads/floor_FG_rock_04_0001_05.png
  artifactKey: Guid(d683de8c57d0d214cb0bf098f8d137aa) Importer(815301076,1909f56bfc062723c751e8b465ee728b)
Start importing Assets/Resources/Environments/Area specfic architecture/Forgotten Crossroads/floor_FG_rock_04_0001_05.png using Guid(d683de8c57d0d214cb0bf098f8d137aa) Importer(815301076,1909f56bfc062723c751e8b465ee728b)  -> (artifact id: '295b8a3f06a2112aeac1ceebb824f4a5') in 0.021488 seconds
Number of updated asset objects reloaded before import = 0
Number of asset objects unloaded after import = 3
========================================================================
Received Import Request.
  Time since last request: 0.000025 seconds.
  path: Assets/Architecture & Environment/Area specfic architecture/Forgotten Crossroads/floor_FG_rock_04_0003_03.png
  artifactKey: Guid(9f10b3c1e7e495d489ead37ec8325f20) Importer(815301076,1909f56bfc062723c751e8b465ee728b)
Start importing Assets/Architecture & Environment/Area specfic architecture/Forgotten Crossroads/floor_FG_rock_04_0003_03.png using Guid(9f10b3c1e7e495d489ead37ec8325f20) Importer(815301076,1909f56bfc062723c751e8b465ee728b)  -> (artifact id: '0ed1aec6e4bc8872c55709c28a51b7a2') in 0.020250 seconds
Number of updated asset objects reloaded before import = 0
Number of asset objects unloaded after import = 3
========================================================================
Received Import Request.
  Time since last request: 0.000031 seconds.
  path: Assets/Architecture & Environment/Area specfic architecture/Forgotten Crossroads/floor_FG_rock_04_0005_01.png
  artifactKey: Guid(c71ca6464b1ee2343ae4dc7709cf5f24) Importer(815301076,1909f56bfc062723c751e8b465ee728b)
Start importing Assets/Architecture & Environment/Area specfic architecture/Forgotten Crossroads/floor_FG_rock_04_0005_01.png using Guid(c71ca6464b1ee2343ae4dc7709cf5f24) Importer(815301076,1909f56bfc062723c751e8b465ee728b)  -> (artifact id: '650ada8c3fddb8676fbdfd1a5ead9a68') in 0.024591 seconds
Number of updated asset objects reloaded before import = 0
Number of asset objects unloaded after import = 3
========================================================================
Received Import Request.
  Time since last request: 0.000021 seconds.
  path: Assets/Architecture & Environment/Area specfic architecture/Forgotten Crossroads/floor_FG_rock_05_0002_02.png
  artifactKey: Guid(8b3480f1bc303c7438b7ddff0f7a925b) Importer(815301076,1909f56bfc062723c751e8b465ee728b)
Start importing Assets/Architecture & Environment/Area specfic architecture/Forgotten Crossroads/floor_FG_rock_05_0002_02.png using Guid(8b3480f1bc303c7438b7ddff0f7a925b) Importer(815301076,1909f56bfc062723c751e8b465ee728b)  -> (artifact id: 'f8f6f04c766711abfc17a454b3b38a37') in 0.024740 seconds
Number of updated asset objects reloaded before import = 0
Number of asset objects unloaded after import = 3
========================================================================
Received Import Request.
  Time since last request: 0.000017 seconds.
  path: Assets/Architecture & Environment/Area specfic architecture/Forgotten Crossroads/floor_FG_rock_04_0001_05.png
  artifactKey: Guid(5475e8770fe8fae459a788d555213236) Importer(815301076,1909f56bfc062723c751e8b465ee728b)
Start importing Assets/Architecture & Environment/Area specfic architecture/Forgotten Crossroads/floor_FG_rock_04_0001_05.png using Guid(5475e8770fe8fae459a788d555213236) Importer(815301076,1909f56bfc062723c751e8b465ee728b)  -> (artifact id: 'ae5235705230396ce03eec93d1d544ae') in 0.020602 seconds
Number of updated asset objects reloaded before import = 0
Number of asset objects unloaded after import = 3
========================================================================
Received Import Request.
  Time since last request: 0.000021 seconds.
  path: Assets/Architecture & Environment/Area specfic architecture/Forgotten Crossroads/floor_FG_rock_03_0000_05.png
  artifactKey: Guid(b531ca6f5547b34458019c5f2eb84ee3) Importer(815301076,1909f56bfc062723c751e8b465ee728b)
Start importing Assets/Architecture & Environment/Area specfic architecture/Forgotten Crossroads/floor_FG_rock_03_0000_05.png using Guid(b531ca6f5547b34458019c5f2eb84ee3) Importer(815301076,1909f56bfc062723c751e8b465ee728b)  -> (artifact id: '68f2c6e94ac1b60ee9e1ca3cfe216482') in 0.022800 seconds
Number of updated asset objects reloaded before import = 0
Number of asset objects unloaded after import = 3
========================================================================
Received Import Request.
  Time since last request: 0.000019 seconds.
  path: Assets/Resources/Environments/Area specfic architecture/Forgotten Crossroads/floor_FG_rock_05_0003_01.png
  artifactKey: Guid(f7bc788539b08434190b13a455671791) Importer(815301076,1909f56bfc062723c751e8b465ee728b)
Start importing Assets/Resources/Environments/Area specfic architecture/Forgotten Crossroads/floor_FG_rock_05_0003_01.png using Guid(f7bc788539b08434190b13a455671791) Importer(815301076,1909f56bfc062723c751e8b465ee728b)  -> (artifact id: '1824453a89b1e8d0e02cd081832e0169') in 0.025818 seconds
Number of updated asset objects reloaded before import = 0
Number of asset objects unloaded after import = 3
========================================================================
Received Import Request.
  Time since last request: 0.000023 seconds.
  path: Assets/Architecture & Environment/Area specfic architecture/Forgotten Crossroads/floor_FG_rock_04_0004_02.png
  artifactKey: Guid(34cc7173a12dfe74d9f903f36452529c) Importer(815301076,1909f56bfc062723c751e8b465ee728b)
Start importing Assets/Architecture & Environment/Area specfic architecture/Forgotten Crossroads/floor_FG_rock_04_0004_02.png using Guid(34cc7173a12dfe74d9f903f36452529c) Importer(815301076,1909f56bfc062723c751e8b465ee728b)  -> (artifact id: '03a5c55454d7848d4ac8c781a05d710d') in 0.030983 seconds
Number of updated asset objects reloaded before import = 0
Number of asset objects unloaded after import = 3
========================================================================
Received Import Request.
  Time since last request: 0.000025 seconds.
  path: Assets/Resources/Environments/Area specfic architecture/Forgotten Crossroads/floor_FG_rock_04_0000_06.png
  artifactKey: Guid(277683be00579e5419163f014ec24435) Importer(815301076,1909f56bfc062723c751e8b465ee728b)
Start importing Assets/Resources/Environments/Area specfic architecture/Forgotten Crossroads/floor_FG_rock_04_0000_06.png using Guid(277683be00579e5419163f014ec24435) Importer(815301076,1909f56bfc062723c751e8b465ee728b)  -> (artifact id: '58668fb527a7552513cd665c6da9443c') in 0.025849 seconds
Number of updated asset objects reloaded before import = 0
Number of asset objects unloaded after import = 3
========================================================================
Received Import Request.
  Time since last request: 0.000036 seconds.
  path: Assets/Resources/Environments/Area specfic architecture/Forgotten Crossroads/floor_FG_rock_04_0003_03.png
  artifactKey: Guid(047c17ff9ef619549bfe43b9f9e2e483) Importer(815301076,1909f56bfc062723c751e8b465ee728b)
Start importing Assets/Resources/Environments/Area specfic architecture/Forgotten Crossroads/floor_FG_rock_04_0003_03.png using Guid(047c17ff9ef619549bfe43b9f9e2e483) Importer(815301076,1909f56bfc062723c751e8b465ee728b)  -> (artifact id: '99d8bc3724da8ea839b6464015ee94c7') in 0.020356 seconds
Number of updated asset objects reloaded before import = 0
Number of asset objects unloaded after import = 3
========================================================================
Received Import Request.
  Time since last request: 0.000019 seconds.
  path: Assets/Resources/Environments/Area specfic architecture/Forgotten Crossroads/floor_FG_rock_06_0003_01.png
  artifactKey: Guid(9ca27c9af35480b41a5ad084d8270138) Importer(815301076,1909f56bfc062723c751e8b465ee728b)
Start importing Assets/Resources/Environments/Area specfic architecture/Forgotten Crossroads/floor_FG_rock_06_0003_01.png using Guid(9ca27c9af35480b41a5ad084d8270138) Importer(815301076,1909f56bfc062723c751e8b465ee728b)  -> (artifact id: '030d86d955be5bd3ba6904c5c64de262') in 0.027464 seconds
Number of updated asset objects reloaded before import = 0
Number of asset objects unloaded after import = 3
========================================================================
Received Import Request.
  Time since last request: 0.000025 seconds.
  path: Assets/Architecture & Environment/Area specfic architecture/Forgotten Crossroads/floor_FG_rock_06_0002_02.png
  artifactKey: Guid(b35c10eb334159d4aacac7fe44868c6b) Importer(815301076,1909f56bfc062723c751e8b465ee728b)
Start importing Assets/Architecture & Environment/Area specfic architecture/Forgotten Crossroads/floor_FG_rock_06_0002_02.png using Guid(b35c10eb334159d4aacac7fe44868c6b) Importer(815301076,1909f56bfc062723c751e8b465ee728b)  -> (artifact id: '0e29808de95cd7fe713dccc9c74cfc0b') in 0.019932 seconds
Number of updated asset objects reloaded before import = 0
Number of asset objects unloaded after import = 3
========================================================================
Received Import Request.
  Time since last request: 0.019878 seconds.
  path: Assets/Architecture & Environment/floor_layered_0001_03.png
  artifactKey: Guid(855f87acc745ae94ba64bce2e28830ed) Importer(815301076,1909f56bfc062723c751e8b465ee728b)
Start importing Assets/Architecture & Environment/floor_layered_0001_03.png using Guid(855f87acc745ae94ba64bce2e28830ed) Importer(815301076,1909f56bfc062723c751e8b465ee728b)  -> (artifact id: '6b84d40aa80914ee8a2141978454405b') in 0.010075 seconds
Number of updated asset objects reloaded before import = 0
Number of asset objects unloaded after import = 3
========================================================================
Received Import Request.
  Time since last request: 0.005233 seconds.
  path: Assets/Architecture & Environment/Area specfic architecture/Greenpath/floor_layered_0001_03_green.png
  artifactKey: Guid(adec70a5fc8d915499d7d55f44e3f190) Importer(815301076,1909f56bfc062723c751e8b465ee728b)
Start importing Assets/Architecture & Environment/Area specfic architecture/Greenpath/floor_layered_0001_03_green.png using Guid(adec70a5fc8d915499d7d55f44e3f190) Importer(815301076,1909f56bfc062723c751e8b465ee728b)  -> (artifact id: '3609b71e5325a842d1edea639d707c3a') in 0.029104 seconds
Number of updated asset objects reloaded before import = 0
Number of asset objects unloaded after import = 3
========================================================================
Received Import Request.
  Time since last request: 0.000022 seconds.
  path: Assets/Architecture & Environment/Area specfic architecture/Greenpath/floor_layered_0002_02_green.png
  artifactKey: Guid(dbc9e1cafee60074fa9b301e3319675e) Importer(815301076,1909f56bfc062723c751e8b465ee728b)
Start importing Assets/Architecture & Environment/Area specfic architecture/Greenpath/floor_layered_0002_02_green.png using Guid(dbc9e1cafee60074fa9b301e3319675e) Importer(815301076,1909f56bfc062723c751e8b465ee728b)  -> (artifact id: '493de9d8348e535f77f82495159c278a') in 0.030006 seconds
Number of updated asset objects reloaded before import = 0
Number of asset objects unloaded after import = 3
========================================================================
Received Import Request.
  Time since last request: 0.000022 seconds.
  path: Assets/Architecture & Environment/Area specfic architecture/Greenpath/floor_layered_0003_01_green.png
  artifactKey: Guid(cb15b1684a241bb4d9c975fcf40e9fe7) Importer(815301076,1909f56bfc062723c751e8b465ee728b)
Start importing Assets/Architecture & Environment/Area specfic architecture/Greenpath/floor_layered_0003_01_green.png using Guid(cb15b1684a241bb4d9c975fcf40e9fe7) Importer(815301076,1909f56bfc062723c751e8b465ee728b)  -> (artifact id: 'bce870c737cb6a46a3b74f70a2c80867') in 0.010910 seconds
Number of updated asset objects reloaded before import = 0
Number of asset objects unloaded after import = 3
========================================================================
Received Import Request.
  Time since last request: 10.462333 seconds.
  path: Assets/Resources/Environments/Area specfic architecture/City of Tears/ruins_floor_layered_0001_03.png
  artifactKey: Guid(7b053896a4952e3419b8cf3dd47536ce) Importer(815301076,1909f56bfc062723c751e8b465ee728b)
Start importing Assets/Resources/Environments/Area specfic architecture/City of Tears/ruins_floor_layered_0001_03.png using Guid(7b053896a4952e3419b8cf3dd47536ce) Importer(815301076,1909f56bfc062723c751e8b465ee728b)  -> (artifact id: '5c82ec9972d81031b1e429ae8e458b1b') in 0.018075 seconds
Number of updated asset objects reloaded before import = 0
Number of asset objects unloaded after import = 3
========================================================================
Received Import Request.
  Time since last request: 0.000021 seconds.
  path: Assets/Resources/Environments/Area specfic architecture/City of Tears/ruins_ruins_floor_layered_0002_02.png
  artifactKey: Guid(347471f6f610e794082d03bb0d379cf7) Importer(815301076,1909f56bfc062723c751e8b465ee728b)
Start importing Assets/Resources/Environments/Area specfic architecture/City of Tears/ruins_ruins_floor_layered_0002_02.png using Guid(347471f6f610e794082d03bb0d379cf7) Importer(815301076,1909f56bfc062723c751e8b465ee728b)  -> (artifact id: '857cc6e6bd31c9862eb51aec114435b5') in 0.023591 seconds
Number of updated asset objects reloaded before import = 0
Number of asset objects unloaded after import = 3
Editor requested this worker to shutdown with reason: Scaling down because of idle timeout
TcpMessagingSession - receive error: operation aborted. errorcode: 995, details: The I/O operation has been aborted because of either a thread exit or an application request.
AssetImportWorker is now disconnected from the server
Process exiting
Exiting without the bug reporter. Application will terminate with return code 0