Using pre-set license
Built from '2022.3/staging' branch; Version is '2022.3.27f1 (73effa14754f) revision 7598074'; Using compiler version '192829333'; Build Type 'Release'
OS: 'Windows 11  (10.0.26100) 64bit CoreSingleLanguage' Language: 'en' Physical Memory: 15724 MB
BatchMode: 1, IsHumanControllingUs: 0, StartBugReporterOnCrash: 0, Is64bit: 1, IsPro: 1

COMMAND LINE ARGUMENTS:
C:\Program Files\Unity\Hub\Editor\2022.3.27f1\Editor\Unity.exe
-adb2
-batchMode
-noUpm
-name
AssetImportWorker16
-projectPath
D:/Remaster/Hollow-Knight-Remaster/HollowKnightRemaster
-logFile
Logs/AssetImportWorker16.log
-srvPort
54758
Successfully changed project path to: D:/Remaster/Hollow-Knight-Remaster/HollowKnightRemaster
D:/Remaster/Hollow-Knight-Remaster/HollowKnightRemaster
[UnityMemory] Configuration Parameters - Can be set up in boot.config
    "memorysetup-bucket-allocator-granularity=16"
    "memorysetup-bucket-allocator-bucket-count=8"
    "memorysetup-bucket-allocator-block-size=33554432"
    "memorysetup-bucket-allocator-block-count=8"
    "memorysetup-main-allocator-block-size=16777216"
    "memorysetup-thread-allocator-block-size=16777216"
    "memorysetup-gfx-main-allocator-block-size=16777216"
    "memorysetup-gfx-thread-allocator-block-size=16777216"
    "memorysetup-cache-allocator-block-size=4194304"
    "memorysetup-typetree-allocator-block-size=2097152"
    "memorysetup-profiler-bucket-allocator-granularity=16"
    "memorysetup-profiler-bucket-allocator-bucket-count=8"
    "memorysetup-profiler-bucket-allocator-block-size=33554432"
    "memorysetup-profiler-bucket-allocator-block-count=8"
    "memorysetup-profiler-allocator-block-size=16777216"
    "memorysetup-profiler-editor-allocator-block-size=1048576"
    "memorysetup-temp-allocator-size-main=16777216"
    "memorysetup-job-temp-allocator-block-size=2097152"
    "memorysetup-job-temp-allocator-block-size-background=1048576"
    "memorysetup-job-temp-allocator-reduction-small-platforms=262144"
    "memorysetup-allocator-temp-initial-block-size-main=262144"
    "memorysetup-allocator-temp-initial-block-size-worker=262144"
    "memorysetup-temp-allocator-size-background-worker=32768"
    "memorysetup-temp-allocator-size-job-worker=262144"
    "memorysetup-temp-allocator-size-preload-manager=33554432"
    "memorysetup-temp-allocator-size-nav-mesh-worker=65536"
    "memorysetup-temp-allocator-size-audio-worker=65536"
    "memorysetup-temp-allocator-size-cloud-worker=32768"
    "memorysetup-temp-allocator-size-gi-baking-worker=262144"
    "memorysetup-temp-allocator-size-gfx=262144"
Player connection [22584] Host "[IP] 192.168.2.194 [Port] 0 [Flags] 2 [Guid] 261554747 [EditorId] 261554747 [Version] 1048832 [Id] WindowsEditor(7,LeiFeng) [Debug] 1 [PackageName] WindowsEditor [ProjectName] Editor" joined multi-casting on [225.0.0.222:54997]...

Player connection [22584] Host "[IP] 192.168.2.194 [Port] 0 [Flags] 2 [Guid] 261554747 [EditorId] 261554747 [Version] 1048832 [Id] WindowsEditor(7,LeiFeng) [Debug] 1 [PackageName] WindowsEditor [ProjectName] Editor" joined alternative multi-casting on [225.0.0.222:34997]...

[Physics::Module] Initialized MultithreadedJobDispatcher with 11 workers.
Refreshing native plugins compatible for Editor in 14.54 ms, found 4 plugins.
Preloading 0 native plugins for Editor in 0.00 ms.
Initialize engine version: 2022.3.27f1 (73effa14754f)
[Subsystems] Discovering subsystems at path C:/Program Files/Unity/Hub/Editor/2022.3.27f1/Editor/Data/Resources/UnitySubsystems
[Subsystems] Discovering subsystems at path D:/Remaster/Hollow-Knight-Remaster/HollowKnightRemaster/Assets
GfxDevice: creating device client; threaded=0; jobified=0
Direct3D:
    Version:  Direct3D 11.0 [level 11.1]
    Renderer: NVIDIA GeForce GTX 1650 (ID=0x1f9d)
    Vendor:   NVIDIA
    VRAM:     3937 MB
    Driver:   32.0.15.6636
Initialize mono
Mono path[0] = 'C:/Program Files/Unity/Hub/Editor/2022.3.27f1/Editor/Data/Managed'
Mono path[1] = 'C:/Program Files/Unity/Hub/Editor/2022.3.27f1/Editor/Data/MonoBleedingEdge/lib/mono/unityjit-win32'
Mono config path = 'C:/Program Files/Unity/Hub/Editor/2022.3.27f1/Editor/Data/MonoBleedingEdge/etc'
Using monoOptions --debugger-agent=transport=dt_socket,embedding=1,server=y,suspend=n,address=127.0.0.1:56720
Begin MonoManager ReloadAssembly
Registering precompiled unity dll's ...
Register platform support module: C:/Program Files/Unity/Hub/Editor/2022.3.27f1/Editor/Data/PlaybackEngines/WebGLSupport/UnityEditor.WebGL.Extensions.dll
Register platform support module: C:/Program Files/Unity/Hub/Editor/2022.3.27f1/Editor/Data/PlaybackEngines/WindowsStandaloneSupport/UnityEditor.WindowsStandalone.Extensions.dll
Registered in 0.009487 seconds.
- Loaded All Assemblies, in  0.320 seconds
Native extension for WindowsStandalone target not found
Native extension for WebGL target not found
Mono: successfully reloaded assembly
- Finished resetting the current domain, in  0.246 seconds
Domain Reload Profiling: 563ms
	BeginReloadAssembly (97ms)
		ExecutionOrderSort (0ms)
		DisableScriptedObjects (0ms)
		BackupInstance (0ms)
		ReleaseScriptingObjects (0ms)
		CreateAndSetChildDomain (1ms)
	RebuildCommonClasses (30ms)
	RebuildNativeTypeToScriptingClass (9ms)
	initialDomainReloadingComplete (61ms)
	LoadAllAssembliesAndSetupDomain (120ms)
		LoadAssemblies (94ms)
		RebuildTransferFunctionScriptingTraits (0ms)
		AnalyzeDomain (118ms)
			TypeCache.Refresh (117ms)
				TypeCache.ScanAssembly (105ms)
			ScanForSourceGeneratedMonoScriptInfo (0ms)
			ResolveRequiredComponents (0ms)
	FinalizeReload (246ms)
		ReleaseScriptCaches (0ms)
		RebuildScriptCaches (0ms)
		SetupLoadedEditorAssemblies (195ms)
			LogAssemblyErrors (0ms)
			InitializePlatformSupportModulesInManaged (10ms)
			SetLoadedEditorAssemblies (5ms)
			RefreshPlugins (0ms)
			BeforeProcessingInitializeOnLoad (2ms)
			ProcessInitializeOnLoadAttributes (137ms)
			ProcessInitializeOnLoadMethodAttributes (41ms)
			AfterProcessingInitializeOnLoad (0ms)
			EditorAssembliesLoaded (0ms)
		ExecutionOrderSort2 (0ms)
		AwakeInstancesAfterBackupRestoration (0ms)
========================================================================
Worker process is ready to serve import requests
Begin MonoManager ReloadAssembly
- Loaded All Assemblies, in  0.694 seconds
Refreshing native plugins compatible for Editor in 5.53 ms, found 4 plugins.
Native extension for WindowsStandalone target not found
Native extension for WebGL target not found
Package Manager log level set to [2]
[Package Manager] Server::EnsureServerProcessIsRunning -- launch failed, reason: Unity was launched with the -noUpm command-line argument
[Package Manager] UpmClient::Send -- Unable to send message (not connected to UPM process).
[Package Manager] Cannot connect to Unity Package Manager local server
Mono: successfully reloaded assembly
- Finished resetting the current domain, in  0.767 seconds
Domain Reload Profiling: 1459ms
	BeginReloadAssembly (134ms)
		ExecutionOrderSort (0ms)
		DisableScriptedObjects (5ms)
		BackupInstance (0ms)
		ReleaseScriptingObjects (0ms)
		CreateAndSetChildDomain (20ms)
	RebuildCommonClasses (29ms)
	RebuildNativeTypeToScriptingClass (12ms)
	initialDomainReloadingComplete (48ms)
	LoadAllAssembliesAndSetupDomain (469ms)
		LoadAssemblies (321ms)
		RebuildTransferFunctionScriptingTraits (0ms)
		AnalyzeDomain (224ms)
			TypeCache.Refresh (182ms)
				TypeCache.ScanAssembly (168ms)
			ScanForSourceGeneratedMonoScriptInfo (31ms)
			ResolveRequiredComponents (10ms)
	FinalizeReload (768ms)
		ReleaseScriptCaches (0ms)
		RebuildScriptCaches (0ms)
		SetupLoadedEditorAssemblies (606ms)
			LogAssemblyErrors (0ms)
			InitializePlatformSupportModulesInManaged (7ms)
			SetLoadedEditorAssemblies (5ms)
			RefreshPlugins (0ms)
			BeforeProcessingInitializeOnLoad (82ms)
			ProcessInitializeOnLoadAttributes (427ms)
			ProcessInitializeOnLoadMethodAttributes (75ms)
			AfterProcessingInitializeOnLoad (9ms)
			EditorAssembliesLoaded (0ms)
		ExecutionOrderSort2 (0ms)
		AwakeInstancesAfterBackupRestoration (6ms)
Launched and connected shader compiler UnityShaderCompiler.exe after 0.04 seconds
Refreshing native plugins compatible for Editor in 5.58 ms, found 4 plugins.
Preloading 0 native plugins for Editor in 0.00 ms.
Unloading 6027 Unused Serialized files (Serialized files now loaded: 0)
Unloading 97 unused Assets / (0.8 MB). Loaded Objects now: 6488.
Memory consumption went from 232.0 MB to 231.3 MB.
Total: 5.516000 ms (FindLiveObjects: 0.911100 ms CreateObjectMapping: 0.384300 ms MarkObjects: 3.730400 ms  DeleteObjects: 0.488900 ms)

AssetImportParameters requested are different than current active one (requested -> active):
  custom:container-demuxer-ogg: 62fdf1f143b41e24485cea50d1cbac27 -> 
  custom:video-codec-MediaFoundation-h265: 746d11721c4dcdbdad8f713fa42b33f4 -> 
  custom:video-decoder-ogg-theora: a1e56fd34408186e4bbccfd4996cb3dc -> 
  custom:framework-win-MediaFoundation: 216162199b28c13a410421893ffa2e32 -> 
  custom:CustomObjectIndexerAttribute: 72b91833f83ae208fae7752999fa3104 -> 
  custom:container-demuxer-webm: 4f35f7cbe854078d1ac9338744f61a02 -> 
  custom:container-muxer-webm: aa71ff27fc2769a1b78a27578f13a17b -> 
  custom:video-decoder-webm-vp8: 9c59270c3fd7afecdb556c50c9e8de78 -> 
  custom:SearchIndexIgnoredProperties: e643bd26f0fe6173181afceb89e7c659 -> 
  custom:AudioImporter_EditorPlatform: d09bf68614088b80899f8185d706f6e7 -> 
  custom:video-encoder-webm-vp8: eb34c28f22e8b96e1ab97ce403110664 -> 
  custom:audio-decoder-ogg-vorbis: bf7c407c2cedff20999df2af8eb42d56 -> 
  custom:audio-encoder-webm-vorbis: bf7c407c2cedff20999df2af8eb42d56 -> 
========================================================================
Received Import Request.
  Time since last request: 81078.784584 seconds.
  path: Assets/Character Animation/Casting Spell/Dreamer Lift_002.png
  artifactKey: Guid(7af96f018f10ce642879c5369f303010) Importer(815301076,1909f56bfc062723c751e8b465ee728b)
Start importing Assets/Character Animation/Casting Spell/Dreamer Lift_002.png using Guid(7af96f018f10ce642879c5369f303010) Importer(815301076,1909f56bfc062723c751e8b465ee728b)  -> (artifact id: 'bd31704f4342b3719efac53b2e881456') in 0.154017 seconds
Number of updated asset objects reloaded before import = 0
Number of asset objects unloaded after import = 3
========================================================================
Received Import Request.
  Time since last request: 0.000034 seconds.
  path: Assets/Architecture & Environment/Lifts/elev_lift.png
  artifactKey: Guid(f24296e17b4ea0e44b278adf8e6bb7b1) Importer(815301076,1909f56bfc062723c751e8b465ee728b)
Start importing Assets/Architecture & Environment/Lifts/elev_lift.png using Guid(f24296e17b4ea0e44b278adf8e6bb7b1) Importer(815301076,1909f56bfc062723c751e8b465ee728b)  -> (artifact id: 'f204380cb6211b471d12ce173160fa9c') in 0.128852 seconds
Number of updated asset objects reloaded before import = 0
Number of asset objects unloaded after import = 3
========================================================================
Received Import Request.
  Time since last request: 0.000016 seconds.
  path: Assets/Resources/Environments/Area specfic architecture/Colosseum/col_lifts_door0007.png
  artifactKey: Guid(d1e66465b7ee7bf418e2eca7fcbbd4bc) Importer(815301076,1909f56bfc062723c751e8b465ee728b)
Start importing Assets/Resources/Environments/Area specfic architecture/Colosseum/col_lifts_door0007.png using Guid(d1e66465b7ee7bf418e2eca7fcbbd4bc) Importer(815301076,1909f56bfc062723c751e8b465ee728b)  -> (artifact id: '74876298bc419499e498f7cf68a9e188') in 0.019411 seconds
Number of updated asset objects reloaded before import = 0
Number of asset objects unloaded after import = 3
========================================================================
Received Import Request.
  Time since last request: 0.000027 seconds.
  path: Assets/Resources/Environments/plat_lifts_0004_a.png
  artifactKey: Guid(776739b810bd04a4094cd92eeaf74935) Importer(815301076,1909f56bfc062723c751e8b465ee728b)
Start importing Assets/Resources/Environments/plat_lifts_0004_a.png using Guid(776739b810bd04a4094cd92eeaf74935) Importer(815301076,1909f56bfc062723c751e8b465ee728b)  -> (artifact id: '960912f775e3024558f42ba5d5dea9e6') in 0.018690 seconds
Number of updated asset objects reloaded before import = 0
Number of asset objects unloaded after import = 3
========================================================================
Received Import Request.
  Time since last request: 0.000020 seconds.
  path: Assets/Resources/Environments/Area specfic architecture/City of Tears/ruins_lift_spikes00002.png
  artifactKey: Guid(eb00cf126b423084b9e2730a49d39639) Importer(815301076,1909f56bfc062723c751e8b465ee728b)
Start importing Assets/Resources/Environments/Area specfic architecture/City of Tears/ruins_lift_spikes00002.png using Guid(eb00cf126b423084b9e2730a49d39639) Importer(815301076,1909f56bfc062723c751e8b465ee728b)  -> (artifact id: '4fd2a99a1f1cf3b57be053420687c389') in 0.024216 seconds
Number of updated asset objects reloaded before import = 0
Number of asset objects unloaded after import = 3
========================================================================
Received Import Request.
  Time since last request: 0.000023 seconds.
  path: Assets/Resources/Environments/Area specfic architecture/Colosseum/small_lift0000.png
  artifactKey: Guid(9448b3163e5c8fd46abf2815ebd0ba43) Importer(815301076,1909f56bfc062723c751e8b465ee728b)
Start importing Assets/Resources/Environments/Area specfic architecture/Colosseum/small_lift0000.png using Guid(9448b3163e5c8fd46abf2815ebd0ba43) Importer(815301076,1909f56bfc062723c751e8b465ee728b)  -> (artifact id: '203d7f6f5b91065ce6c686ebe0e5881a') in 0.020440 seconds
Number of updated asset objects reloaded before import = 0
Number of asset objects unloaded after import = 3
========================================================================
Received Import Request.
  Time since last request: 0.000028 seconds.
  path: Assets/Resources/Environments/Area specfic architecture/Colosseum/small_lift0003.png
  artifactKey: Guid(dfadee7776dfd2b4794f641e49a69698) Importer(815301076,1909f56bfc062723c751e8b465ee728b)
Start importing Assets/Resources/Environments/Area specfic architecture/Colosseum/small_lift0003.png using Guid(dfadee7776dfd2b4794f641e49a69698) Importer(815301076,1909f56bfc062723c751e8b465ee728b)  -> (artifact id: 'c21ce684f3d1d484b754124d6d9b2e86') in 0.027859 seconds
Number of updated asset objects reloaded before import = 0
Number of asset objects unloaded after import = 3
========================================================================
Received Import Request.
  Time since last request: 0.000019 seconds.
  path: Assets/Resources/Environments/Area specfic architecture/Colosseum/small_lift0004.png
  artifactKey: Guid(9e40135445f165946896b87c5c78ad98) Importer(815301076,1909f56bfc062723c751e8b465ee728b)
Start importing Assets/Resources/Environments/Area specfic architecture/Colosseum/small_lift0004.png using Guid(9e40135445f165946896b87c5c78ad98) Importer(815301076,1909f56bfc062723c751e8b465ee728b)  -> (artifact id: 'ac711a45c13723b40574a31b19b35ddb') in 0.015416 seconds
Number of updated asset objects reloaded before import = 0
Number of asset objects unloaded after import = 3
========================================================================
Received Import Request.
  Time since last request: 0.000022 seconds.
  path: Assets/Resources/Environments/Area specfic architecture/Colosseum/small_lift0005.png
  artifactKey: Guid(cd5123528534e49479e040d9a47934d4) Importer(815301076,1909f56bfc062723c751e8b465ee728b)
Start importing Assets/Resources/Environments/Area specfic architecture/Colosseum/small_lift0005.png using Guid(cd5123528534e49479e040d9a47934d4) Importer(815301076,1909f56bfc062723c751e8b465ee728b)  -> (artifact id: '782adf4615b788ca3ec9fcf7901ce2d0') in 0.021155 seconds
Number of updated asset objects reloaded before import = 0
Number of asset objects unloaded after import = 3
========================================================================
Received Import Request.
  Time since last request: 0.000025 seconds.
  path: Assets/Resources/Environments/Lifts/SpriteAtlasTexture-Lift_Struts-1024x512-fmt12.png
  artifactKey: Guid(2afa5acd919505a4d952861f96f7c409) Importer(815301076,1909f56bfc062723c751e8b465ee728b)
Start importing Assets/Resources/Environments/Lifts/SpriteAtlasTexture-Lift_Struts-1024x512-fmt12.png using Guid(2afa5acd919505a4d952861f96f7c409) Importer(815301076,1909f56bfc062723c751e8b465ee728b)  -> (artifact id: 'e02331aeb32ae71619ed6b0c8c0e9da0') in 0.023698 seconds
Number of updated asset objects reloaded before import = 0
Number of asset objects unloaded after import = 3
========================================================================
Received Import Request.
  Time since last request: 0.000134 seconds.
  path: Assets/Architecture & Environment/Area specfic architecture/Colosseum/small_lift0003.png
  artifactKey: Guid(d1bdcfc2c1cc6de4bb1091e8c27c533b) Importer(815301076,1909f56bfc062723c751e8b465ee728b)
Start importing Assets/Architecture & Environment/Area specfic architecture/Colosseum/small_lift0003.png using Guid(d1bdcfc2c1cc6de4bb1091e8c27c533b) Importer(815301076,1909f56bfc062723c751e8b465ee728b)  -> (artifact id: 'b80e1ac4b735c825098bb7413839cb25') in 0.018437 seconds
Number of updated asset objects reloaded before import = 0
Number of asset objects unloaded after import = 3
========================================================================
Received Import Request.
  Time since last request: 0.000017 seconds.
  path: Assets/Architecture & Environment/Area specfic architecture/City of Tears/ruins_lift_spikes00003.png
  artifactKey: Guid(3da9c615afd6ee344b41494f7b6d9842) Importer(815301076,1909f56bfc062723c751e8b465ee728b)
Start importing Assets/Architecture & Environment/Area specfic architecture/City of Tears/ruins_lift_spikes00003.png using Guid(3da9c615afd6ee344b41494f7b6d9842) Importer(815301076,1909f56bfc062723c751e8b465ee728b)  -> (artifact id: '614cc28ff7326c7eeb3ce97b00d209a7') in 0.022136 seconds
Number of updated asset objects reloaded before import = 0
Number of asset objects unloaded after import = 3
========================================================================
Received Import Request.
  Time since last request: 0.000020 seconds.
  path: Assets/Resources/Environments/Area specfic architecture/Colosseum/small_lift0001.png
  artifactKey: Guid(4a2301b3a3087554888e732953650d26) Importer(815301076,1909f56bfc062723c751e8b465ee728b)
Start importing Assets/Resources/Environments/Area specfic architecture/Colosseum/small_lift0001.png using Guid(4a2301b3a3087554888e732953650d26) Importer(815301076,1909f56bfc062723c751e8b465ee728b)  -> (artifact id: '61b2e8438af2ee30afef583fd5e15d6b') in 0.019862 seconds
Number of updated asset objects reloaded before import = 0
Number of asset objects unloaded after import = 3
========================================================================
Received Import Request.
  Time since last request: 0.000023 seconds.
  path: Assets/Resources/Environments/Area specfic architecture/Colosseum/col_lifts_door0001.png
  artifactKey: Guid(a3c41c3f74fb9c342a5956e5be89741e) Importer(815301076,1909f56bfc062723c751e8b465ee728b)
Start importing Assets/Resources/Environments/Area specfic architecture/Colosseum/col_lifts_door0001.png using Guid(a3c41c3f74fb9c342a5956e5be89741e) Importer(815301076,1909f56bfc062723c751e8b465ee728b)  -> (artifact id: '31e32d716101a4d5873d051b2c722f04') in 0.019522 seconds
Number of updated asset objects reloaded before import = 0
Number of asset objects unloaded after import = 3
========================================================================
Received Import Request.
  Time since last request: 0.000032 seconds.
  path: Assets/Architecture & Environment/Area specfic architecture/City of Tears/ruins_lift_spikes00002.png
  artifactKey: Guid(d1fb56731b0840c41b8f1e29f7f128d1) Importer(815301076,1909f56bfc062723c751e8b465ee728b)
Start importing Assets/Architecture & Environment/Area specfic architecture/City of Tears/ruins_lift_spikes00002.png using Guid(d1fb56731b0840c41b8f1e29f7f128d1) Importer(815301076,1909f56bfc062723c751e8b465ee728b)  -> (artifact id: '84aa285ea5b004b849f3bb6f36706df7') in 0.019236 seconds
Number of updated asset objects reloaded before import = 0
Number of asset objects unloaded after import = 3
========================================================================
Received Import Request.
  Time since last request: 0.857222 seconds.
  path: Assets/Resources/Environments/plat_lifts_0000_a.png
  artifactKey: Guid(bdce1d1f437af5c4c8d88cc2e36da0f7) Importer(815301076,1909f56bfc062723c751e8b465ee728b)
Start importing Assets/Resources/Environments/plat_lifts_0000_a.png using Guid(bdce1d1f437af5c4c8d88cc2e36da0f7) Importer(815301076,1909f56bfc062723c751e8b465ee728b)  -> (artifact id: 'a8a3799f5f74949bee3db9dda41804cb') in 0.018017 seconds
Number of updated asset objects reloaded before import = 0
Number of asset objects unloaded after import = 3
========================================================================
Received Import Request.
  Time since last request: 0.000022 seconds.
  path: Assets/Architecture & Environment/plat_lifts_0002_a.png
  artifactKey: Guid(0e08273f3380a584c814846441464022) Importer(815301076,1909f56bfc062723c751e8b465ee728b)
Start importing Assets/Architecture & Environment/plat_lifts_0002_a.png using Guid(0e08273f3380a584c814846441464022) Importer(815301076,1909f56bfc062723c751e8b465ee728b)  -> (artifact id: '1bb504b46f315c91ad690840cc64f3d7') in 0.028049 seconds
Number of updated asset objects reloaded before import = 0
Number of asset objects unloaded after import = 3
========================================================================
Received Import Request.
  Time since last request: 0.000016 seconds.
  path: Assets/Resources/Environments/plat_lifts_0002_a.png
  artifactKey: Guid(75e60b303a2d29d4f94180daecc2e86a) Importer(815301076,1909f56bfc062723c751e8b465ee728b)
Start importing Assets/Resources/Environments/plat_lifts_0002_a.png using Guid(75e60b303a2d29d4f94180daecc2e86a) Importer(815301076,1909f56bfc062723c751e8b465ee728b)  -> (artifact id: '38de628009e9512e863899c324524b26') in 0.018052 seconds
Number of updated asset objects reloaded before import = 0
Number of asset objects unloaded after import = 3
========================================================================
Received Import Request.
  Time since last request: 3.777632 seconds.
  path: Assets/Resources/Environments/Area specfic architecture/Forgotten Crossroads/cd_lift_cords soft.png
  artifactKey: Guid(0f935caaa14ec134b8b2abd6d9d4fdfa) Importer(815301076,1909f56bfc062723c751e8b465ee728b)
Start importing Assets/Resources/Environments/Area specfic architecture/Forgotten Crossroads/cd_lift_cords soft.png using Guid(0f935caaa14ec134b8b2abd6d9d4fdfa) Importer(815301076,1909f56bfc062723c751e8b465ee728b)  -> (artifact id: '6ff64a4095440d34bb8ca60de2b48ac4') in 0.029392 seconds
Number of updated asset objects reloaded before import = 0
Number of asset objects unloaded after import = 3
========================================================================
Received Import Request.
  Time since last request: 127.146912 seconds.
  path: Assets/Architecture & Environment/Area specfic architecture/Resting Grounds/crumble_floor_resting_grounds.png
  artifactKey: Guid(7bf1725cec9825949b6cadcf8c1e3dcd) Importer(815301076,1909f56bfc062723c751e8b465ee728b)
Start importing Assets/Architecture & Environment/Area specfic architecture/Resting Grounds/crumble_floor_resting_grounds.png using Guid(7bf1725cec9825949b6cadcf8c1e3dcd) Importer(815301076,1909f56bfc062723c751e8b465ee728b)  -> (artifact id: '5bcccee7148b214265f2142442c6d061') in 0.038797 seconds
Number of updated asset objects reloaded before import = 0
Number of asset objects unloaded after import = 3
========================================================================
Received Import Request.
  Time since last request: 0.000022 seconds.
  path: Assets/Resources/Environments/deep_crumble_floor.png
  artifactKey: Guid(606adf5c590cfac4e9d8108c0a0fd2be) Importer(815301076,1909f56bfc062723c751e8b465ee728b)
Start importing Assets/Resources/Environments/deep_crumble_floor.png using Guid(606adf5c590cfac4e9d8108c0a0fd2be) Importer(815301076,1909f56bfc062723c751e8b465ee728b)  -> (artifact id: '1f0a0599a9312d5d102180d052b86949') in 0.043145 seconds
Number of updated asset objects reloaded before import = 0
Number of asset objects unloaded after import = 3
========================================================================
Received Import Request.
  Time since last request: 0.000018 seconds.
  path: Assets/Resources/Environments/Area specfic architecture/Forgotten Crossroads/Temple of the Black Egg/final_boss_room_0001_lit-floor_bench.png
  artifactKey: Guid(9f2001edda56e894cb0ac514427c7cde) Importer(815301076,1909f56bfc062723c751e8b465ee728b)
Start importing Assets/Resources/Environments/Area specfic architecture/Forgotten Crossroads/Temple of the Black Egg/final_boss_room_0001_lit-floor_bench.png using Guid(9f2001edda56e894cb0ac514427c7cde) Importer(815301076,1909f56bfc062723c751e8b465ee728b)  -> (artifact id: '1d2c9691666f0935688f4210d9037317') in 0.027112 seconds
Number of updated asset objects reloaded before import = 0
Number of asset objects unloaded after import = 3
========================================================================
Received Import Request.
  Time since last request: 1.076821 seconds.
  path: Assets/Resources/Environments/Area specfic architecture/Forgotten Crossroads/Temple of the Black Egg/final_boss_room_0009_dark_floor.png
  artifactKey: Guid(7113b113a25b3754e99f32dd7f068836) Importer(815301076,1909f56bfc062723c751e8b465ee728b)
Start importing Assets/Resources/Environments/Area specfic architecture/Forgotten Crossroads/Temple of the Black Egg/final_boss_room_0009_dark_floor.png using Guid(7113b113a25b3754e99f32dd7f068836) Importer(815301076,1909f56bfc062723c751e8b465ee728b)  -> (artifact id: 'df6211b717121b3e037bbedf8a776bbd') in 0.016399 seconds
Number of updated asset objects reloaded before import = 0
Number of asset objects unloaded after import = 3
========================================================================
Received Import Request.
  Time since last request: 0.000020 seconds.
  path: Assets/Resources/Environments/Area specfic architecture/Forgotten Crossroads/Temple of the Black Egg/final_boss_room_0024_floor_symbol_03.png
  artifactKey: Guid(a8396ff65fe8d9840b48e803ccdda8dd) Importer(815301076,1909f56bfc062723c751e8b465ee728b)
Start importing Assets/Resources/Environments/Area specfic architecture/Forgotten Crossroads/Temple of the Black Egg/final_boss_room_0024_floor_symbol_03.png using Guid(a8396ff65fe8d9840b48e803ccdda8dd) Importer(815301076,1909f56bfc062723c751e8b465ee728b)  -> (artifact id: '47df16e8e027783a4c2437667a09cd8f') in 0.029524 seconds
Number of updated asset objects reloaded before import = 0
Number of asset objects unloaded after import = 3
========================================================================
Received Import Request.
  Time since last request: 0.000017 seconds.
  path: Assets/Architecture & Environment/Area specfic architecture/Forgotten Crossroads/Temple of the Black Egg/final_boss_room_0025_floor_symbol_02.png
  artifactKey: Guid(8dcc6a2f0aace7948801cf56ccb800ee) Importer(815301076,1909f56bfc062723c751e8b465ee728b)
Start importing Assets/Architecture & Environment/Area specfic architecture/Forgotten Crossroads/Temple of the Black Egg/final_boss_room_0025_floor_symbol_02.png using Guid(8dcc6a2f0aace7948801cf56ccb800ee) Importer(815301076,1909f56bfc062723c751e8b465ee728b)  -> (artifact id: 'b4438391e862d12af141113520e68ca9') in 0.022826 seconds
Number of updated asset objects reloaded before import = 0
Number of asset objects unloaded after import = 3
========================================================================
Received Import Request.
  Time since last request: 0.000019 seconds.
  path: Assets/Resources/Environments/Area specfic architecture/Forgotten Crossroads/Temple of the Black Egg/final_boss_room_0025_floor_symbol_02.png
  artifactKey: Guid(1b5d1506b6ae15f4bbdea0a2c1cbfeaa) Importer(815301076,1909f56bfc062723c751e8b465ee728b)
Start importing Assets/Resources/Environments/Area specfic architecture/Forgotten Crossroads/Temple of the Black Egg/final_boss_room_0025_floor_symbol_02.png using Guid(1b5d1506b6ae15f4bbdea0a2c1cbfeaa) Importer(815301076,1909f56bfc062723c751e8b465ee728b)  -> (artifact id: '6f5417d50b1ae52608d41f4bad4f3388') in 0.009157 seconds
Number of updated asset objects reloaded before import = 0
Number of asset objects unloaded after import = 3
========================================================================
Received Import Request.
  Time since last request: 1.077511 seconds.
  path: Assets/Architecture & Environment/Area specfic architecture/Forgotten Crossroads/Temple of the Black Egg/final_boss_room_0026_floor_symbol_01_large.png
  artifactKey: Guid(a72aa7753b1fe5d4e96bad609ba0b0ea) Importer(815301076,1909f56bfc062723c751e8b465ee728b)
Start importing Assets/Architecture & Environment/Area specfic architecture/Forgotten Crossroads/Temple of the Black Egg/final_boss_room_0026_floor_symbol_01_large.png using Guid(a72aa7753b1fe5d4e96bad609ba0b0ea) Importer(815301076,1909f56bfc062723c751e8b465ee728b)  -> (artifact id: 'c9ccb854152769fc9a49fcb1722e78d7') in 0.015068 seconds
Number of updated asset objects reloaded before import = 0
Number of asset objects unloaded after import = 3
========================================================================
Received Import Request.
  Time since last request: 0.000020 seconds.
  path: Assets/Architecture & Environment/Area specfic architecture/Forgotten Crossroads/Temple of the Black Egg/final_boss_room_0027_boss_floor_core_mid.png
  artifactKey: Guid(067e2f33fe641bf4398617a7d617a044) Importer(815301076,1909f56bfc062723c751e8b465ee728b)
Start importing Assets/Architecture & Environment/Area specfic architecture/Forgotten Crossroads/Temple of the Black Egg/final_boss_room_0027_boss_floor_core_mid.png using Guid(067e2f33fe641bf4398617a7d617a044) Importer(815301076,1909f56bfc062723c751e8b465ee728b)  -> (artifact id: 'b9a238308324d5f8a1b231b4c280cbcf') in 0.023191 seconds
Number of updated asset objects reloaded before import = 0
Number of asset objects unloaded after import = 3
========================================================================
Received Import Request.
  Time since last request: 0.000019 seconds.
  path: Assets/Architecture & Environment/Area specfic architecture/Forgotten Crossroads/Temple of the Black Egg/final_boss_room_0028_boss_floor_FG.png
  artifactKey: Guid(ba57782f1b3f87a41a63f246f4ab3e34) Importer(815301076,1909f56bfc062723c751e8b465ee728b)
Start importing Assets/Architecture & Environment/Area specfic architecture/Forgotten Crossroads/Temple of the Black Egg/final_boss_room_0028_boss_floor_FG.png using Guid(ba57782f1b3f87a41a63f246f4ab3e34) Importer(815301076,1909f56bfc062723c751e8b465ee728b)  -> (artifact id: 'b4bf1aba082e90c6390f0ab99eb1bf60') in 0.015142 seconds
Number of updated asset objects reloaded before import = 0
Number of asset objects unloaded after import = 3
========================================================================
Received Import Request.
  Time since last request: 0.000027 seconds.
  path: Assets/Resources/framework/floor1.png
  artifactKey: Guid(abac091d374544c148fa61d5a5c848ed) Importer(815301076,1909f56bfc062723c751e8b465ee728b)
Start importing Assets/Resources/framework/floor1.png using Guid(abac091d374544c148fa61d5a5c848ed) Importer(815301076,1909f56bfc062723c751e8b465ee728b)  -> (artifact id: 'b3487c70e7f1b0a1433a18b172bc5e50') in 0.022965 seconds
Number of updated asset objects reloaded before import = 0
Number of asset objects unloaded after import = 3
========================================================================
Received Import Request.
  Time since last request: 0.000021 seconds.
  path: Assets/Architecture & Environment/Area specfic architecture/Forgotten Crossroads/Temple of the Black Egg/final_boss_room_0029_boss_floor_mid.png
  artifactKey: Guid(71d248e5172acf0478810f97dd9a6131) Importer(815301076,1909f56bfc062723c751e8b465ee728b)
Start importing Assets/Architecture & Environment/Area specfic architecture/Forgotten Crossroads/Temple of the Black Egg/final_boss_room_0029_boss_floor_mid.png using Guid(71d248e5172acf0478810f97dd9a6131) Importer(815301076,1909f56bfc062723c751e8b465ee728b)  -> (artifact id: '5340ce4892e280d86f9a657aa46e37d3') in 0.016592 seconds
Number of updated asset objects reloaded before import = 0
Number of asset objects unloaded after import = 3
========================================================================
Received Import Request.
  Time since last request: 0.000018 seconds.
  path: Assets/Resources/Environments/Area specfic architecture/Forgotten Crossroads/Temple of the Black Egg/final_boss_room_0028_boss_floor_FG.png
  artifactKey: Guid(258011dbbbc24884490adbfd6bd9fecd) Importer(815301076,1909f56bfc062723c751e8b465ee728b)
Start importing Assets/Resources/Environments/Area specfic architecture/Forgotten Crossroads/Temple of the Black Egg/final_boss_room_0028_boss_floor_FG.png using Guid(258011dbbbc24884490adbfd6bd9fecd) Importer(815301076,1909f56bfc062723c751e8b465ee728b)  -> (artifact id: 'e99fa271b95bf7ce77834702dd9df5bb') in 0.008145 seconds
Number of updated asset objects reloaded before import = 0
Number of asset objects unloaded after import = 3
========================================================================
Received Import Request.
  Time since last request: 0.000019 seconds.
  path: Assets/Resources/Environments/Area specfic architecture/Forgotten Crossroads/Temple of the Black Egg/final_boss_room_0029_boss_floor_mid.png
  artifactKey: Guid(21ace49c2ce2d0c40a2140d093900dea) Importer(815301076,1909f56bfc062723c751e8b465ee728b)
Start importing Assets/Resources/Environments/Area specfic architecture/Forgotten Crossroads/Temple of the Black Egg/final_boss_room_0029_boss_floor_mid.png using Guid(21ace49c2ce2d0c40a2140d093900dea) Importer(815301076,1909f56bfc062723c751e8b465ee728b)  -> (artifact id: '58a66183e48798606ac56d1be0c2a404') in 0.009404 seconds
Number of updated asset objects reloaded before import = 0
Number of asset objects unloaded after import = 3
========================================================================
Received Import Request.
  Time since last request: 0.000024 seconds.
  path: Assets/Resources/Environments/Area specfic architecture/Forgotten Crossroads/Temple of the Black Egg/final_boss_room_0027_boss_floor_core_mid.png
  artifactKey: Guid(12cd8e195806ed944873b5d8c620d442) Importer(815301076,1909f56bfc062723c751e8b465ee728b)
Start importing Assets/Resources/Environments/Area specfic architecture/Forgotten Crossroads/Temple of the Black Egg/final_boss_room_0027_boss_floor_core_mid.png using Guid(12cd8e195806ed944873b5d8c620d442) Importer(815301076,1909f56bfc062723c751e8b465ee728b)  -> (artifact id: 'e10b0946259fc1ac9126f5687b62064f') in 0.008746 seconds
Number of updated asset objects reloaded before import = 0
Number of asset objects unloaded after import = 3
========================================================================
Received Import Request.
  Time since last request: 0.000016 seconds.
  path: Assets/Resources/Environments/Area specfic architecture/Ancient Basin/floor_corner1_0001_Layer-0.png
  artifactKey: Guid(670ea5f03fab533428fd23f7f37efb41) Importer(815301076,1909f56bfc062723c751e8b465ee728b)
Start importing Assets/Resources/Environments/Area specfic architecture/Ancient Basin/floor_corner1_0001_Layer-0.png using Guid(670ea5f03fab533428fd23f7f37efb41) Importer(815301076,1909f56bfc062723c751e8b465ee728b)  -> (artifact id: '6c724d47aa9400f4caf4d0a073bfc5b1') in 0.018399 seconds
Number of updated asset objects reloaded before import = 0
Number of asset objects unloaded after import = 3
========================================================================
Received Import Request.
  Time since last request: 0.000016 seconds.
  path: Assets/Resources/Environments/Area specfic architecture/Forgotten Crossroads/Temple of the Black Egg/final_boss_room_0030_boss_floor_main.png
  artifactKey: Guid(b99759bf02b7bd944bead7bd5d6a99ec) Importer(815301076,1909f56bfc062723c751e8b465ee728b)
Start importing Assets/Resources/Environments/Area specfic architecture/Forgotten Crossroads/Temple of the Black Egg/final_boss_room_0030_boss_floor_main.png using Guid(b99759bf02b7bd944bead7bd5d6a99ec) Importer(815301076,1909f56bfc062723c751e8b465ee728b)  -> (artifact id: '8d25a949ee893acd34729ff431f25d93') in 0.008558 seconds
Number of updated asset objects reloaded before import = 0
Number of asset objects unloaded after import = 3
========================================================================
Received Import Request.
  Time since last request: 1.061330 seconds.
  path: Assets/Resources/Environments/Area specfic architecture/Forgotten Crossroads/floor_FG_rock_01_0000_06.png
  artifactKey: Guid(d53593531736eb646852d07805690c7d) Importer(815301076,1909f56bfc062723c751e8b465ee728b)
Start importing Assets/Resources/Environments/Area specfic architecture/Forgotten Crossroads/floor_FG_rock_01_0000_06.png using Guid(d53593531736eb646852d07805690c7d) Importer(815301076,1909f56bfc062723c751e8b465ee728b)  -> (artifact id: '3c998198d504a897407fa55d4e49da2c') in 0.036460 seconds
Number of updated asset objects reloaded before import = 0
Number of asset objects unloaded after import = 3
========================================================================
Received Import Request.
  Time since last request: 0.000025 seconds.
  path: Assets/Resources/Environments/Area specfic architecture/Forgotten Crossroads/floor_FG_rock_01_0003_03.png
  artifactKey: Guid(b8c03f228affb3844b616aef7768ebb4) Importer(815301076,1909f56bfc062723c751e8b465ee728b)
Start importing Assets/Resources/Environments/Area specfic architecture/Forgotten Crossroads/floor_FG_rock_01_0003_03.png using Guid(b8c03f228affb3844b616aef7768ebb4) Importer(815301076,1909f56bfc062723c751e8b465ee728b)  -> (artifact id: '6568076c96e9dd451422b2bd0b9d4f0e') in 0.019135 seconds
Number of updated asset objects reloaded before import = 0
Number of asset objects unloaded after import = 3
========================================================================
Received Import Request.
  Time since last request: 0.000046 seconds.
  path: Assets/Architecture & Environment/Area specfic architecture/Forgotten Crossroads/floor_FG_rock_02_0000_Layer-1.png
  artifactKey: Guid(d04269bbef20c0d46b5f0fac2ea704f3) Importer(815301076,1909f56bfc062723c751e8b465ee728b)
Start importing Assets/Architecture & Environment/Area specfic architecture/Forgotten Crossroads/floor_FG_rock_02_0000_Layer-1.png using Guid(d04269bbef20c0d46b5f0fac2ea704f3) Importer(815301076,1909f56bfc062723c751e8b465ee728b)  -> (artifact id: '4a8d49f2754a015ca60461d7e5ec0587') in 0.022320 seconds
Number of updated asset objects reloaded before import = 0
Number of asset objects unloaded after import = 3
========================================================================
Received Import Request.
  Time since last request: 0.000017 seconds.
  path: Assets/Resources/Environments/Area specfic architecture/Forgotten Crossroads/floor_FG_rock_01_0004_02.png
  artifactKey: Guid(1f55965c2dfe99b408f975bf2b8c63d4) Importer(815301076,1909f56bfc062723c751e8b465ee728b)
Start importing Assets/Resources/Environments/Area specfic architecture/Forgotten Crossroads/floor_FG_rock_01_0004_02.png using Guid(1f55965c2dfe99b408f975bf2b8c63d4) Importer(815301076,1909f56bfc062723c751e8b465ee728b)  -> (artifact id: '48d639d3d6f7c6107eddf3b8db38248a') in 0.026463 seconds
Number of updated asset objects reloaded before import = 0
Number of asset objects unloaded after import = 3
========================================================================
Received Import Request.
  Time since last request: 0.000021 seconds.
  path: Assets/Resources/Environments/Area specfic architecture/Forgotten Crossroads/floor_FG_rock_01_0005_01.png
  artifactKey: Guid(caf6ec775fd904b47b01ff437e0bffe6) Importer(815301076,1909f56bfc062723c751e8b465ee728b)
Start importing Assets/Resources/Environments/Area specfic architecture/Forgotten Crossroads/floor_FG_rock_01_0005_01.png using Guid(caf6ec775fd904b47b01ff437e0bffe6) Importer(815301076,1909f56bfc062723c751e8b465ee728b)  -> (artifact id: 'ceb827e4ad06251c348559098bbd1bdc') in 0.045763 seconds
Number of updated asset objects reloaded before import = 0
Number of asset objects unloaded after import = 3
========================================================================
Received Import Request.
  Time since last request: 0.000021 seconds.
  path: Assets/Architecture & Environment/Area specfic architecture/Forgotten Crossroads/floor_FG_rock_01_0003_03.png
  artifactKey: Guid(f9c69dd29b692014398bbaf523e35764) Importer(815301076,1909f56bfc062723c751e8b465ee728b)
Start importing Assets/Architecture & Environment/Area specfic architecture/Forgotten Crossroads/floor_FG_rock_01_0003_03.png using Guid(f9c69dd29b692014398bbaf523e35764) Importer(815301076,1909f56bfc062723c751e8b465ee728b)  -> (artifact id: '78ef5417e20ae253a011d35111a100a8') in 0.041719 seconds
Number of updated asset objects reloaded before import = 0
Number of asset objects unloaded after import = 3
========================================================================
Received Import Request.
  Time since last request: 0.000021 seconds.
  path: Assets/Architecture & Environment/Area specfic architecture/Forgotten Crossroads/floor_FG_rock_01_0005_01.png
  artifactKey: Guid(81a8c6f1f8facd5428d579a17f3add74) Importer(815301076,1909f56bfc062723c751e8b465ee728b)
Start importing Assets/Architecture & Environment/Area specfic architecture/Forgotten Crossroads/floor_FG_rock_01_0005_01.png using Guid(81a8c6f1f8facd5428d579a17f3add74) Importer(815301076,1909f56bfc062723c751e8b465ee728b)  -> (artifact id: '670d85f02407f21208b8fdff8f72bb72') in 0.017649 seconds
Number of updated asset objects reloaded before import = 0
Number of asset objects unloaded after import = 3
========================================================================
Received Import Request.
  Time since last request: 14.691081 seconds.
  path: Assets/Architecture & Environment/Area specfic architecture/Forgotten Crossroads/floor_FG_rock_02_0002_Layer-3.png
  artifactKey: Guid(64101c689ac7d1c4695f8270094293a3) Importer(815301076,1909f56bfc062723c751e8b465ee728b)
Start importing Assets/Architecture & Environment/Area specfic architecture/Forgotten Crossroads/floor_FG_rock_02_0002_Layer-3.png using Guid(64101c689ac7d1c4695f8270094293a3) Importer(815301076,1909f56bfc062723c751e8b465ee728b)  -> (artifact id: '9f78dbedc62314848851979db33718cb') in 0.045064 seconds
Number of updated asset objects reloaded before import = 0
Number of asset objects unloaded after import = 3
========================================================================
Received Import Request.
  Time since last request: 0.000025 seconds.
  path: Assets/Architecture & Environment/Area specfic architecture/Forgotten Crossroads/floor_FG_rock_03_0001_04.png
  artifactKey: Guid(57564e8b0a859de4bbba9b11b7f0b9a1) Importer(815301076,1909f56bfc062723c751e8b465ee728b)
Start importing Assets/Architecture & Environment/Area specfic architecture/Forgotten Crossroads/floor_FG_rock_03_0001_04.png using Guid(57564e8b0a859de4bbba9b11b7f0b9a1) Importer(815301076,1909f56bfc062723c751e8b465ee728b)  -> (artifact id: '00151f5d04fc63525d2b58abb0449f9c') in 0.018676 seconds
Number of updated asset objects reloaded before import = 0
Number of asset objects unloaded after import = 3
========================================================================
Received Import Request.
  Time since last request: 0.000021 seconds.
  path: Assets/Architecture & Environment/Area specfic architecture/Forgotten Crossroads/floor_FG_rock_04_0000_06.png
  artifactKey: Guid(a75849daabf186a4ba9084819e67aa7b) Importer(815301076,1909f56bfc062723c751e8b465ee728b)
Start importing Assets/Architecture & Environment/Area specfic architecture/Forgotten Crossroads/floor_FG_rock_04_0000_06.png using Guid(a75849daabf186a4ba9084819e67aa7b) Importer(815301076,1909f56bfc062723c751e8b465ee728b)  -> (artifact id: '63b47ca1e6e852b53b37f0dac95f1688') in 0.026388 seconds
Number of updated asset objects reloaded before import = 0
Number of asset objects unloaded after import = 3
========================================================================
Received Import Request.
  Time since last request: 0.000020 seconds.
  path: Assets/Architecture & Environment/Area specfic architecture/Forgotten Crossroads/floor_FG_rock_04_0002_04.png
  artifactKey: Guid(3666fca1fc4431543b802455b1973b61) Importer(815301076,1909f56bfc062723c751e8b465ee728b)
Start importing Assets/Architecture & Environment/Area specfic architecture/Forgotten Crossroads/floor_FG_rock_04_0002_04.png using Guid(3666fca1fc4431543b802455b1973b61) Importer(815301076,1909f56bfc062723c751e8b465ee728b)  -> (artifact id: 'faa504841489cd65a041a30e8083402b') in 0.021820 seconds
Number of updated asset objects reloaded before import = 0
Number of asset objects unloaded after import = 3
========================================================================
Received Import Request.
  Time since last request: 0.000019 seconds.
  path: Assets/Resources/Environments/Area specfic architecture/Forgotten Crossroads/floor_FG_rock_04_0004_02.png
  artifactKey: Guid(31aa636db5c30ac4a950b49cc444960b) Importer(815301076,1909f56bfc062723c751e8b465ee728b)
Start importing Assets/Resources/Environments/Area specfic architecture/Forgotten Crossroads/floor_FG_rock_04_0004_02.png using Guid(31aa636db5c30ac4a950b49cc444960b) Importer(815301076,1909f56bfc062723c751e8b465ee728b)  -> (artifact id: '407ee9ecbe96866bf78ba33c3728cc56') in 0.020502 seconds
Number of updated asset objects reloaded before import = 0
Number of asset objects unloaded after import = 3
========================================================================
Received Import Request.
  Time since last request: 0.000023 seconds.
  path: Assets/Resources/Environments/Area specfic architecture/Forgotten Crossroads/floor_FG_rock_05_0002_02.png
  artifactKey: Guid(762ef652f3416eb4fbab29d4732cc457) Importer(815301076,1909f56bfc062723c751e8b465ee728b)
Start importing Assets/Resources/Environments/Area specfic architecture/Forgotten Crossroads/floor_FG_rock_05_0002_02.png using Guid(762ef652f3416eb4fbab29d4732cc457) Importer(815301076,1909f56bfc062723c751e8b465ee728b)  -> (artifact id: '57239267cd7b577af3549c97405b6a9d') in 0.024803 seconds
Number of updated asset objects reloaded before import = 0
Number of asset objects unloaded after import = 3
========================================================================
Received Import Request.
  Time since last request: 0.000033 seconds.
  path: Assets/Resources/Environments/Area specfic architecture/Forgotten Crossroads/floor_FG_rock_03_0002_03.png
  artifactKey: Guid(282a116b48d8cf543b20a1804a5a5ea3) Importer(815301076,1909f56bfc062723c751e8b465ee728b)
Start importing Assets/Resources/Environments/Area specfic architecture/Forgotten Crossroads/floor_FG_rock_03_0002_03.png using Guid(282a116b48d8cf543b20a1804a5a5ea3) Importer(815301076,1909f56bfc062723c751e8b465ee728b)  -> (artifact id: '176610ea2e527c17755d8cf351c6c20e') in 0.021776 seconds
Number of updated asset objects reloaded before import = 0
Number of asset objects unloaded after import = 3
========================================================================
Received Import Request.
  Time since last request: 0.000017 seconds.
  path: Assets/Resources/Environments/Area specfic architecture/Forgotten Crossroads/floor_FG_rock_05_0000_04.png
  artifactKey: Guid(da146db4cea2edc46a1dead658271f74) Importer(815301076,1909f56bfc062723c751e8b465ee728b)
Start importing Assets/Resources/Environments/Area specfic architecture/Forgotten Crossroads/floor_FG_rock_05_0000_04.png using Guid(da146db4cea2edc46a1dead658271f74) Importer(815301076,1909f56bfc062723c751e8b465ee728b)  -> (artifact id: '569b2baffb05ee38bbc99738b051f375') in 0.025636 seconds
Number of updated asset objects reloaded before import = 0
Number of asset objects unloaded after import = 3
========================================================================
Received Import Request.
  Time since last request: 0.000021 seconds.
  path: Assets/Resources/Environments/Area specfic architecture/Forgotten Crossroads/floor_FG_rock_03_0001_04.png
  artifactKey: Guid(161dff6ae3f372f4697451c5b34b54af) Importer(815301076,1909f56bfc062723c751e8b465ee728b)
Start importing Assets/Resources/Environments/Area specfic architecture/Forgotten Crossroads/floor_FG_rock_03_0001_04.png using Guid(161dff6ae3f372f4697451c5b34b54af) Importer(815301076,1909f56bfc062723c751e8b465ee728b)  -> (artifact id: 'ac383ce85c4a222293f8f5ca395904b7') in 0.025433 seconds
Number of updated asset objects reloaded before import = 0
Number of asset objects unloaded after import = 3
========================================================================
Received Import Request.
  Time since last request: 0.000027 seconds.
  path: Assets/Architecture & Environment/Area specfic architecture/Forgotten Crossroads/floor_FG_rock_02_0003_Layer-4.png
  artifactKey: Guid(9e5b960c4cda5954184b34cea10c678a) Importer(815301076,1909f56bfc062723c751e8b465ee728b)
Start importing Assets/Architecture & Environment/Area specfic architecture/Forgotten Crossroads/floor_FG_rock_02_0003_Layer-4.png using Guid(9e5b960c4cda5954184b34cea10c678a) Importer(815301076,1909f56bfc062723c751e8b465ee728b)  -> (artifact id: '367c934e0fbab3d3fce75ff90a749cc3') in 0.023854 seconds
Number of updated asset objects reloaded before import = 0
Number of asset objects unloaded after import = 3
========================================================================
Received Import Request.
  Time since last request: 0.000021 seconds.
  path: Assets/Resources/Environments/Area specfic architecture/Forgotten Crossroads/floor_FG_rock_02_0004_Layer-0.png
  artifactKey: Guid(e1afe2df2f34d1f4ea8a1c9b30ce0369) Importer(815301076,1909f56bfc062723c751e8b465ee728b)
Start importing Assets/Resources/Environments/Area specfic architecture/Forgotten Crossroads/floor_FG_rock_02_0004_Layer-0.png using Guid(e1afe2df2f34d1f4ea8a1c9b30ce0369) Importer(815301076,1909f56bfc062723c751e8b465ee728b)  -> (artifact id: 'a3f97b4262af046364014cf87865cf39') in 0.028617 seconds
Number of updated asset objects reloaded before import = 0
Number of asset objects unloaded after import = 3
========================================================================
Received Import Request.
  Time since last request: 0.000021 seconds.
  path: Assets/Resources/Environments/Area specfic architecture/Forgotten Crossroads/floor_FG_rock_03_0003_02.png
  artifactKey: Guid(1831e3fafc0d79040a537012eef597be) Importer(815301076,1909f56bfc062723c751e8b465ee728b)
Start importing Assets/Resources/Environments/Area specfic architecture/Forgotten Crossroads/floor_FG_rock_03_0003_02.png using Guid(1831e3fafc0d79040a537012eef597be) Importer(815301076,1909f56bfc062723c751e8b465ee728b)  -> (artifact id: 'a2d61ddb98108c64beb3c8211aa5e6ed') in 0.025019 seconds
Number of updated asset objects reloaded before import = 0
Number of asset objects unloaded after import = 3
========================================================================
Received Import Request.
  Time since last request: 0.000017 seconds.
  path: Assets/Architecture & Environment/Area specfic architecture/Forgotten Crossroads/floor_FG_rock_06_0001_03.png
  artifactKey: Guid(819454e5664eb0d41a79e359a56304ca) Importer(815301076,1909f56bfc062723c751e8b465ee728b)
Start importing Assets/Architecture & Environment/Area specfic architecture/Forgotten Crossroads/floor_FG_rock_06_0001_03.png using Guid(819454e5664eb0d41a79e359a56304ca) Importer(815301076,1909f56bfc062723c751e8b465ee728b)  -> (artifact id: 'a297165091c0c8d8c31e2c97cd3fa812') in 0.021406 seconds
Number of updated asset objects reloaded before import = 0
Number of asset objects unloaded after import = 3
========================================================================
Received Import Request.
  Time since last request: 0.000027 seconds.
  path: Assets/Architecture & Environment/Area specfic architecture/Forgotten Crossroads/floor_FG_rock_06_0003_01.png
  artifactKey: Guid(f52bf8562fdc56b468a9dc1941c04db1) Importer(815301076,1909f56bfc062723c751e8b465ee728b)
Start importing Assets/Architecture & Environment/Area specfic architecture/Forgotten Crossroads/floor_FG_rock_06_0003_01.png using Guid(f52bf8562fdc56b468a9dc1941c04db1) Importer(815301076,1909f56bfc062723c751e8b465ee728b)  -> (artifact id: 'ab21ad796aefa5a4c38b5e1f721f203e') in 0.023303 seconds
Number of updated asset objects reloaded before import = 0
Number of asset objects unloaded after import = 3
========================================================================
Received Import Request.
  Time since last request: 0.000035 seconds.
  path: Assets/Resources/Environments/Area specfic architecture/Forgotten Crossroads/floor_FG_rock_06_0001_03.png
  artifactKey: Guid(4066cb79f11cfe3438a19d73fa832e05) Importer(815301076,1909f56bfc062723c751e8b465ee728b)
Start importing Assets/Resources/Environments/Area specfic architecture/Forgotten Crossroads/floor_FG_rock_06_0001_03.png using Guid(4066cb79f11cfe3438a19d73fa832e05) Importer(815301076,1909f56bfc062723c751e8b465ee728b)  -> (artifact id: 'effd148c15d40894e37ee8c10de58eca') in 0.017593 seconds
Number of updated asset objects reloaded before import = 0
Number of asset objects unloaded after import = 3
========================================================================
Received Import Request.
  Time since last request: 0.019050 seconds.
  path: Assets/Resources/Environments/Area specfic architecture/Greenpath/floor_layered_0000_04_green.png
  artifactKey: Guid(c10c72c64633b254f98540132a219074) Importer(815301076,1909f56bfc062723c751e8b465ee728b)
Start importing Assets/Resources/Environments/Area specfic architecture/Greenpath/floor_layered_0000_04_green.png using Guid(c10c72c64633b254f98540132a219074) Importer(815301076,1909f56bfc062723c751e8b465ee728b)  -> (artifact id: '86d8c10229a6c31ebbff67cd39100692') in 0.017674 seconds
Number of updated asset objects reloaded before import = 0
Number of asset objects unloaded after import = 3
========================================================================
Received Import Request.
  Time since last request: 0.000020 seconds.
  path: Assets/Resources/Environments/Area specfic architecture/Greenpath/floor_layered_0001_03_green.png
  artifactKey: Guid(274434bf2a1690541b01fffabddde590) Importer(815301076,1909f56bfc062723c751e8b465ee728b)
Start importing Assets/Resources/Environments/Area specfic architecture/Greenpath/floor_layered_0001_03_green.png using Guid(274434bf2a1690541b01fffabddde590) Importer(815301076,1909f56bfc062723c751e8b465ee728b)  -> (artifact id: 'd03cec6b358bffbacf6205ba491b66c7') in 0.048450 seconds
Number of updated asset objects reloaded before import = 0
Number of asset objects unloaded after import = 3
========================================================================
Received Import Request.
  Time since last request: 0.000034 seconds.
  path: Assets/Resources/Environments/Area specfic architecture/Greenpath/floor_layered_0003_01_green.png
  artifactKey: Guid(a4868da19829a5d4cb8a4d6e44a62e9e) Importer(815301076,1909f56bfc062723c751e8b465ee728b)
Start importing Assets/Resources/Environments/Area specfic architecture/Greenpath/floor_layered_0003_01_green.png using Guid(a4868da19829a5d4cb8a4d6e44a62e9e) Importer(815301076,1909f56bfc062723c751e8b465ee728b)  -> (artifact id: '3f0fcff8e1e442c9fb657f5381d67aae') in 0.019376 seconds
Number of updated asset objects reloaded before import = 0
Number of asset objects unloaded after import = 3
========================================================================
Received Import Request.
  Time since last request: 10.459907 seconds.
  path: Assets/Resources/Environments/Area specfic architecture/City of Tears/ruins_floor_layered_0000_04.png
  artifactKey: Guid(b69118afe5f99e3459211bb6b975fc8c) Importer(815301076,1909f56bfc062723c751e8b465ee728b)
Start importing Assets/Resources/Environments/Area specfic architecture/City of Tears/ruins_floor_layered_0000_04.png using Guid(b69118afe5f99e3459211bb6b975fc8c) Importer(815301076,1909f56bfc062723c751e8b465ee728b)  -> (artifact id: '2a4e282a477a7e3e69c098314419361f') in 0.017401 seconds
Number of updated asset objects reloaded before import = 0
Number of asset objects unloaded after import = 3
========================================================================
Received Import Request.
  Time since last request: 0.000017 seconds.
  path: Assets/Architecture & Environment/Area specfic architecture/City of Tears/ruins_ruins_floor_layered_0002_02.png
  artifactKey: Guid(785deff8828b44f42bb115040f5a50b5) Importer(815301076,1909f56bfc062723c751e8b465ee728b)
Start importing Assets/Architecture & Environment/Area specfic architecture/City of Tears/ruins_ruins_floor_layered_0002_02.png using Guid(785deff8828b44f42bb115040f5a50b5) Importer(815301076,1909f56bfc062723c751e8b465ee728b)  -> (artifact id: '608d9a521b552468757331933ad67cf3') in 0.030715 seconds
Number of updated asset objects reloaded before import = 0
Number of asset objects unloaded after import = 3
========================================================================
Received Import Request.
  Time since last request: 0.000018 seconds.
  path: Assets/Architecture & Environment/Area specfic architecture/City of Tears/ruins_floor_layered_0003_01.png
  artifactKey: Guid(09085a5009d8be54d824bcb316eb59f0) Importer(815301076,1909f56bfc062723c751e8b465ee728b)
Start importing Assets/Architecture & Environment/Area specfic architecture/City of Tears/ruins_floor_layered_0003_01.png using Guid(09085a5009d8be54d824bcb316eb59f0) Importer(815301076,1909f56bfc062723c751e8b465ee728b)  -> (artifact id: 'e5455fbc3ae352925c522638d32fd341') in 0.019185 seconds
Number of updated asset objects reloaded before import = 0
Number of asset objects unloaded after import = 3
========================================================================
Received Import Request.
  Time since last request: 173.662896 seconds.
  path: Assets/Resources/Environments/break_lights_0002_3.png
  artifactKey: Guid(d6e5c87f3b16fda48954ef1175905b64) Importer(815301076,1909f56bfc062723c751e8b465ee728b)
Start importing Assets/Resources/Environments/break_lights_0002_3.png using Guid(d6e5c87f3b16fda48954ef1175905b64) Importer(815301076,1909f56bfc062723c751e8b465ee728b)  -> (artifact id: '6903626f3cb11f9b2e632f1e353074ea') in 0.015339 seconds
Number of updated asset objects reloaded before import = 0
Number of asset objects unloaded after import = 3
========================================================================
Received Import Request.
  Time since last request: 0.000019 seconds.
  path: Assets/Resources/Environments/break_lights_0004_1.png
  artifactKey: Guid(7acc494d347a5544ead985b962d7e2d2) Importer(815301076,1909f56bfc062723c751e8b465ee728b)
Start importing Assets/Resources/Environments/break_lights_0004_1.png using Guid(7acc494d347a5544ead985b962d7e2d2) Importer(815301076,1909f56bfc062723c751e8b465ee728b)  -> (artifact id: '26ffcd50cefdc4a1209b20d8884c6e78') in 0.016741 seconds
Number of updated asset objects reloaded before import = 0
Number of asset objects unloaded after import = 3
========================================================================
Received Import Request.
  Time since last request: 0.004250 seconds.
  path: Assets/Resources/Environments/chain_01.png
  artifactKey: Guid(29e0dd7b49efb254aba0be227afb4470) Importer(815301076,1909f56bfc062723c751e8b465ee728b)
Start importing Assets/Resources/Environments/chain_01.png using Guid(29e0dd7b49efb254aba0be227afb4470) Importer(815301076,1909f56bfc062723c751e8b465ee728b)  -> (artifact id: '1d99efd28d4bdde444da2e3e437bddb0') in 0.020370 seconds
Number of updated asset objects reloaded before import = 0
Number of asset objects unloaded after import = 3
========================================================================
Received Import Request.
  Time since last request: 0.000026 seconds.
  path: Assets/Resources/Environments/breakable_pole_top_anim0000.png
  artifactKey: Guid(76a833892f4ffe74ab53c1a6965da40d) Importer(815301076,1909f56bfc062723c751e8b465ee728b)
Start importing Assets/Resources/Environments/breakable_pole_top_anim0000.png using Guid(76a833892f4ffe74ab53c1a6965da40d) Importer(815301076,1909f56bfc062723c751e8b465ee728b)  -> (artifact id: 'f0a3ef9ceeb4c5f93ca232e634c8063e') in 0.019235 seconds
Number of updated asset objects reloaded before import = 0
Number of asset objects unloaded after import = 3
========================================================================
Received Import Request.
  Time since last request: 0.000017 seconds.
  path: Assets/Resources/Environments/collapse_chunk3.png
  artifactKey: Guid(4c4269116a991204db28421a94a48a51) Importer(815301076,1909f56bfc062723c751e8b465ee728b)
Start importing Assets/Resources/Environments/collapse_chunk3.png using Guid(4c4269116a991204db28421a94a48a51) Importer(815301076,1909f56bfc062723c751e8b465ee728b)  -> (artifact id: '95db69afdf4c8754d348ff859b3b877b') in 0.019865 seconds
Number of updated asset objects reloaded before import = 0
Number of asset objects unloaded after import = 3
========================================================================
Received Import Request.
  Time since last request: 0.000019 seconds.
  path: Assets/Resources/Environments/collapser_very_short.png
  artifactKey: Guid(c8c66258f074d56499c5d7813221dfef) Importer(815301076,1909f56bfc062723c751e8b465ee728b)
Start importing Assets/Resources/Environments/collapser_very_short.png using Guid(c8c66258f074d56499c5d7813221dfef) Importer(815301076,1909f56bfc062723c751e8b465ee728b)  -> (artifact id: '83bda2434a6deb57b62358b8e068dcf8') in 0.018500 seconds
Number of updated asset objects reloaded before import = 0
Number of asset objects unloaded after import = 3
========================================================================
Received Import Request.
  Time since last request: 0.000026 seconds.
  path: Assets/Resources/Environments/collapser_short.png
  artifactKey: Guid(76b6ae27a3b8e664fb7f6b0382285ff7) Importer(815301076,1909f56bfc062723c751e8b465ee728b)
Start importing Assets/Resources/Environments/collapser_short.png using Guid(76b6ae27a3b8e664fb7f6b0382285ff7) Importer(815301076,1909f56bfc062723c751e8b465ee728b)  -> (artifact id: 'ab96b42453d4ba9074cfc2c3be52f711') in 0.016431 seconds
Number of updated asset objects reloaded before import = 0
Number of asset objects unloaded after import = 3
========================================================================
Received Import Request.
  Time since last request: 0.000016 seconds.
  path: Assets/Resources/Environments/deep_egg_0000_orb_chain2.png
  artifactKey: Guid(79e6547bcb653e648b57c2dde06c3841) Importer(815301076,1909f56bfc062723c751e8b465ee728b)
Start importing Assets/Resources/Environments/deep_egg_0000_orb_chain2.png using Guid(79e6547bcb653e648b57c2dde06c3841) Importer(815301076,1909f56bfc062723c751e8b465ee728b)  -> (artifact id: '5485f0022031e440bb5bffdc6f93b34c') in 0.015883 seconds
Number of updated asset objects reloaded before import = 0
Number of asset objects unloaded after import = 3
========================================================================
Received Import Request.
  Time since last request: 0.000016 seconds.
  path: Assets/Resources/Environments/deep_egg_0002_orb_edge.png
  artifactKey: Guid(faa8149d8e79ab849801cdd66b82de9b) Importer(815301076,1909f56bfc062723c751e8b465ee728b)
Start importing Assets/Resources/Environments/deep_egg_0002_orb_edge.png using Guid(faa8149d8e79ab849801cdd66b82de9b) Importer(815301076,1909f56bfc062723c751e8b465ee728b)  -> (artifact id: '61c667bd26199236725fa18aad272057') in 0.014297 seconds
Number of updated asset objects reloaded before import = 0
Number of asset objects unloaded after import = 3
========================================================================
Received Import Request.
  Time since last request: 0.000015 seconds.
  path: Assets/Resources/Environments/deep_roof_break_rock.png
  artifactKey: Guid(d44537aa7bdd02145b348899e3fbf209) Importer(815301076,1909f56bfc062723c751e8b465ee728b)
Start importing Assets/Resources/Environments/deep_roof_break_rock.png using Guid(d44537aa7bdd02145b348899e3fbf209) Importer(815301076,1909f56bfc062723c751e8b465ee728b)  -> (artifact id: '9fb3bab4a1af6c64ccf2c2808342d076') in 0.036889 seconds
Number of updated asset objects reloaded before import = 0
Number of asset objects unloaded after import = 3
========================================================================
Received Import Request.
  Time since last request: 0.000016 seconds.
  path: Assets/Resources/Environments/deep_msk.png
  artifactKey: Guid(31895897f99f4f24cbc77fda18fbd8ae) Importer(815301076,1909f56bfc062723c751e8b465ee728b)
Start importing Assets/Resources/Environments/deep_msk.png using Guid(31895897f99f4f24cbc77fda18fbd8ae) Importer(815301076,1909f56bfc062723c751e8b465ee728b)  -> (artifact id: '290ed7830eafd52ea879b38d1e006dba') in 0.017189 seconds
Number of updated asset objects reloaded before import = 0
Number of asset objects unloaded after import = 3
========================================================================
Received Import Request.
  Time since last request: 0.000018 seconds.
  path: Assets/Resources/Environments/deepnest_black_solid.png
  artifactKey: Guid(0066bbc34c3bd744ab02c29b51706cec) Importer(815301076,1909f56bfc062723c751e8b465ee728b)
Start importing Assets/Resources/Environments/deepnest_black_solid.png using Guid(0066bbc34c3bd744ab02c29b51706cec) Importer(815301076,1909f56bfc062723c751e8b465ee728b)  -> (artifact id: '1181b631c6f3ffc6f2a39b8541066df9') in 0.014336 seconds
Number of updated asset objects reloaded before import = 0
Number of asset objects unloaded after import = 3
========================================================================
Received Import Request.
  Time since last request: 0.000018 seconds.
  path: Assets/Resources/Environments/door_02.png
  artifactKey: Guid(b51126e9819880f4895d68bda67ca379) Importer(815301076,1909f56bfc062723c751e8b465ee728b)
Start importing Assets/Resources/Environments/door_02.png using Guid(b51126e9819880f4895d68bda67ca379) Importer(815301076,1909f56bfc062723c751e8b465ee728b)  -> (artifact id: 'c3efd101f30e6ace5ee3cb9b98dd9e17') in 0.017600 seconds
Number of updated asset objects reloaded before import = 0
Number of asset objects unloaded after import = 3
========================================================================
Received Import Request.
  Time since last request: 0.000019 seconds.
  path: Assets/Resources/Environments/edges.png
  artifactKey: Guid(6d708d382ebbda34c8102b739d3a8e25) Importer(815301076,1909f56bfc062723c751e8b465ee728b)
Start importing Assets/Resources/Environments/edges.png using Guid(6d708d382ebbda34c8102b739d3a8e25) Importer(815301076,1909f56bfc062723c751e8b465ee728b)  -> (artifact id: '5ad8039a1d1206441abc34e663805b4f') in 0.018735 seconds
Number of updated asset objects reloaded before import = 0
Number of asset objects unloaded after import = 3
========================================================================
Received Import Request.
  Time since last request: 0.000022 seconds.
  path: Assets/Resources/Environments/egg_pile_0002_05.png
  artifactKey: Guid(c21c0a2df553e064f844cd6d76af01e9) Importer(815301076,1909f56bfc062723c751e8b465ee728b)
Start importing Assets/Resources/Environments/egg_pile_0002_05.png using Guid(c21c0a2df553e064f844cd6d76af01e9) Importer(815301076,1909f56bfc062723c751e8b465ee728b)  -> (artifact id: 'daa74ca9b571b8e1b410ee0ff4eb48e7') in 0.019394 seconds
Number of updated asset objects reloaded before import = 0
Number of asset objects unloaded after import = 3
========================================================================
Received Import Request.
  Time since last request: 0.000017 seconds.
  path: Assets/Resources/Environments/egg_pile_0005_02.png
  artifactKey: Guid(b8a92c7039ef7694c8e588d04d21eeaa) Importer(815301076,1909f56bfc062723c751e8b465ee728b)
Start importing Assets/Resources/Environments/egg_pile_0005_02.png using Guid(b8a92c7039ef7694c8e588d04d21eeaa) Importer(815301076,1909f56bfc062723c751e8b465ee728b)  -> (artifact id: '94a1202f1e3717d9f7c98f56d323d1e4') in 0.024664 seconds
Number of updated asset objects reloaded before import = 0
Number of asset objects unloaded after import = 3
========================================================================
Received Import Request.
  Time since last request: 0.000044 seconds.
  path: Assets/Resources/Environments/fall_BG_01.png
  artifactKey: Guid(60599c024f9be4d40b7f5e89820a89d5) Importer(815301076,1909f56bfc062723c751e8b465ee728b)
Start importing Assets/Resources/Environments/fall_BG_01.png using Guid(60599c024f9be4d40b7f5e89820a89d5) Importer(815301076,1909f56bfc062723c751e8b465ee728b)  -> (artifact id: '719bdc5f6850308bf7608ae5dd5910f3') in 0.020429 seconds
Number of updated asset objects reloaded before import = 0
Number of asset objects unloaded after import = 3
========================================================================
Received Import Request.
  Time since last request: 0.000023 seconds.
  path: Assets/Resources/Environments/fall_BG_05.png
  artifactKey: Guid(d7a46890f699d9d418380ddf941248ab) Importer(815301076,1909f56bfc062723c751e8b465ee728b)
Start importing Assets/Resources/Environments/fall_BG_05.png using Guid(d7a46890f699d9d418380ddf941248ab) Importer(815301076,1909f56bfc062723c751e8b465ee728b)  -> (artifact id: '31e12ba7733c7d2adee3cdaf795c1d49') in 0.017940 seconds
Number of updated asset objects reloaded before import = 0
Number of asset objects unloaded after import = 3
========================================================================
Received Import Request.
  Time since last request: 0.000020 seconds.
  path: Assets/Resources/Environments/fall_BG_11.png
  artifactKey: Guid(64c6423f8a910984aa455f613f86b0cb) Importer(815301076,1909f56bfc062723c751e8b465ee728b)
Start importing Assets/Resources/Environments/fall_BG_11.png using Guid(64c6423f8a910984aa455f613f86b0cb) Importer(815301076,1909f56bfc062723c751e8b465ee728b)  -> (artifact id: 'dc60809da8ff665a25f04e3e2b2885a6') in 0.022107 seconds
Number of updated asset objects reloaded before import = 0
Number of asset objects unloaded after import = 3
========================================================================
Received Import Request.
  Time since last request: 0.000023 seconds.
  path: Assets/Resources/Environments/fall_BG_04.png
  artifactKey: Guid(215415504cf514548a20d116581a27ff) Importer(815301076,1909f56bfc062723c751e8b465ee728b)
Start importing Assets/Resources/Environments/fall_BG_04.png using Guid(215415504cf514548a20d116581a27ff) Importer(815301076,1909f56bfc062723c751e8b465ee728b)  -> (artifact id: '80ff8977e1393fe9431d203700f0c3c8') in 0.046800 seconds
Number of updated asset objects reloaded before import = 0
Number of asset objects unloaded after import = 3
========================================================================
Received Import Request.
  Time since last request: 0.000019 seconds.
  path: Assets/Resources/Environments/fall_BG_07.png
  artifactKey: Guid(a89c06d92695e3245b070deec311c881) Importer(815301076,1909f56bfc062723c751e8b465ee728b)
Start importing Assets/Resources/Environments/fall_BG_07.png using Guid(a89c06d92695e3245b070deec311c881) Importer(815301076,1909f56bfc062723c751e8b465ee728b)  -> (artifact id: '7ba2952dbdb957cdd84db0c9660df3c7') in 0.099827 seconds
Number of updated asset objects reloaded before import = 0
Number of asset objects unloaded after import = 3
========================================================================
Received Import Request.
  Time since last request: 0.000024 seconds.
  path: Assets/Resources/Environments/credits flash_round.png
  artifactKey: Guid(2bc4bf43a3f924243ba52d1c1b61aaf5) Importer(815301076,1909f56bfc062723c751e8b465ee728b)
Start importing Assets/Resources/Environments/credits flash_round.png using Guid(2bc4bf43a3f924243ba52d1c1b61aaf5) Importer(815301076,1909f56bfc062723c751e8b465ee728b)  -> (artifact id: 'b8cfd49f6143288278e4221859fc504d') in 0.057724 seconds
Number of updated asset objects reloaded before import = 0
Number of asset objects unloaded after import = 3
========================================================================
Received Import Request.
  Time since last request: 0.000030 seconds.
  path: Assets/Resources/Environments/egg_pile_0000_07.png
  artifactKey: Guid(48414a81e4fda8b4f8d9a981b5f64ff5) Importer(815301076,1909f56bfc062723c751e8b465ee728b)
Start importing Assets/Resources/Environments/egg_pile_0000_07.png using Guid(48414a81e4fda8b4f8d9a981b5f64ff5) Importer(815301076,1909f56bfc062723c751e8b465ee728b)  -> (artifact id: 'eb73f6ad86d171aad6c9eb2556db8165') in 0.033092 seconds
Number of updated asset objects reloaded before import = 0
Number of asset objects unloaded after import = 3
========================================================================
Received Import Request.
  Time since last request: 0.000019 seconds.
  path: Assets/Resources/Environments/deep_strut.png
  artifactKey: Guid(9a68002cbdeddee4b8983b98dec4b5ef) Importer(815301076,1909f56bfc062723c751e8b465ee728b)
Start importing Assets/Resources/Environments/deep_strut.png using Guid(9a68002cbdeddee4b8983b98dec4b5ef) Importer(815301076,1909f56bfc062723c751e8b465ee728b)  -> (artifact id: '3e4249eb4fbe106c6c84bb45ddb434dc') in 0.020938 seconds
Number of updated asset objects reloaded before import = 0
Number of asset objects unloaded after import = 3
========================================================================
Received Import Request.
  Time since last request: 0.000020 seconds.
  path: Assets/Resources/Environments/egg_pile_0003_04(1).png
  artifactKey: Guid(877e34fc764c2a34fbc414e3fa220667) Importer(815301076,1909f56bfc062723c751e8b465ee728b)
Start importing Assets/Resources/Environments/egg_pile_0003_04(1).png using Guid(877e34fc764c2a34fbc414e3fa220667) Importer(815301076,1909f56bfc062723c751e8b465ee728b)  -> (artifact id: 'd6671de4ab2ce825056b532dc42285bb') in 0.020389 seconds
Number of updated asset objects reloaded before import = 0
Number of asset objects unloaded after import = 3
========================================================================
Received Import Request.
  Time since last request: 0.000021 seconds.
  path: Assets/Resources/Environments/door #540081.png
  artifactKey: Guid(abb30163ae33ccd40b629fd0ff08ecc0) Importer(815301076,1909f56bfc062723c751e8b465ee728b)
Start importing Assets/Resources/Environments/door #540081.png using Guid(abb30163ae33ccd40b629fd0ff08ecc0) Importer(815301076,1909f56bfc062723c751e8b465ee728b)  -> (artifact id: '5b0f2f2ff973062d3557241df5ea7be5') in 0.017787 seconds
Number of updated asset objects reloaded before import = 0
Number of asset objects unloaded after import = 3
Editor requested this worker to shutdown with reason: Scaling down because of idle timeout
TcpMessagingSession - receive error: operation aborted. errorcode: 995, details: The I/O operation has been aborted because of either a thread exit or an application request.
AssetImportWorker is now disconnected from the server
Process exiting
Exiting without the bug reporter. Application will terminate with return code 0